-----------------------------------------------
Coordinates of template with ideal cof geometry
-----------------------------------------------
   0.000   0.000   0.000
   0.000   0.000  -3.000
   1.732   1.732   1.732
  -3.000   0.000   0.000
   0.000  -3.000   0.000
   0.000   3.000   0.000
   3.000   0.000   0.000
---------------------------------------------
Coordinates of the fitted metal site and RMSD
---------------------------------------------
   0.000   0.000   0.000   0.000
  -0.393  -0.454  -2.939   0.604
   0.584   0.500   2.900   2.050
  -2.964   0.012   0.460   0.462
   0.048  -2.976   0.376   0.380
  -0.071   2.947  -0.556   0.563
   2.960  -0.059  -0.484   0.489
--------------------
Total RMSD:   0.956
--------------------
