-----------------------------------------------
Coordinates of template with ideal con geometry
-----------------------------------------------
   0.000   0.000   0.000
   1.732   1.732   1.732
   0.000  -3.000   0.000
  -3.000   0.000   0.000
   0.000   3.000   0.000
   0.000   0.000   3.000
   3.000   0.000   0.000
---------------------------------------------
Coordinates of the fitted metal site and RMSD
---------------------------------------------
   0.000   0.000   0.000   0.000
   0.550   2.500   1.564   1.420
  -0.358  -2.550  -1.540   1.644
  -2.960   0.407   0.267   0.489
   0.003   1.656  -2.502   2.840
   0.031  -1.502   2.597   1.555
   2.965  -0.358  -0.287   0.461
--------------------
Total RMSD:   1.615
--------------------
