-----------------------------------------------
Coordinates of template with ideal ctn geometry
-----------------------------------------------
   0.000   0.000   0.000
   0.000   0.000  -3.000
   1.964   0.000   2.268
  -1.964   1.964  -1.134
  -1.964  -1.964  -1.134
   1.964   1.964  -1.134
   1.964  -1.964  -1.134
---------------------------------------------
Coordinates of the fitted metal site and RMSD
---------------------------------------------
   0.000   0.000   0.000   0.000
  -0.457  -0.041  -2.965   0.460
   0.626  -0.061   2.933   1.496
  -2.107   2.106   0.360   1.507
  -2.087  -2.137   0.275   1.425
   2.059   2.133  -0.457   0.704
   2.071  -2.136  -0.385   0.776
--------------------
Total RMSD:   1.144
--------------------
