-----------------------------------------------
Coordinates of template with ideal oct geometry
-----------------------------------------------
   0.000   0.000   0.000
   0.000  -3.000   0.000
   0.000   3.000   0.000
  -3.000   0.000   0.000
   0.000   0.000   3.000
   0.000   0.000  -3.000
   3.000   0.000   0.000
---------------------------------------------
Coordinates of the fitted metal site and RMSD
---------------------------------------------
   0.000   0.000   0.000   0.000
   0.088  -2.999  -0.020   0.090
   0.106   2.998  -0.028   0.109
  -3.000  -0.024   0.011   0.027
   0.013  -0.096   2.998   0.097
  -0.007  -0.088  -2.999   0.089
   3.000  -0.007   0.032   0.033
--------------------
Total RMSD:   0.081
--------------------
