-----------------------------------------------
Coordinates of template with ideal pva geometry
-----------------------------------------------
   0.000   0.000   0.000
   3.000   0.000   0.000
   0.000   0.000   3.000
   0.000   1.763  -2.427
   0.000  -1.763  -2.427
   0.000   2.853   0.927
   0.000  -2.853   0.927
---------------------------------------------
Coordinates of the fitted metal site and RMSD
---------------------------------------------
   0.000   0.000   0.000   0.000
   2.812  -0.026  -1.046   1.063
  -2.746  -0.075   1.205   3.282
  -0.790   2.098  -1.993   0.962
  -0.678  -2.144  -1.986   0.894
   0.850   2.141   1.922   1.490
   0.808  -2.129   1.953   1.494
--------------------
Total RMSD:   1.736
--------------------
