-----------------------------------------------
Coordinates of template with ideal pvp geometry
-----------------------------------------------
   0.000   0.000   0.000
   0.000  -1.763  -2.427
   0.000   0.000   3.000
   0.000   1.763  -2.427
  -3.000   0.000   0.000
   3.000   0.000   0.000
   0.000  -2.853   0.927
---------------------------------------------
Coordinates of the fitted metal site and RMSD
---------------------------------------------
   0.000   0.000   0.000   0.000
   0.022  -1.438  -2.633   0.385
   0.026   1.265   2.720   1.296
  -0.007   2.663  -1.382   1.379
  -2.998  -0.053  -0.082   0.098
   2.999  -0.036  -0.079   0.087
  -0.035  -2.677   1.354   0.463
--------------------
Total RMSD:   0.813
--------------------
