-----------------------------------------------
Coordinates of template with ideal con geometry
-----------------------------------------------
   0.000   0.000   0.000
   3.000   0.000   0.000
   0.000   0.000   3.000
   0.000   3.000   0.000
   1.732   1.732   1.732
  -3.000   0.000   0.000
   0.000  -3.000   0.000
---------------------------------------------
Coordinates of the fitted metal site and RMSD
---------------------------------------------
   0.000   0.000   0.000   0.000
   1.616  -0.072  -2.527   2.882
  -1.590   0.015   2.544   1.654
  -0.314   2.975  -0.229   0.389
   2.496   0.598   1.552   1.379
  -2.570  -0.450  -1.481   1.607
   0.404  -2.957   0.307   0.509
--------------------
Total RMSD:   1.630
--------------------
