-----------------------------------------------
Coordinates of template with ideal ctf geometry
-----------------------------------------------
   0.000   0.000   0.000
   1.964   0.000   2.268
  -1.964   1.964  -1.134
   0.000   0.000  -3.000
   1.964   1.964  -1.134
  -1.964  -1.964  -1.134
  -1.964   0.000   2.268
---------------------------------------------
Coordinates of the fitted metal site and RMSD
---------------------------------------------
   0.000   0.000   0.000   0.000
   2.177  -1.507   1.410   1.747
  -2.190   1.538  -1.355   0.531
   1.278  -0.548  -2.658   1.432
   1.700   2.471   0.066   1.329
  -1.712  -2.451  -0.245   1.045
  -1.226   0.657   2.658   1.062
--------------------
Total RMSD:   1.250
--------------------
