-----------------------------------------------
Coordinates of template with ideal ctn geometry
-----------------------------------------------
   0.000   0.000   0.000
  -1.964   1.964  -1.134
   1.964  -1.964  -1.134
   1.964   1.964  -1.134
   0.000   0.000  -3.000
   1.964   0.000   2.268
  -1.964  -1.964  -1.134
---------------------------------------------
Coordinates of the fitted metal site and RMSD
---------------------------------------------
   0.000   0.000   0.000   0.000
  -2.120   2.094   0.343   1.491
   2.075  -2.137  -0.357   0.804
   2.077   2.113  -0.472   0.688
  -0.440   0.073  -2.967   0.447
   0.614  -0.039   2.936   1.507
  -2.086  -2.127   0.353   1.501
--------------------
Total RMSD:   1.159
--------------------
