-----------------------------------------------
Coordinates of template with ideal pva geometry
-----------------------------------------------
   0.000   0.000   0.000
   0.000  -1.763  -2.427
   0.000   0.000   3.000
   0.000   1.763  -2.427
   3.000   0.000   0.000
   0.000   2.853   0.927
   0.000  -2.853   0.927
---------------------------------------------
Coordinates of the fitted metal site and RMSD
---------------------------------------------
   0.000   0.000   0.000   0.000
  -0.766  -1.262  -2.612   0.934
   0.770   1.203   2.638   1.474
   0.868   2.502  -1.409   1.528
   2.820  -0.944  -0.396   1.040
  -2.755   1.112   0.415   3.299
  -0.753  -2.538   1.412   0.949
--------------------
Total RMSD:   1.744
--------------------
