-----------------------------------------------
Coordinates of template with ideal pvp geometry
-----------------------------------------------
   0.000   0.000   0.000
   3.000   0.000   0.000
  -3.000   0.000   0.000
   0.000  -2.853   0.927
   0.000  -1.763  -2.427
   0.000   0.000   3.000
   0.000   1.763  -2.427
---------------------------------------------
Coordinates of the fitted metal site and RMSD
---------------------------------------------
   0.000   0.000   0.000   0.000
   2.999   0.023  -0.055   0.059
  -3.000   0.021   0.009   0.023
  -0.003  -2.717   1.273   0.371
  -0.014  -1.463  -2.619   0.357
  -0.087   1.330   2.688   1.369
  -0.016   2.664  -1.379   1.382
--------------------
Total RMSD:   0.822
--------------------
