-----------------------------------------------
Coordinates of template with ideal pvp geometry
-----------------------------------------------
   0.000   0.000   0.000
   0.000  -1.763  -2.427
   0.000  -2.853   0.927
  -3.000   0.000   0.000
   3.000   0.000   0.000
   0.000   1.763  -2.427
   0.000   0.000   3.000
---------------------------------------------
Coordinates of the fitted metal site and RMSD
---------------------------------------------
   0.000   0.000   0.000   0.000
   0.056  -1.360  -2.674   0.476
  -0.009  -2.603   1.491   0.617
  -2.999   0.042   0.053   0.068
   2.999   0.025   0.065   0.070
   0.014   2.634  -1.436   1.319
   0.071   1.144   2.772   1.169
--------------------
Total RMSD:   0.788
--------------------
