-----------------------------------------------
Coordinates of template with ideal ctf geometry
-----------------------------------------------
   0.000   0.000   0.000
  -1.964  -1.964  -1.134
  -1.964   1.964  -1.134
  -1.964   0.000   2.268
   1.964   1.964  -1.134
   0.000   0.000  -3.000
   1.964   0.000   2.268
---------------------------------------------
Coordinates of the fitted metal site and RMSD
---------------------------------------------
   0.000   0.000   0.000   0.000
  -1.698  -2.457  -0.285   1.017
  -2.137   1.589  -1.382   0.482
  -1.241   0.607   2.663   1.023
   1.654   2.503   0.008   1.300
   1.218  -0.617  -2.671   1.404
   2.139  -1.548   1.424   1.772
--------------------
Total RMSD:   1.233
--------------------
