-----------------------------------------------
Coordinates of template with ideal pvp geometry
-----------------------------------------------
   0.000   0.000   0.000
   0.000  -1.763  -2.427
   3.000   0.000   0.000
   0.000   1.763  -2.427
   0.000   0.000   3.000
   0.000  -2.853   0.927
  -3.000   0.000   0.000
---------------------------------------------
Coordinates of the fitted metal site and RMSD
---------------------------------------------
   0.000   0.000   0.000   0.000
   0.071  -1.433  -2.634   0.396
   3.000  -0.002   0.036   0.036
  -0.002   2.657  -1.392   1.367
   0.111   1.238   2.730   1.272
   0.018  -2.667   1.373   0.484
  -2.999   0.059  -0.024   0.063
--------------------
Total RMSD:   0.805
--------------------
