-----------------------------------------------
Coordinates of template with ideal cub geometry
-----------------------------------------------
   0.000   0.000   0.000
   1.732  -1.732   1.732
   1.732  -1.732  -1.732
  -1.732  -1.732   1.732
  -1.732   1.732   1.732
   1.732   1.732  -1.732
   1.732   1.732   1.732
  -1.732   1.732  -1.732
  -1.732  -1.732  -1.732
---------------------------------------------
Coordinates of the fitted metal site and RMSD
---------------------------------------------
   0.000   0.000   0.000   0.000
   1.835  -1.838   1.502   0.274
   0.265  -2.455  -1.703   1.636
  -2.239  -0.739   1.854   1.121
  -2.372  -0.530   1.758   2.351
   1.968   0.879  -2.087   0.954
   1.248   2.135   1.698   0.630
  -1.808   2.131  -1.090   0.760
  -0.805  -2.119  -1.965   1.032
--------------------
Total RMSD:   1.249
--------------------
