-----------------------------------------------
Coordinates of template with ideal sqa geometry
-----------------------------------------------
   0.000   0.000   0.000
   1.732  -1.732  -1.732
   2.449   0.000   1.732
   1.732   1.732  -1.732
  -1.732   1.732  -1.732
   0.000  -2.449   1.732
  -1.732  -1.732  -1.732
  -2.449   0.000   1.732
   0.000   2.449   1.732
---------------------------------------------
Coordinates of the fitted metal site and RMSD
---------------------------------------------
   0.000   0.000   0.000   0.000
   2.410  -0.986  -1.490   1.037
   2.362   0.730   1.700   0.736
  -0.191   2.333  -1.876   2.020
  -0.436   2.375  -1.780   1.448
  -0.044  -2.136   2.106   0.490
  -1.476  -1.998  -1.682   0.373
  -2.669   0.843   1.079   1.089
   1.634   1.586   1.953   1.861
--------------------
Total RMSD:   1.266
--------------------
