-----------------------------------------------
Coordinates of template with ideal spy geometry
-----------------------------------------------
   0.000   0.000   0.000
   0.000   3.000   0.000
   0.000   0.000   3.000
  -3.000   0.000   0.000
   3.000   0.000   0.000
   0.000  -3.000   0.000
---------------------------------------------
Coordinates of the fitted metal site and RMSD
---------------------------------------------
   0.000   0.000   0.000   0.000
  -0.021   2.958  -0.502   0.505
   0.141   0.178   2.991   0.227
  -2.903   0.033  -0.757   0.764
   2.936  -0.003  -0.617   0.620
   0.016  -2.922  -0.681   0.685
--------------------
Total RMSD:   0.591
--------------------
