-----------------------------------------------
Coordinates of template with ideal tpv geometry
-----------------------------------------------
   0.000   0.000   0.000
  -1.964   1.964  -1.134
  -1.964  -1.964  -1.134
   1.964   1.964  -1.134
  -1.964   0.000   2.268
   1.964   0.000   2.268
---------------------------------------------
Coordinates of the fitted metal site and RMSD
---------------------------------------------
   0.000   0.000   0.000   0.000
  -1.913   1.882  -1.341   0.229
  -0.892  -2.466  -1.457   1.227
   2.145   1.285  -1.657   0.876
  -1.880  -0.119   2.335   0.161
   2.158  -0.865   1.896   0.961
--------------------
Total RMSD:   0.809
--------------------
