-----------------------------------------------
Coordinates of template with ideal ctf geometry
-----------------------------------------------
   0.000   0.000   0.000
  -1.964  -1.964  -1.134
   0.000   0.000  -3.000
  -1.964   1.964  -1.134
   1.964   0.000   2.268
   1.964   1.964  -1.134
  -1.964   0.000   2.268
---------------------------------------------
Coordinates of the fitted metal site and RMSD
---------------------------------------------
   0.000   0.000   0.000   0.000
  -1.673  -2.479  -0.235   1.076
   1.208  -0.592  -2.681   1.382
  -2.164   1.556  -1.377   0.516
   2.142  -1.550   1.417   1.777
   1.726   2.453   0.056   1.309
  -1.239   0.591   2.668   1.017
--------------------
Total RMSD:   1.241
--------------------
