-----------------------------------------------
Coordinates of template with ideal oct geometry
-----------------------------------------------
   0.000   0.000   0.000
  -3.000   0.000   0.000
   0.000   0.000   3.000
   0.000  -3.000   0.000
   0.000   3.000   0.000
   3.000   0.000   0.000
   0.000   0.000  -3.000
---------------------------------------------
Coordinates of the fitted metal site and RMSD
---------------------------------------------
   0.000   0.000   0.000   0.000
  -2.999  -0.021   0.054   0.058
   0.029  -0.045   3.000   0.053
  -0.008  -3.000   0.008   0.012
   0.003   3.000  -0.053   0.053
   2.997  -0.009   0.131   0.131
  -0.048   0.017  -3.000   0.051
--------------------
Total RMSD:   0.070
--------------------
