-----------------------------------------------
Coordinates of template with ideal pva geometry
-----------------------------------------------
   0.000   0.000   0.000
   3.000   0.000   0.000
   0.000   1.763  -2.427
   0.000  -1.763  -2.427
   0.000   0.000   3.000
   0.000   2.853   0.927
   0.000  -2.853   0.927
---------------------------------------------
Coordinates of the fitted metal site and RMSD
---------------------------------------------
   0.000   0.000   0.000   0.000
   2.799  -1.017  -0.362   1.098
   0.764   2.532  -1.416   1.483
  -0.745  -1.194  -2.650   0.964
   0.738   1.154   2.669   1.409
  -2.755   1.161   0.250   3.303
  -0.753  -2.550   1.389   0.934
--------------------
Total RMSD:   1.737
--------------------
