-----------------------------------------------
Coordinates of template with ideal pvp geometry
-----------------------------------------------
   0.000   0.000   0.000
   0.000  -1.763  -2.427
   0.000  -2.853   0.927
   3.000   0.000   0.000
  -3.000   0.000   0.000
   0.000   0.000   3.000
   0.000   1.763  -2.427
---------------------------------------------
Coordinates of the fitted metal site and RMSD
---------------------------------------------
   0.000   0.000   0.000   0.000
   0.021  -1.408  -2.649   0.419
   0.043  -2.660   1.386   0.499
   3.000  -0.012  -0.003   0.013
  -3.000   0.050  -0.022   0.055
   0.009   1.242   2.731   1.271
  -0.016   2.652  -1.403   1.356
--------------------
Total RMSD:   0.804
--------------------
