-----------------------------------------------
Coordinates of template with ideal tpr geometry
-----------------------------------------------
   0.000   0.000   0.000
  -1.964   0.000   2.268
   1.964   0.000   2.268
   1.964  -1.964  -1.134
  -1.964   1.964  -1.134
   1.964   1.964  -1.134
  -1.964  -1.964  -1.134
---------------------------------------------
Coordinates of the fitted metal site and RMSD
---------------------------------------------
   0.000   0.000   0.000   0.000
  -1.690  -1.218   2.159   1.253
   1.767   1.210   2.101   1.238
   1.739  -2.445   0.022   1.272
  -1.767   2.424  -0.051   1.193
   1.812   1.268  -2.026   1.142
  -1.762  -1.241  -2.087   1.213
--------------------
Total RMSD:   1.219
--------------------
