-----------------------------------------------
Coordinates of template with ideal cof geometry
-----------------------------------------------
   0.000   0.000   0.000
  -3.000   0.000   0.000
   0.000  -3.000   0.000
   0.000   0.000  -3.000
   0.000   3.000   0.000
   3.000   0.000   0.000
   1.732   1.732   1.732
---------------------------------------------
Coordinates of the fitted metal site and RMSD
---------------------------------------------
   0.000   0.000   0.000   0.000
  -2.737   0.301   1.190   1.255
  -0.275  -2.987  -0.006   0.276
   0.033  -0.246  -2.990   0.248
  -0.137   2.919  -0.679   0.697
   2.974   0.359   0.158   0.393
   0.922   1.060   2.651   1.397
--------------------
Total RMSD:   0.847
--------------------
