-----------------------------------------------
Coordinates of template with ideal ctf geometry
-----------------------------------------------
   0.000   0.000   0.000
   1.964   1.964  -1.134
   1.964   0.000   2.268
  -1.964   0.000   2.268
  -1.964   1.964  -1.134
  -1.964  -1.964  -1.134
   0.000   0.000  -3.000
---------------------------------------------
Coordinates of the fitted metal site and RMSD
---------------------------------------------
   0.000   0.000   0.000   0.000
   1.877   2.264  -0.592   0.626
   2.017  -1.262   1.827   1.338
  -1.647   0.369   2.480   0.531
  -2.178   1.697  -1.172   0.345
  -1.606  -2.369  -0.900   0.589
   0.458  -0.712  -2.878   0.855
--------------------
Total RMSD:   0.781
--------------------
