-----------------------------------------------
Coordinates of template with ideal pvp geometry
-----------------------------------------------
   0.000   0.000   0.000
   0.000   1.763  -2.427
   3.000   0.000   0.000
   0.000   0.000   3.000
  -3.000   0.000   0.000
   0.000  -2.853   0.927
   0.000  -1.763  -2.427
---------------------------------------------
Coordinates of the fitted metal site and RMSD
---------------------------------------------
   0.000   0.000   0.000   0.000
  -0.182   2.234  -1.994   0.665
   2.930   0.516   0.388   0.649
  -0.277   0.863   2.860   0.917
  -2.995   0.083   0.142   0.165
  -0.226  -2.910   0.695   0.329
  -0.552  -1.742  -2.379   0.554
--------------------
Total RMSD:   0.598
--------------------
