-----------------------------------------------
Coordinates of template with ideal pva geometry
-----------------------------------------------
   0.000   0.000   0.000
   0.000   0.000   3.000
   0.000  -1.763  -2.427
   0.000  -2.853   0.927
   0.000   1.763  -2.427
   0.000   2.853   0.927
   3.000   0.000   0.000
---------------------------------------------
Coordinates of the fitted metal site and RMSD
---------------------------------------------
   0.000   0.000   0.000   0.000
  -0.777   0.505   2.853   0.939
   0.778  -0.577  -2.839   1.477
  -0.752  -2.869   0.452   0.889
  -2.765   0.696  -0.934   3.318
   0.801   2.876  -0.293   1.460
   2.814  -0.605   0.845   1.056
--------------------
Total RMSD:   1.737
--------------------
