-----------------------------------------------
Coordinates of template with ideal pvp geometry
-----------------------------------------------
   0.000   0.000   0.000
   3.000   0.000   0.000
  -3.000   0.000   0.000
   0.000   0.000   3.000
   0.000   1.763  -2.427
   0.000  -1.763  -2.427
   0.000  -2.853   0.927
---------------------------------------------
Coordinates of the fitted metal site and RMSD
---------------------------------------------
   0.000   0.000   0.000   0.000
   2.999   0.005   0.061   0.061
  -3.000   0.009   0.011   0.014
   0.084   1.315   2.695   1.353
  -0.031   2.644  -1.416   1.341
   0.055  -1.398  -2.654   0.434
  -0.049  -2.695   1.318   0.424
--------------------
Total RMSD:   0.817
--------------------
