-----------------------------------------------
Coordinates of template with ideal con geometry
-----------------------------------------------
   0.000   0.000   0.000
   0.000   0.000   3.000
   0.000   3.000   0.000
   1.732   1.732   1.732
  -3.000   0.000   0.000
   3.000   0.000   0.000
   0.000  -3.000   0.000
---------------------------------------------
Coordinates of the fitted metal site and RMSD
---------------------------------------------
   0.000   0.000   0.000   0.000
  -1.572   0.118   2.553   1.638
  -0.455   2.960  -0.185   0.492
   2.543   0.500   1.511   1.491
  -2.558  -0.414  -1.512   1.629
   1.675  -0.084  -2.488   2.820
   0.395  -2.961   0.281   0.486
--------------------
Total RMSD:   1.633
--------------------
