-----------------------------------------------
Coordinates of template with ideal ctn geometry
-----------------------------------------------
   0.000   0.000   0.000
   0.000   0.000  -3.000
  -1.964  -1.964  -1.134
   1.964  -1.964  -1.134
  -1.964   1.964  -1.134
   1.964   0.000   2.268
   1.964   1.964  -1.134
---------------------------------------------
Coordinates of the fitted metal site and RMSD
---------------------------------------------
   0.000   0.000   0.000   0.000
  -0.567  -0.055  -2.945   0.572
  -2.112  -2.117   0.245   1.396
   2.080  -2.136  -0.333   0.827
  -2.142   2.073   0.336   1.485
   0.645  -0.044   2.930   1.476
   2.093   2.119  -0.357   0.803
--------------------
Total RMSD:   1.154
--------------------
