-----------------------------------------------
Coordinates of template with ideal pva geometry
-----------------------------------------------
   0.000   0.000   0.000
   3.000   0.000   0.000
   0.000   1.763  -2.427
   0.000  -1.763  -2.427
   0.000   2.853   0.927
   0.000  -2.853   0.927
   0.000   0.000   3.000
---------------------------------------------
Coordinates of the fitted metal site and RMSD
---------------------------------------------
   0.000   0.000   0.000   0.000
   2.775   1.067  -0.398   1.161
  -0.652   1.264  -2.641   0.849
   0.744  -2.538  -1.416   1.475
  -0.759   2.576   1.338   0.906
  -2.744  -1.168   0.327   3.276
   0.758  -1.225   2.632   1.487
--------------------
Total RMSD:   1.732
--------------------
