-----------------------------------------------
Coordinates of template with ideal tpr geometry
-----------------------------------------------
   0.000   0.000   0.000
  -1.964   1.964  -1.134
   1.964   0.000   2.268
  -1.964  -1.964  -1.134
  -1.964   0.000   2.268
   1.964   1.964  -1.134
   1.964  -1.964  -1.134
---------------------------------------------
Coordinates of the fitted metal site and RMSD
---------------------------------------------
   0.000   0.000   0.000   0.000
  -1.734   2.448  -0.037   1.221
   1.782   1.166   2.113   1.190
  -1.797  -1.215  -2.073   1.213
  -1.755  -1.186   2.124   1.213
   1.765   1.190  -2.114   1.264
   1.866  -2.349  -0.011   1.191
--------------------
Total RMSD:   1.216
--------------------
