-----------------------------------------------
Coordinates of template with ideal spy geometry
-----------------------------------------------
   0.000   0.000   0.000
   3.000   0.000   0.000
   0.000   0.000   3.000
   0.000  -3.000   0.000
   0.000   3.000   0.000
  -3.000   0.000   0.000
---------------------------------------------
Coordinates of the fitted metal site and RMSD
---------------------------------------------
   0.000   0.000   0.000   0.000
   2.899  -0.040  -0.770   0.778
   0.090  -0.077   2.998   0.118
   0.184  -2.856  -0.901   0.931
   0.080   2.835  -0.977   0.995
  -2.873   0.064  -0.860   0.872
--------------------
Total RMSD:   0.804
--------------------
