-----------------------------------------------
Coordinates of template with ideal cof geometry
-----------------------------------------------
   0.000   0.000   0.000
   0.000  -3.000   0.000
   1.732   1.732   1.732
   0.000   0.000  -3.000
   0.000   3.000   0.000
   3.000   0.000   0.000
  -3.000   0.000   0.000
---------------------------------------------
Coordinates of the fitted metal site and RMSD
---------------------------------------------
   0.000   0.000   0.000   0.000
   0.033  -2.960   0.487   0.490
   0.538   0.494   2.910   2.085
  -0.444  -0.454  -2.932   0.639
  -0.056   2.965  -0.453   0.458
   2.965  -0.057  -0.451   0.456
  -2.962   0.007   0.475   0.477
--------------------
Total RMSD:   0.969
--------------------
