-----------------------------------------------
Coordinates of template with ideal ctf geometry
-----------------------------------------------
   0.000   0.000   0.000
   0.000   0.000  -3.000
   1.964   0.000   2.268
  -1.964   1.964  -1.134
  -1.964   0.000   2.268
   1.964   1.964  -1.134
  -1.964  -1.964  -1.134
---------------------------------------------
Coordinates of the fitted metal site and RMSD
---------------------------------------------
   0.000   0.000   0.000   0.000
   1.231  -0.648  -2.658   1.432
   2.187  -1.510   1.391   1.760
  -2.151   1.598  -1.349   0.464
  -1.225   0.608   2.670   1.038
   1.706   2.462   0.173   1.422
  -1.672  -2.482  -0.212   1.096
--------------------
Total RMSD:   1.269
--------------------
