-----------------------------------------------
Coordinates of template with ideal pva geometry
-----------------------------------------------
   0.000   0.000   0.000
   0.000   2.853   0.927
   0.000  -1.763  -2.427
   3.000   0.000   0.000
   0.000  -2.853   0.927
   0.000   1.763  -2.427
   0.000   0.000   3.000
---------------------------------------------
Coordinates of the fitted metal site and RMSD
---------------------------------------------
   0.000   0.000   0.000   0.000
  -0.779   2.876   0.354   0.967
  -2.773  -0.645  -0.946   3.337
   2.809   0.622   0.850   1.071
   0.743  -2.887  -0.335   1.465
   0.748   0.569  -2.849   1.471
  -0.777  -0.521   2.850   0.947
--------------------
Total RMSD:   1.752
--------------------
