-----------------------------------------------
Coordinates of template with ideal cof geometry
-----------------------------------------------
   0.000   0.000   0.000
  -3.000   0.000   0.000
   0.000   3.000   0.000
   0.000   0.000  -3.000
   3.000   0.000   0.000
   1.732   1.732   1.732
   0.000  -3.000   0.000
---------------------------------------------
Coordinates of the fitted metal site and RMSD
---------------------------------------------
   0.000   0.000   0.000   0.000
  -2.955   0.047   0.515   0.519
  -0.046   2.971  -0.411   0.415
  -0.362  -0.346  -2.958   0.502
   2.963  -0.084  -0.464   0.473
   0.546   0.694   2.867   1.943
  -0.001  -2.958   0.498   0.500
--------------------
Total RMSD:   0.907
--------------------
