-----------------------------------------------
Coordinates of template with ideal con geometry
-----------------------------------------------
   0.000   0.000   0.000
   0.000   3.000   0.000
   1.732   1.732   1.732
   3.000   0.000   0.000
   0.000  -3.000   0.000
   0.000   0.000   3.000
  -3.000   0.000   0.000
---------------------------------------------
Coordinates of the fitted metal site and RMSD
---------------------------------------------
   0.000   0.000   0.000   0.000
  -0.426   2.955  -0.291   0.518
   2.471   0.538   1.614   1.409
   1.719  -0.152  -2.454   2.772
   0.366  -2.962   0.306   0.478
  -1.394   0.025   2.656   1.436
  -2.521  -0.476  -1.554   1.695
--------------------
Total RMSD:   1.586
--------------------
