-----------------------------------------------
Coordinates of template with ideal ctn geometry
-----------------------------------------------
   0.000   0.000   0.000
  -1.964  -1.964  -1.134
   1.964  -1.964  -1.134
   1.964   0.000   2.268
   1.964   1.964  -1.134
   0.000   0.000  -3.000
  -1.964   1.964  -1.134
---------------------------------------------
Coordinates of the fitted metal site and RMSD
---------------------------------------------
   0.000   0.000   0.000   0.000
  -2.101  -2.116   0.334   1.482
   2.053  -2.141  -0.448   0.713
   0.711  -0.024   2.914   1.410
   2.062   2.147  -0.373   0.789
  -0.330  -0.093  -2.980   0.344
  -2.110   2.099   0.378   1.525
--------------------
Total RMSD:   1.137
--------------------
