-----------------------------------------------
Coordinates of template with ideal oct geometry
-----------------------------------------------
   0.000   0.000   0.000
   0.000  -3.000   0.000
  -3.000   0.000   0.000
   0.000   0.000  -3.000
   0.000   3.000   0.000
   0.000   0.000   3.000
   3.000   0.000   0.000
---------------------------------------------
Coordinates of the fitted metal site and RMSD
---------------------------------------------
   0.000   0.000   0.000   0.000
   0.016  -3.000   0.042   0.044
  -2.999  -0.037   0.074   0.083
  -0.144   0.114  -2.994   0.184
   0.028   3.000   0.003   0.029
  -0.213   0.075   2.991   0.226
   3.000  -0.024   0.005   0.024
--------------------
Total RMSD:   0.126
--------------------
