-----------------------------------------------
Coordinates of template with ideal pva geometry
-----------------------------------------------
   0.000   0.000   0.000
   0.000   1.763  -2.427
   0.000   2.853   0.927
   3.000   0.000   0.000
   0.000  -2.853   0.927
   0.000   0.000   3.000
   0.000  -1.763  -2.427
---------------------------------------------
Coordinates of the fitted metal site and RMSD
---------------------------------------------
   0.000   0.000   0.000   0.000
  -0.801   2.132  -1.953   1.001
   0.730   2.126   1.987   1.478
   2.850  -0.007  -0.936   0.948
   0.748  -2.162   1.941   1.437
  -2.703   0.121   1.295   3.199
  -0.819  -2.083  -1.998   0.978
--------------------
Total RMSD:   1.700
--------------------
