-----------------------------------------------
Coordinates of template with ideal pvp geometry
-----------------------------------------------
   0.000   0.000   0.000
   3.000   0.000   0.000
   0.000  -1.763  -2.427
   0.000   1.763  -2.427
  -3.000   0.000   0.000
   0.000  -2.853   0.927
   0.000   0.000   3.000
---------------------------------------------
Coordinates of the fitted metal site and RMSD
---------------------------------------------
   0.000   0.000   0.000   0.000
   3.000  -0.023   0.047   0.052
   0.052  -1.430  -2.637   0.397
  -0.113   2.601  -1.491   1.261
  -3.000   0.003   0.013   0.013
  -0.075  -2.761   1.171   0.271
   0.008   1.360   2.674   1.399
--------------------
Total RMSD:   0.794
--------------------
