-----------------------------------------------
Coordinates of template with ideal pva geometry
-----------------------------------------------
   0.000   0.000   0.000
   0.000   2.853   0.927
   3.000   0.000   0.000
   0.000  -2.853   0.927
   0.000  -1.763  -2.427
   0.000   1.763  -2.427
   0.000   0.000   3.000
---------------------------------------------
Coordinates of the fitted metal site and RMSD
---------------------------------------------
   0.000   0.000   0.000   0.000
  -0.799   2.866   0.383   0.966
   2.820   0.599   0.829   1.039
   0.740  -2.885  -0.360   1.485
  -2.746  -0.712  -0.977   3.279
   0.762   0.514  -2.856   1.525
  -0.757  -0.551   2.850   0.949
--------------------
Total RMSD:   1.741
--------------------
