-----------------------------------------------
Coordinates of template with ideal cof geometry
-----------------------------------------------
   0.000   0.000   0.000
   0.000  -3.000   0.000
   0.000   3.000   0.000
   1.732   1.732   1.732
   3.000   0.000   0.000
  -3.000   0.000   0.000
   0.000   0.000  -3.000
---------------------------------------------
Coordinates of the fitted metal site and RMSD
---------------------------------------------
   0.000   0.000   0.000   0.000
   0.067  -2.958   0.495   0.501
  -0.021   2.969  -0.428   0.429
   0.601   0.553   2.887   2.001
   2.964  -0.045  -0.460   0.463
  -2.967   0.016   0.445   0.446
  -0.415  -0.425  -2.941   0.597
--------------------
Total RMSD:   0.932
--------------------
