-----------------------------------------------
Coordinates of template with ideal ctf geometry
-----------------------------------------------
   0.000   0.000   0.000
  -1.964   0.000   2.268
   0.000   0.000  -3.000
  -1.964  -1.964  -1.134
  -1.964   1.964  -1.134
   1.964   0.000   2.268
   1.964   1.964  -1.134
---------------------------------------------
Coordinates of the fitted metal site and RMSD
---------------------------------------------
   0.000   0.000   0.000   0.000
  -1.262   0.630   2.648   1.017
   1.195  -0.674  -2.668   1.412
  -1.735  -2.428  -0.312   0.971
  -2.173   1.552  -1.366   0.517
   2.174  -1.530   1.391   1.776
   1.654   2.501   0.107   1.387
--------------------
Total RMSD:   1.246
--------------------
