-----------------------------------------------
Coordinates of template with ideal tpr geometry
-----------------------------------------------
   0.000   0.000   0.000
  -1.964  -1.964  -1.134
   1.964   1.964  -1.134
  -1.964   1.964  -1.134
  -1.964   0.000   2.268
   1.964  -1.964  -1.134
   1.964   0.000   2.268
---------------------------------------------
Coordinates of the fitted metal site and RMSD
---------------------------------------------
   0.000   0.000   0.000   0.000
  -1.756  -2.432   0.000   1.244
   1.693   2.476  -0.029   1.248
  -1.752   1.333  -2.038   1.123
  -1.756   1.226   2.101   1.254
   1.752  -1.255  -2.087   1.206
   1.720  -1.148   2.174   1.178
--------------------
Total RMSD:   1.210
--------------------
