-----------------------------------------------
Coordinates of template with ideal coc geometry
-----------------------------------------------
   0.000   0.000   0.000
   0.000   0.000   3.000
   0.000   0.000  -3.000
   0.000   3.000   0.000
  -3.000   0.000   0.000
   3.000   0.000   0.000
   1.732   1.732   1.732
   0.000  -3.000   0.000
---------------------------------------------
Coordinates of the fitted metal site and RMSD
---------------------------------------------
   0.000   0.000   0.000   0.000
   0.574   0.919   2.798   1.102
   0.245   0.589  -2.932   0.641
   0.219   2.913   0.684   0.724
  -2.940  -0.113   0.586   0.600
   2.961  -0.483   0.024   0.485
   0.474   2.169   2.018   1.362
  -0.390  -2.962   0.267   0.474
--------------------
Total RMSD:   0.830
--------------------
