-----------------------------------------------
Coordinates of template with ideal ctp geometry
-----------------------------------------------
   0.000   0.000   0.000
   1.964  -1.964  -1.134
  -1.964   1.964  -1.134
   1.964   1.964  -1.134
   1.964   0.000   2.268
  -1.964  -1.964  -1.134
   0.000   0.000  -3.000
  -1.964   0.000   2.268
---------------------------------------------
Coordinates of the fitted metal site and RMSD
---------------------------------------------
   0.000   0.000   0.000   0.000
   1.886  -1.943  -1.293   0.178
  -1.719   2.434  -0.347   0.949
   1.733   0.796  -2.316   1.677
   2.070   0.726   2.046   0.767
  -1.988  -1.491  -1.680   0.723
   2.063  -0.696  -2.064   2.370
  -1.051  -1.479   2.389   1.742
--------------------
Total RMSD:   1.389
--------------------
