-----------------------------------------------
Coordinates of template with ideal hvp geometry
-----------------------------------------------
   0.000   0.000   0.000
   0.000  -2.598   1.500
   0.000   2.598  -1.500
   0.000   0.000  -3.000
   3.000   0.000   0.000
  -3.000   0.000   0.000
   0.000  -2.598  -1.500
   0.000   0.000   3.000
---------------------------------------------
Coordinates of the fitted metal site and RMSD
---------------------------------------------
   0.000   0.000   0.000   0.000
  -0.263  -2.982  -0.199   1.761
  -0.425   2.649  -1.342   0.456
   0.099  -1.414  -2.644   1.461
   2.955  -0.240   0.455   0.517
  -2.981  -0.199   0.275   0.340
  -0.114  -2.536  -1.599   0.163
   0.142   0.528   2.950   0.549
--------------------
Total RMSD:   0.938
--------------------
