-----------------------------------------------
Coordinates of template with ideal cof geometry
-----------------------------------------------
   0.000   0.000   0.000
   0.000   3.000   0.000
   0.000  -3.000   0.000
   1.732   1.732   1.732
   0.000   0.000  -3.000
   3.000   0.000   0.000
  -3.000   0.000   0.000
---------------------------------------------
Coordinates of the fitted metal site and RMSD
---------------------------------------------
   0.000   0.000   0.000   0.000
  -0.050   2.968  -0.432   0.436
  -0.017  -2.966   0.449   0.450
   0.537   0.516   2.906   2.070
  -0.397  -0.499  -2.931   0.642
   2.960   0.020  -0.487   0.489
  -2.961   0.041   0.483   0.487
--------------------
Total RMSD:   0.963
--------------------
