-----------------------------------------------
Coordinates of template with ideal oct geometry
-----------------------------------------------
   0.000   0.000   0.000
   0.000   0.000   3.000
   0.000   0.000  -3.000
   3.000   0.000   0.000
  -3.000   0.000   0.000
   0.000   3.000   0.000
   0.000  -3.000   0.000
---------------------------------------------
Coordinates of the fitted metal site and RMSD
---------------------------------------------
   0.000   0.000   0.000   0.000
   0.039  -0.012   3.000   0.040
  -0.032  -0.056  -2.999   0.065
   2.999   0.065   0.045   0.078
  -2.999   0.077  -0.026   0.082
  -0.004   3.000   0.053   0.053
   0.009  -3.000   0.008   0.013
--------------------
Total RMSD:   0.060
--------------------
