-----------------------------------------------
Coordinates of template with ideal pva geometry
-----------------------------------------------
   0.000   0.000   0.000
   0.000   1.763  -2.427
   0.000   0.000   3.000
   3.000   0.000   0.000
   0.000  -2.853   0.927
   0.000  -1.763  -2.427
   0.000   2.853   0.927
---------------------------------------------
Coordinates of the fitted metal site and RMSD
---------------------------------------------
   0.000   0.000   0.000   0.000
  -0.733   1.232  -2.635   0.929
   0.721  -1.172   2.666   1.416
   2.797   1.008  -0.401   1.103
  -2.764  -1.121   0.319   3.319
   0.767  -2.519  -1.438   1.462
  -0.778   2.546   1.384   0.953
--------------------
Total RMSD:   1.739
--------------------
