-----------------------------------------------
Coordinates of template with ideal tbp geometry
-----------------------------------------------
   0.000   0.000   0.000
   0.000   0.000   3.000
   0.000  -2.598  -1.500
  -3.000   0.000   0.000
   0.000   2.598  -1.500
   3.000   0.000   0.000
---------------------------------------------
Coordinates of the fitted metal site and RMSD
---------------------------------------------
   0.000   0.000   0.000   0.000
   0.438  -1.269   2.683   1.379
   0.002  -2.713  -1.280   0.248
  -2.980  -0.180   0.291   0.343
   0.659   1.865  -2.256   1.242
   2.948   0.389   0.398   0.559
--------------------
Total RMSD:   0.887
--------------------
