-----------------------------------------------
Coordinates of template with ideal con geometry
-----------------------------------------------
   0.000   0.000   0.000
   0.000   3.000   0.000
   0.000   0.000   3.000
   0.000  -3.000   0.000
   3.000   0.000   0.000
  -3.000   0.000   0.000
   1.732   1.732   1.732
---------------------------------------------
Coordinates of the fitted metal site and RMSD
---------------------------------------------
   0.000   0.000   0.000   0.000
  -0.085   1.688  -2.479   2.806
   0.078  -1.621   2.523   1.691
  -0.520  -2.567  -1.462   1.611
   2.966  -0.382  -0.238   0.451
  -2.967   0.361   0.259   0.446
   0.506   2.548   1.501   1.491
--------------------
Total RMSD:   1.631
--------------------
