-----------------------------------------------
Coordinates of template with ideal ctf geometry
-----------------------------------------------
   0.000   0.000   0.000
   1.964   0.000   2.268
  -1.964   1.964  -1.134
   0.000   0.000  -3.000
  -1.964  -1.964  -1.134
   1.964   1.964  -1.134
  -1.964   0.000   2.268
---------------------------------------------
Coordinates of the fitted metal site and RMSD
---------------------------------------------
   0.000   0.000   0.000   0.000
   2.137  -1.494   1.484   1.696
  -2.159   1.529  -1.414   0.553
   1.178  -0.555  -2.703   1.335
  -1.732  -2.443  -0.173   1.098
   1.714   2.457   0.154   1.402
  -1.200   0.591   2.685   1.052
--------------------
Total RMSD:   1.241
--------------------
