-----------------------------------------------
Coordinates of template with ideal tpr geometry
-----------------------------------------------
   0.000   0.000   0.000
  -1.964   0.000   2.268
   1.964  -1.964  -1.134
   1.964   1.964  -1.134
   1.964   0.000   2.268
  -1.964   1.964  -1.134
  -1.964  -1.964  -1.134
---------------------------------------------
Coordinates of the fitted metal site and RMSD
---------------------------------------------
   0.000   0.000   0.000   0.000
  -1.835   1.143   2.080   1.165
   1.780  -1.199  -2.096   1.243
   1.759   2.428  -0.101   1.151
   1.745  -1.266   2.086   1.298
  -1.724   1.260  -2.107   1.225
  -1.745  -2.440   0.060   1.304
--------------------
Total RMSD:   1.232
--------------------
