-----------------------------------------------
Coordinates of template with ideal con geometry
-----------------------------------------------
   0.000   0.000   0.000
   0.000  -3.000   0.000
   0.000   3.000   0.000
  -3.000   0.000   0.000
   0.000   0.000   3.000
   3.000   0.000   0.000
   1.732   1.732   1.732
---------------------------------------------
Coordinates of the fitted metal site and RMSD
---------------------------------------------
   0.000   0.000   0.000   0.000
   0.315  -2.975   0.218   0.383
  -0.412   2.958  -0.288   0.504
  -2.553  -0.488  -1.498   1.638
  -1.550   0.106   2.566   1.613
   1.691  -0.032  -2.478   2.802
   2.529   0.480   1.541   1.496
--------------------
Total RMSD:   1.622
--------------------
