-----------------------------------------------
Coordinates of template with ideal coc geometry
-----------------------------------------------
   0.000   0.000   0.000
   0.000  -3.000   0.000
   0.000   3.000   0.000
   0.000   0.000   3.000
   0.000   0.000  -3.000
  -3.000   0.000   0.000
   3.000   0.000   0.000
   1.732   1.732   1.732
---------------------------------------------
Coordinates of the fitted metal site and RMSD
---------------------------------------------
   0.000   0.000   0.000   0.000
   0.214  -2.976   0.309   0.377
   0.166   2.549   1.574   1.646
   1.447   1.150   2.363   1.956
   0.828  -0.379  -2.859   0.921
  -2.860   0.211   0.882   0.918
   2.610   0.361   1.434   1.530
   1.796   1.455   1.912   0.337
--------------------
Total RMSD:   1.243
--------------------
