-----------------------------------------------
Coordinates of template with ideal hvp geometry
-----------------------------------------------
   0.000   0.000   0.000
   3.000   0.000   0.000
  -3.000   0.000   0.000
   0.000   0.000  -3.000
   0.000   0.000   3.000
   0.000   2.598  -1.500
   0.000  -2.598   1.500
   0.000  -2.598  -1.500
---------------------------------------------
Coordinates of the fitted metal site and RMSD
---------------------------------------------
   0.000   0.000   0.000   0.000
   3.000  -0.023  -0.008   0.024
  -2.365  -0.785  -1.671   1.952
  -0.816  -2.096  -1.985   2.467
   0.148  -0.037   2.996   0.152
  -0.308   2.512  -1.612   0.339
  -0.048  -2.910  -0.727   2.249
  -1.140  -2.344  -1.485   1.168
--------------------
Total RMSD:   1.533
--------------------
