-----------------------------------------------
Coordinates of template with ideal pbp geometry
-----------------------------------------------
   0.000   0.000   0.000
   0.000  -2.853   0.927
   0.000   1.763  -2.427
  -3.000   0.000   0.000
   3.000   0.000   0.000
   0.000  -1.763  -2.427
   0.000   0.000   3.000
   0.000   2.853   0.927
---------------------------------------------
Coordinates of the fitted metal site and RMSD
---------------------------------------------
   0.000   0.000   0.000   0.000
  -0.331  -2.539   1.563   0.783
  -1.542   2.378  -0.982   2.201
  -2.302   1.742   0.817   2.046
   2.880  -0.025   0.838   0.847
  -0.974  -1.102  -2.615   1.192
  -1.344   1.551   2.189   2.206
  -1.838   2.161   0.976   1.964
--------------------
Total RMSD:   1.712
--------------------
