-----------------------------------------------
Coordinates of template with ideal sav geometry
-----------------------------------------------
   0.000   0.000   0.000
  -1.732  -1.732  -1.732
   0.000   2.449   1.732
  -2.449   0.000   1.732
   1.732  -1.732  -1.732
  -1.732   1.732  -1.732
   0.000  -2.449   1.732
   2.449   0.000   1.732
---------------------------------------------
Coordinates of the fitted metal site and RMSD
---------------------------------------------
   0.000   0.000   0.000   0.000
  -1.793  -2.100  -1.171   0.674
   0.267   1.808   2.379   0.950
  -0.645   0.052   2.929   2.166
   2.249  -1.269  -1.527   0.724
  -1.562   2.356  -1.005   0.973
   0.034  -1.458   2.622   1.332
  -0.014  -0.064   2.999   2.771
--------------------
Total RMSD:   1.557
--------------------
