-----------------------------------------------
Coordinates of template with ideal spy geometry
-----------------------------------------------
   0.000   0.000   0.000
  -3.000   0.000   0.000
   0.000  -3.000   0.000
   0.000   3.000   0.000
   3.000   0.000   0.000
   0.000   0.000   3.000
---------------------------------------------
Coordinates of the fitted metal site and RMSD
---------------------------------------------
   0.000   0.000   0.000   0.000
  -2.682   0.079  -1.341   1.381
   0.137  -2.995   0.118   0.180
   0.002   3.000   0.037   0.037
   2.774  -0.055  -1.141   1.164
   0.201  -0.081   2.992   0.217
--------------------
Total RMSD:   0.818
--------------------
