-----------------------------------------------
Coordinates of template with ideal tpv geometry
-----------------------------------------------
   0.000   0.000   0.000
   1.964   1.964  -1.134
  -1.964   1.964  -1.134
   1.964   0.000   2.268
  -1.964  -1.964  -1.134
  -1.964   0.000   2.268
---------------------------------------------
Coordinates of the fitted metal site and RMSD
---------------------------------------------
   0.000   0.000   0.000   0.000
   2.171   1.860  -0.908   0.323
  -2.172   1.369  -1.552   0.757
   2.025  -1.447   1.675   1.565
  -0.992  -2.585  -1.154   1.153
  -1.626   0.638   2.439   0.742
--------------------
Total RMSD:   1.001
--------------------
