-----------------------------------------------
Coordinates of template with ideal cof geometry
-----------------------------------------------
   0.000   0.000   0.000
   0.000   3.000   0.000
   1.732   1.732   1.732
   3.000   0.000   0.000
   0.000   0.000  -3.000
   0.000  -3.000   0.000
  -3.000   0.000   0.000
---------------------------------------------
Coordinates of the fitted metal site and RMSD
---------------------------------------------
   0.000   0.000   0.000   0.000
  -0.067   2.970  -0.416   0.422
   0.608   0.572   2.882   1.983
   2.984  -0.010  -0.305   0.306
  -0.522  -0.355  -2.933   0.635
   0.036  -2.946   0.563   0.567
  -2.960   0.073   0.485   0.492
--------------------
Total RMSD:   0.928
--------------------
