-----------------------------------------------
Coordinates of template with ideal ctf geometry
-----------------------------------------------
   0.000   0.000   0.000
  -1.964   1.964  -1.134
  -1.964   0.000   2.268
   0.000   0.000  -3.000
  -1.964  -1.964  -1.134
   1.964   0.000   2.268
   1.964   1.964  -1.134
---------------------------------------------
Coordinates of the fitted metal site and RMSD
---------------------------------------------
   0.000   0.000   0.000   0.000
  -2.150   1.595  -1.354   0.468
  -1.205   0.637   2.673   1.071
   1.216  -0.551  -2.687   1.371
  -1.707  -2.455  -0.243   1.050
   2.275  -1.337   1.427   1.610
   1.752   2.423   0.243   1.467
--------------------
Total RMSD:   1.231
--------------------
