-----------------------------------------------
Coordinates of template with ideal ctn geometry
-----------------------------------------------
   0.000   0.000   0.000
   1.964  -1.964  -1.134
  -1.964  -1.964  -1.134
   1.964   1.964  -1.134
   1.964   0.000   2.268
  -1.964   1.964  -1.134
   0.000   0.000  -3.000
---------------------------------------------
Coordinates of the fitted metal site and RMSD
---------------------------------------------
   0.000   0.000   0.000   0.000
   2.079  -2.121  -0.422   0.738
  -2.099  -2.118   0.328   1.476
   2.116   2.088  -0.408   0.752
   0.585  -0.051   2.942   1.536
  -2.169   2.068   0.145   1.300
  -0.602   0.104  -2.937   0.614
--------------------
Total RMSD:   1.134
--------------------
