-----------------------------------------------
Coordinates of template with ideal oct geometry
-----------------------------------------------
   0.000   0.000   0.000
   0.000   3.000   0.000
   0.000   0.000   3.000
   0.000   0.000  -3.000
  -3.000   0.000   0.000
   0.000  -3.000   0.000
   3.000   0.000   0.000
---------------------------------------------
Coordinates of the fitted metal site and RMSD
---------------------------------------------
   0.000   0.000   0.000   0.000
   0.046   3.000   0.003   0.046
   0.039  -0.008   3.000   0.040
   0.037   0.051  -2.999   0.063
  -2.999   0.073  -0.013   0.074
   0.242  -2.990   0.063   0.251
   2.997  -0.123  -0.012   0.124
--------------------
Total RMSD:   0.123
--------------------
