-----------------------------------------------
Coordinates of template with ideal pva geometry
-----------------------------------------------
   0.000   0.000   0.000
   3.000   0.000   0.000
   0.000   1.763  -2.427
   0.000  -2.853   0.927
   0.000  -1.763  -2.427
   0.000   2.853   0.927
   0.000   0.000   3.000
---------------------------------------------
Coordinates of the fitted metal site and RMSD
---------------------------------------------
   0.000   0.000   0.000   0.000
   2.800  -1.021  -0.341   1.095
   0.751   2.542  -1.406   1.488
  -0.691  -2.525   1.466   0.936
  -0.755  -1.280  -2.606   0.914
  -2.695   1.193   0.559   3.187
   0.702   1.275   2.623   1.504
--------------------
Total RMSD:   1.710
--------------------
