-----------------------------------------------
Coordinates of template with ideal pvp geometry
-----------------------------------------------
   0.000   0.000   0.000
   0.000  -1.763  -2.427
   3.000   0.000   0.000
  -3.000   0.000   0.000
   0.000   1.763  -2.427
   0.000   0.000   3.000
   0.000  -2.853   0.927
---------------------------------------------
Coordinates of the fitted metal site and RMSD
---------------------------------------------
   0.000   0.000   0.000   0.000
   0.003  -1.400  -2.653   0.428
   3.000  -0.037   0.028   0.046
  -2.999  -0.050  -0.031   0.059
  -0.006   2.640  -1.424   1.332
   0.062   1.138   2.775   1.162
  -0.019  -2.616   1.468   0.591
--------------------
Total RMSD:   0.781
--------------------
