-----------------------------------------------
Coordinates of template with ideal tpr geometry
-----------------------------------------------
   0.000   0.000   0.000
  -1.964  -1.964  -1.134
  -1.964   1.964  -1.134
   1.964   0.000   2.268
  -1.964   0.000   2.268
   1.964   1.964  -1.134
   1.964  -1.964  -1.134
---------------------------------------------
Coordinates of the fitted metal site and RMSD
---------------------------------------------
   0.000   0.000   0.000   0.000
  -1.711  -2.464  -0.049   1.221
  -1.703   1.230  -2.141   1.273
   1.722  -1.296   2.087   1.331
  -1.764   1.150   2.137   1.174
   1.833   2.366  -0.202   1.023
   1.807  -1.119  -2.118   1.307
--------------------
Total RMSD:   1.226
--------------------
