-----------------------------------------------
Coordinates of template with ideal ctf geometry
-----------------------------------------------
   0.000   0.000   0.000
   1.964   1.964  -1.134
  -1.964   1.964  -1.134
   1.964   0.000   2.268
   0.000   0.000  -3.000
  -1.964   0.000   2.268
  -1.964  -1.964  -1.134
---------------------------------------------
Coordinates of the fitted metal site and RMSD
---------------------------------------------
   0.000   0.000   0.000   0.000
   1.653   2.502   0.079   1.363
  -2.151   1.542  -1.413   0.540
   2.179  -1.504   1.410   1.745
   1.238  -0.576  -2.671   1.404
  -1.212   0.642   2.668   1.067
  -1.740  -2.427  -0.284   0.993
--------------------
Total RMSD:   1.244
--------------------
