-----------------------------------------------
Coordinates of template with ideal pvp geometry
-----------------------------------------------
   0.000   0.000   0.000
   0.000  -2.853   0.927
   0.000  -1.763  -2.427
   0.000   0.000   3.000
  -3.000   0.000   0.000
   3.000   0.000   0.000
   0.000   1.763  -2.427
---------------------------------------------
Coordinates of the fitted metal site and RMSD
---------------------------------------------
   0.000   0.000   0.000   0.000
  -0.080  -2.702   1.301   0.411
  -0.027  -1.358  -2.675   0.476
   0.021   1.316   2.696   1.351
  -2.999  -0.067  -0.020   0.070
   3.000  -0.003   0.037   0.037
  -0.049   2.611  -1.476   1.275
--------------------
Total RMSD:   0.801
--------------------
