-----------------------------------------------
Coordinates of template with ideal coc geometry
-----------------------------------------------
   0.000   0.000   0.000
   3.000   0.000   0.000
   1.732   1.732   1.732
   0.000   0.000   3.000
   0.000   0.000  -3.000
   0.000   3.000   0.000
  -3.000   0.000   0.000
   0.000  -3.000   0.000
---------------------------------------------
Coordinates of the fitted metal site and RMSD
---------------------------------------------
   0.000   0.000   0.000   0.000
   2.988   0.036  -0.264   0.267
   1.198   0.700   2.660   1.487
   0.212   0.197   2.986   0.290
  -0.010  -0.283  -2.987   0.283
  -0.482   2.935  -0.390   0.623
  -2.967  -0.266   0.358   0.447
  -0.496  -2.947   0.262   0.563
--------------------
Total RMSD:   0.692
--------------------
