-----------------------------------------------
Coordinates of template with ideal cuv geometry
-----------------------------------------------
   0.000   0.000   0.000
  -1.732  -1.732  -1.732
  -1.732  -1.732   1.732
  -1.732   1.732   1.732
   1.732  -1.732  -1.732
   1.732  -1.732   1.732
   1.732   1.732   1.732
  -1.732   1.732  -1.732
---------------------------------------------
Coordinates of the fitted metal site and RMSD
---------------------------------------------
   0.000   0.000   0.000   0.000
  -1.776  -2.118  -1.166   0.686
  -2.325  -0.437   1.845   1.429
  -2.069   0.666   2.067   1.167
   1.907  -0.745  -2.193   1.103
   1.594  -1.763   1.831   0.172
   1.619   2.287   1.071   0.870
  -0.870   2.388  -1.594   1.092
--------------------
Total RMSD:   1.005
--------------------
