-----------------------------------------------
Coordinates of template with ideal con geometry
-----------------------------------------------
   0.000   0.000   0.000
   1.732   1.732   1.732
  -3.000   0.000   0.000
   0.000  -3.000   0.000
   3.000   0.000   0.000
   0.000   0.000   3.000
   0.000   3.000   0.000
---------------------------------------------
Coordinates of the fitted metal site and RMSD
---------------------------------------------
   0.000   0.000   0.000   0.000
   1.695   1.717   1.783   0.065
  -2.956  -0.212  -0.463   0.511
   0.005  -2.927  -0.660   0.664
   2.571  -0.449  -1.480   1.605
  -0.965  -0.764   2.736   1.259
  -0.220   2.610  -1.462   1.529
--------------------
Total RMSD:   1.096
--------------------
