-----------------------------------------------
Coordinates of template with ideal oct geometry
-----------------------------------------------
   0.000   0.000   0.000
   0.000   0.000   3.000
   0.000   0.000  -3.000
   3.000   0.000   0.000
   0.000   3.000   0.000
   0.000  -3.000   0.000
  -3.000   0.000   0.000
---------------------------------------------
Coordinates of the fitted metal site and RMSD
---------------------------------------------
   0.000   0.000   0.000   0.000
  -1.083  -0.588   2.735   1.261
  -0.391  -1.262  -2.693   1.357
   2.738   0.648  -1.040   1.253
   0.655   2.678   1.182   1.389
   1.007  -2.780   0.507   1.149
  -2.807   1.000  -0.348   1.076
--------------------
Total RMSD:   1.252
--------------------
