-----------------------------------------------
Coordinates of template with ideal pva geometry
-----------------------------------------------
   0.000   0.000   0.000
   0.000   0.000   3.000
   0.000  -1.763  -2.427
   0.000   1.763  -2.427
   0.000   2.853   0.927
   3.000   0.000   0.000
   0.000  -2.853   0.927
---------------------------------------------
Coordinates of the fitted metal site and RMSD
---------------------------------------------
   0.000   0.000   0.000   0.000
   0.983  -0.018   2.834   0.997
   0.235  -1.935  -2.281   0.325
  -0.022   2.078  -2.164   0.411
  -1.869   2.125   0.996   2.007
   2.977  -0.129  -0.352   0.375
  -1.892  -2.012   1.172   2.085
--------------------
Total RMSD:   1.277
--------------------
