-----------------------------------------------
Coordinates of template with ideal oct geometry
-----------------------------------------------
   0.000   0.000   0.000
  -3.000   0.000   0.000
   0.000   3.000   0.000
   0.000  -3.000   0.000
   0.000   0.000   3.000
   0.000   0.000  -3.000
   3.000   0.000   0.000
---------------------------------------------
Coordinates of the fitted metal site and RMSD
---------------------------------------------
   0.000   0.000   0.000   0.000
  -2.991  -0.234   0.002   0.234
  -0.088   2.997   0.096   0.131
  -0.215  -2.992   0.004   0.215
   0.018  -0.144   2.996   0.145
   0.009  -0.236  -2.991   0.237
   2.998  -0.107   0.010   0.108
--------------------
Total RMSD:   0.186
--------------------
