-----------------------------------------------
Coordinates of template with ideal pva geometry
-----------------------------------------------
   0.000   0.000   0.000
   0.000  -2.853   0.927
   0.000   0.000   3.000
   0.000  -1.763  -2.427
   3.000   0.000   0.000
   0.000   1.763  -2.427
   0.000   2.853   0.927
---------------------------------------------
Coordinates of the fitted metal site and RMSD
---------------------------------------------
   0.000   0.000   0.000   0.000
  -0.689  -2.919   0.083   1.091
  -0.775   0.414   2.868   0.889
   0.790  -0.726  -2.801   1.357
   2.819  -0.638   0.804   1.042
  -2.700   0.597  -1.164   3.201
   0.798   2.864  -0.402   1.550
--------------------
Total RMSD:   1.711
--------------------
