-----------------------------------------------
Coordinates of template with ideal cof geometry
-----------------------------------------------
   0.000   0.000   0.000
   0.000   3.000   0.000
   3.000   0.000   0.000
  -3.000   0.000   0.000
   0.000  -3.000   0.000
   1.732   1.732   1.732
   0.000   0.000  -3.000
---------------------------------------------
Coordinates of the fitted metal site and RMSD
---------------------------------------------
   0.000   0.000   0.000   0.000
   0.066   2.936   0.613   0.620
   2.973  -0.325   0.239   0.404
  -2.903   0.156   0.742   0.764
  -0.413  -2.957   0.292   0.508
   0.770   2.433   1.578   1.200
   0.037   0.173  -2.995   0.177
--------------------
Total RMSD:   0.690
--------------------
