-----------------------------------------------
Coordinates of template with ideal pvp geometry
-----------------------------------------------
   0.000   0.000   0.000
   0.000  -1.763  -2.427
   3.000   0.000   0.000
  -3.000   0.000   0.000
   0.000   0.000   3.000
   0.000   1.763  -2.427
   0.000  -2.853   0.927
---------------------------------------------
Coordinates of the fitted metal site and RMSD
---------------------------------------------
   0.000   0.000   0.000   0.000
  -0.283  -0.183  -2.981   1.699
   2.950   0.533  -0.107   0.546
  -2.964   0.461   0.011   0.462
  -0.151   1.033   2.812   1.061
   0.365   0.930  -2.829   0.995
   0.324  -2.923   0.593   0.471
--------------------
Total RMSD:   0.978
--------------------
