-----------------------------------------------
Coordinates of template with ideal cof geometry
-----------------------------------------------
   0.000   0.000   0.000
  -3.000   0.000   0.000
   1.732   1.732   1.732
   0.000   0.000  -3.000
   0.000   3.000   0.000
   0.000  -3.000   0.000
   3.000   0.000   0.000
---------------------------------------------
Coordinates of the fitted metal site and RMSD
---------------------------------------------
   0.000   0.000   0.000   0.000
  -2.972   0.036   0.409   0.412
   0.539   0.648   2.879   1.979
  -0.473  -0.375  -2.939   0.607
  -0.020   2.964  -0.466   0.468
   0.042  -2.966   0.447   0.450
   2.962  -0.089  -0.469   0.479
--------------------
Total RMSD:   0.922
--------------------
