-----------------------------------------------
Coordinates of template with ideal con geometry
-----------------------------------------------
   0.000   0.000   0.000
   3.000   0.000   0.000
   0.000   3.000   0.000
   0.000   0.000   3.000
   1.732   1.732   1.732
   0.000  -3.000   0.000
  -3.000   0.000   0.000
---------------------------------------------
Coordinates of the fitted metal site and RMSD
---------------------------------------------
   0.000   0.000   0.000   0.000
   2.960  -0.421  -0.251   0.492
  -0.096   1.734  -2.447   2.757
   0.072  -1.493   2.601   1.547
   0.482   2.529   1.540   1.494
  -0.506  -2.534  -1.525   1.673
  -2.966   0.349   0.288   0.454
--------------------
Total RMSD:   1.606
--------------------
