-----------------------------------------------
Coordinates of template with ideal ctn geometry
-----------------------------------------------
   0.000   0.000   0.000
  -1.964   1.964  -1.134
   1.964   0.000   2.268
   0.000   0.000  -3.000
   1.964   1.964  -1.134
  -1.964  -1.964  -1.134
   1.964  -1.964  -1.134
---------------------------------------------
Coordinates of the fitted metal site and RMSD
---------------------------------------------
   0.000   0.000   0.000   0.000
  -2.095   2.124   0.315   1.463
   0.700   0.070   2.916   1.422
  -0.458   0.077  -2.964   0.466
   2.099   2.113  -0.360   0.800
  -2.085  -2.130   0.341   1.489
   2.054  -2.154  -0.377   0.785
--------------------
Total RMSD:   1.144
--------------------
