-----------------------------------------------
Coordinates of template with ideal pva geometry
-----------------------------------------------
   0.000   0.000   0.000
   0.000   2.853   0.927
   0.000  -2.853   0.927
   3.000   0.000   0.000
   0.000   0.000   3.000
   0.000   1.763  -2.427
   0.000  -1.763  -2.427
---------------------------------------------
Coordinates of the fitted metal site and RMSD
---------------------------------------------
   0.000   0.000   0.000   0.000
  -0.711   2.547   1.417   0.916
  -2.717  -1.180   0.476   3.223
   2.813   1.008  -0.267   1.059
   0.789  -1.244   2.613   1.523
  -0.768   1.229  -2.627   0.957
   0.763  -2.505  -1.463   1.436
--------------------
Total RMSD:   1.715
--------------------
