-----------------------------------------------
Coordinates of template with ideal tbp geometry
-----------------------------------------------
   0.000   0.000   0.000
   3.000   0.000   0.000
   0.000   0.000   3.000
  -3.000   0.000   0.000
   0.000   2.598  -1.500
   0.000  -2.598  -1.500
---------------------------------------------
Coordinates of the fitted metal site and RMSD
---------------------------------------------
   0.000   0.000   0.000   0.000
   2.788  -1.059   0.327   1.129
  -2.181  -0.550   1.985   2.468
  -2.577  -0.437   1.472   1.593
  -1.396   1.701  -2.040   1.745
  -0.677  -2.328  -1.767   0.776
--------------------
Total RMSD:   1.646
--------------------
