-----------------------------------------------
Coordinates of template with ideal tpv geometry
-----------------------------------------------
   0.000   0.000   0.000
   1.964   0.000   2.268
   1.964   1.964  -1.134
  -1.964   1.964  -1.134
  -1.964  -1.964  -1.134
  -1.964   0.000   2.268
---------------------------------------------
Coordinates of the fitted metal site and RMSD
---------------------------------------------
   0.000   0.000   0.000   0.000
   1.979  -0.417   2.216   0.420
  -0.274   2.611  -1.452   2.351
  -0.882   2.394  -1.578   1.246
  -2.055  -1.713  -1.357   0.347
  -2.132   0.613   2.020   0.683
--------------------
Total RMSD:   1.253
--------------------
