-----------------------------------------------
Coordinates of template with ideal cof geometry
-----------------------------------------------
   0.000   0.000   0.000
   1.732   1.732   1.732
  -3.000   0.000   0.000
   0.000   3.000   0.000
   0.000   0.000  -3.000
   0.000  -3.000   0.000
   3.000   0.000   0.000
---------------------------------------------
Coordinates of the fitted metal site and RMSD
---------------------------------------------
   0.000   0.000   0.000   0.000
   0.480   0.542   2.911   2.092
  -2.957   0.051   0.502   0.507
  -0.067   2.963  -0.463   0.469
  -0.436  -0.454  -2.933   0.633
   0.024  -2.966   0.452   0.454
   2.963  -0.075  -0.465   0.473
--------------------
Total RMSD:   0.973
--------------------
