-----------------------------------------------
Coordinates of template with ideal pva geometry
-----------------------------------------------
   0.000   0.000   0.000
   0.000  -1.763  -2.427
   0.000   0.000   3.000
   0.000  -2.853   0.927
   3.000   0.000   0.000
   0.000   2.853   0.927
   0.000   1.763  -2.427
---------------------------------------------
Coordinates of the fitted metal site and RMSD
---------------------------------------------
   0.000   0.000   0.000   0.000
  -2.774  -0.709  -0.895   3.340
  -0.794  -0.572   2.836   0.993
   0.761  -2.883  -0.327   1.468
   2.810   0.632   0.841   1.069
  -0.755   2.879   0.372   0.938
   0.755   0.593  -2.842   1.453
--------------------
Total RMSD:   1.753
--------------------
