-----------------------------------------------
Coordinates of template with ideal pvp geometry
-----------------------------------------------
   0.000   0.000   0.000
   0.000   0.000   3.000
   3.000   0.000   0.000
   0.000  -2.853   0.927
   0.000  -1.763  -2.427
   0.000   1.763  -2.427
  -3.000   0.000   0.000
---------------------------------------------
Coordinates of the fitted metal site and RMSD
---------------------------------------------
   0.000   0.000   0.000   0.000
  -0.006   1.303   2.702   1.337
   3.000   0.014   0.026   0.030
   0.039  -2.668   1.371   0.482
  -0.039  -1.384  -2.662   0.448
   0.002   2.660  -1.387   1.374
  -3.000   0.027  -0.010   0.029
--------------------
Total RMSD:   0.828
--------------------
