-----------------------------------------------
Coordinates of template with ideal tpr geometry
-----------------------------------------------
   0.000   0.000   0.000
   1.964   0.000   2.268
   1.964   1.964  -1.134
   1.964  -1.964  -1.134
  -1.964  -1.964  -1.134
  -1.964   1.964  -1.134
  -1.964   0.000   2.268
---------------------------------------------
Coordinates of the fitted metal site and RMSD
---------------------------------------------
   0.000   0.000   0.000   0.000
   1.765   1.170   2.125   1.195
   1.752   1.233  -2.100   1.230
   1.758  -2.431  -0.016   1.229
  -1.740  -1.262  -2.093   1.209
  -1.745   2.440  -0.026   1.226
  -1.749  -1.195   2.124   1.223
--------------------
Total RMSD:   1.219
--------------------
