-----------------------------------------------
Coordinates of template with ideal tbp geometry
-----------------------------------------------
   0.000   0.000   0.000
   0.000   2.598  -1.500
  -3.000   0.000   0.000
   3.000   0.000   0.000
   0.000   0.000   3.000
   0.000  -2.598  -1.500
---------------------------------------------
Coordinates of the fitted metal site and RMSD
---------------------------------------------
   0.000   0.000   0.000   0.000
  -0.516   2.452  -1.650   0.557
  -2.607   0.138   1.477   1.535
   2.890   0.286   0.751   0.811
  -1.328   0.378   2.664   1.421
  -0.687  -2.188  -1.935   0.911
--------------------
Total RMSD:   1.111
--------------------
