-----------------------------------------------
Coordinates of template with ideal cof geometry
-----------------------------------------------
   0.000   0.000   0.000
   3.000   0.000   0.000
   0.000  -3.000   0.000
   0.000   0.000  -3.000
   1.732   1.732   1.732
  -3.000   0.000   0.000
   0.000   3.000   0.000
---------------------------------------------
Coordinates of the fitted metal site and RMSD
---------------------------------------------
   0.000   0.000   0.000   0.000
   2.974  -0.046  -0.395   0.399
   0.087  -2.963   0.464   0.474
  -0.457  -0.432  -2.933   0.633
   0.635   0.513   2.887   2.006
  -2.966   0.030   0.447   0.450
  -0.059   2.962  -0.475   0.480
--------------------
Total RMSD:   0.934
--------------------
