-----------------------------------------------
Coordinates of template with ideal oct geometry
-----------------------------------------------
   0.000   0.000   0.000
   0.000  -3.000   0.000
   0.000   0.000  -3.000
   3.000   0.000   0.000
  -3.000   0.000   0.000
   0.000   3.000   0.000
   0.000   0.000   3.000
---------------------------------------------
Coordinates of the fitted metal site and RMSD
---------------------------------------------
   0.000   0.000   0.000   0.000
  -0.088  -2.999  -0.034   0.094
   0.002  -0.037  -3.000   0.037
   3.000  -0.028   0.043   0.051
  -2.996  -0.154   0.041   0.160
   0.038   3.000   0.010   0.040
   0.004   0.007   3.000   0.008
--------------------
Total RMSD:   0.082
--------------------
