-----------------------------------------------
Coordinates of template with ideal pvp geometry
-----------------------------------------------
   0.000   0.000   0.000
   0.000  -2.853   0.927
  -3.000   0.000   0.000
   0.000  -1.763  -2.427
   0.000   0.000   3.000
   0.000   1.763  -2.427
   3.000   0.000   0.000
---------------------------------------------
Coordinates of the fitted metal site and RMSD
---------------------------------------------
   0.000   0.000   0.000   0.000
  -0.041  -2.633   1.437   0.557
  -3.000  -0.027   0.013   0.030
   0.042  -1.385  -2.661   0.447
   0.043   1.220   2.740   1.248
   0.017   2.656  -1.394   1.366
   3.000  -0.003  -0.004   0.005
--------------------
Total RMSD:   0.810
--------------------
