-----------------------------------------------
Coordinates of template with ideal tpr geometry
-----------------------------------------------
   0.000   0.000   0.000
   1.964   1.964  -1.134
   1.964  -1.964  -1.134
  -1.964   1.964  -1.134
   1.964   0.000   2.268
  -1.964  -1.964  -1.134
  -1.964   0.000   2.268
---------------------------------------------
Coordinates of the fitted metal site and RMSD
---------------------------------------------
   0.000   0.000   0.000   0.000
   1.801   2.398   0.044   1.266
   1.750  -1.187  -2.129   1.281
  -1.743   1.272  -2.084   1.196
   1.797  -1.087   2.142   1.107
  -1.760  -2.429  -0.026   1.219
  -1.736   1.214   2.125   1.243
--------------------
Total RMSD:   1.220
--------------------
