-----------------------------------------------
Coordinates of template with ideal ctf geometry
-----------------------------------------------
   0.000   0.000   0.000
  -1.964   1.964  -1.134
  -1.964   0.000   2.268
   0.000   0.000  -3.000
   1.964   1.964  -1.134
  -1.964  -1.964  -1.134
   1.964   0.000   2.268
---------------------------------------------
Coordinates of the fitted metal site and RMSD
---------------------------------------------
   0.000   0.000   0.000   0.000
  -1.998   1.956  -1.087   0.059
  -2.008  -0.972   2.006   1.007
  -0.302  -1.979  -2.234   2.143
   2.140   1.371  -1.593   0.770
  -0.743  -2.074  -2.036   1.523
   2.123  -1.577   1.417   1.799
--------------------
Total RMSD:   1.400
--------------------
