-----------------------------------------------
Coordinates of template with ideal ctn geometry
-----------------------------------------------
   0.000   0.000   0.000
  -1.964  -1.964  -1.134
   1.964   0.000   2.268
   0.000   0.000  -3.000
  -1.964   1.964  -1.134
   1.964  -1.964  -1.134
   1.964   1.964  -1.134
---------------------------------------------
Coordinates of the fitted metal site and RMSD
---------------------------------------------
   0.000   0.000   0.000   0.000
  -2.011  -2.185   0.427   1.578
   1.794  -1.213   2.076   1.240
   1.102  -1.129  -2.552   1.640
  -2.036   1.494  -1.619   0.679
   1.302  -1.476  -2.265   1.399
   1.759   2.430  -0.046   1.201
--------------------
Total RMSD:   1.328
--------------------
