-----------------------------------------------
Coordinates of template with ideal pva geometry
-----------------------------------------------
   0.000   0.000   0.000
   0.000   2.853   0.927
   0.000   1.763  -2.427
   0.000  -2.853   0.927
   0.000   0.000   3.000
   3.000   0.000   0.000
   0.000  -1.763  -2.427
---------------------------------------------
Coordinates of the fitted metal site and RMSD
---------------------------------------------
   0.000   0.000   0.000   0.000
   0.594   2.558   1.450   0.845
   0.554   1.335  -2.629   0.728
   2.628  -1.298   0.637   3.068
  -1.102  -1.135   2.549   1.645
   2.819  -0.976   0.318   1.042
  -1.079  -2.378  -1.478   1.563
--------------------
Total RMSD:   1.678
--------------------
