-----------------------------------------------
Coordinates of template with ideal pvp geometry
-----------------------------------------------
   0.000   0.000   0.000
  -3.000   0.000   0.000
   0.000   0.000   3.000
   0.000  -1.763  -2.427
   0.000   1.763  -2.427
   0.000  -2.853   0.927
   3.000   0.000   0.000
---------------------------------------------
Coordinates of the fitted metal site and RMSD
---------------------------------------------
   0.000   0.000   0.000   0.000
  -2.991   0.221   0.065   0.231
   0.043  -0.584   2.942   0.588
   0.051  -2.745  -1.209   1.566
  -0.021   1.147  -2.772   0.706
  -0.111  -2.897  -0.770   1.701
   2.986   0.284   0.050   0.289
--------------------
Total RMSD:   1.027
--------------------
