-----------------------------------------------
Coordinates of template with ideal ctf geometry
-----------------------------------------------
   0.000   0.000   0.000
   1.964   1.964  -1.134
   0.000   0.000  -3.000
  -1.964   0.000   2.268
  -1.964   1.964  -1.134
   1.964   0.000   2.268
  -1.964  -1.964  -1.134
---------------------------------------------
Coordinates of the fitted metal site and RMSD
---------------------------------------------
   0.000   0.000   0.000   0.000
   1.629   2.506  -0.256   1.085
   1.416  -0.397  -2.615   1.520
  -1.256   0.587   2.661   1.000
  -2.063   1.699  -1.362   0.363
   2.213  -1.403   1.462   1.637
  -1.706  -2.453  -0.271   1.025
--------------------
Total RMSD:   1.180
--------------------
