-----------------------------------------------
Coordinates of template with ideal ctn geometry
-----------------------------------------------
   0.000   0.000   0.000
   0.000   0.000  -3.000
   1.964   1.964  -1.134
  -1.964  -1.964  -1.134
   1.964  -1.964  -1.134
  -1.964   1.964  -1.134
   1.964   0.000   2.268
---------------------------------------------
Coordinates of the fitted metal site and RMSD
---------------------------------------------
   0.000   0.000   0.000   0.000
  -0.112   0.121  -2.995   0.165
   2.024   2.117  -0.651   0.510
  -2.106  -2.097   0.413   1.559
   2.028  -2.134  -0.578   0.584
  -2.151   2.075   0.260   1.411
   0.639  -0.056   2.931   1.482
--------------------
Total RMSD:   1.099
--------------------
