-----------------------------------------------
Coordinates of template with ideal oct geometry
-----------------------------------------------
   0.000   0.000   0.000
   0.000  -3.000   0.000
   0.000   0.000  -3.000
   0.000   0.000   3.000
   3.000   0.000   0.000
  -3.000   0.000   0.000
   0.000   3.000   0.000
---------------------------------------------
Coordinates of the fitted metal site and RMSD
---------------------------------------------
   0.000   0.000   0.000   0.000
   0.209  -2.969  -0.375   0.431
  -0.005  -0.289  -2.986   0.290
  -0.037   0.041   2.999   0.055
   2.992  -0.212   0.028   0.214
  -2.997  -0.123   0.061   0.137
   0.120   2.997  -0.045   0.128
--------------------
Total RMSD:   0.243
--------------------
