-----------------------------------------------
Coordinates of template with ideal pva geometry
-----------------------------------------------
   0.000   0.000   0.000
   0.000   0.000   3.000
   0.000  -2.853   0.927
   0.000   1.763  -2.427
   0.000   2.853   0.927
   0.000  -1.763  -2.427
   3.000   0.000   0.000
---------------------------------------------
Coordinates of the fitted metal site and RMSD
---------------------------------------------
   0.000   0.000   0.000   0.000
  -2.618  -0.140   1.458   3.042
   0.516  -2.097   2.083   1.475
  -0.762   2.074  -2.030   0.914
   0.533   2.154   2.019   1.402
  -0.870  -2.098  -1.959   1.043
   2.837   0.080  -0.974   0.990
--------------------
Total RMSD:   1.648
--------------------
