-----------------------------------------------
Coordinates of template with ideal pvp geometry
-----------------------------------------------
   0.000   0.000   0.000
   0.000  -2.853   0.927
  -3.000   0.000   0.000
   3.000   0.000   0.000
   0.000  -1.763  -2.427
   0.000   0.000   3.000
   0.000   1.763  -2.427
---------------------------------------------
Coordinates of the fitted metal site and RMSD
---------------------------------------------
   0.000   0.000   0.000   0.000
  -0.381  -2.740   1.160   0.461
  -2.987  -0.258   0.116   0.283
   2.999   0.055   0.034   0.065
   0.046  -1.549  -2.569   0.261
   0.042   1.253   2.726   1.283
  -0.038   2.616  -1.469   1.283
--------------------
Total RMSD:   0.781
--------------------
