-----------------------------------------------
Coordinates of template with ideal cof geometry
-----------------------------------------------
   0.000   0.000   0.000
   0.000  -3.000   0.000
   0.000   0.000  -3.000
   3.000   0.000   0.000
  -3.000   0.000   0.000
   1.732   1.732   1.732
   0.000   3.000   0.000
---------------------------------------------
Coordinates of the fitted metal site and RMSD
---------------------------------------------
   0.000   0.000   0.000   0.000
   0.021  -2.975   0.390   0.391
  -0.509  -0.529  -2.909   0.739
   2.973  -0.063  -0.398   0.404
  -2.967  -0.009   0.441   0.442
   0.561   0.548   2.896   2.032
  -0.041   2.968  -0.437   0.440
--------------------
Total RMSD:   0.947
--------------------
