-----------------------------------------------
Coordinates of template with ideal con geometry
-----------------------------------------------
   0.000   0.000   0.000
   1.732   1.732   1.732
   3.000   0.000   0.000
   0.000   3.000   0.000
   0.000   0.000   3.000
  -3.000   0.000   0.000
   0.000  -3.000   0.000
---------------------------------------------
Coordinates of the fitted metal site and RMSD
---------------------------------------------
   0.000   0.000   0.000   0.000
   0.575   2.509   1.540   1.407
   2.968  -0.355  -0.251   0.436
  -0.129   1.617  -2.524   2.881
   0.111  -1.547   2.568   1.610
  -2.971   0.365   0.195   0.415
  -0.525  -2.523  -1.536   1.692
--------------------
Total RMSD:   1.638
--------------------
