-----------------------------------------------
Coordinates of template with ideal oct geometry
-----------------------------------------------
   0.000   0.000   0.000
   0.000   3.000   0.000
   0.000   0.000   3.000
   3.000   0.000   0.000
  -3.000   0.000   0.000
   0.000   0.000  -3.000
   0.000  -3.000   0.000
---------------------------------------------
Coordinates of the fitted metal site and RMSD
---------------------------------------------
   0.000   0.000   0.000   0.000
  -0.006   2.999   0.089   0.089
  -0.033   0.054   2.999   0.063
   2.999   0.040  -0.075   0.085
  -2.999   0.039   0.044   0.059
   0.086  -0.074  -2.998   0.113
  -0.006  -3.000  -0.039   0.039
--------------------
Total RMSD:   0.078
--------------------
