-----------------------------------------------
Coordinates of template with ideal coc geometry
-----------------------------------------------
   0.000   0.000   0.000
   0.000   3.000   0.000
   0.000   0.000   3.000
   3.000   0.000   0.000
   0.000   0.000  -3.000
  -3.000   0.000   0.000
   1.732   1.732   1.732
   0.000  -3.000   0.000
---------------------------------------------
Coordinates of the fitted metal site and RMSD
---------------------------------------------
   0.000   0.000   0.000   0.000
   1.086   2.659   0.868   1.431
   0.799   1.064   2.689   1.366
   1.658   0.270   2.486   2.838
  -1.002   0.101  -2.826   1.022
  -2.820  -0.002   1.025   1.041
   1.421   1.714   2.010   0.418
   0.644  -2.929   0.076   0.652
--------------------
Total RMSD:   1.449
--------------------
