-----------------------------------------------
Coordinates of template with ideal ctp geometry
-----------------------------------------------
   0.000   0.000   0.000
   1.964   1.964  -1.134
   0.000   0.000  -3.000
  -1.964  -1.964  -1.134
   1.964   0.000   2.268
   1.964  -1.964  -1.134
  -1.964   1.964  -1.134
  -1.964   0.000   2.268
---------------------------------------------
Coordinates of the fitted metal site and RMSD
---------------------------------------------
   0.000   0.000   0.000   0.000
   0.332   1.988  -2.222   1.961
  -1.115   0.109  -2.783   1.141
  -2.086   0.317  -2.133   2.493
   1.965   0.497   2.212   0.501
   1.589  -2.377  -0.909   0.601
  -0.914   1.201  -2.593   1.952
  -2.120  -1.324   1.659   1.465
--------------------
Total RMSD:   1.601
--------------------
