-----------------------------------------------
Coordinates of template with ideal pbp geometry
-----------------------------------------------
   0.000   0.000   0.000
   0.000   2.853   0.927
   0.000   1.763  -2.427
   0.000  -1.763  -2.427
   0.000   0.000   3.000
   3.000   0.000   0.000
  -3.000   0.000   0.000
   0.000  -2.853   0.927
---------------------------------------------
Coordinates of the fitted metal site and RMSD
---------------------------------------------
   0.000   0.000   0.000   0.000
  -1.441   2.432  -1.004   2.446
  -0.587   0.987  -2.772   1.033
  -1.296   0.037  -2.705   2.236
   0.538   0.190   2.945   0.573
   2.886   0.572  -0.588   0.828
  -1.416   1.482  -2.190   3.083
  -0.046  -2.994  -0.191   1.128
--------------------
Total RMSD:   1.845
--------------------
