-----------------------------------------------
Coordinates of template with ideal sav geometry
-----------------------------------------------
   0.000   0.000   0.000
  -1.732  -1.732  -1.732
  -2.449   0.000   1.732
   0.000   2.449   1.732
   1.732  -1.732  -1.732
   0.000  -2.449   1.732
  -1.732   1.732  -1.732
   2.449   0.000   1.732
---------------------------------------------
Coordinates of the fitted metal site and RMSD
---------------------------------------------
   0.000   0.000   0.000   0.000
  -2.602   0.595  -1.370   2.511
  -2.567   1.193   0.993   1.408
  -1.845   2.134   1.019   2.003
   1.774  -1.702  -1.720   0.053
  -0.620  -2.364   1.740   0.626
  -2.631   1.438  -0.105   1.882
   2.168   1.333   1.588   1.370
--------------------
Total RMSD:   1.608
--------------------
