-----------------------------------------------
Coordinates of template with ideal con geometry
-----------------------------------------------
   0.000   0.000   0.000
   3.000   0.000   0.000
   0.000   0.000   3.000
   0.000  -3.000   0.000
  -3.000   0.000   0.000
   0.000   3.000   0.000
   1.732   1.732   1.732
---------------------------------------------
Coordinates of the fitted metal site and RMSD
---------------------------------------------
   0.000   0.000   0.000   0.000
   1.631  -0.037  -2.518   2.866
  -1.572   0.076   2.554   1.636
   0.392  -2.963   0.263   0.473
  -2.591  -0.387  -1.462   1.567
  -0.386   2.963  -0.273   0.474
   2.487   0.533   1.592   1.424
--------------------
Total RMSD:   1.624
--------------------
