-----------------------------------------------
Coordinates of template with ideal ctf geometry
-----------------------------------------------
   0.000   0.000   0.000
  -1.964   0.000   2.268
   0.000   0.000  -3.000
   1.964   0.000   2.268
   1.964   1.964  -1.134
  -1.964   1.964  -1.134
  -1.964  -1.964  -1.134
---------------------------------------------
Coordinates of the fitted metal site and RMSD
---------------------------------------------
   0.000   0.000   0.000   0.000
  -1.265   0.587   2.656   0.992
   1.203  -0.634  -2.674   1.399
   2.144  -1.564   1.400   1.797
   1.670   2.492   0.045   1.325
  -2.149   1.566  -1.389   0.508
  -1.707  -2.454  -0.259   1.035
--------------------
Total RMSD:   1.242
--------------------
