-----------------------------------------------
Coordinates of template with ideal ctn geometry
-----------------------------------------------
   0.000   0.000   0.000
  -1.964   1.964  -1.134
   1.964  -1.964  -1.134
  -1.964  -1.964  -1.134
   1.964   0.000   2.268
   1.964   1.964  -1.134
   0.000   0.000  -3.000
---------------------------------------------
Coordinates of the fitted metal site and RMSD
---------------------------------------------
   0.000   0.000   0.000   0.000
  -2.103   2.116   0.315   1.463
   2.110  -2.096  -0.392   0.768
  -2.103  -2.105   0.379   1.525
   0.668  -0.021   2.925   1.453
   2.095   2.114  -0.377   0.782
  -0.452   0.006  -2.966   0.453
--------------------
Total RMSD:   1.154
--------------------
