-----------------------------------------------
Coordinates of template with ideal oct geometry
-----------------------------------------------
   0.000   0.000   0.000
   0.000   0.000  -3.000
   0.000   0.000   3.000
   0.000  -3.000   0.000
  -3.000   0.000   0.000
   0.000   3.000   0.000
   3.000   0.000   0.000
---------------------------------------------
Coordinates of the fitted metal site and RMSD
---------------------------------------------
   0.000   0.000   0.000   0.000
   0.065  -0.004  -2.999   0.065
   0.009   0.033   3.000   0.034
   0.006  -3.000  -0.025   0.025
  -2.997   0.078   0.111   0.136
  -0.005   3.000   0.013   0.014
   2.999   0.067   0.056   0.087
--------------------
Total RMSD:   0.073
--------------------
