-----------------------------------------------
Coordinates of template with ideal pvp geometry
-----------------------------------------------
   0.000   0.000   0.000
   0.000   1.763  -2.427
   0.000  -2.853   0.927
  -3.000   0.000   0.000
   0.000   0.000   3.000
   3.000   0.000   0.000
   0.000  -1.763  -2.427
---------------------------------------------
Coordinates of the fitted metal site and RMSD
---------------------------------------------
   0.000   0.000   0.000   0.000
   0.007   2.643  -1.419   1.338
   0.021  -2.678   1.353   0.461
  -3.000   0.032  -0.018   0.037
   0.081   1.260   2.721   1.293
   3.000  -0.021   0.013   0.024
   0.063  -1.410  -2.647   0.421
--------------------
Total RMSD:   0.801
--------------------
