-----------------------------------------------
Coordinates of template with ideal spy geometry
-----------------------------------------------
   0.000   0.000   0.000
   0.000  -3.000   0.000
   0.000   3.000   0.000
  -3.000   0.000   0.000
   3.000   0.000   0.000
   0.000   0.000   3.000
---------------------------------------------
Coordinates of the fitted metal site and RMSD
---------------------------------------------
   0.000   0.000   0.000   0.000
   0.086  -2.980  -0.333   0.344
   0.063   2.999   0.058   0.085
  -2.866  -0.001  -0.887   0.897
   2.792  -0.024  -1.097   1.117
  -0.211   0.390   2.967   0.445
--------------------
Total RMSD:   0.689
--------------------
