-----------------------------------------------
Coordinates of template with ideal tbp geometry
-----------------------------------------------
   0.000   0.000   0.000
  -3.000   0.000   0.000
   3.000   0.000   0.000
   0.000   0.000   3.000
   0.000   2.598  -1.500
   0.000  -2.598  -1.500
---------------------------------------------
Coordinates of the fitted metal site and RMSD
---------------------------------------------
   0.000   0.000   0.000   0.000
  -2.980   0.334   0.095   0.347
   2.999  -0.021  -0.086   0.089
   0.001  -0.662   2.926   0.666
  -0.024   2.345  -1.872   0.450
   0.386  -2.677  -1.299   0.443
--------------------
Total RMSD:   0.441
--------------------
