-----------------------------------------------
Coordinates of template with ideal tpv geometry
-----------------------------------------------
   0.000   0.000   0.000
   1.964   1.964  -1.134
  -1.964   0.000   2.268
  -1.964   1.964  -1.134
   1.964   0.000   2.268
  -1.964  -1.964  -1.134
---------------------------------------------
Coordinates of the fitted metal site and RMSD
---------------------------------------------
   0.000   0.000   0.000   0.000
   2.199   0.881  -1.841   1.315
  -2.049  -0.726   2.068   0.757
  -1.768   2.154  -1.110   0.274
   2.174  -0.437   2.021   0.544
  -1.071  -2.486  -1.292   1.046
--------------------
Total RMSD:   0.868
--------------------
