-----------------------------------------------
Coordinates of template with ideal con geometry
-----------------------------------------------
   0.000   0.000   0.000
   0.000  -3.000   0.000
   3.000   0.000   0.000
  -3.000   0.000   0.000
   1.732   1.732   1.732
   0.000   3.000   0.000
   0.000   0.000   3.000
---------------------------------------------
Coordinates of the fitted metal site and RMSD
---------------------------------------------
   0.000   0.000   0.000   0.000
   0.544  -2.696  -1.198   1.350
   2.782   1.023  -0.465   1.144
  -2.678   0.789  -1.097   1.389
   2.046   2.185  -0.207   2.015
   0.858   2.872   0.135   0.878
  -0.668  -0.048   2.924   0.674
--------------------
Total RMSD:   1.313
--------------------
