-----------------------------------------------
Coordinates of template with ideal tpr geometry
-----------------------------------------------
   0.000   0.000   0.000
   1.964  -1.964  -1.134
  -1.964  -1.964  -1.134
   1.964   0.000   2.268
  -1.964   1.964  -1.134
  -1.964   0.000   2.268
   1.964   1.964  -1.134
---------------------------------------------
Coordinates of the fitted metal site and RMSD
---------------------------------------------
   0.000   0.000   0.000   0.000
   1.275  -2.358  -1.346   0.821
  -2.751  -0.607  -1.033   1.572
   1.188   0.033   2.754   0.916
  -2.984   0.305   0.003   2.255
  -2.559   1.185   1.024   1.818
   0.967   2.666  -0.979   1.229
--------------------
Total RMSD:   1.521
--------------------
