-----------------------------------------------
Coordinates of template with ideal ctf geometry
-----------------------------------------------
   0.000   0.000   0.000
  -1.964   0.000   2.268
  -1.964   1.964  -1.134
   1.964   0.000   2.268
   0.000   0.000  -3.000
  -1.964  -1.964  -1.134
   1.964   1.964  -1.134
---------------------------------------------
Coordinates of the fitted metal site and RMSD
---------------------------------------------
   0.000   0.000   0.000   0.000
  -1.213   0.620   2.673   1.055
  -2.125   1.573  -1.417   0.509
   2.200  -1.451   1.433   1.691
   1.165  -0.617  -2.695   1.353
  -1.742  -2.431  -0.241   1.031
   1.660   2.490   0.217   1.481
--------------------
Total RMSD:   1.246
--------------------
