-----------------------------------------------
Coordinates of template with ideal oct geometry
-----------------------------------------------
   0.000   0.000   0.000
   0.000   0.000  -3.000
   0.000   3.000   0.000
   0.000  -3.000   0.000
   0.000   0.000   3.000
   3.000   0.000   0.000
  -3.000   0.000   0.000
---------------------------------------------
Coordinates of the fitted metal site and RMSD
---------------------------------------------
   0.000   0.000   0.000   0.000
  -0.006  -0.030  -3.000   0.031
  -0.024   3.000   0.048   0.054
  -0.119  -2.997  -0.057   0.132
   0.032   0.076   2.999   0.082
   2.998   0.098   0.006   0.098
  -3.000   0.003  -0.031   0.031
--------------------
Total RMSD:   0.080
--------------------
