-----------------------------------------------
Coordinates of template with ideal pva geometry
-----------------------------------------------
   0.000   0.000   0.000
   0.000   2.853   0.927
   3.000   0.000   0.000
   0.000   0.000   3.000
   0.000  -1.763  -2.427
   0.000   1.763  -2.427
   0.000  -2.853   0.927
---------------------------------------------
Coordinates of the fitted metal site and RMSD
---------------------------------------------
   0.000   0.000   0.000   0.000
   0.747   2.130   1.977   1.477
   2.783  -0.046  -1.121   1.142
  -2.740  -0.049   1.220   3.268
  -0.711  -2.110  -2.010   0.894
  -0.700   2.103  -2.021   0.878
   0.801  -2.087   2.001   1.543
--------------------
Total RMSD:   1.738
--------------------
