-----------------------------------------------
Coordinates of template with ideal pva geometry
-----------------------------------------------
   0.000   0.000   0.000
   0.000  -2.853   0.927
   0.000   2.853   0.927
   0.000   1.763  -2.427
   0.000  -1.763  -2.427
   3.000   0.000   0.000
   0.000   0.000   3.000
---------------------------------------------
Coordinates of the fitted metal site and RMSD
---------------------------------------------
   0.000   0.000   0.000   0.000
  -0.752  -2.886   0.328   0.962
   0.751   2.891  -0.285   1.426
  -2.782   0.626  -0.930   3.358
   0.749  -0.605  -2.841   1.440
   2.799  -0.647   0.864   1.098
  -0.780   0.555   2.843   0.971
--------------------
Total RMSD:   1.754
--------------------
