-----------------------------------------------
Coordinates of template with ideal tpr geometry
-----------------------------------------------
   0.000   0.000   0.000
   1.964  -1.964  -1.134
  -1.964   0.000   2.268
  -1.964   1.964  -1.134
   1.964   1.964  -1.134
   1.964   0.000   2.268
  -1.964  -1.964  -1.134
---------------------------------------------
Coordinates of the fitted metal site and RMSD
---------------------------------------------
   0.000   0.000   0.000   0.000
   1.750  -1.209  -2.116   1.257
  -1.768   1.170   2.123   1.195
  -1.706   1.260  -2.122   1.240
   1.756   2.432  -0.054   1.195
   1.752  -1.205   2.116   1.233
  -1.735  -2.447   0.002   1.255
--------------------
Total RMSD:   1.229
--------------------
