-----------------------------------------------
Coordinates of template with ideal cof geometry
-----------------------------------------------
   0.000   0.000   0.000
   0.000   3.000   0.000
   1.732   1.732   1.732
   0.000  -3.000   0.000
  -3.000   0.000   0.000
   3.000   0.000   0.000
   0.000   0.000  -3.000
---------------------------------------------
Coordinates of the fitted metal site and RMSD
---------------------------------------------
   0.000   0.000   0.000   0.000
  -0.022   2.967  -0.442   0.443
   0.498   0.566   2.904   2.063
  -0.036  -2.963   0.468   0.471
  -2.960  -0.030   0.488   0.491
   2.964  -0.055  -0.461   0.466
  -0.439  -0.440  -2.935   0.625
--------------------
Total RMSD:   0.959
--------------------
