-----------------------------------------------
Coordinates of template with ideal pva geometry
-----------------------------------------------
   0.000   0.000   0.000
   0.000   0.000   3.000
   0.000  -2.853   0.927
   0.000   1.763  -2.427
   0.000  -1.763  -2.427
   3.000   0.000   0.000
   0.000   2.853   0.927
---------------------------------------------
Coordinates of the fitted metal site and RMSD
---------------------------------------------
   0.000   0.000   0.000   0.000
  -0.777  -0.576   2.840   0.981
   0.762  -2.892  -0.242   1.396
   0.725   0.547  -2.859   1.481
  -2.770  -0.623  -0.970   3.331
   2.797   0.627   0.884   1.103
  -0.739   2.882   0.382   0.919
--------------------
Total RMSD:   1.744
--------------------
