-----------------------------------------------
Coordinates of template with ideal tpr geometry
-----------------------------------------------
   0.000   0.000   0.000
  -1.964   1.964  -1.134
  -1.964   0.000   2.268
   1.964  -1.964  -1.134
  -1.964  -1.964  -1.134
   1.964   0.000   2.268
   1.964   1.964  -1.134
---------------------------------------------
Coordinates of the fitted metal site and RMSD
---------------------------------------------
   0.000   0.000   0.000   0.000
  -1.746   2.440   0.026   1.272
  -1.776  -1.135   2.135   1.158
   1.700  -2.471  -0.057   1.220
  -1.688  -1.284  -2.122   1.231
   1.731   1.207   2.132   1.236
   1.738   1.265  -2.092   1.207
--------------------
Total RMSD:   1.221
--------------------
