-----------------------------------------------
Coordinates of template with ideal ctf geometry
-----------------------------------------------
   0.000   0.000   0.000
   1.964   1.964  -1.134
   1.964   0.000   2.268
  -1.964   1.964  -1.134
  -1.964  -1.964  -1.134
   0.000   0.000  -3.000
  -1.964   0.000   2.268
---------------------------------------------
Coordinates of the fitted metal site and RMSD
---------------------------------------------
   0.000   0.000   0.000   0.000
   1.482   2.608   0.043   1.425
   2.235  -1.431   1.400   1.695
  -2.041   1.629  -1.477   0.486
  -1.842  -2.362  -0.171   1.049
   1.059  -0.489  -2.764   1.190
  -1.527   0.628   2.505   0.800
--------------------
Total RMSD:   1.176
--------------------
