-----------------------------------------------
Coordinates of template with ideal ctn geometry
-----------------------------------------------
   0.000   0.000   0.000
   1.964   1.964  -1.134
   1.964   0.000   2.268
   0.000   0.000  -3.000
  -1.964  -1.964  -1.134
   1.964  -1.964  -1.134
  -1.964   1.964  -1.134
---------------------------------------------
Coordinates of the fitted metal site and RMSD
---------------------------------------------
   0.000   0.000   0.000   0.000
   2.076   2.083  -0.591   0.567
   0.600   0.063   2.939   1.521
  -0.338   0.048  -2.980   0.342
  -2.215  -2.017   0.163   1.322
   2.026  -2.117  -0.642   0.519
  -2.225   2.007   0.137   1.298
--------------------
Total RMSD:   1.037
--------------------
