-----------------------------------------------
Coordinates of template with ideal spy geometry
-----------------------------------------------
   0.000   0.000   0.000
   0.000  -3.000   0.000
   0.000   0.000   3.000
  -3.000   0.000   0.000
   3.000   0.000   0.000
   0.000   3.000   0.000
---------------------------------------------
Coordinates of the fitted metal site and RMSD
---------------------------------------------
   0.000   0.000   0.000   0.000
  -0.469  -2.716  -1.184   1.305
  -0.282  -0.141   2.983   0.315
  -2.999  -0.035  -0.071   0.079
   2.978  -0.085  -0.353   0.364
  -0.519   2.641  -1.325   1.468
--------------------
Total RMSD:   0.905
--------------------
