-----------------------------------------------
Coordinates of template with ideal tpv geometry
-----------------------------------------------
   0.000   0.000   0.000
  -1.964   1.964  -1.134
  -1.964  -1.964  -1.134
  -1.964   0.000   2.268
   1.964   1.964  -1.134
   1.964   0.000   2.268
---------------------------------------------
Coordinates of the fitted metal site and RMSD
---------------------------------------------
   0.000   0.000   0.000   0.000
  -1.864   2.281  -0.568   0.656
  -1.053  -2.503  -1.276   1.068
  -2.068  -0.466   2.123   0.499
   2.081   0.881  -1.973   1.375
   1.776  -0.300   2.399   0.377
--------------------
Total RMSD:   0.878
--------------------
