-----------------------------------------------
Coordinates of template with ideal cof geometry
-----------------------------------------------
   0.000   0.000   0.000
  -3.000   0.000   0.000
   1.732   1.732   1.732
   0.000   3.000   0.000
   3.000   0.000   0.000
   0.000  -3.000   0.000
   0.000   0.000  -3.000
---------------------------------------------
Coordinates of the fitted metal site and RMSD
---------------------------------------------
   0.000   0.000   0.000   0.000
  -2.946   0.247   0.508   0.568
   0.569   0.880   2.811   1.801
  -0.123   2.948  -0.541   0.557
   2.970   0.153  -0.398   0.427
  -0.208  -2.951   0.500   0.544
  -0.389  -0.074  -2.974   0.397
--------------------
Total RMSD:   0.867
--------------------
