-----------------------------------------------
Coordinates of template with ideal ctf geometry
-----------------------------------------------
   0.000   0.000   0.000
   1.964   1.964  -1.134
   0.000   0.000  -3.000
  -1.964   1.964  -1.134
  -1.964  -1.964  -1.134
   1.964   0.000   2.268
  -1.964   0.000   2.268
---------------------------------------------
Coordinates of the fitted metal site and RMSD
---------------------------------------------
   0.000   0.000   0.000   0.000
   1.563   2.561   0.042   1.378
   0.896  -0.512  -2.817   1.048
  -2.130   1.640  -1.332   0.414
  -1.758  -2.402  -0.373   0.902
   2.264  -1.352   1.430   1.619
  -1.589   0.780   2.422   0.879
--------------------
Total RMSD:   1.109
--------------------
