-----------------------------------------------
Coordinates of template with ideal pva geometry
-----------------------------------------------
   0.000   0.000   0.000
   0.000  -1.763  -2.427
   3.000   0.000   0.000
   0.000  -2.853   0.927
   0.000   2.853   0.927
   0.000   1.763  -2.427
   0.000   0.000   3.000
---------------------------------------------
Coordinates of the fitted metal site and RMSD
---------------------------------------------
   0.000   0.000   0.000   0.000
  -0.616  -2.278  -1.852   0.988
   2.888  -0.116  -0.802   0.818
   0.799  -2.148   1.936   1.468
   0.889   2.021   2.031   1.643
  -0.960   1.910  -2.105   1.024
  -2.600  -0.317   1.463   3.037
--------------------
Total RMSD:   1.672
--------------------
