-----------------------------------------------
Coordinates of template with ideal tpr geometry
-----------------------------------------------
   0.000   0.000   0.000
  -1.964  -1.964  -1.134
  -1.964   0.000   2.268
  -1.964   1.964  -1.134
   1.964   0.000   2.268
   1.964  -1.964  -1.134
   1.964   1.964  -1.134
---------------------------------------------
Coordinates of the fitted metal site and RMSD
---------------------------------------------
   0.000   0.000   0.000   0.000
  -1.875  -1.083  -2.077   1.293
  -1.872  -0.890   2.169   0.901
  -1.765   2.425  -0.064   1.182
   1.554   1.313   2.205   1.377
   1.628  -2.509  -0.228   1.109
   1.501   1.631  -2.021   1.055
--------------------
Total RMSD:   1.163
--------------------
