-----------------------------------------------
Coordinates of template with ideal ctp geometry
-----------------------------------------------
   0.000   0.000   0.000
  -1.964   1.964  -1.134
   0.000   0.000  -3.000
   1.964   1.964  -1.134
   1.964  -1.964  -1.134
   1.964   0.000   2.268
  -1.964  -1.964  -1.134
  -1.964   0.000   2.268
---------------------------------------------
Coordinates of the fitted metal site and RMSD
---------------------------------------------
   0.000   0.000   0.000   0.000
  -1.946   1.701  -1.524   0.471
   1.463  -0.937  -2.446   1.824
   1.916   2.305   0.120   1.301
   1.339  -1.466  -2.249   1.372
   2.343  -0.887   1.650   1.146
  -1.554  -2.551  -0.279   1.115
  -1.546   0.616   2.496   0.779
--------------------
Total RMSD:   1.212
--------------------
