-----------------------------------------------
Coordinates of template with ideal sav geometry
-----------------------------------------------
   0.000   0.000   0.000
  -1.732   1.732  -1.732
   0.000   2.449   1.732
  -2.449   0.000   1.732
   2.449   0.000   1.732
   0.000  -2.449   1.732
   1.732  -1.732  -1.732
  -1.732  -1.732  -1.732
---------------------------------------------
Coordinates of the fitted metal site and RMSD
---------------------------------------------
   0.000   0.000   0.000   0.000
  -0.937   2.305  -1.676   0.982
   1.725   1.687   1.782   1.887
  -2.255   0.484   1.919   0.554
   2.147   1.327   1.622   1.365
   0.120  -2.172   2.066   0.450
   2.527  -0.481  -1.543   1.495
  -1.443  -1.842  -1.877   0.342
--------------------
Total RMSD:   1.149
--------------------
