-----------------------------------------------
Coordinates of template with ideal cof geometry
-----------------------------------------------
   0.000   0.000   0.000
   3.000   0.000   0.000
  -3.000   0.000   0.000
   1.732   1.732   1.732
   0.000   3.000   0.000
   0.000   0.000  -3.000
   0.000  -3.000   0.000
---------------------------------------------
Coordinates of the fitted metal site and RMSD
---------------------------------------------
   0.000   0.000   0.000   0.000
   2.972  -0.061  -0.402   0.408
  -2.971  -0.033   0.417   0.420
   0.626   0.500   2.891   2.021
  -0.033   2.968  -0.433   0.435
  -0.489  -0.552  -2.908   0.743
   0.068  -2.973   0.396   0.403
--------------------
Total RMSD:   0.942
--------------------
