-----------------------------------------------
Coordinates of template with ideal ctn geometry
-----------------------------------------------
   0.000   0.000   0.000
   0.000   0.000  -3.000
   1.964   0.000   2.268
  -1.964   1.964  -1.134
  -1.964  -1.964  -1.134
   1.964  -1.964  -1.134
   1.964   1.964  -1.134
---------------------------------------------
Coordinates of the fitted metal site and RMSD
---------------------------------------------
   0.000   0.000   0.000   0.000
  -0.552   0.089  -2.948   0.561
   0.617  -0.021   2.936   1.503
  -2.131   2.098   0.236   1.386
  -2.119  -2.091   0.369   1.516
   2.143  -2.064  -0.379   0.783
   2.132   2.069  -0.412   0.748
--------------------
Total RMSD:   1.152
--------------------
