-----------------------------------------------
Coordinates of template with ideal oct geometry
-----------------------------------------------
   0.000   0.000   0.000
   0.000   0.000   3.000
   0.000   0.000  -3.000
   3.000   0.000   0.000
   0.000  -3.000   0.000
  -3.000   0.000   0.000
   0.000   3.000   0.000
---------------------------------------------
Coordinates of the fitted metal site and RMSD
---------------------------------------------
   0.000   0.000   0.000   0.000
   0.077   0.052   2.999   0.093
  -0.077   0.043  -2.999   0.088
   2.996  -0.030   0.146   0.149
   0.040  -3.000   0.016   0.043
  -2.999   0.081  -0.008   0.081
  -0.071   2.999   0.025   0.075
--------------------
Total RMSD:   0.094
--------------------
