-----------------------------------------------
Coordinates of template with ideal pvp geometry
-----------------------------------------------
   0.000   0.000   0.000
   0.000  -2.853   0.927
   0.000   1.763  -2.427
   0.000   0.000   3.000
   3.000   0.000   0.000
   0.000  -1.763  -2.427
  -3.000   0.000   0.000
---------------------------------------------
Coordinates of the fitted metal site and RMSD
---------------------------------------------
   0.000   0.000   0.000   0.000
  -0.050  -2.638   1.429   0.548
  -0.044   2.638  -1.428   1.328
   0.024   1.229   2.737   1.257
   3.000   0.008   0.048   0.049
  -0.075  -1.354  -2.676   0.485
  -2.999  -0.058  -0.057   0.081
--------------------
Total RMSD:   0.805
--------------------
