-----------------------------------------------
Coordinates of template with ideal ctf geometry
-----------------------------------------------
   0.000   0.000   0.000
  -1.964   1.964  -1.134
  -1.964   0.000   2.268
  -1.964  -1.964  -1.134
   1.964   0.000   2.268
   1.964   1.964  -1.134
   0.000   0.000  -3.000
---------------------------------------------
Coordinates of the fitted metal site and RMSD
---------------------------------------------
   0.000   0.000   0.000   0.000
  -2.141   1.575  -1.391   0.499
  -1.250   0.621   2.655   1.023
  -1.655  -2.494  -0.209   1.110
   2.168  -1.549   1.379   1.798
   1.700   2.466   0.166   1.418
   1.165  -0.621  -2.694   1.355
--------------------
Total RMSD:   1.265
--------------------
