-----------------------------------------------
Coordinates of template with ideal ctn geometry
-----------------------------------------------
   0.000   0.000   0.000
   1.964  -1.964  -1.134
   1.964   0.000   2.268
   1.964   1.964  -1.134
  -1.964   1.964  -1.134
  -1.964  -1.964  -1.134
   0.000   0.000  -3.000
---------------------------------------------
Coordinates of the fitted metal site and RMSD
---------------------------------------------
   0.000   0.000   0.000   0.000
   2.070  -2.133  -0.404   0.757
   0.559   0.003   2.947   1.561
   2.072   2.131  -0.407   0.754
  -2.098   2.108   0.393   1.539
  -2.102  -2.112   0.349   1.496
  -0.469  -0.023  -2.963   0.471
--------------------
Total RMSD:   1.184
--------------------
