-----------------------------------------------
Coordinates of template with ideal oct geometry
-----------------------------------------------
   0.000   0.000   0.000
   0.000   0.000  -3.000
   3.000   0.000   0.000
   0.000   3.000   0.000
   0.000   0.000   3.000
   0.000  -3.000   0.000
  -3.000   0.000   0.000
---------------------------------------------
Coordinates of the fitted metal site and RMSD
---------------------------------------------
   0.000   0.000   0.000   0.000
  -0.030  -0.018  -3.000   0.035
   3.000   0.022  -0.017   0.028
  -0.034   3.000   0.014   0.037
   0.014  -0.018   3.000   0.023
  -0.029  -3.000   0.014   0.032
  -2.999   0.028  -0.062   0.068
--------------------
Total RMSD:   0.040
--------------------
