-----------------------------------------------
Coordinates of template with ideal tpv geometry
-----------------------------------------------
   0.000   0.000   0.000
  -1.964   1.964  -1.134
  -1.964   0.000   2.268
   1.964   1.964  -1.134
  -1.964  -1.964  -1.134
   1.964   0.000   2.268
---------------------------------------------
Coordinates of the fitted metal site and RMSD
---------------------------------------------
   0.000   0.000   0.000   0.000
  -2.042   1.571  -1.537   0.569
  -2.030  -0.507   2.150   0.525
   2.096   0.768  -2.004   1.485
  -0.781  -2.496  -1.470   1.340
   2.102  -1.366   1.649   1.506
--------------------
Total RMSD:   1.172
--------------------
