-----------------------------------------------
Coordinates of template with ideal con geometry
-----------------------------------------------
   0.000   0.000   0.000
   0.000   0.000   3.000
   3.000   0.000   0.000
   1.732   1.732   1.732
   0.000   3.000   0.000
   0.000  -3.000   0.000
  -3.000   0.000   0.000
---------------------------------------------
Coordinates of the fitted metal site and RMSD
---------------------------------------------
   0.000   0.000   0.000   0.000
  -1.743   1.349   2.036   2.405
   2.595  -0.389  -1.455   1.560
   1.650   2.419   0.653   1.282
   0.496   2.612   1.389   1.525
  -1.373  -2.481  -0.979   1.764
  -2.372  -1.813  -0.288   1.940
--------------------
Total RMSD:   1.783
--------------------
