-----------------------------------------------
Coordinates of template with ideal ctn geometry
-----------------------------------------------
   0.000   0.000   0.000
  -1.964  -1.964  -1.134
   1.964   1.964  -1.134
  -1.964   1.964  -1.134
   0.000   0.000  -3.000
   1.964   0.000   2.268
   1.964  -1.964  -1.134
---------------------------------------------
Coordinates of the fitted metal site and RMSD
---------------------------------------------
   0.000   0.000   0.000   0.000
  -1.909  -2.103  -0.965   0.226
   0.893   2.845   0.332   2.018
  -1.700   1.594  -1.890   0.883
  -2.186   0.307  -2.032   2.411
   1.960  -1.248   1.898   1.302
   1.338  -2.342   1.313   2.554
--------------------
Total RMSD:   1.776
--------------------
