-----------------------------------------------
Coordinates of template with ideal oct geometry
-----------------------------------------------
   0.000   0.000   0.000
  -3.000   0.000   0.000
   3.000   0.000   0.000
   0.000   3.000   0.000
   0.000   0.000  -3.000
   0.000   0.000   3.000
   0.000  -3.000   0.000
---------------------------------------------
Coordinates of the fitted metal site and RMSD
---------------------------------------------
   0.000   0.000   0.000   0.000
  -2.808   0.000  -1.057   1.074
   2.746   1.175   0.283   1.235
   0.193   2.096  -2.138   2.329
  -1.101   1.629  -2.266   2.099
   0.238  -2.073   2.156   2.251
  -0.981  -2.365   1.564   1.953
--------------------
Total RMSD:   1.888
--------------------
