-----------------------------------------------
Coordinates of template with ideal con geometry
-----------------------------------------------
   0.000   0.000   0.000
   3.000   0.000   0.000
   0.000  -3.000   0.000
   0.000   3.000   0.000
   1.732   1.732   1.732
   0.000   0.000   3.000
  -3.000   0.000   0.000
---------------------------------------------
Coordinates of the fitted metal site and RMSD
---------------------------------------------
   0.000   0.000   0.000   0.000
   2.971  -0.330  -0.255   0.418
  -0.523  -2.536  -1.515   1.669
  -0.064   1.606  -2.533   2.892
   0.542   2.501   1.565   1.427
   0.036  -1.559   2.563   1.619
  -2.965   0.342   0.299   0.455
--------------------
Total RMSD:   1.643
--------------------
