-----------------------------------------------
Coordinates of template with ideal oct geometry
-----------------------------------------------
   0.000   0.000   0.000
   0.000   0.000   3.000
   0.000   3.000   0.000
  -3.000   0.000   0.000
   0.000  -3.000   0.000
   3.000   0.000   0.000
   0.000   0.000  -3.000
---------------------------------------------
Coordinates of the fitted metal site and RMSD
---------------------------------------------
   0.000   0.000   0.000   0.000
   0.011  -0.068   2.999   0.069
   0.036   2.999  -0.042   0.056
  -3.000  -0.031  -0.014   0.034
   0.025  -2.999   0.060   0.065
   3.000  -0.020  -0.022   0.030
   0.020   0.035  -3.000   0.040
--------------------
Total RMSD:   0.051
--------------------
