-----------------------------------------------
Coordinates of template with ideal pva geometry
-----------------------------------------------
   0.000   0.000   0.000
   0.000   1.763  -2.427
   0.000  -1.763  -2.427
   0.000   0.000   3.000
   0.000   2.853   0.927
   3.000   0.000   0.000
   0.000  -2.853   0.927
---------------------------------------------
Coordinates of the fitted metal site and RMSD
---------------------------------------------
   0.000   0.000   0.000   0.000
  -0.752   2.171  -1.929   0.990
  -0.741  -2.149  -1.958   0.958
  -2.776   0.014   1.136   3.344
   0.793   2.161   1.924   1.449
   2.799  -0.004  -1.080   1.098
   0.790  -2.148   1.940   1.465
--------------------
Total RMSD:   1.757
--------------------
