-----------------------------------------------
Coordinates of template with ideal tpr geometry
-----------------------------------------------
   0.000   0.000   0.000
   1.964  -1.964  -1.134
  -1.964  -1.964  -1.134
   1.964   1.964  -1.134
   1.964   0.000   2.268
  -1.964   0.000   2.268
  -1.964   1.964  -1.134
---------------------------------------------
Coordinates of the fitted metal site and RMSD
---------------------------------------------
   0.000   0.000   0.000   0.000
   1.768  -2.423   0.052   1.287
  -1.778  -1.206  -2.094   1.237
   1.737   1.252  -2.101   1.223
   1.753   1.167   2.136   1.193
  -1.729  -1.202   2.137   1.232
  -1.767   2.424  -0.007   1.233
--------------------
Total RMSD:   1.234
--------------------
