-----------------------------------------------
Coordinates of template with ideal pvp geometry
-----------------------------------------------
   0.000   0.000   0.000
   0.000  -2.853   0.927
  -3.000   0.000   0.000
   0.000   1.763  -2.427
   0.000  -1.763  -2.427
   0.000   0.000   3.000
   3.000   0.000   0.000
---------------------------------------------
Coordinates of the fitted metal site and RMSD
---------------------------------------------
   0.000   0.000   0.000   0.000
  -0.076  -2.734   1.232   0.336
  -2.993  -0.182   0.078   0.198
  -0.029   2.574  -1.541   1.201
  -0.009  -1.474  -2.613   0.345
  -0.025   1.194   2.752   1.219
   2.997  -0.121   0.060   0.135
--------------------
Total RMSD:   0.732
--------------------
