-----------------------------------------------
Coordinates of template with ideal tpr geometry
-----------------------------------------------
   0.000   0.000   0.000
  -1.964   0.000   2.268
  -1.964  -1.964  -1.134
   1.964  -1.964  -1.134
   1.964   0.000   2.268
  -1.964   1.964  -1.134
   1.964   1.964  -1.134
---------------------------------------------
Coordinates of the fitted metal site and RMSD
---------------------------------------------
   0.000   0.000   0.000   0.000
  -1.695   1.128   2.203   1.162
  -1.859  -2.350   0.148   1.343
   1.830  -1.356  -1.953   1.029
   1.626  -1.184   2.226   1.232
  -1.825   1.286  -2.004   1.112
   1.677   2.486   0.097   1.367
--------------------
Total RMSD:   1.213
--------------------
