-----------------------------------------------
Coordinates of template with ideal pva geometry
-----------------------------------------------
   0.000   0.000   0.000
   0.000  -2.853   0.927
   0.000   0.000   3.000
   0.000   1.763  -2.427
   0.000  -1.763  -2.427
   0.000   2.853   0.927
   3.000   0.000   0.000
---------------------------------------------
Coordinates of the fitted metal site and RMSD
---------------------------------------------
   0.000   0.000   0.000   0.000
  -0.787  -2.857   0.466   0.912
  -0.827   0.467   2.846   0.962
  -2.676   0.823  -1.078   3.141
   0.665  -0.677  -2.846   1.341
   0.893   2.852  -0.261   1.486
   2.859  -0.367   0.832   0.921
--------------------
Total RMSD:   1.657
--------------------
