-----------------------------------------------
Coordinates of template with ideal pvp geometry
-----------------------------------------------
   0.000   0.000   0.000
   0.000   0.000   3.000
   3.000   0.000   0.000
   0.000   1.763  -2.427
  -3.000   0.000   0.000
   0.000  -1.763  -2.427
   0.000  -2.853   0.927
---------------------------------------------
Coordinates of the fitted metal site and RMSD
---------------------------------------------
   0.000   0.000   0.000   0.000
   0.072   1.334   2.686   1.372
   2.997   0.058   0.132   0.144
  -0.139   2.565  -1.549   1.197
  -2.996   0.146   0.038   0.151
   0.092  -1.477  -2.610   0.352
  -0.050  -2.796   1.087   0.177
--------------------
Total RMSD:   0.765
--------------------
