-----------------------------------------------
Coordinates of template with ideal tpv geometry
-----------------------------------------------
   0.000   0.000   0.000
   1.964   0.000   2.268
  -1.964   0.000   2.268
  -1.964  -1.964  -1.134
   1.964   1.964  -1.134
  -1.964   1.964  -1.134
---------------------------------------------
Coordinates of the fitted metal site and RMSD
---------------------------------------------
   0.000   0.000   0.000   0.000
   2.112  -1.016   1.873   1.100
  -1.912  -0.317   2.290   0.322
  -0.773  -2.532  -1.411   1.348
   2.147   1.048  -1.814   1.155
  -1.910   1.872  -1.360   0.250
--------------------
Total RMSD:   0.952
--------------------
