-----------------------------------------------
Coordinates of template with ideal con geometry
-----------------------------------------------
   0.000   0.000   0.000
   1.732   1.732   1.732
   0.000  -3.000   0.000
   3.000   0.000   0.000
   0.000   0.000   3.000
  -3.000   0.000   0.000
   0.000   3.000   0.000
---------------------------------------------
Coordinates of the fitted metal site and RMSD
---------------------------------------------
   0.000   0.000   0.000   0.000
   2.419   0.565   1.682   1.355
   0.098  -2.991   0.215   0.236
   2.345  -0.023  -1.870   1.982
  -0.935   0.060   2.850   0.949
  -2.632  -0.472  -1.361   1.487
  -0.523   2.931  -0.370   0.645
--------------------
Total RMSD:   1.248
--------------------
