-----------------------------------------------
Coordinates of template with ideal tpr geometry
-----------------------------------------------
   0.000   0.000   0.000
  -1.964   0.000   2.268
   1.964   1.964  -1.134
  -1.964   1.964  -1.134
   1.964   0.000   2.268
   1.964  -1.964  -1.134
  -1.964  -1.964  -1.134
---------------------------------------------
Coordinates of the fitted metal site and RMSD
---------------------------------------------
   0.000   0.000   0.000   0.000
  -1.659   1.172   2.208   1.213
   1.974   2.250  -0.206   0.971
  -2.102   1.676  -1.331   0.375
   1.329  -0.778   2.574   1.050
   1.827  -1.396  -1.927   0.985
  -1.673  -2.490  -0.041   1.247
--------------------
Total RMSD:   1.015
--------------------
