-----------------------------------------------
Coordinates of template with ideal cof geometry
-----------------------------------------------
   0.000   0.000   0.000
   0.000  -3.000   0.000
   1.732   1.732   1.732
   0.000   0.000  -3.000
  -3.000   0.000   0.000
   3.000   0.000   0.000
   0.000   3.000   0.000
---------------------------------------------
Coordinates of the fitted metal site and RMSD
---------------------------------------------
   0.000   0.000   0.000   0.000
   0.036  -2.964   0.460   0.462
   0.620   0.535   2.886   2.000
  -0.463  -0.527  -2.917   0.706
  -2.974   0.021   0.394   0.396
   2.966   0.011  -0.452   0.453
  -0.023   2.977  -0.371   0.373
--------------------
Total RMSD:   0.932
--------------------
