-----------------------------------------------
Coordinates of template with ideal ctn geometry
-----------------------------------------------
   0.000   0.000   0.000
  -1.964   1.964  -1.134
  -1.964  -1.964  -1.134
   1.964   1.964  -1.134
   1.964   0.000   2.268
   0.000   0.000  -3.000
   1.964  -1.964  -1.134
---------------------------------------------
Coordinates of the fitted metal site and RMSD
---------------------------------------------
   0.000   0.000   0.000   0.000
  -2.072   2.134   0.391   1.538
  -2.069  -2.161   0.224   1.376
   2.050   2.156  -0.383   0.780
   0.602   0.050   2.939   1.519
  -0.537  -0.043  -2.951   0.541
   2.008  -2.196  -0.378   0.792
--------------------
Total RMSD:   1.162
--------------------
