-----------------------------------------------
Coordinates of template with ideal oct geometry
-----------------------------------------------
   0.000   0.000   0.000
   0.000   0.000  -3.000
   0.000  -3.000   0.000
   0.000   3.000   0.000
  -3.000   0.000   0.000
   3.000   0.000   0.000
   0.000   0.000   3.000
---------------------------------------------
Coordinates of the fitted metal site and RMSD
---------------------------------------------
   0.000   0.000   0.000   0.000
  -0.012   0.014  -3.000   0.019
   0.143  -2.996   0.064   0.157
   0.017   2.999  -0.054   0.056
  -2.999   0.089   0.009   0.089
   3.000  -0.037   0.032   0.049
   0.011  -0.104   2.998   0.105
--------------------
Total RMSD:   0.091
--------------------
