-----------------------------------------------
Coordinates of template with ideal pva geometry
-----------------------------------------------
   0.000   0.000   0.000
   3.000   0.000   0.000
   0.000  -2.853   0.927
   0.000   2.853   0.927
   0.000   1.763  -2.427
   0.000   0.000   3.000
   0.000  -1.763  -2.427
---------------------------------------------
Coordinates of the fitted metal site and RMSD
---------------------------------------------
   0.000   0.000   0.000   0.000
   2.792   0.677   0.863   1.116
   0.697  -2.907  -0.249   1.368
  -0.748   2.878   0.398   0.916
   0.722   0.655  -2.837   1.385
  -0.775  -0.615   2.832   1.003
  -2.766  -0.762  -0.875   3.326
--------------------
Total RMSD:   1.729
--------------------
