-----------------------------------------------
Coordinates of template with ideal pvp geometry
-----------------------------------------------
   0.000   0.000   0.000
   3.000   0.000   0.000
   0.000   1.763  -2.427
   0.000  -2.853   0.927
   0.000   0.000   3.000
   0.000  -1.763  -2.427
  -3.000   0.000   0.000
---------------------------------------------
Coordinates of the fitted metal site and RMSD
---------------------------------------------
   0.000   0.000   0.000   0.000
   3.000   0.000   0.020   0.020
  -0.069   2.604  -1.488   1.262
   0.059  -2.680   1.347   0.459
  -0.015   1.283   2.712   1.315
  -0.026  -1.330  -2.689   0.507
  -2.998   0.081  -0.060   0.101
--------------------
Total RMSD:   0.796
--------------------
