-----------------------------------------------
Coordinates of template with ideal tbp geometry
-----------------------------------------------
   0.000   0.000   0.000
   3.000   0.000   0.000
   0.000  -2.598  -1.500
   0.000   0.000   3.000
  -3.000   0.000   0.000
   0.000   2.598  -1.500
---------------------------------------------
Coordinates of the fitted metal site and RMSD
---------------------------------------------
   0.000   0.000   0.000   0.000
   2.987  -0.223   0.165   0.278
  -0.015  -1.884  -2.334   1.098
  -0.014   1.190   2.754   1.215
  -2.983  -0.256   0.183   0.315
   0.023   2.651  -1.404   0.113
--------------------
Total RMSD:   0.758
--------------------
