-----------------------------------------------
Coordinates of template with ideal tpv geometry
-----------------------------------------------
   0.000   0.000   0.000
  -1.964   1.964  -1.134
   1.964   1.964  -1.134
  -1.964   0.000   2.268
   1.964   0.000   2.268
  -1.964  -1.964  -1.134
---------------------------------------------
Coordinates of the fitted metal site and RMSD
---------------------------------------------
   0.000   0.000   0.000   0.000
  -2.006   1.704  -1.440   0.403
   2.162   0.997  -1.825   1.205
  -1.964  -0.330   2.244   0.331
   2.098  -1.218   1.765   1.324
  -0.791  -2.542  -1.384   1.331
--------------------
Total RMSD:   1.025
--------------------
