-----------------------------------------------
Coordinates of template with ideal con geometry
-----------------------------------------------
   0.000   0.000   0.000
   0.000  -3.000   0.000
   0.000   3.000   0.000
   3.000   0.000   0.000
   0.000   0.000   3.000
   1.732   1.732   1.732
  -3.000   0.000   0.000
---------------------------------------------
Coordinates of the fitted metal site and RMSD
---------------------------------------------
   0.000   0.000   0.000   0.000
  -0.439  -2.607  -1.419   1.536
  -0.157   1.769  -2.418   2.718
   2.996  -0.131  -0.071   0.149
   0.186  -1.407   2.643   1.464
   0.684   2.388   1.681   1.237
  -2.928   0.572   0.319   0.659
--------------------
Total RMSD:   1.521
--------------------
