-----------------------------------------------
Coordinates of template with ideal ctf geometry
-----------------------------------------------
   0.000   0.000   0.000
   1.964   0.000   2.268
  -1.964  -1.964  -1.134
   0.000   0.000  -3.000
   1.964   1.964  -1.134
  -1.964   1.964  -1.134
  -1.964   0.000   2.268
---------------------------------------------
Coordinates of the fitted metal site and RMSD
---------------------------------------------
   0.000   0.000   0.000   0.000
   2.272  -1.385   1.385   1.671
  -1.823  -2.375  -0.188   1.041
   1.075  -0.381  -2.775   1.163
   1.498   2.599   0.024   1.400
  -1.977   1.619  -1.572   0.557
  -1.461   0.625   2.545   0.849
--------------------
Total RMSD:   1.170
--------------------
