-----------------------------------------------
Coordinates of template with ideal pva geometry
-----------------------------------------------
   0.000   0.000   0.000
   0.000  -1.763  -2.427
   0.000   0.000   3.000
   0.000   1.763  -2.427
   3.000   0.000   0.000
   0.000   2.853   0.927
   0.000  -2.853   0.927
---------------------------------------------
Coordinates of the fitted metal site and RMSD
---------------------------------------------
   0.000   0.000   0.000   0.000
  -0.692  -2.067  -2.062   0.840
  -2.667   0.064   1.372   3.126
  -0.636   2.364  -1.734   1.116
   2.797   0.205  -1.066   1.104
   0.943   2.234   1.767   1.406
   0.762  -2.017   2.086   1.620
--------------------
Total RMSD:   1.710
--------------------
