-----------------------------------------------
Coordinates of template with ideal tpr geometry
-----------------------------------------------
   0.000   0.000   0.000
   1.964   0.000   2.268
  -1.964   1.964  -1.134
  -1.964   0.000   2.268
   1.964  -1.964  -1.134
  -1.964  -1.964  -1.134
   1.964   1.964  -1.134
---------------------------------------------
Coordinates of the fitted metal site and RMSD
---------------------------------------------
   0.000   0.000   0.000   0.000
   1.814   1.019   2.162   1.035
  -1.746   2.432  -0.196   1.070
  -1.886  -1.423   1.849   1.485
   1.522  -2.582  -0.135   1.255
  -1.755  -1.399  -1.991   1.048
   1.585   1.246  -2.222   1.357
--------------------
Total RMSD:   1.221
--------------------
