-----------------------------------------------
Coordinates of template with ideal spy geometry
-----------------------------------------------
   0.000   0.000   0.000
   0.000  -3.000   0.000
   0.000   0.000   3.000
  -3.000   0.000   0.000
   3.000   0.000   0.000
   0.000   3.000   0.000
---------------------------------------------
Coordinates of the fitted metal site and RMSD
---------------------------------------------
   0.000   0.000   0.000   0.000
   1.908  -2.292  -0.322   2.060
  -0.012   0.655   2.928   0.659
  -2.956  -0.133   0.494   0.514
   2.625  -1.370   0.482   1.500
   0.671   2.905   0.333   0.755
--------------------
Total RMSD:   1.246
--------------------
