-----------------------------------------------
Coordinates of template with ideal spy geometry
-----------------------------------------------
   0.000   0.000   0.000
   3.000   0.000   0.000
   0.000   3.000   0.000
   0.000   0.000   3.000
  -3.000   0.000   0.000
   0.000  -3.000   0.000
---------------------------------------------
Coordinates of the fitted metal site and RMSD
---------------------------------------------
   0.000   0.000   0.000   0.000
   2.994   0.185  -0.031   0.187
   0.255   2.978  -0.258   0.363
  -0.168   0.072   2.994   0.182
  -2.995  -0.093   0.136   0.165
  -0.023  -2.982  -0.330   0.331
--------------------
Total RMSD:   0.260
--------------------
