-----------------------------------------------
Coordinates of template with ideal tbp geometry
-----------------------------------------------
   0.000   0.000   0.000
   3.000   0.000   0.000
   0.000   2.598  -1.500
   0.000   0.000   3.000
  -3.000   0.000   0.000
   0.000  -2.598  -1.500
---------------------------------------------
Coordinates of the fitted metal site and RMSD
---------------------------------------------
   0.000   0.000   0.000   0.000
   2.994   0.175  -0.068   0.188
   0.261   2.978  -0.256   1.327
  -0.130   0.067   2.996   0.146
  -2.994  -0.083   0.174   0.193
  -0.037  -2.981  -0.335   1.227
--------------------
Total RMSD:   0.820
--------------------
