-----------------------------------------------
Coordinates of template with ideal tpv geometry
-----------------------------------------------
   0.000   0.000   0.000
  -1.964   1.964  -1.134
  -1.964  -1.964  -1.134
  -1.964   0.000   2.268
   1.964   0.000   2.268
   1.964   1.964  -1.134
---------------------------------------------
Coordinates of the fitted metal site and RMSD
---------------------------------------------
   0.000   0.000   0.000   0.000
  -2.039   1.263  -1.802   0.971
  -1.686  -2.425  -0.525   0.813
  -1.476   0.732   2.507   0.912
   1.935  -1.309   1.882   1.365
   1.841   2.367  -0.085   1.131
--------------------
Total RMSD:   1.056
--------------------
