-----------------------------------------------
Coordinates of template with ideal coc geometry
-----------------------------------------------
   0.000   0.000   0.000
   0.000  -3.000   0.000
   0.000   0.000   3.000
   1.732   1.732   1.732
  -3.000   0.000   0.000
   0.000   0.000  -3.000
   0.000   3.000   0.000
   3.000   0.000   0.000
---------------------------------------------
Coordinates of the fitted metal site and RMSD
---------------------------------------------
   0.000   0.000   0.000   0.000
   0.519  -2.908   0.524   0.744
  -0.933  -0.180   2.845   0.963
   2.102   2.071   0.541   1.292
  -2.965   0.459  -0.012   0.460
  -0.354   0.101  -2.977   0.369
   0.947   2.614   1.126   1.521
   2.844   0.905   0.310   0.969
--------------------
Total RMSD:   0.982
--------------------
