-----------------------------------------------
Coordinates of template with ideal hva geometry
-----------------------------------------------
   0.000   0.000   0.000
   0.000   0.000   3.000
   3.000   0.000   0.000
   0.000  -2.598  -1.500
   0.000   2.598  -1.500
   0.000   2.598   1.500
   0.000   0.000  -3.000
   0.000  -2.598   1.500
---------------------------------------------
Coordinates of the fitted metal site and RMSD
---------------------------------------------
   0.000   0.000   0.000   0.000
   1.121  -0.163   2.778   1.155
   2.926  -0.173  -0.640   0.667
  -0.750  -2.478  -1.516   0.760
   0.798   2.629  -1.205   0.851
  -2.617   1.410   0.405   3.075
  -0.006  -1.736  -2.446   1.822
  -0.869  -2.866  -0.174   1.905
--------------------
Total RMSD:   1.669
--------------------
