-----------------------------------------------
Coordinates of template with ideal hvp geometry
-----------------------------------------------
   0.000   0.000   0.000
   0.000   2.598  -1.500
  -3.000   0.000   0.000
   0.000  -2.598  -1.500
   0.000   0.000   3.000
   3.000   0.000   0.000
   0.000  -2.598   1.500
   0.000   0.000  -3.000
---------------------------------------------
Coordinates of the fitted metal site and RMSD
---------------------------------------------
   0.000   0.000   0.000   0.000
  -0.737   2.610  -1.282   0.769
  -2.918   0.101   0.689   0.701
  -0.177  -2.579  -1.523   0.179
  -0.194   0.305   2.978   0.362
   2.935   0.313   0.539   0.627
  -0.805  -2.874  -0.303   1.993
   0.010  -1.618  -2.526   1.686
--------------------
Total RMSD:   1.099
--------------------
