-----------------------------------------------
Coordinates of template with ideal pbp geometry
-----------------------------------------------
   0.000   0.000   0.000
  -3.000   0.000   0.000
   0.000  -2.853   0.927
   0.000  -1.763  -2.427
   0.000   0.000   3.000
   0.000   2.853   0.927
   3.000   0.000   0.000
   0.000   1.763  -2.427
---------------------------------------------
Coordinates of the fitted metal site and RMSD
---------------------------------------------
   0.000   0.000   0.000   0.000
  -2.951  -0.480  -0.249   0.543
  -0.090  -2.942   0.581   0.368
   1.817  -0.254  -2.374   2.363
   0.792  -0.358   2.871   0.878
   0.158   2.910   0.713   0.272
   2.484  -0.975  -1.371   1.760
   0.575   0.059  -2.944   1.872
--------------------
Total RMSD:   1.387
--------------------
