-----------------------------------------------
Coordinates of template with ideal sav geometry
-----------------------------------------------
   0.000   0.000   0.000
   0.000  -2.449   1.732
  -1.732  -1.732  -1.732
   0.000   2.449   1.732
   1.732  -1.732  -1.732
   2.449   0.000   1.732
  -1.732   1.732  -1.732
  -2.449   0.000   1.732
---------------------------------------------
Coordinates of the fitted metal site and RMSD
---------------------------------------------
   0.000   0.000   0.000   0.000
  -0.622  -2.567   1.423   0.705
  -1.801  -1.284  -2.027   0.541
  -1.714   2.434   0.374   2.187
   1.680  -0.620  -2.407   1.302
   2.644   0.801   1.168   0.999
  -1.557   2.353  -1.019   0.962
  -1.904   1.713   1.561   1.806
--------------------
Total RMSD:   1.334
--------------------
