-----------------------------------------------
Coordinates of template with ideal cof geometry
-----------------------------------------------
   0.000   0.000   0.000
  -3.000   0.000   0.000
   0.000   3.000   0.000
   0.000  -3.000   0.000
   3.000   0.000   0.000
   0.000   0.000  -3.000
   1.732   1.732   1.732
---------------------------------------------
Coordinates of the fitted metal site and RMSD
---------------------------------------------
   0.000   0.000   0.000   0.000
  -2.970   0.108   0.412   0.427
  -0.122   2.959  -0.478   0.495
   0.060  -2.973   0.395   0.401
   2.972  -0.069  -0.403   0.410
  -0.535  -0.483  -2.912   0.726
   0.557   0.547   2.897   2.035
--------------------
Total RMSD:   0.951
--------------------
