-----------------------------------------------
Coordinates of template with ideal con geometry
-----------------------------------------------
   0.000   0.000   0.000
   3.000   0.000   0.000
   1.732   1.732   1.732
   0.000  -3.000   0.000
  -3.000   0.000   0.000
   0.000   0.000   3.000
   0.000   3.000   0.000
---------------------------------------------
Coordinates of the fitted metal site and RMSD
---------------------------------------------
   0.000   0.000   0.000   0.000
   2.972  -0.345  -0.221   0.410
   0.569   2.506   1.548   1.409
  -0.520  -2.561  -1.474   1.623
  -2.967   0.384   0.227   0.447
   0.118  -1.586   2.544   1.654
  -0.130   1.644  -2.506   2.853
--------------------
Total RMSD:   1.626
--------------------
