-----------------------------------------------
Coordinates of template with ideal ctf geometry
-----------------------------------------------
   0.000   0.000   0.000
  -1.964   1.964  -1.134
   0.000   0.000  -3.000
  -1.964   0.000   2.268
   1.964   0.000   2.268
  -1.964  -1.964  -1.134
   1.964   1.964  -1.134
---------------------------------------------
Coordinates of the fitted metal site and RMSD
---------------------------------------------
   0.000   0.000   0.000   0.000
  -2.161   1.506  -1.435   0.583
   1.158  -0.592  -2.703   1.334
  -1.245   0.540   2.676   0.988
   2.186  -1.501   1.404   1.746
  -1.721  -2.448  -0.212   1.069
   1.764   2.421   0.164   1.391
--------------------
Total RMSD:   1.240
--------------------
