-----------------------------------------------
Coordinates of template with ideal ctn geometry
-----------------------------------------------
   0.000   0.000   0.000
  -1.964   1.964  -1.134
   1.964   1.964  -1.134
  -1.964  -1.964  -1.134
   1.964  -1.964  -1.134
   0.000   0.000  -3.000
   1.964   0.000   2.268
---------------------------------------------
Coordinates of the fitted metal site and RMSD
---------------------------------------------
   0.000   0.000   0.000   0.000
  -2.041   2.177   0.309   1.461
   2.027   2.178  -0.387   0.780
  -2.077  -2.144   0.301   1.451
   2.070  -2.151  -0.298   0.863
  -0.579   0.030  -2.943   0.582
   0.641   0.000   2.931   1.480
--------------------
Total RMSD:   1.163
--------------------
