-----------------------------------------------
Coordinates of template with ideal ctf geometry
-----------------------------------------------
   0.000   0.000   0.000
  -1.964   0.000   2.268
   1.964   0.000   2.268
   1.964   1.964  -1.134
   0.000   0.000  -3.000
  -1.964  -1.964  -1.134
  -1.964   1.964  -1.134
---------------------------------------------
Coordinates of the fitted metal site and RMSD
---------------------------------------------
   0.000   0.000   0.000   0.000
  -1.242   0.648   2.653   1.044
   2.190  -1.535   1.360   1.798
   1.700   2.471   0.064   1.328
   1.202  -0.668  -2.666   1.415
  -1.643  -2.484  -0.363   0.984
  -2.162   1.590  -1.341   0.471
--------------------
Total RMSD:   1.243
--------------------
