-----------------------------------------------
Coordinates of template with ideal pva geometry
-----------------------------------------------
   0.000   0.000   0.000
   0.000   1.763  -2.427
   0.000   2.853   0.927
   3.000   0.000   0.000
   0.000   0.000   3.000
   0.000  -2.853   0.927
   0.000  -1.763  -2.427
---------------------------------------------
Coordinates of the fitted metal site and RMSD
---------------------------------------------
   0.000   0.000   0.000   0.000
  -0.798   1.216  -2.624   0.988
  -0.724   2.533   1.435   0.941
   2.824   0.973  -0.279   1.027
   0.768  -1.251   2.616   1.517
  -2.720  -1.166   0.490   3.231
   0.777  -2.504  -1.458   1.447
--------------------
Total RMSD:   1.720
--------------------
