-----------------------------------------------
Coordinates of template with ideal pvp geometry
-----------------------------------------------
   0.000   0.000   0.000
   0.000   1.763  -2.427
   3.000   0.000   0.000
   0.000  -1.763  -2.427
   0.000  -2.853   0.927
   0.000   0.000   3.000
  -3.000   0.000   0.000
---------------------------------------------
Coordinates of the fitted metal site and RMSD
---------------------------------------------
   0.000   0.000   0.000   0.000
  -0.037   2.672  -1.364   1.398
   3.000  -0.015  -0.032   0.035
  -0.029  -1.464  -2.618   0.356
   0.012  -2.654   1.400   0.513
  -0.058   1.203   2.748   1.230
  -3.000   0.002  -0.031   0.031
--------------------
Total RMSD:   0.802
--------------------
