-----------------------------------------------
Coordinates of template with ideal ctn geometry
-----------------------------------------------
   0.000   0.000   0.000
   0.000   0.000  -3.000
  -1.964  -1.964  -1.134
  -1.964   1.964  -1.134
   1.964  -1.964  -1.134
   1.964   1.964  -1.134
   1.964   0.000   2.268
---------------------------------------------
Coordinates of the fitted metal site and RMSD
---------------------------------------------
   0.000   0.000   0.000   0.000
  -0.534   0.066  -2.951   0.540
  -2.081  -2.143   0.272   1.422
  -2.124   2.096   0.308   1.457
   2.043  -2.157  -0.414   0.750
   2.107   2.090  -0.438   0.721
   0.575   0.040   2.944   1.545
--------------------
Total RMSD:   1.148
--------------------
