-----------------------------------------------
Coordinates of template with ideal pvp geometry
-----------------------------------------------
   0.000   0.000   0.000
   0.000  -1.763  -2.427
   0.000   1.763  -2.427
   3.000   0.000   0.000
  -3.000   0.000   0.000
   0.000  -2.853   0.927
   0.000   0.000   3.000
---------------------------------------------
Coordinates of the fitted metal site and RMSD
---------------------------------------------
   0.000   0.000   0.000   0.000
   0.049  -1.396  -2.655   0.435
  -0.039   2.628  -1.446   1.309
   2.999   0.004  -0.084   0.084
  -2.999   0.020  -0.061   0.065
  -0.037  -2.701   1.304   0.408
  -0.003   1.303   2.702   1.336
--------------------
Total RMSD:   0.803
--------------------
