-----------------------------------------------
Coordinates of template with ideal hvp geometry
-----------------------------------------------
   0.000   0.000   0.000
   0.000   2.598  -1.500
   0.000   0.000   3.000
   0.000   0.000  -3.000
  -3.000   0.000   0.000
   0.000  -2.598  -1.500
   0.000  -2.598   1.500
   3.000   0.000   0.000
---------------------------------------------
Coordinates of the fitted metal site and RMSD
---------------------------------------------
   0.000   0.000   0.000   0.000
  -0.505   2.335  -1.815   0.651
  -1.484  -0.500   2.559   1.627
  -0.592  -1.708  -2.394   1.906
  -2.509   0.721   1.479   1.717
   0.218  -2.577  -1.520   0.220
  -0.018  -2.998  -0.099   1.648
   2.910   0.110   0.722   0.736
--------------------
Total RMSD:   1.361
--------------------
