-----------------------------------------------
Coordinates of template with ideal pbp geometry
-----------------------------------------------
   0.000   0.000   0.000
   3.000   0.000   0.000
   0.000   1.763  -2.427
   0.000  -2.853   0.927
   0.000  -1.763  -2.427
   0.000   0.000   3.000
  -3.000   0.000   0.000
   0.000   2.853   0.927
---------------------------------------------
Coordinates of the fitted metal site and RMSD
---------------------------------------------
   0.000   0.000   0.000   0.000
   2.829  -0.972   0.233   1.014
  -1.501   0.221  -2.588   2.159
  -0.685  -2.212   1.907   1.356
  -0.003  -0.962  -2.841   0.902
  -1.789  -1.246   2.061   2.374
  -2.731  -0.690   1.033   1.271
  -0.056   2.731   1.240   0.341
--------------------
Total RMSD:   1.498
--------------------
