-----------------------------------------------
Coordinates of template with ideal ctf geometry
-----------------------------------------------
   0.000   0.000   0.000
   0.000   0.000  -3.000
  -1.964   1.964  -1.134
   1.964   1.964  -1.134
   1.964   0.000   2.268
  -1.964   0.000   2.268
  -1.964  -1.964  -1.134
---------------------------------------------
Coordinates of the fitted metal site and RMSD
---------------------------------------------
   0.000   0.000   0.000   0.000
  -0.257  -0.280  -2.976   0.380
  -1.545   2.446  -0.794   0.723
   2.280   1.822  -0.692   0.561
   1.970  -0.782   2.123   0.796
  -2.139  -0.076   2.102   0.252
  -0.819  -2.883  -0.124   1.782
--------------------
Total RMSD:   0.900
--------------------
