-----------------------------------------------
Coordinates of template with ideal ctn geometry
-----------------------------------------------
   0.000   0.000   0.000
  -1.964  -1.964  -1.134
   0.000   0.000  -3.000
   1.964  -1.964  -1.134
   1.964   0.000   2.268
   1.964   1.964  -1.134
  -1.964   1.964  -1.134
---------------------------------------------
Coordinates of the fitted metal site and RMSD
---------------------------------------------
   0.000   0.000   0.000   0.000
  -2.393  -1.500  -1.012   0.644
   0.688  -0.545  -2.869   0.887
   1.191  -2.738   0.289   1.795
   1.456   0.324   2.603   0.690
   1.004   2.717  -0.782   1.270
  -2.156   1.752   1.133   2.285
--------------------
Total RMSD:   1.398
--------------------
