-----------------------------------------------
Coordinates of template with ideal pvp geometry
-----------------------------------------------
   0.000   0.000   0.000
   0.000   0.000   3.000
   0.000  -2.853   0.927
   3.000   0.000   0.000
   0.000   1.763  -2.427
   0.000  -1.763  -2.427
  -3.000   0.000   0.000
---------------------------------------------
Coordinates of the fitted metal site and RMSD
---------------------------------------------
   0.000   0.000   0.000   0.000
  -0.390   0.046   2.974   0.394
   1.146  -2.626   0.889   1.169
   2.787   0.880   0.676   1.130
   0.474   1.996  -2.189   0.579
  -1.258  -1.795  -2.049   1.314
  -2.844   0.952   0.078   0.968
--------------------
Total RMSD:   0.983
--------------------
