-----------------------------------------------
Coordinates of template with ideal tpr geometry
-----------------------------------------------
   0.000   0.000   0.000
  -1.964  -1.964  -1.134
  -1.964   0.000   2.268
  -1.964   1.964  -1.134
   1.964   1.964  -1.134
   1.964   0.000   2.268
   1.964  -1.964  -1.134
---------------------------------------------
Coordinates of the fitted metal site and RMSD
---------------------------------------------
   0.000   0.000   0.000   0.000
  -1.989  -2.019  -0.984   0.161
  -2.011  -0.130   2.222   0.146
  -1.998   1.990  -1.024   0.117
   1.845   2.038  -1.200   0.155
   1.873  -0.168   2.338   0.204
   1.912  -2.106  -0.952   0.236
--------------------
Total RMSD:   0.174
--------------------
