-----------------------------------------------
Coordinates of template with ideal spy geometry
-----------------------------------------------
   0.000   0.000   0.000
  -3.000   0.000   0.000
   0.000   0.000   3.000
   3.000   0.000   0.000
   0.000  -3.000   0.000
   0.000   3.000   0.000
---------------------------------------------
Coordinates of the fitted metal site and RMSD
---------------------------------------------
   0.000   0.000   0.000   0.000
  -2.948  -0.028  -0.557   0.560
  -0.186  -0.149   2.991   0.239
   2.906  -0.034  -0.743   0.750
   0.004  -2.960  -0.489   0.490
  -0.002   2.932  -0.637   0.641
--------------------
Total RMSD:   0.563
--------------------
