-----------------------------------------------
Coordinates of template with ideal tbp geometry
-----------------------------------------------
   0.000   0.000   0.000
   0.000   2.598  -1.500
   0.000   0.000   3.000
   0.000  -2.598  -1.500
  -3.000   0.000   0.000
   3.000   0.000   0.000
---------------------------------------------
Coordinates of the fitted metal site and RMSD
---------------------------------------------
   0.000   0.000   0.000   0.000
  -0.026   2.948  -0.556   1.007
  -0.158   0.185   2.990   0.244
  -0.032  -2.906  -0.745   0.816
  -2.958  -0.003  -0.498   0.500
   2.934   0.002  -0.628   0.631
--------------------
Total RMSD:   0.691
--------------------
