-----------------------------------------------
Coordinates of template with ideal tpv geometry
-----------------------------------------------
   0.000   0.000   0.000
  -1.964   0.000   2.268
  -1.964  -1.964  -1.134
   1.964   1.964  -1.134
  -1.964   1.964  -1.134
   1.964   0.000   2.268
---------------------------------------------
Coordinates of the fitted metal site and RMSD
---------------------------------------------
   0.000   0.000   0.000   0.000
  -1.926  -0.151   2.295   0.158
  -0.907  -2.489  -1.409   1.212
   2.148   1.269  -1.666   0.894
  -1.924   1.871  -1.341   0.231
   2.160  -0.907   1.874   1.008
--------------------
Total RMSD:   0.820
--------------------
