-----------------------------------------------
Coordinates of template with ideal cof geometry
-----------------------------------------------
   0.000   0.000   0.000
   0.000  -3.000   0.000
  -3.000   0.000   0.000
   3.000   0.000   0.000
   1.732   1.732   1.732
   0.000   3.000   0.000
   0.000   0.000  -3.000
---------------------------------------------
Coordinates of the fitted metal site and RMSD
---------------------------------------------
   0.000   0.000   0.000   0.000
   0.056  -2.983   0.314   0.320
  -2.897   0.139   0.768   0.787
   3.000   0.028   0.025   0.038
   0.955   0.938   2.685   1.464
  -0.065   2.924  -0.666   0.673
  -0.256  -0.029  -2.989   0.258
--------------------
Total RMSD:   0.751
--------------------
