-----------------------------------------------
Coordinates of template with ideal con geometry
-----------------------------------------------
   0.000   0.000   0.000
  -3.000   0.000   0.000
   0.000   3.000   0.000
   0.000   0.000   3.000
   1.732   1.732   1.732
   3.000   0.000   0.000
   0.000  -3.000   0.000
---------------------------------------------
Coordinates of the fitted metal site and RMSD
---------------------------------------------
   0.000   0.000   0.000   0.000
  -2.989   0.183   0.187   0.262
   0.076   1.825  -2.380   2.655
   0.074  -1.128   2.779   1.152
   0.886   2.138   1.909   0.955
   2.939  -0.506  -0.330   0.607
   0.041  -2.661  -1.385   1.426
--------------------
Total RMSD:   1.400
--------------------
