-----------------------------------------------
Coordinates of template with ideal ctf geometry
-----------------------------------------------
   0.000   0.000   0.000
   1.964   0.000   2.268
   1.964   1.964  -1.134
  -1.964  -1.964  -1.134
   0.000   0.000  -3.000
  -1.964   1.964  -1.134
  -1.964   0.000   2.268
---------------------------------------------
Coordinates of the fitted metal site and RMSD
---------------------------------------------
   0.000   0.000   0.000   0.000
   2.057  -1.590   1.497   1.770
   1.787   2.406  -0.125   1.116
  -1.471  -2.541  -0.617   0.918
   0.539  -0.786  -2.845   0.966
  -2.225   1.627  -1.185   0.430
  -1.640   0.696   2.413   0.781
--------------------
Total RMSD:   1.076
--------------------
