-----------------------------------------------
Coordinates of template with ideal con geometry
-----------------------------------------------
   0.000   0.000   0.000
   1.732   1.732   1.732
   3.000   0.000   0.000
   0.000   3.000   0.000
   0.000  -3.000   0.000
  -3.000   0.000   0.000
   0.000   0.000   3.000
---------------------------------------------
Coordinates of the fitted metal site and RMSD
---------------------------------------------
   0.000   0.000   0.000   0.000
   2.549   0.557   1.480   1.453
   1.718  -0.067  -2.459   2.774
  -0.341   2.976  -0.164   0.379
   0.448  -2.951   0.297   0.540
  -2.552  -0.429  -1.518   1.640
  -1.558   0.072   2.563   1.619
--------------------
Total RMSD:   1.610
--------------------
