-----------------------------------------------
Coordinates of template with ideal pva geometry
-----------------------------------------------
   0.000   0.000   0.000
   0.000  -1.763  -2.427
   0.000  -2.853   0.927
   0.000   1.763  -2.427
   0.000   0.000   3.000
   0.000   2.853   0.927
   3.000   0.000   0.000
---------------------------------------------
Coordinates of the fitted metal site and RMSD
---------------------------------------------
   0.000   0.000   0.000   0.000
   0.713  -2.525  -1.454   1.426
  -2.726  -1.217   0.295   3.241
  -0.663   1.146  -2.692   0.944
   0.760  -1.265   2.612   1.526
  -0.773   2.569   1.343   0.923
   2.787   1.049  -0.361   1.129
--------------------
Total RMSD:   1.727
--------------------
