-----------------------------------------------
Coordinates of template with ideal tpr geometry
-----------------------------------------------
   0.000   0.000   0.000
  -1.964   1.964  -1.134
  -1.964   0.000   2.268
   1.964   1.964  -1.134
  -1.964  -1.964  -1.134
   1.964   0.000   2.268
   1.964  -1.964  -1.134
---------------------------------------------
Coordinates of the fitted metal site and RMSD
---------------------------------------------
   0.000   0.000   0.000   0.000
  -1.730   1.306  -2.074   1.171
  -1.867   1.235   1.997   1.268
   1.700   2.468  -0.129   1.155
  -1.762  -2.428  -0.028   1.216
   1.789  -1.187   2.095   1.212
   1.746  -1.181  -2.135   1.289
--------------------
Total RMSD:   1.220
--------------------
