-----------------------------------------------
Coordinates of template with ideal con geometry
-----------------------------------------------
   0.000   0.000   0.000
   3.000   0.000   0.000
  -3.000   0.000   0.000
   0.000   3.000   0.000
   0.000   0.000   3.000
   1.732   1.732   1.732
   0.000  -3.000   0.000
---------------------------------------------
Coordinates of the fitted metal site and RMSD
---------------------------------------------
   0.000   0.000   0.000   0.000
   1.727   0.005  -2.453   2.764
  -2.593  -0.234  -1.490   1.563
  -0.222   2.985  -0.201   0.299
  -1.396   0.020   2.656   1.438
   2.399   0.723   1.650   1.212
   0.507  -2.940   0.314   0.599
--------------------
Total RMSD:   1.531
--------------------
