-----------------------------------------------
Coordinates of template with ideal ctf geometry
-----------------------------------------------
   0.000   0.000   0.000
  -1.964  -1.964  -1.134
   1.964   0.000   2.268
  -1.964   0.000   2.268
   1.964   1.964  -1.134
  -1.964   1.964  -1.134
   0.000   0.000  -3.000
---------------------------------------------
Coordinates of the fitted metal site and RMSD
---------------------------------------------
   0.000   0.000   0.000   0.000
  -1.792  -2.394  -0.239   1.008
   2.107  -1.395   1.616   1.546
  -1.391   0.734   2.555   0.975
   1.527   2.582   0.025   1.384
  -2.176   1.704  -1.167   0.337
   1.142  -0.623  -2.703   1.335
--------------------
Total RMSD:   1.167
--------------------
