-----------------------------------------------
Coordinates of template with ideal tbp geometry
-----------------------------------------------
   0.000   0.000   0.000
   3.000   0.000   0.000
   0.000   2.598  -1.500
   0.000  -2.598  -1.500
   0.000   0.000   3.000
  -3.000   0.000   0.000
---------------------------------------------
Coordinates of the fitted metal site and RMSD
---------------------------------------------
   0.000   0.000   0.000   0.000
   2.995   0.125  -0.127   0.178
   0.018   2.550  -1.580   0.095
  -0.014  -2.494  -1.668   0.198
  -0.026   0.104   2.998   0.108
  -2.997   0.097  -0.099   0.139
--------------------
Total RMSD:   0.149
--------------------
