-----------------------------------------------
Coordinates of template with ideal tpv geometry
-----------------------------------------------
   0.000   0.000   0.000
   1.964   1.964  -1.134
  -1.964   1.964  -1.134
  -1.964  -1.964  -1.134
   1.964   0.000   2.268
  -1.964   0.000   2.268
---------------------------------------------
Coordinates of the fitted metal site and RMSD
---------------------------------------------
   0.000   0.000   0.000   0.000
   1.935   0.811  -2.144   1.533
  -1.486   2.523  -0.655   0.878
  -0.846  -2.391  -1.603   1.285
   2.116   0.026   2.127   0.209
  -2.130  -0.590   2.028   0.658
--------------------
Total RMSD:   1.024
--------------------
