-----------------------------------------------
Coordinates of template with ideal cof geometry
-----------------------------------------------
   0.000   0.000   0.000
   0.000   0.000  -3.000
   3.000   0.000   0.000
   1.732   1.732   1.732
   0.000  -3.000   0.000
   0.000   3.000   0.000
  -3.000   0.000   0.000
---------------------------------------------
Coordinates of the fitted metal site and RMSD
---------------------------------------------
   0.000   0.000   0.000   0.000
  -0.366  -0.437  -2.945   0.572
   2.974   0.012  -0.392   0.393
   0.719   0.472   2.874   1.979
   0.104  -2.929   0.642   0.654
  -0.044   2.984  -0.308   0.312
  -2.960   0.017   0.486   0.488
--------------------
Total RMSD:   0.927
--------------------
