-----------------------------------------------
Coordinates of template with ideal ctn geometry
-----------------------------------------------
   0.000   0.000   0.000
   1.964   0.000   2.268
   1.964   1.964  -1.134
   0.000   0.000  -3.000
  -1.964   1.964  -1.134
   1.964  -1.964  -1.134
  -1.964  -1.964  -1.134
---------------------------------------------
Coordinates of the fitted metal site and RMSD
---------------------------------------------
   0.000   0.000   0.000   0.000
   0.644   0.069   2.929   1.479
   2.082   2.105  -0.486   0.673
  -0.364   0.158  -2.974   0.397
  -2.102   2.132   0.190   1.342
   2.044  -2.131  -0.528   0.633
  -2.091  -2.116   0.387   1.534
--------------------
Total RMSD:   1.107
--------------------
