-----------------------------------------------
Coordinates of template with ideal oct geometry
-----------------------------------------------
   0.000   0.000   0.000
   0.000   0.000  -3.000
   3.000   0.000   0.000
   0.000   0.000   3.000
   0.000  -3.000   0.000
   0.000   3.000   0.000
  -3.000   0.000   0.000
---------------------------------------------
Coordinates of the fitted metal site and RMSD
---------------------------------------------
   0.000   0.000   0.000   0.000
   0.125   0.032  -2.997   0.129
   2.998   0.004   0.105   0.105
   0.236   0.006   2.991   0.236
   0.005  -2.994   0.185   0.185
  -0.001   2.996   0.158   0.158
  -3.000   0.010  -0.006   0.011
--------------------
Total RMSD:   0.154
--------------------
