-----------------------------------------------
Coordinates of template with ideal pvp geometry
-----------------------------------------------
   0.000   0.000   0.000
   0.000   0.000   3.000
   3.000   0.000   0.000
   0.000  -1.763  -2.427
   0.000   1.763  -2.427
   0.000  -2.853   0.927
  -3.000   0.000   0.000
---------------------------------------------
Coordinates of the fitted metal site and RMSD
---------------------------------------------
   0.000   0.000   0.000   0.000
   0.130   1.334   2.684   1.377
   2.998  -0.076  -0.085   0.114
   0.230  -1.368  -2.660   0.514
   0.029   2.582  -1.527   1.218
  -0.026  -2.740   1.222   0.317
  -3.000   0.018   0.003   0.018
--------------------
Total RMSD:   0.791
--------------------
