-----------------------------------------------
Coordinates of template with ideal tpr geometry
-----------------------------------------------
   0.000   0.000   0.000
  -1.964   0.000   2.268
   1.964   0.000   2.268
   1.964  -1.964  -1.134
   1.964   1.964  -1.134
  -1.964  -1.964  -1.134
  -1.964   1.964  -1.134
---------------------------------------------
Coordinates of the fitted metal site and RMSD
---------------------------------------------
   0.000   0.000   0.000   0.000
  -1.669   1.123   2.226   1.162
   1.791  -1.300   2.025   1.334
   1.851  -1.302  -1.969   1.071
   1.844   2.364  -0.103   1.113
  -1.645  -2.505  -0.139   1.176
  -1.743   1.249  -2.098   1.220
--------------------
Total RMSD:   1.182
--------------------
