-----------------------------------------------
Coordinates of template with ideal spy geometry
-----------------------------------------------
   0.000   0.000   0.000
   3.000   0.000   0.000
  -3.000   0.000   0.000
   0.000  -3.000   0.000
   0.000   0.000   3.000
   0.000   3.000   0.000
---------------------------------------------
Coordinates of the fitted metal site and RMSD
---------------------------------------------
   0.000   0.000   0.000   0.000
   2.915   0.214  -0.675   0.713
  -2.897   0.258  -0.735   0.786
   0.251  -2.883  -0.793   0.839
   0.061   0.120   2.997   0.134
   0.206   2.916  -0.673   0.708
--------------------
Total RMSD:   0.686
--------------------
