-----------------------------------------------
Coordinates of template with ideal tbp geometry
-----------------------------------------------
   0.000   0.000   0.000
  -3.000   0.000   0.000
   3.000   0.000   0.000
   0.000   0.000   3.000
   0.000  -2.598  -1.500
   0.000   2.598  -1.500
---------------------------------------------
Coordinates of the fitted metal site and RMSD
---------------------------------------------
   0.000   0.000   0.000   0.000
  -2.898   0.753   0.185   0.782
   2.914   0.705   0.112   0.718
  -0.234  -0.750   2.895   0.793
  -0.132  -2.533  -1.602   0.179
  -0.188   2.045  -2.187   0.901
--------------------
Total RMSD:   0.721
--------------------
