-----------------------------------------------
Coordinates of template with ideal cof geometry
-----------------------------------------------
   0.000   0.000   0.000
   0.000   3.000   0.000
   1.732   1.732   1.732
   0.000   0.000  -3.000
  -3.000   0.000   0.000
   0.000  -3.000   0.000
   3.000   0.000   0.000
---------------------------------------------
Coordinates of the fitted metal site and RMSD
---------------------------------------------
   0.000   0.000   0.000   0.000
   0.104   2.958  -0.486   0.499
   0.584   0.700   2.858   1.911
  -0.249  -0.406  -2.962   0.478
  -2.936  -0.067   0.612   0.618
   0.130  -2.976   0.354   0.378
   2.961  -0.159  -0.452   0.481
--------------------
Total RMSD:   0.902
--------------------
