-----------------------------------------------
Coordinates of template with ideal oct geometry
-----------------------------------------------
   0.000   0.000   0.000
   3.000   0.000   0.000
   0.000   0.000  -3.000
   0.000   0.000   3.000
   0.000  -3.000   0.000
  -3.000   0.000   0.000
   0.000   3.000   0.000
---------------------------------------------
Coordinates of the fitted metal site and RMSD
---------------------------------------------
   0.000   0.000   0.000   0.000
   2.997   0.135  -0.022   0.137
   0.221   0.114  -2.990   0.248
   0.083   0.229   2.990   0.244
  -0.133  -2.995  -0.119   0.179
  -2.995   0.118   0.116   0.165
  -0.116   2.998  -0.004   0.116
--------------------
Total RMSD:   0.188
--------------------
