-----------------------------------------------
Coordinates of template with ideal tpr geometry
-----------------------------------------------
   0.000   0.000   0.000
  -1.964   0.000   2.268
  -1.964  -1.964  -1.134
   1.964   0.000   2.268
  -1.964   1.964  -1.134
   1.964   1.964  -1.134
   1.964  -1.964  -1.134
---------------------------------------------
Coordinates of the fitted metal site and RMSD
---------------------------------------------
   0.000   0.000   0.000   0.000
  -1.660  -1.332   2.115   1.374
  -1.783  -1.426  -1.946   0.991
   1.807   1.024   2.164   1.041
  -1.730   2.443  -0.198   1.077
   1.860   1.165  -2.046   1.217
   1.805  -2.396  -0.065   1.163
--------------------
Total RMSD:   1.151
--------------------
