-----------------------------------------------
Coordinates of template with ideal oct geometry
-----------------------------------------------
   0.000   0.000   0.000
   0.000   0.000  -3.000
   0.000   3.000   0.000
   0.000  -3.000   0.000
   0.000   0.000   3.000
  -3.000   0.000   0.000
   3.000   0.000   0.000
---------------------------------------------
Coordinates of the fitted metal site and RMSD
---------------------------------------------
   0.000   0.000   0.000   0.000
  -0.176  -0.049  -2.994   0.183
   0.079   2.992   0.207   0.222
  -0.094  -2.980   0.329   0.343
  -0.194  -0.170   2.989   0.258
  -2.993  -0.032   0.204   0.206
   2.991   0.142   0.186   0.234
--------------------
Total RMSD:   0.246
--------------------
