-----------------------------------------------
Coordinates of template with ideal pvp geometry
-----------------------------------------------
   0.000   0.000   0.000
   0.000   0.000   3.000
   3.000   0.000   0.000
  -3.000   0.000   0.000
   0.000  -1.763  -2.427
   0.000  -2.853   0.927
   0.000   1.763  -2.427
---------------------------------------------
Coordinates of the fitted metal site and RMSD
---------------------------------------------
   0.000   0.000   0.000   0.000
  -0.034   1.202   2.748   1.229
   2.991  -0.023  -0.236   0.238
  -2.982  -0.234  -0.234   0.332
  -0.183  -1.529  -2.575   0.332
  -0.025  -2.759   1.177   0.268
   0.134   2.581  -1.524   1.226
--------------------
Total RMSD:   0.748
--------------------
