-----------------------------------------------
Coordinates of template with ideal ctf geometry
-----------------------------------------------
   0.000   0.000   0.000
   1.964   1.964  -1.134
  -1.964   1.964  -1.134
  -1.964   0.000   2.268
  -1.964  -1.964  -1.134
   0.000   0.000  -3.000
   1.964   0.000   2.268
---------------------------------------------
Coordinates of the fitted metal site and RMSD
---------------------------------------------
   0.000   0.000   0.000   0.000
   1.672   2.488   0.111   1.382
  -2.161   1.553  -1.386   0.521
  -1.280   0.632   2.639   1.003
  -1.698  -2.463  -0.221   1.074
   1.174  -0.606  -2.693   1.356
   2.151  -1.557   1.396   1.794
--------------------
Total RMSD:   1.251
--------------------
