-----------------------------------------------
Coordinates of template with ideal oct geometry
-----------------------------------------------
   0.000   0.000   0.000
   0.000  -3.000   0.000
   0.000   0.000   3.000
  -3.000   0.000   0.000
   0.000   3.000   0.000
   3.000   0.000   0.000
   0.000   0.000  -3.000
---------------------------------------------
Coordinates of the fitted metal site and RMSD
---------------------------------------------
   0.000   0.000   0.000   0.000
   0.056  -2.999   0.039   0.068
   0.011   0.007   3.000   0.012
  -3.000   0.036   0.041   0.054
   0.025   3.000   0.044   0.050
   2.999   0.005   0.074   0.075
  -0.023   0.002  -3.000   0.023
--------------------
Total RMSD:   0.052
--------------------
