-----------------------------------------------
Coordinates of template with ideal cof geometry
-----------------------------------------------
   0.000   0.000   0.000
   1.732   1.732   1.732
  -3.000   0.000   0.000
   0.000  -3.000   0.000
   3.000   0.000   0.000
   0.000   0.000  -3.000
   0.000   3.000   0.000
---------------------------------------------
Coordinates of the fitted metal site and RMSD
---------------------------------------------
   0.000   0.000   0.000   0.000
   0.677   0.517   2.876   1.975
  -2.966  -0.029   0.450   0.453
   0.013  -2.981   0.333   0.334
   2.982  -0.034  -0.329   0.332
  -0.490  -0.635  -2.891   0.809
  -0.085   2.973  -0.394   0.404
--------------------
Total RMSD:   0.926
--------------------
