-----------------------------------------------
Coordinates of template with ideal pva geometry
-----------------------------------------------
   0.000   0.000   0.000
   0.000  -1.763  -2.427
   0.000   0.000   3.000
   0.000   2.853   0.927
   0.000   1.763  -2.427
   3.000   0.000   0.000
   0.000  -2.853   0.927
---------------------------------------------
Coordinates of the fitted metal site and RMSD
---------------------------------------------
   0.000   0.000   0.000   0.000
  -2.724  -0.624  -1.091   3.241
  -0.770  -0.472   2.861   0.914
  -0.611   2.912   0.385   0.818
   0.646   0.528  -2.882   1.466
   2.747   0.770   0.926   1.231
   0.662  -2.910  -0.307   1.401
--------------------
Total RMSD:   1.715
--------------------
