-----------------------------------------------
Coordinates of template with ideal pvp geometry
-----------------------------------------------
   0.000   0.000   0.000
   0.000   1.763  -2.427
   0.000   0.000   3.000
   3.000   0.000   0.000
   0.000  -1.763  -2.427
   0.000  -2.853   0.927
  -3.000   0.000   0.000
---------------------------------------------
Coordinates of the fitted metal site and RMSD
---------------------------------------------
   0.000   0.000   0.000   0.000
  -0.043   2.577  -1.536   1.207
   0.040   1.323   2.692   1.359
   2.996  -0.120   0.088   0.149
   0.042  -1.223  -2.739   0.626
   0.161  -2.664   1.370   0.508
  -2.999   0.083  -0.001   0.083
--------------------
Total RMSD:   0.815
--------------------
