-----------------------------------------------
Coordinates of template with ideal spy geometry
-----------------------------------------------
   0.000   0.000   0.000
   0.000   3.000   0.000
   3.000   0.000   0.000
  -3.000   0.000   0.000
   0.000  -3.000   0.000
   0.000   0.000   3.000
---------------------------------------------
Coordinates of the fitted metal site and RMSD
---------------------------------------------
   0.000   0.000   0.000   0.000
   0.027   2.842  -0.961   0.974
   2.896  -0.038  -0.781   0.789
  -2.888   0.074  -0.807   0.818
   0.138  -2.862  -0.890   0.912
   0.026  -0.071   2.999   0.075
--------------------
Total RMSD:   0.785
--------------------
