-----------------------------------------------
Coordinates of template with ideal tbp geometry
-----------------------------------------------
   0.000   0.000   0.000
   0.000   0.000   3.000
   3.000   0.000   0.000
  -3.000   0.000   0.000
   0.000   2.598  -1.500
   0.000  -2.598  -1.500
---------------------------------------------
Coordinates of the fitted metal site and RMSD
---------------------------------------------
   0.000   0.000   0.000   0.000
   0.015  -0.588   2.942   0.592
   2.890   0.715   0.373   0.814
  -2.895   0.643   0.451   0.792
   0.135   2.203  -2.032   0.677
   0.051  -2.562  -1.560   0.087
--------------------
Total RMSD:   0.649
--------------------
