-----------------------------------------------
Coordinates of template with ideal tbp geometry
-----------------------------------------------
   0.000   0.000   0.000
   3.000   0.000   0.000
   0.000  -2.598  -1.500
   0.000   2.598  -1.500
  -3.000   0.000   0.000
   0.000   0.000   3.000
---------------------------------------------
Coordinates of the fitted metal site and RMSD
---------------------------------------------
   0.000   0.000   0.000   0.000
   2.980  -0.050  -0.343   0.347
   0.009  -2.968  -0.437   1.125
  -0.001   2.988  -0.265   1.295
  -2.984  -0.041  -0.304   0.307
  -0.035   0.159   2.996   0.163
--------------------
Total RMSD:   0.798
--------------------
