-----------------------------------------------
Coordinates of template with ideal tpv geometry
-----------------------------------------------
   0.000   0.000   0.000
  -1.964   1.964  -1.134
  -1.964  -1.964  -1.134
   1.964   1.964  -1.134
   1.964   0.000   2.268
  -1.964   0.000   2.268
---------------------------------------------
Coordinates of the fitted metal site and RMSD
---------------------------------------------
   0.000   0.000   0.000   0.000
  -1.898   1.918  -1.312   0.195
  -0.813  -2.567  -1.323   1.313
   2.184   1.120  -1.725   1.053
   2.132  -0.960   1.879   1.050
  -1.944  -0.289   2.267   0.289
--------------------
Total RMSD:   0.901
--------------------
