-----------------------------------------------
Coordinates of template with ideal spy geometry
-----------------------------------------------
   0.000   0.000   0.000
  -3.000   0.000   0.000
   0.000   3.000   0.000
   3.000   0.000   0.000
   0.000   0.000   3.000
   0.000  -3.000   0.000
---------------------------------------------
Coordinates of the fitted metal site and RMSD
---------------------------------------------
   0.000   0.000   0.000   0.000
  -2.853  -0.389  -0.843   0.940
   0.343   2.834  -0.923   0.998
   2.904  -0.174  -0.733   0.759
   0.110  -0.079   2.997   0.135
   0.128  -2.876  -0.844   0.862
--------------------
Total RMSD:   0.802
--------------------
