-----------------------------------------------
Coordinates of template with ideal spy geometry
-----------------------------------------------
   0.000   0.000   0.000
  -3.000   0.000   0.000
   0.000   0.000   3.000
   0.000   3.000   0.000
   0.000  -3.000   0.000
   3.000   0.000   0.000
---------------------------------------------
Coordinates of the fitted metal site and RMSD
---------------------------------------------
   0.000   0.000   0.000   0.000
  -2.763   0.482  -1.064   1.192
  -0.156   0.254   2.985   0.298
   0.023   2.999  -0.070   0.074
  -0.032  -2.982  -0.324   0.326
   2.688   0.537  -1.220   1.369
--------------------
Total RMSD:   0.836
--------------------
