-----------------------------------------------
Coordinates of template with ideal cof geometry
-----------------------------------------------
   0.000   0.000   0.000
  -3.000   0.000   0.000
   0.000   3.000   0.000
   1.732   1.732   1.732
   3.000   0.000   0.000
   0.000   0.000  -3.000
   0.000  -3.000   0.000
---------------------------------------------
Coordinates of the fitted metal site and RMSD
---------------------------------------------
   0.000   0.000   0.000   0.000
  -2.991  -0.189   0.127   0.228
  -0.228   2.965  -0.393   0.456
   1.066   0.667   2.724   1.600
   2.925   0.128  -0.652   0.669
  -0.178  -0.071  -2.994   0.192
  -0.315  -2.895   0.723   0.795
--------------------
Total RMSD:   0.810
--------------------
