-----------------------------------------------
Coordinates of template with ideal coc geometry
-----------------------------------------------
   0.000   0.000   0.000
   0.000   0.000  -3.000
   0.000   0.000   3.000
   1.732   1.732   1.732
   3.000   0.000   0.000
   0.000   3.000   0.000
  -3.000   0.000   0.000
   0.000  -3.000   0.000
---------------------------------------------
Coordinates of the fitted metal site and RMSD
---------------------------------------------
   0.000   0.000   0.000   0.000
   0.223  -0.156  -2.988   0.272
  -0.453  -0.451   2.931   0.643
   2.169   2.002   0.535   1.303
   2.905   0.749   0.048   0.757
   0.891   2.737   0.847   1.257
  -2.957   0.457  -0.220   0.509
   0.695  -2.903   0.295   0.761
--------------------
Total RMSD:   0.860
--------------------
