-----------------------------------------------
Coordinates of template with ideal cuv geometry
-----------------------------------------------
   0.000   0.000   0.000
   1.732  -1.732  -1.732
  -1.732   1.732   1.732
  -1.732  -1.732   1.732
  -1.732  -1.732  -1.732
   1.732  -1.732   1.732
   1.732   1.732   1.732
  -1.732   1.732  -1.732
---------------------------------------------
Coordinates of the fitted metal site and RMSD
---------------------------------------------
   0.000   0.000   0.000   0.000
   1.779  -1.070  -2.165   0.792
  -1.788   1.606   1.795   0.151
  -1.149  -2.587   0.994   1.271
  -1.735  -2.413  -0.411   1.486
  -0.254  -2.116   2.111   2.058
   2.283   1.589   1.124   0.834
  -1.623   1.564  -1.980   0.319
--------------------
Total RMSD:   1.165
--------------------
