-----------------------------------------------
Coordinates of template with ideal hva geometry
-----------------------------------------------
   0.000   0.000   0.000
   0.000   0.000   3.000
   3.000   0.000   0.000
   0.000   0.000  -3.000
   0.000  -2.598  -1.500
   0.000   2.598  -1.500
   0.000   2.598   1.500
   0.000  -2.598   1.500
---------------------------------------------
Coordinates of the fitted metal site and RMSD
---------------------------------------------
   0.000   0.000   0.000   0.000
  -2.731  -0.339   1.195   3.291
   2.932   0.087  -0.629   0.639
  -0.727  -0.181  -2.905   0.755
  -0.974  -1.588  -2.352   1.641
  -0.330   1.259  -2.703   1.830
   0.451   2.452   1.668   0.503
   0.995  -2.496   1.334   1.014
--------------------
Total RMSD:   1.653
--------------------
