-----------------------------------------------
Coordinates of template with ideal pbp geometry
-----------------------------------------------
   0.000   0.000   0.000
   0.000   2.853   0.927
   0.000  -1.763  -2.427
   0.000  -2.853   0.927
   0.000   0.000   3.000
  -3.000   0.000   0.000
   0.000   1.763  -2.427
   3.000   0.000   0.000
---------------------------------------------
Coordinates of the fitted metal site and RMSD
---------------------------------------------
   0.000   0.000   0.000   0.000
   0.140   2.530   1.606   0.764
   0.431  -2.327  -1.844   0.918
  -1.695  -1.644   1.850   2.278
  -0.364  -1.470   2.590   1.569
  -2.585  -1.369   0.666   1.578
  -0.841   1.556  -2.423   0.866
   2.973  -0.371   0.153   0.402
--------------------
Total RMSD:   1.335
--------------------
