-----------------------------------------------
Coordinates of template with ideal boc geometry
-----------------------------------------------
   0.000   0.000   0.000
   0.000   0.000   3.000
   0.000  -3.000   0.000
   3.000   0.000   0.000
  -1.732  -1.732  -1.732
   0.000   3.000   0.000
   0.000   0.000  -3.000
  -3.000   0.000   0.000
   1.732   1.732   1.732
---------------------------------------------
Coordinates of the fitted metal site and RMSD
---------------------------------------------
   0.000   0.000   0.000   0.000
  -0.046  -0.395   2.974   0.398
  -0.413  -2.956  -0.303   0.514
   2.887  -0.814   0.065   0.824
  -2.355  -1.716   0.715   2.525
  -1.607   2.421  -0.746   1.865
   0.039   0.315  -2.983   0.318
  -2.976   0.343  -0.153   0.376
   0.309   0.882   2.851   2.000
--------------------
Total RMSD:   1.378
--------------------
