-----------------------------------------------
Coordinates of template with ideal bts geometry
-----------------------------------------------
   0.000   0.000   0.000
   0.000   2.598   1.500
  -1.964   1.964  -1.134
  -1.964   0.000   2.268
   1.964   1.964  -1.134
   1.964  -1.964  -1.134
  -1.964  -1.964  -1.134
   0.000   0.000  -3.000
   1.964   0.000   2.268
---------------------------------------------
Coordinates of the fitted metal site and RMSD
---------------------------------------------
   0.000   0.000   0.000   0.000
   1.585   2.046   1.517   1.679
  -1.709   2.235  -1.042   0.384
  -1.988   0.061   2.246   0.069
   0.678   2.266  -1.845   1.500
   1.841  -1.992  -1.281   0.194
  -1.634  -1.988  -1.543   0.526
   1.704   0.277  -2.453   1.811
   2.075   0.895   1.973   0.949
--------------------
Total RMSD:   1.102
--------------------
