-----------------------------------------------
Coordinates of template with ideal con geometry
-----------------------------------------------
   0.000   0.000   0.000
   0.000   0.000   3.000
   0.000  -3.000   0.000
  -3.000   0.000   0.000
   3.000   0.000   0.000
   0.000   3.000   0.000
   1.732   1.732   1.732
---------------------------------------------
Coordinates of the fitted metal site and RMSD
---------------------------------------------
   0.000   0.000   0.000   0.000
   0.064  -1.583   2.547   1.648
  -0.489  -2.582  -1.447   1.583
  -2.957   0.453   0.229   0.509
   2.961  -0.369  -0.309   0.483
  -0.149   1.695  -2.471   2.798
   0.506   2.518   1.550   1.468
--------------------
Total RMSD:   1.618
--------------------
