-----------------------------------------------
Coordinates of template with ideal ctn geometry
-----------------------------------------------
   0.000   0.000   0.000
   1.964  -1.964  -1.134
   1.964   0.000   2.268
   1.964   1.964  -1.134
  -1.964  -1.964  -1.134
  -1.964   1.964  -1.134
   0.000   0.000  -3.000
---------------------------------------------
Coordinates of the fitted metal site and RMSD
---------------------------------------------
   0.000   0.000   0.000   0.000
   2.095  -2.115  -0.372   0.788
   0.620  -0.076   2.934   1.502
   2.000   2.203  -0.385   0.787
  -2.085  -2.125   0.370   1.517
  -2.040   2.186   0.240   1.394
  -0.546  -0.020  -2.950   0.549
--------------------
Total RMSD:   1.158
--------------------
