-----------------------------------------------
Coordinates of template with ideal pvp geometry
-----------------------------------------------
   0.000   0.000   0.000
   0.000  -2.853   0.927
   0.000   0.000   3.000
   3.000   0.000   0.000
  -3.000   0.000   0.000
   0.000   1.763  -2.427
   0.000  -1.763  -2.427
---------------------------------------------
Coordinates of the fitted metal site and RMSD
---------------------------------------------
   0.000   0.000   0.000   0.000
  -0.003  -2.673   1.363   0.472
   0.009   1.252   2.726   1.281
   2.998   0.083  -0.069   0.108
  -3.000   0.003  -0.009   0.009
   0.108   2.614  -1.468   1.287
  -0.024  -1.361  -2.673   0.472
--------------------
Total RMSD:   0.791
--------------------
