-----------------------------------------------
Coordinates of template with ideal cof geometry
-----------------------------------------------
   0.000   0.000   0.000
   0.000   3.000   0.000
   3.000   0.000   0.000
   0.000   0.000  -3.000
   1.732   1.732   1.732
   0.000  -3.000   0.000
  -3.000   0.000   0.000
---------------------------------------------
Coordinates of the fitted metal site and RMSD
---------------------------------------------
   0.000   0.000   0.000   0.000
  -0.034   2.968  -0.438   0.440
   2.968  -0.043  -0.433   0.437
  -0.406  -0.461  -2.936   0.618
   0.506   0.561   2.903   2.061
  -0.005  -2.966   0.453   0.454
  -2.950   0.017   0.545   0.547
--------------------
Total RMSD:   0.959
--------------------
