-----------------------------------------------
Coordinates of template with ideal con geometry
-----------------------------------------------
   0.000   0.000   0.000
   3.000   0.000   0.000
   0.000   0.000   3.000
   0.000  -3.000   0.000
   1.732   1.732   1.732
  -3.000   0.000   0.000
   0.000   3.000   0.000
---------------------------------------------
Coordinates of the fitted metal site and RMSD
---------------------------------------------
   0.000   0.000   0.000   0.000
   2.967  -0.347  -0.281   0.447
   0.049  -1.545   2.571   1.605
  -0.464  -2.559  -1.496   1.627
   0.567   2.491   1.572   1.400
  -2.966   0.376   0.250   0.453
  -0.075   1.641  -2.510   2.856
--------------------
Total RMSD:   1.620
--------------------
