-----------------------------------------------
Coordinates of template with ideal ctf geometry
-----------------------------------------------
   0.000   0.000   0.000
  -1.964   1.964  -1.134
  -1.964  -1.964  -1.134
  -1.964   0.000   2.268
   0.000   0.000  -3.000
   1.964   0.000   2.268
   1.964   1.964  -1.134
---------------------------------------------
Coordinates of the fitted metal site and RMSD
---------------------------------------------
   0.000   0.000   0.000   0.000
  -2.144   1.566  -1.397   0.510
  -1.660  -2.490  -0.216   1.100
  -1.272   0.582   2.654   0.984
   1.140  -0.613  -2.706   1.327
   2.170  -1.534   1.391   1.779
   1.735   2.444   0.140   1.381
--------------------
Total RMSD:   1.243
--------------------
