-----------------------------------------------
Coordinates of template with ideal ctn geometry
-----------------------------------------------
   0.000   0.000   0.000
   1.964  -1.964  -1.134
   1.964   1.964  -1.134
   1.964   0.000   2.268
   0.000   0.000  -3.000
  -1.964   1.964  -1.134
  -1.964  -1.964  -1.134
---------------------------------------------
Coordinates of the fitted metal site and RMSD
---------------------------------------------
   0.000   0.000   0.000   0.000
   2.074  -2.128  -0.411   0.749
   2.078   2.124  -0.411   0.749
   0.587   0.036   2.942   1.534
  -0.444  -0.037  -2.967   0.447
  -2.105   2.099   0.407   1.554
  -2.127  -2.093   0.311   1.460
--------------------
Total RMSD:   1.170
--------------------
