-----------------------------------------------
Coordinates of template with ideal pvp geometry
-----------------------------------------------
   0.000   0.000   0.000
   3.000   0.000   0.000
   0.000  -1.763  -2.427
   0.000   1.763  -2.427
   0.000  -2.853   0.927
  -3.000   0.000   0.000
   0.000   0.000   3.000
---------------------------------------------
Coordinates of the fitted metal site and RMSD
---------------------------------------------
   0.000   0.000   0.000   0.000
   3.000  -0.031   0.018   0.035
  -0.011  -1.396  -2.656   0.433
   0.012   2.642  -1.421   1.336
   0.090  -2.688   1.330   0.445
  -3.000   0.041   0.023   0.047
  -0.032   1.300   2.704   1.333
--------------------
Total RMSD:   0.811
--------------------
