-----------------------------------------------
Coordinates of template with ideal con geometry
-----------------------------------------------
   0.000   0.000   0.000
   0.000  -3.000   0.000
   1.732   1.732   1.732
   3.000   0.000   0.000
   0.000   0.000   3.000
   0.000   3.000   0.000
  -3.000   0.000   0.000
---------------------------------------------
Coordinates of the fitted metal site and RMSD
---------------------------------------------
   0.000   0.000   0.000   0.000
   0.400  -2.959   0.291   0.497
   2.397   0.582   1.708   1.329
   1.597  -0.067  -2.539   2.902
  -1.383   0.092   2.661   1.427
  -0.313   2.972  -0.267   0.412
  -2.535  -0.401  -1.553   1.670
--------------------
Total RMSD:   1.604
--------------------
