-----------------------------------------------
Coordinates of template with ideal ctn geometry
-----------------------------------------------
   0.000   0.000   0.000
  -1.964  -1.964  -1.134
   0.000   0.000  -3.000
  -1.964   1.964  -1.134
   1.964  -1.964  -1.134
   1.964   1.964  -1.134
   1.964   0.000   2.268
---------------------------------------------
Coordinates of the fitted metal site and RMSD
---------------------------------------------
   0.000   0.000   0.000   0.000
  -2.107  -2.105   0.356   1.504
  -0.310  -0.068  -2.983   0.318
  -2.098   2.115   0.354   1.501
   2.040  -2.118  -0.594   0.566
   2.074   2.122  -0.440   0.721
   0.582   0.048   2.943   1.539
--------------------
Total RMSD:   1.142
--------------------
