-----------------------------------------------
Coordinates of template with ideal oct geometry
-----------------------------------------------
   0.000   0.000   0.000
   0.000  -3.000   0.000
   0.000   0.000  -3.000
  -3.000   0.000   0.000
   3.000   0.000   0.000
   0.000   3.000   0.000
   0.000   0.000   3.000
---------------------------------------------
Coordinates of the fitted metal site and RMSD
---------------------------------------------
   0.000   0.000   0.000   0.000
  -0.019  -3.000  -0.024   0.030
   0.205   0.111  -2.991   0.233
  -3.000  -0.013  -0.022   0.026
   2.992  -0.000  -0.224   0.225
  -0.006   2.999  -0.065   0.065
   0.003   0.070   2.999   0.070
--------------------
Total RMSD:   0.139
--------------------
