-----------------------------------------------
Coordinates of template with ideal oct geometry
-----------------------------------------------
   0.000   0.000   0.000
  -3.000   0.000   0.000
   0.000  -3.000   0.000
   0.000   0.000   3.000
   3.000   0.000   0.000
   0.000   3.000   0.000
   0.000   0.000  -3.000
---------------------------------------------
Coordinates of the fitted metal site and RMSD
---------------------------------------------
   0.000   0.000   0.000   0.000
  -2.993  -0.182  -0.077   0.198
   0.079  -2.999  -0.037   0.087
   0.086   0.030   2.999   0.092
   2.992  -0.220  -0.010   0.221
   0.040   3.000  -0.033   0.052
   0.020   0.026  -3.000   0.033
--------------------
Total RMSD:   0.134
--------------------
