-----------------------------------------------
Coordinates of template with ideal tpr geometry
-----------------------------------------------
   0.000   0.000   0.000
  -1.964   0.000   2.268
   1.964   0.000   2.268
   1.964   1.964  -1.134
   1.964  -1.964  -1.134
  -1.964   1.964  -1.134
  -1.964  -1.964  -1.134
---------------------------------------------
Coordinates of the fitted metal site and RMSD
---------------------------------------------
   0.000   0.000   0.000   0.000
  -1.670   1.077   2.248   1.116
   1.744  -1.308   2.061   1.342
   1.774   2.418  -0.061   1.181
   1.849  -1.314  -1.963   1.059
  -1.716   1.203  -2.147   1.291
  -1.746  -2.439  -0.054   1.199
--------------------
Total RMSD:   1.202
--------------------
