-----------------------------------------------
Coordinates of template with ideal hva geometry
-----------------------------------------------
   0.000   0.000   0.000
   0.000   2.598   1.500
   3.000   0.000   0.000
   0.000   0.000  -3.000
   0.000  -2.598   1.500
   0.000   0.000   3.000
   0.000  -2.598  -1.500
   0.000   2.598  -1.500
---------------------------------------------
Coordinates of the fitted metal site and RMSD
---------------------------------------------
   0.000   0.000   0.000   0.000
  -0.095   2.997   0.095   1.463
   2.888  -0.216  -0.783   0.819
  -0.790   1.752  -2.303   2.044
   0.664  -1.731   2.358   1.389
  -2.540  -0.190   1.585   2.913
  -0.937  -2.239  -1.762   1.037
  -0.428   2.685  -1.268   0.495
--------------------
Total RMSD:   1.636
--------------------
