-----------------------------------------------
Coordinates of template with ideal sav geometry
-----------------------------------------------
   0.000   0.000   0.000
   1.732  -1.732  -1.732
   0.000   2.449   1.732
   0.000  -2.449   1.732
  -1.732   1.732  -1.732
  -1.732  -1.732  -1.732
  -2.449   0.000   1.732
   2.449   0.000   1.732
---------------------------------------------
Coordinates of the fitted metal site and RMSD
---------------------------------------------
   0.000   0.000   0.000   0.000
   2.686  -1.256  -0.456   1.663
   1.017   2.477   1.352   1.086
   1.324  -1.920   1.887   1.435
  -1.358   1.812  -1.968   0.449
  -1.262  -1.825  -2.019   0.559
  -2.383  -0.340   1.791   0.351
   2.297  -1.736   0.842   1.956
--------------------
Total RMSD:   1.223
--------------------
