-----------------------------------------------
Coordinates of template with ideal ctn geometry
-----------------------------------------------
   0.000   0.000   0.000
   1.964   1.964  -1.134
   1.964  -1.964  -1.134
  -1.964  -1.964  -1.134
   1.964   0.000   2.268
  -1.964   1.964  -1.134
   0.000   0.000  -3.000
---------------------------------------------
Coordinates of the fitted metal site and RMSD
---------------------------------------------
   0.000   0.000   0.000   0.000
   2.087   2.125  -0.359   0.801
   2.112  -2.106  -0.327   0.833
  -2.106  -2.114   0.312   1.460
   0.642  -0.052   2.930   1.480
  -2.109   2.110   0.318   1.466
  -0.566  -0.028  -2.946   0.569
--------------------
Total RMSD:   1.164
--------------------
