-----------------------------------------------
Coordinates of template with ideal pva geometry
-----------------------------------------------
   0.000   0.000   0.000
   0.000   1.763  -2.427
   0.000   0.000   3.000
   0.000  -2.853   0.927
   0.000   2.853   0.927
   0.000  -1.763  -2.427
   3.000   0.000   0.000
---------------------------------------------
Coordinates of the fitted metal site and RMSD
---------------------------------------------
   0.000   0.000   0.000   0.000
   0.746   2.536  -1.418   1.473
   0.742   1.264   2.617   1.515
  -0.703  -2.560   1.398   0.896
  -2.749   1.120   0.433   3.287
  -0.733  -1.262  -2.621   0.909
   2.780  -1.077  -0.334   1.149
--------------------
Total RMSD:   1.743
--------------------
