-----------------------------------------------
Coordinates of template with ideal pvp geometry
-----------------------------------------------
   0.000   0.000   0.000
  -3.000   0.000   0.000
   0.000  -1.763  -2.427
   3.000   0.000   0.000
   0.000   1.763  -2.427
   0.000   0.000   3.000
   0.000  -2.853   0.927
---------------------------------------------
Coordinates of the fitted metal site and RMSD
---------------------------------------------
   0.000   0.000   0.000   0.000
  -3.000   0.012  -0.012   0.017
  -0.010  -1.314  -2.697   0.524
   2.999  -0.049   0.049   0.070
  -0.043   2.618  -1.464   1.289
   0.005   1.307   2.700   1.341
   0.045  -2.671   1.365   0.477
--------------------
Total RMSD:   0.813
--------------------
