-----------------------------------------------
Coordinates of template with ideal ctn geometry
-----------------------------------------------
   0.000   0.000   0.000
  -1.964   1.964  -1.134
   1.964   1.964  -1.134
   0.000   0.000  -3.000
   1.964  -1.964  -1.134
   1.964   0.000   2.268
  -1.964  -1.964  -1.134
---------------------------------------------
Coordinates of the fitted metal site and RMSD
---------------------------------------------
   0.000   0.000   0.000   0.000
  -2.098   2.117   0.336   1.484
   2.086   2.122  -0.378   0.782
  -0.516   0.009  -2.955   0.518
   2.080  -2.125  -0.396   0.764
   0.579   0.005   2.944   1.541
  -2.095  -2.117   0.360   1.508
--------------------
Total RMSD:   1.177
--------------------
