-----------------------------------------------
Coordinates of template with ideal oct geometry
-----------------------------------------------
   0.000   0.000   0.000
  -3.000   0.000   0.000
   0.000   0.000  -3.000
   0.000  -3.000   0.000
   3.000   0.000   0.000
   0.000   3.000   0.000
   0.000   0.000   3.000
---------------------------------------------
Coordinates of the fitted metal site and RMSD
---------------------------------------------
   0.000   0.000   0.000   0.000
  -3.000  -0.043   0.006   0.043
  -0.002  -0.001  -3.000   0.002
   0.006  -3.000  -0.019   0.020
   3.000  -0.020   0.004   0.020
   0.029   3.000  -0.036   0.046
  -0.005  -0.018   3.000   0.019
--------------------
Total RMSD:   0.029
--------------------
