-----------------------------------------------
Coordinates of template with ideal tpr geometry
-----------------------------------------------
   0.000   0.000   0.000
  -1.964  -1.964  -1.134
  -1.964   0.000   2.268
  -1.964   1.964  -1.134
   1.964   1.964  -1.134
   1.964   0.000   2.268
   1.964  -1.964  -1.134
---------------------------------------------
Coordinates of the fitted metal site and RMSD
---------------------------------------------
   0.000   0.000   0.000   0.000
  -1.754  -2.434  -0.031   1.217
  -1.734   1.227   2.118   1.257
  -1.738   1.235  -2.110   1.239
   1.723   2.455  -0.020   1.241
   1.727  -1.183   2.149   1.213
   1.719  -1.225  -2.132   1.266
--------------------
Total RMSD:   1.239
--------------------
