-----------------------------------------------
Coordinates of template with ideal con geometry
-----------------------------------------------
   0.000   0.000   0.000
   0.000  -3.000   0.000
   0.000   0.000   3.000
   0.000   3.000   0.000
   1.732   1.732   1.732
  -3.000   0.000   0.000
   3.000   0.000   0.000
---------------------------------------------
Coordinates of the fitted metal site and RMSD
---------------------------------------------
   0.000   0.000   0.000   0.000
   0.427  -2.951   0.332   0.543
  -1.482   0.001   2.608   1.533
  -0.344   2.965  -0.300   0.458
   2.517   0.467   1.564   1.498
  -2.518  -0.509  -1.550   1.701
   1.682  -0.096  -2.482   2.812
--------------------
Total RMSD:   1.628
--------------------
