-----------------------------------------------
Coordinates of template with ideal ctf geometry
-----------------------------------------------
   0.000   0.000   0.000
   0.000   0.000  -3.000
   1.964   1.964  -1.134
  -1.964   0.000   2.268
  -1.964   1.964  -1.134
   1.964   0.000   2.268
  -1.964  -1.964  -1.134
---------------------------------------------
Coordinates of the fitted metal site and RMSD
---------------------------------------------
   0.000   0.000   0.000   0.000
   1.206  -0.615  -2.677   1.392
   1.623   2.522   0.066   1.366
  -1.279   0.648   2.635   1.012
  -2.146   1.556  -1.404   0.522
   2.170  -1.555   1.367   1.809
  -1.725  -2.438  -0.283   1.003
--------------------
Total RMSD:   1.250
--------------------
