-----------------------------------------------
Coordinates of template with ideal oct geometry
-----------------------------------------------
   0.000   0.000   0.000
   0.000   0.000   3.000
   0.000   3.000   0.000
   0.000   0.000  -3.000
   3.000   0.000   0.000
  -3.000   0.000   0.000
   0.000  -3.000   0.000
---------------------------------------------
Coordinates of the fitted metal site and RMSD
---------------------------------------------
   0.000   0.000   0.000   0.000
   0.047   0.000   3.000   0.047
   0.110   2.997   0.075   0.133
   0.041  -0.016  -3.000   0.044
   3.000   0.007   0.024   0.025
  -3.000   0.005   0.018   0.019
   0.108  -2.997   0.058   0.123
--------------------
Total RMSD:   0.079
--------------------
