-----------------------------------------------
Coordinates of template with ideal pva geometry
-----------------------------------------------
   0.000   0.000   0.000
   0.000  -2.853   0.927
   0.000   0.000   3.000
   0.000   1.763  -2.427
   0.000   2.853   0.927
   0.000  -1.763  -2.427
   3.000   0.000   0.000
---------------------------------------------
Coordinates of the fitted metal site and RMSD
---------------------------------------------
   0.000   0.000   0.000   0.000
   0.789  -2.095   1.997   1.530
  -2.736   0.032   1.230   3.259
  -0.751   2.158  -1.945   0.976
   0.792   2.097   1.994   1.529
  -0.792  -2.127  -1.962   0.988
   2.828   0.028  -0.999   1.014
--------------------
Total RMSD:   1.744
--------------------
