-----------------------------------------------
Coordinates of template with ideal cof geometry
-----------------------------------------------
   0.000   0.000   0.000
   0.000   0.000  -3.000
   0.000   3.000   0.000
   0.000  -3.000   0.000
   3.000   0.000   0.000
   1.732   1.732   1.732
  -3.000   0.000   0.000
---------------------------------------------
Coordinates of the fitted metal site and RMSD
---------------------------------------------
   0.000   0.000   0.000   0.000
  -0.447  -0.245  -2.956   0.512
  -0.162   2.962  -0.445   0.475
   0.025  -2.951   0.538   0.541
   2.978  -0.146  -0.334   0.365
   0.609   0.721   2.848   1.878
  -2.954   0.106   0.512   0.525
--------------------
Total RMSD:   0.887
--------------------
