-----------------------------------------------
Coordinates of template with ideal ctf geometry
-----------------------------------------------
   0.000   0.000   0.000
   1.964   0.000   2.268
   1.964   1.964  -1.134
  -1.964  -1.964  -1.134
  -1.964   0.000   2.268
  -1.964   1.964  -1.134
   0.000   0.000  -3.000
---------------------------------------------
Coordinates of the fitted metal site and RMSD
---------------------------------------------
   0.000   0.000   0.000   0.000
   2.288  -1.319   1.422   1.600
   1.690   2.478   0.045   1.316
  -1.680  -2.476  -0.212   1.093
  -1.399   0.596   2.586   0.881
  -2.089   1.758  -1.242   0.264
   1.239  -0.567  -2.673   1.401
--------------------
Total RMSD:   1.176
--------------------
