-----------------------------------------------
Coordinates of template with ideal cof geometry
-----------------------------------------------
   0.000   0.000   0.000
  -3.000   0.000   0.000
   1.732   1.732   1.732
   3.000   0.000   0.000
   0.000   0.000  -3.000
   0.000   3.000   0.000
   0.000  -3.000   0.000
---------------------------------------------
Coordinates of the fitted metal site and RMSD
---------------------------------------------
   0.000   0.000   0.000   0.000
  -2.899   0.297   0.711   0.777
   2.081   1.877   1.071   0.761
   2.827   0.757   0.659   1.018
   0.635  -0.095  -2.931   0.645
   0.896   2.589   1.223   1.571
   0.554  -2.873   0.663   0.873
--------------------
Total RMSD:   0.989
--------------------
