-----------------------------------------------
Coordinates of template with ideal con geometry
-----------------------------------------------
   0.000   0.000   0.000
   0.000  -3.000   0.000
   1.732   1.732   1.732
   0.000   3.000   0.000
   0.000   0.000   3.000
   3.000   0.000   0.000
  -3.000   0.000   0.000
---------------------------------------------
Coordinates of the fitted metal site and RMSD
---------------------------------------------
   0.000   0.000   0.000   0.000
   0.464  -2.687  -1.251   1.371
   2.029   2.200  -0.205   2.015
   0.841   2.877   0.131   0.860
  -0.681  -0.007   2.922   0.686
   2.770   1.054  -0.468   1.176
  -2.690   0.776  -1.077   1.363
--------------------
Total RMSD:   1.316
--------------------
