-----------------------------------------------
Coordinates of template with ideal ctf geometry
-----------------------------------------------
   0.000   0.000   0.000
   1.964   0.000   2.268
   0.000   0.000  -3.000
  -1.964   1.964  -1.134
  -1.964   0.000   2.268
   1.964   1.964  -1.134
  -1.964  -1.964  -1.134
---------------------------------------------
Coordinates of the fitted metal site and RMSD
---------------------------------------------
   0.000   0.000   0.000   0.000
   2.516  -0.901   1.363   1.391
   0.058   1.966  -2.265   2.099
  -1.202   1.350  -2.394   1.596
  -2.142   1.105   1.786   1.219
   1.279   2.168  -1.633   0.872
  -1.326  -2.592  -0.725   0.984
--------------------
Total RMSD:   1.420
--------------------
