-----------------------------------------------
Coordinates of template with ideal pva geometry
-----------------------------------------------
   0.000   0.000   0.000
   0.000  -1.763  -2.427
   0.000   2.853   0.927
   0.000   0.000   3.000
   3.000   0.000   0.000
   0.000   1.763  -2.427
   0.000  -2.853   0.927
---------------------------------------------
Coordinates of the fitted metal site and RMSD
---------------------------------------------
   0.000   0.000   0.000   0.000
  -0.858  -0.973  -2.705   1.199
  -0.813   2.698   1.030   0.834
  -0.437   1.999   2.194   2.200
   2.949  -0.060   0.547   0.552
  -0.985   2.813  -0.344   2.532
  -0.828  -2.248   1.806   1.351
--------------------
Total RMSD:   1.608
--------------------
