-----------------------------------------------
Coordinates of template with ideal ctn geometry
-----------------------------------------------
   0.000   0.000   0.000
   1.964   0.000   2.268
   1.964   1.964  -1.134
  -1.964   1.964  -1.134
   1.964  -1.964  -1.134
  -1.964  -1.964  -1.134
   0.000   0.000  -3.000
---------------------------------------------
Coordinates of the fitted metal site and RMSD
---------------------------------------------
   0.000   0.000   0.000   0.000
   0.755   0.095   2.902   1.369
   1.953   2.212  -0.543   0.641
  -2.170   2.015   0.481   1.629
   1.995  -2.220  -0.302   0.871
  -2.258  -1.975   0.003   1.175
  -0.277  -0.096  -2.986   0.294
--------------------
Total RMSD:   1.093
--------------------
