-----------------------------------------------
Coordinates of template with ideal tpr geometry
-----------------------------------------------
   0.000   0.000   0.000
  -1.964  -1.964  -1.134
  -1.964   0.000   2.268
  -1.964   1.964  -1.134
   1.964  -1.964  -1.134
   1.964   1.964  -1.134
   1.964   0.000   2.268
---------------------------------------------
Coordinates of the fitted metal site and RMSD
---------------------------------------------
   0.000   0.000   0.000   0.000
  -1.798  -1.441  -1.921   0.959
  -1.684  -1.002   2.272   1.041
  -1.715   2.452  -0.207   1.077
   1.798  -2.400  -0.101   1.133
   1.826   1.496  -1.852   0.868
   1.802   1.024   2.169   1.042
--------------------
Total RMSD:   1.024
--------------------
