-----------------------------------------------
Coordinates of template with ideal ctf geometry
-----------------------------------------------
   0.000   0.000   0.000
  -1.964   1.964  -1.134
   1.964   0.000   2.268
   0.000   0.000  -3.000
   1.964   1.964  -1.134
  -1.964  -1.964  -1.134
  -1.964   0.000   2.268
---------------------------------------------
Coordinates of the fitted metal site and RMSD
---------------------------------------------
   0.000   0.000   0.000   0.000
  -2.113   1.580  -1.427   0.505
   2.125  -1.538   1.455   1.747
   1.110  -0.615  -2.718   1.300
   1.579   2.546   0.164   1.473
  -1.748  -2.430  -0.191   1.074
  -1.278   0.644   2.637   1.010
--------------------
Total RMSD:   1.248
--------------------
