-----------------------------------------------
Coordinates of template with ideal pva geometry
-----------------------------------------------
   0.000   0.000   0.000
   0.000  -2.853   0.927
   0.000   2.853   0.927
   0.000  -1.763  -2.427
   0.000   0.000   3.000
   0.000   1.763  -2.427
   3.000   0.000   0.000
---------------------------------------------
Coordinates of the fitted metal site and RMSD
---------------------------------------------
   0.000   0.000   0.000   0.000
   0.759  -2.883  -0.336   1.474
  -0.744   2.881   0.385   0.921
  -2.730  -0.804  -0.950   3.249
  -0.696  -0.671   2.840   0.980
   0.814   0.502  -2.843   1.558
   2.799   0.653   0.859   1.097
--------------------
Total RMSD:   1.740
--------------------
