-----------------------------------------------
Coordinates of template with ideal pvp geometry
-----------------------------------------------
   0.000   0.000   0.000
   0.000  -1.763  -2.427
   0.000   0.000   3.000
   0.000   1.763  -2.427
  -3.000   0.000   0.000
   3.000   0.000   0.000
   0.000  -2.853   0.927
---------------------------------------------
Coordinates of the fitted metal site and RMSD
---------------------------------------------
   0.000   0.000   0.000   0.000
  -0.045  -1.324  -2.692   0.515
   0.001   1.298   2.704   1.332
   0.046   2.603  -1.491   1.259
  -2.998  -0.089  -0.075   0.116
   2.999  -0.063  -0.066   0.091
   0.029  -2.685   1.338   0.444
--------------------
Total RMSD:   0.800
--------------------
