-----------------------------------------------
Coordinates of template with ideal tpr geometry
-----------------------------------------------
   0.000   0.000   0.000
  -1.964   0.000   2.268
   1.964   1.964  -1.134
  -1.964   1.964  -1.134
   1.964   0.000   2.268
  -1.964  -1.964  -1.134
   1.964  -1.964  -1.134
---------------------------------------------
Coordinates of the fitted metal site and RMSD
---------------------------------------------
   0.000   0.000   0.000   0.000
  -1.741  -1.192   2.133   1.220
   1.782   1.186  -2.102   1.255
  -1.851   2.359   0.071   1.273
   1.674   1.138   2.214   1.175
  -1.746  -1.276  -2.079   1.189
   1.710  -2.465  -0.003   1.263
--------------------
Total RMSD:   1.230
--------------------
