-----------------------------------------------
Coordinates of template with ideal ctf geometry
-----------------------------------------------
   0.000   0.000   0.000
  -1.964  -1.964  -1.134
  -1.964   0.000   2.268
   1.964   0.000   2.268
   0.000   0.000  -3.000
   1.964   1.964  -1.134
  -1.964   1.964  -1.134
---------------------------------------------
Coordinates of the fitted metal site and RMSD
---------------------------------------------
   0.000   0.000   0.000   0.000
  -1.779  -2.410  -0.171   1.077
  -1.287   0.602   2.642   0.980
   2.158  -1.531   1.415   1.763
   1.269  -0.542  -2.664   1.421
   1.653   2.503   0.051   1.339
  -2.174   1.522  -1.399   0.556
--------------------
Total RMSD:   1.248
--------------------
