-----------------------------------------------
Coordinates of template with ideal pvp geometry
-----------------------------------------------
   0.000   0.000   0.000
   0.000   1.763  -2.427
   3.000   0.000   0.000
   0.000   0.000   3.000
  -3.000   0.000   0.000
   0.000  -2.853   0.927
   0.000  -1.763  -2.427
---------------------------------------------
Coordinates of the fitted metal site and RMSD
---------------------------------------------
   0.000   0.000   0.000   0.000
   0.071   2.615  -1.468   1.285
   2.999   0.044  -0.041   0.060
   0.030   1.352   2.678   1.390
  -2.998  -0.103   0.010   0.104
  -0.104  -2.704   1.295   0.410
  -0.011  -1.339  -2.685   0.497
--------------------
Total RMSD:   0.818
--------------------
