-----------------------------------------------
Coordinates of template with ideal ctf geometry
-----------------------------------------------
   0.000   0.000   0.000
   0.000   0.000  -3.000
  -1.964   1.964  -1.134
  -1.964   0.000   2.268
   1.964   0.000   2.268
   1.964   1.964  -1.134
  -1.964  -1.964  -1.134
---------------------------------------------
Coordinates of the fitted metal site and RMSD
---------------------------------------------
   0.000   0.000   0.000   0.000
   1.140  -0.615  -2.706   1.329
  -2.166   1.540  -1.392   0.536
  -1.266   0.643   2.643   1.020
   2.127  -1.584   1.402   1.813
   1.678   2.483   0.139   1.404
  -1.679  -2.477  -0.212   1.092
--------------------
Total RMSD:   1.261
--------------------
