-----------------------------------------------
Coordinates of template with ideal oct geometry
-----------------------------------------------
   0.000   0.000   0.000
  -3.000   0.000   0.000
   0.000   3.000   0.000
   3.000   0.000   0.000
   0.000  -3.000   0.000
   0.000   0.000  -3.000
   0.000   0.000   3.000
---------------------------------------------
Coordinates of the fitted metal site and RMSD
---------------------------------------------
   0.000   0.000   0.000   0.000
  -2.998   0.095   0.027   0.099
  -0.021   3.000   0.025   0.032
   3.000   0.039   0.024   0.045
   0.036  -3.000   0.033   0.049
  -0.030   0.023  -3.000   0.038
  -0.033   0.014   3.000   0.036
--------------------
Total RMSD:   0.055
--------------------
