-----------------------------------------------
Coordinates of template with ideal tpr geometry
-----------------------------------------------
   0.000   0.000   0.000
   1.964   1.964  -1.134
   1.964  -1.964  -1.134
  -1.964  -1.964  -1.134
  -1.964   0.000   2.268
  -1.964   1.964  -1.134
   1.964   0.000   2.268
---------------------------------------------
Coordinates of the fitted metal site and RMSD
---------------------------------------------
   0.000   0.000   0.000   0.000
   1.801   2.399  -0.038   1.190
   1.756  -1.206  -2.113   1.256
  -1.695  -2.475  -0.021   1.254
  -1.731   1.170   2.153   1.198
  -1.705   1.250  -2.128   1.251
   1.763  -1.214   2.102   1.241
--------------------
Total RMSD:   1.232
--------------------
