-----------------------------------------------
Coordinates of template with ideal con geometry
-----------------------------------------------
   0.000   0.000   0.000
   1.732   1.732   1.732
   0.000   0.000   3.000
   0.000  -3.000   0.000
   3.000   0.000   0.000
  -3.000   0.000   0.000
   0.000   3.000   0.000
---------------------------------------------
Coordinates of the fitted metal site and RMSD
---------------------------------------------
   0.000   0.000   0.000   0.000
   0.508   2.514   1.557   1.462
   0.034  -1.514   2.590   1.569
  -0.433  -2.535  -1.545   1.670
   2.966  -0.354  -0.280   0.453
  -2.961   0.385   0.291   0.484
  -0.014   1.649  -2.506   2.847
--------------------
Total RMSD:   1.630
--------------------
