-----------------------------------------------
Coordinates of template with ideal ctf geometry
-----------------------------------------------
   0.000   0.000   0.000
  -1.964   1.964  -1.134
  -1.964   0.000   2.268
   1.964   0.000   2.268
   1.964   1.964  -1.134
  -1.964  -1.964  -1.134
   0.000   0.000  -3.000
---------------------------------------------
Coordinates of the fitted metal site and RMSD
---------------------------------------------
   0.000   0.000   0.000   0.000
  -2.146   1.590  -1.367   0.477
  -1.295   0.661   2.624   1.006
   2.178  -1.522   1.392   1.769
   1.661   2.493   0.158   1.429
  -1.682  -2.478  -0.179   1.121
   1.177  -0.583  -2.697   1.348
--------------------
Total RMSD:   1.257
--------------------
