-----------------------------------------------
Coordinates of template with ideal pvp geometry
-----------------------------------------------
   0.000   0.000   0.000
   0.000  -2.853   0.927
   0.000  -1.763  -2.427
   0.000   1.763  -2.427
   3.000   0.000   0.000
  -3.000   0.000   0.000
   0.000   0.000   3.000
---------------------------------------------
Coordinates of the fitted metal site and RMSD
---------------------------------------------
   0.000   0.000   0.000   0.000
   0.039  -2.676   1.355   0.464
  -0.021  -1.427  -2.639   0.398
   0.036   2.666  -1.375   1.387
   3.000  -0.015   0.018   0.023
  -3.000  -0.011   0.003   0.011
   0.015   1.284   2.711   1.316
--------------------
Total RMSD:   0.820
--------------------
