-----------------------------------------------
Coordinates of template with ideal tpr geometry
-----------------------------------------------
   0.000   0.000   0.000
  -1.964   1.964  -1.134
   1.964   1.964  -1.134
   1.964  -1.964  -1.134
  -1.964  -1.964  -1.134
   1.964   0.000   2.268
  -1.964   0.000   2.268
---------------------------------------------
Coordinates of the fitted metal site and RMSD
---------------------------------------------
   0.000   0.000   0.000   0.000
  -1.747   2.439  -0.023   1.228
   1.698   1.296  -2.107   1.209
   1.716  -2.460  -0.047   1.220
  -1.756  -1.203  -2.114   1.258
   1.734   1.227   2.118   1.257
  -1.787  -1.163   2.111   1.187
--------------------
Total RMSD:   1.227
--------------------
