-----------------------------------------------
Coordinates of template with ideal ctf geometry
-----------------------------------------------
   0.000   0.000   0.000
  -1.964   0.000   2.268
  -1.964  -1.964  -1.134
  -1.964   1.964  -1.134
   1.964   0.000   2.268
   1.964   1.964  -1.134
   0.000   0.000  -3.000
---------------------------------------------
Coordinates of the fitted metal site and RMSD
---------------------------------------------
   0.000   0.000   0.000   0.000
  -1.315   0.532   2.644   0.919
  -1.683  -2.476  -0.192   1.108
  -2.129   1.623  -1.354   0.439
   2.140  -1.561   1.409   1.790
   1.688   2.480  -0.057   1.225
   1.260  -0.594  -2.657   1.435
--------------------
Total RMSD:   1.227
--------------------
