-----------------------------------------------
Coordinates of template with ideal pvp geometry
-----------------------------------------------
   0.000   0.000   0.000
   0.000   1.763  -2.427
   0.000  -1.763  -2.427
   3.000   0.000   0.000
  -3.000   0.000   0.000
   0.000   0.000   3.000
   0.000  -2.853   0.927
---------------------------------------------
Coordinates of the fitted metal site and RMSD
---------------------------------------------
   0.000   0.000   0.000   0.000
   0.017   2.606  -1.485   1.264
   0.009  -1.372  -2.668   0.460
   2.999   0.043   0.054   0.069
  -3.000   0.035  -0.026   0.044
   0.103   1.169   2.761   1.198
  -0.004  -2.647   1.412   0.527
--------------------
Total RMSD:   0.767
--------------------
