-----------------------------------------------
Coordinates of template with ideal ctf geometry
-----------------------------------------------
   0.000   0.000   0.000
   0.000   0.000  -3.000
  -1.964  -1.964  -1.134
  -1.964   0.000   2.268
   1.964   1.964  -1.134
  -1.964   1.964  -1.134
   1.964   0.000   2.268
---------------------------------------------
Coordinates of the fitted metal site and RMSD
---------------------------------------------
   0.000   0.000   0.000   0.000
   1.212  -0.582  -2.682   1.381
  -1.703  -2.463  -0.174   1.113
  -1.250   0.629   2.654   1.027
   1.668   2.489   0.150   1.418
  -2.149   1.544  -1.413   0.537
   2.162  -1.557   1.380   1.803
--------------------
Total RMSD:   1.275
--------------------
