-----------------------------------------------
Coordinates of template with ideal oct geometry
-----------------------------------------------
   0.000   0.000   0.000
   0.000   0.000   3.000
   0.000   3.000   0.000
   0.000   0.000  -3.000
   0.000  -3.000   0.000
  -3.000   0.000   0.000
   3.000   0.000   0.000
---------------------------------------------
Coordinates of the fitted metal site and RMSD
---------------------------------------------
   0.000   0.000   0.000   0.000
  -0.055  -0.031   2.999   0.063
  -0.028   3.000  -0.023   0.037
  -0.010   0.016  -3.000   0.019
  -0.022  -3.000   0.025   0.033
  -3.000   0.006   0.041   0.041
   3.000  -0.001  -0.003   0.004
--------------------
Total RMSD:   0.038
--------------------
