-----------------------------------------------
Coordinates of template with ideal tpr geometry
-----------------------------------------------
   0.000   0.000   0.000
   1.964  -1.964  -1.134
  -1.964   1.964  -1.134
  -1.964   0.000   2.268
   1.964   0.000   2.268
   1.964   1.964  -1.134
  -1.964  -1.964  -1.134
---------------------------------------------
Coordinates of the fitted metal site and RMSD
---------------------------------------------
   0.000   0.000   0.000   0.000
   1.784  -1.187  -2.100   1.252
  -1.726   1.263  -2.104   1.220
  -1.738   1.234   2.111   1.264
   1.756  -1.223   2.103   1.251
   1.752   2.435  -0.025   1.224
  -1.734  -2.448  -0.006   1.249
--------------------
Total RMSD:   1.244
--------------------
