-----------------------------------------------
Coordinates of template with ideal spy geometry
-----------------------------------------------
   0.000   0.000   0.000
   0.000   0.000   3.000
   0.000   3.000   0.000
  -3.000   0.000   0.000
   0.000  -3.000   0.000
   3.000   0.000   0.000
---------------------------------------------
Coordinates of the fitted metal site and RMSD
---------------------------------------------
   0.000   0.000   0.000   0.000
   1.727   0.115   2.450   1.816
   0.660   2.919  -0.216   0.699
  -2.592  -0.663  -1.356   1.564
   0.537  -2.933  -0.331   0.635
   2.927  -0.541   0.371   0.660
--------------------
Total RMSD:   1.189
--------------------
