-----------------------------------------------
Coordinates of template with ideal tpv geometry
-----------------------------------------------
   0.000   0.000   0.000
  -1.964  -1.964  -1.134
  -1.964   1.964  -1.134
   1.964   1.964  -1.134
   1.964   0.000   2.268
  -1.964   0.000   2.268
---------------------------------------------
Coordinates of the fitted metal site and RMSD
---------------------------------------------
   0.000   0.000   0.000   0.000
  -1.854  -2.353   0.158   1.353
  -2.327   1.343  -1.335   0.746
   2.614   1.234  -0.803   1.032
   1.574  -0.989   2.355   1.067
  -1.873  -0.887   2.169   0.897
--------------------
Total RMSD:   1.039
--------------------
