-----------------------------------------------
Coordinates of template with ideal ctf geometry
-----------------------------------------------
   0.000   0.000   0.000
   1.964   0.000   2.268
  -1.964   1.964  -1.134
   0.000   0.000  -3.000
  -1.964  -1.964  -1.134
   1.964   1.964  -1.134
  -1.964   0.000   2.268
---------------------------------------------
Coordinates of the fitted metal site and RMSD
---------------------------------------------
   0.000   0.000   0.000   0.000
   2.066  -1.463   1.610   1.608
  -2.125   1.642  -1.337   0.414
   1.132  -0.612  -2.710   1.320
  -1.733  -2.442  -0.193   1.080
   1.627   2.518   0.114   1.406
  -1.189   0.620   2.684   1.076
--------------------
Total RMSD:   1.211
--------------------
