-----------------------------------------------
Coordinates of template with ideal tpr geometry
-----------------------------------------------
   0.000   0.000   0.000
  -1.964   0.000   2.268
   1.964   1.964  -1.134
   1.964  -1.964  -1.134
  -1.964  -1.964  -1.134
   1.964   0.000   2.268
  -1.964   1.964  -1.134
---------------------------------------------
Coordinates of the fitted metal site and RMSD
---------------------------------------------
   0.000   0.000   0.000   0.000
  -1.851  -0.989   2.144   1.003
   1.755   1.295  -2.060   1.161
   1.786  -2.409  -0.095   1.144
  -1.698  -1.196  -2.165   1.313
   1.791   1.249   2.057   1.279
  -1.770   2.422   0.036   1.271
--------------------
Total RMSD:   1.200
--------------------
