-----------------------------------------------
Coordinates of template with ideal cof geometry
-----------------------------------------------
   0.000   0.000   0.000
   1.732   1.732   1.732
   3.000   0.000   0.000
  -3.000   0.000   0.000
   0.000   3.000   0.000
   0.000   0.000  -3.000
   0.000  -3.000   0.000
---------------------------------------------
Coordinates of the fitted metal site and RMSD
---------------------------------------------
   0.000   0.000   0.000   0.000
   0.734   0.611   2.844   1.868
   2.986  -0.022  -0.288   0.289
  -2.957   0.034   0.507   0.510
  -0.055   2.983  -0.316   0.321
  -0.423  -0.401  -2.943   0.586
   0.072  -2.944   0.572   0.579
--------------------
Total RMSD:   0.877
--------------------
