-----------------------------------------------
Coordinates of template with ideal con geometry
-----------------------------------------------
   0.000   0.000   0.000
   1.732   1.732   1.732
   0.000   3.000   0.000
   0.000  -3.000   0.000
   0.000   0.000   3.000
  -3.000   0.000   0.000
   3.000   0.000   0.000
---------------------------------------------
Coordinates of the fitted metal site and RMSD
---------------------------------------------
   0.000   0.000   0.000   0.000
   2.404   0.722   1.643   1.216
  -0.195   2.987  -0.201   0.280
   0.393  -2.959   0.296   0.493
  -1.442   0.036   2.631   1.489
  -2.570  -0.404  -1.494   1.607
   1.663  -0.021  -2.497   2.832
--------------------
Total RMSD:   1.561
--------------------
