-----------------------------------------------
Coordinates of template with ideal ctf geometry
-----------------------------------------------
   0.000   0.000   0.000
   1.964   1.964  -1.134
   0.000   0.000  -3.000
  -1.964   0.000   2.268
  -1.964   1.964  -1.134
  -1.964  -1.964  -1.134
   1.964   0.000   2.268
---------------------------------------------
Coordinates of the fitted metal site and RMSD
---------------------------------------------
   0.000   0.000   0.000   0.000
   1.643   2.508  -0.108   1.205
   1.379  -0.474  -2.622   1.507
  -1.244   0.647   2.652   1.041
  -2.097   1.667  -1.351   0.391
  -1.674  -2.474  -0.277   1.038
   2.229  -1.448   1.391   1.713
--------------------
Total RMSD:   1.223
--------------------
