-----------------------------------------------
Coordinates of template with ideal ctn geometry
-----------------------------------------------
   0.000   0.000   0.000
   0.000   0.000  -3.000
   1.964   1.964  -1.134
  -1.964  -1.964  -1.134
   1.964  -1.964  -1.134
   1.964   0.000   2.268
  -1.964   1.964  -1.134
---------------------------------------------
Coordinates of the fitted metal site and RMSD
---------------------------------------------
   0.000   0.000   0.000   0.000
  -0.256   0.080  -2.988   0.269
   2.029   2.134  -0.572   0.591
  -2.089  -2.123   0.359   1.507
   2.034  -2.141  -0.527   0.636
   0.634  -0.008   2.932   1.487
  -2.100   2.124   0.277   1.426
--------------------
Total RMSD:   1.106
--------------------
