-----------------------------------------------
Coordinates of template with ideal pva geometry
-----------------------------------------------
   0.000   0.000   0.000
   0.000   0.000   3.000
   0.000  -2.853   0.927
   0.000   1.763  -2.427
   0.000   2.853   0.927
   3.000   0.000   0.000
   0.000  -1.763  -2.427
---------------------------------------------
Coordinates of the fitted metal site and RMSD
---------------------------------------------
   0.000   0.000   0.000   0.000
  -2.682  -0.097   1.340   3.156
   0.588  -2.122   2.038   1.454
  -0.801   2.109  -1.978   0.981
   0.593   2.154   2.002   1.413
   2.832   0.028  -0.989   1.003
  -0.841  -2.139  -1.928   1.048
--------------------
Total RMSD:   1.690
--------------------
