-----------------------------------------------
Coordinates of template with ideal cof geometry
-----------------------------------------------
   0.000   0.000   0.000
   0.000   0.000  -3.000
   3.000   0.000   0.000
  -3.000   0.000   0.000
   0.000  -3.000   0.000
   1.732   1.732   1.732
   0.000   3.000   0.000
---------------------------------------------
Coordinates of the fitted metal site and RMSD
---------------------------------------------
   0.000   0.000   0.000   0.000
  -0.385  -0.469  -2.938   0.610
   2.971   0.001  -0.417   0.418
  -2.975  -0.013   0.389   0.390
   0.038  -2.971   0.412   0.415
   0.787   0.511   2.849   1.906
  -0.106   2.961  -0.469   0.482
--------------------
Total RMSD:   0.888
--------------------
