-----------------------------------------------
Coordinates of template with ideal con geometry
-----------------------------------------------
   0.000   0.000   0.000
   0.000   0.000   3.000
   1.732   1.732   1.732
  -3.000   0.000   0.000
   0.000   3.000   0.000
   3.000   0.000   0.000
   0.000  -3.000   0.000
---------------------------------------------
Coordinates of the fitted metal site and RMSD
---------------------------------------------
   0.000   0.000   0.000   0.000
  -1.502   0.060   2.596   1.557
   2.555   0.476   1.499   1.520
  -2.571  -0.468  -1.473   1.604
  -0.429   2.959  -0.251   0.499
   1.845  -0.040  -2.365   2.633
   0.344  -2.967   0.279   0.444
--------------------
Total RMSD:   1.564
--------------------
