-----------------------------------------------
Coordinates of template with ideal ctn geometry
-----------------------------------------------
   0.000   0.000   0.000
   0.000   0.000  -3.000
   1.964  -1.964  -1.134
  -1.964   1.964  -1.134
  -1.964  -1.964  -1.134
   1.964   0.000   2.268
   1.964   1.964  -1.134
---------------------------------------------
Coordinates of the fitted metal site and RMSD
---------------------------------------------
   0.000   0.000   0.000   0.000
  -0.456  -0.072  -2.964   0.463
   2.116  -2.105  -0.301   0.858
  -2.126   2.099   0.272   1.422
  -2.096  -2.122   0.317   1.466
   0.773  -0.183   2.893   1.357
   2.044   2.163  -0.377   0.787
--------------------
Total RMSD:   1.124
--------------------
