-----------------------------------------------
Coordinates of template with ideal oct geometry
-----------------------------------------------
   0.000   0.000   0.000
   0.000   0.000  -3.000
  -3.000   0.000   0.000
   3.000   0.000   0.000
   0.000   3.000   0.000
   0.000   0.000   3.000
   0.000  -3.000   0.000
---------------------------------------------
Coordinates of the fitted metal site and RMSD
---------------------------------------------
   0.000   0.000   0.000   0.000
  -0.109   0.000  -2.998   0.109
  -2.999   0.006   0.082   0.082
   2.998   0.001  -0.112   0.112
   0.026   2.999  -0.057   0.063
  -0.302  -0.046   2.984   0.306
   0.032  -3.000  -0.011   0.034
--------------------
Total RMSD:   0.147
--------------------
