-----------------------------------------------
Coordinates of template with ideal tpr geometry
-----------------------------------------------
   0.000   0.000   0.000
   1.964   1.964  -1.134
  -1.964   1.964  -1.134
   1.964   0.000   2.268
  -1.964   0.000   2.268
  -1.964  -1.964  -1.134
   1.964  -1.964  -1.134
---------------------------------------------
Coordinates of the fitted metal site and RMSD
---------------------------------------------
   0.000   0.000   0.000   0.000
   1.675   2.488  -0.078   1.214
  -1.768   1.156  -2.130   1.297
   1.781  -1.128   2.134   1.151
  -1.692   1.273   2.126   1.310
  -1.876  -2.328  -0.247   0.963
   1.764  -1.241  -2.085   1.211
--------------------
Total RMSD:   1.196
--------------------
