-----------------------------------------------
Coordinates of template with ideal cof geometry
-----------------------------------------------
   0.000   0.000   0.000
   0.000   0.000  -3.000
   3.000   0.000   0.000
   0.000  -3.000   0.000
   1.732   1.732   1.732
  -3.000   0.000   0.000
   0.000   3.000   0.000
---------------------------------------------
Coordinates of the fitted metal site and RMSD
---------------------------------------------
   0.000   0.000   0.000   0.000
  -0.481  -0.454  -2.926   0.666
   2.975  -0.039  -0.383   0.385
   0.077  -2.971   0.411   0.419
   0.550   0.549   2.898   2.038
  -2.959   0.063   0.492   0.497
  -0.026   2.960  -0.490   0.493
--------------------
Total RMSD:   0.950
--------------------
