-----------------------------------------------
Coordinates of template with ideal ctf geometry
-----------------------------------------------
   0.000   0.000   0.000
   1.964   1.964  -1.134
  -1.964   0.000   2.268
   1.964   0.000   2.268
  -1.964  -1.964  -1.134
   0.000   0.000  -3.000
  -1.964   1.964  -1.134
---------------------------------------------
Coordinates of the fitted metal site and RMSD
---------------------------------------------
   0.000   0.000   0.000   0.000
   1.666   2.489   0.170   1.437
  -1.280   0.557   2.655   0.963
   2.166  -1.503   1.432   1.731
  -1.764  -2.422  -0.151   1.102
   1.214  -0.648  -2.666   1.416
  -2.154   1.575  -1.371   0.493
--------------------
Total RMSD:   1.255
--------------------
