-----------------------------------------------
Coordinates of template with ideal ctn geometry
-----------------------------------------------
   0.000   0.000   0.000
   1.964  -1.964  -1.134
   1.964   1.964  -1.134
   1.964   0.000   2.268
  -1.964   1.964  -1.134
  -1.964  -1.964  -1.134
   0.000   0.000  -3.000
---------------------------------------------
Coordinates of the fitted metal site and RMSD
---------------------------------------------
   0.000   0.000   0.000   0.000
   2.081  -2.125  -0.392   0.768
   2.023   2.186  -0.361   0.806
   0.612   0.005   2.937   1.508
  -2.047   2.174   0.287   1.439
  -2.103  -2.107   0.369   1.517
  -0.519  -0.011  -2.955   0.521
--------------------
Total RMSD:   1.166
--------------------
