-----------------------------------------------
Coordinates of template with ideal pvp geometry
-----------------------------------------------
   0.000   0.000   0.000
   0.000  -2.853   0.927
   3.000   0.000   0.000
   0.000   0.000   3.000
   0.000   1.763  -2.427
  -3.000   0.000   0.000
   0.000  -1.763  -2.427
---------------------------------------------
Coordinates of the fitted metal site and RMSD
---------------------------------------------
   0.000   0.000   0.000   0.000
  -0.013  -2.684   1.341   0.448
   2.999   0.078  -0.035   0.086
   0.061   1.308   2.699   1.343
   0.083   2.638  -1.427   1.331
  -3.000   0.019  -0.022   0.029
   0.003  -1.371  -2.668   0.460
--------------------
Total RMSD:   0.816
--------------------
