-----------------------------------------------
Coordinates of template with ideal tpr geometry
-----------------------------------------------
   0.000   0.000   0.000
  -1.964   1.964  -1.134
   1.964  -1.964  -1.134
  -1.964  -1.964  -1.134
   1.964   0.000   2.268
  -1.964   0.000   2.268
   1.964   1.964  -1.134
---------------------------------------------
Coordinates of the fitted metal site and RMSD
---------------------------------------------
   0.000   0.000   0.000   0.000
  -1.719   1.252  -2.116   1.238
   1.783  -1.263  -2.056   1.172
  -1.733  -2.447  -0.092   1.171
   1.815  -1.200   2.065   1.226
  -1.716   1.222   2.136   1.254
   1.730   2.451  -0.003   1.254
--------------------
Total RMSD:   1.220
--------------------
