-----------------------------------------------
Coordinates of template with ideal tpv geometry
-----------------------------------------------
   0.000   0.000   0.000
  -1.964   0.000   2.268
  -1.964  -1.964  -1.134
  -1.964   1.964  -1.134
   1.964   1.964  -1.134
   1.964   0.000   2.268
---------------------------------------------
Coordinates of the fitted metal site and RMSD
---------------------------------------------
   0.000   0.000   0.000   0.000
  -1.567   0.720   2.455   0.843
  -0.856  -2.579  -1.271   1.275
  -2.130   1.480  -1.508   0.634
   2.093   1.879  -1.042   0.180
   1.991  -1.439   1.722   1.539
--------------------
Total RMSD:   1.014
--------------------
