-----------------------------------------------
Coordinates of template with ideal con geometry
-----------------------------------------------
   0.000   0.000   0.000
   1.732   1.732   1.732
   0.000   3.000   0.000
  -3.000   0.000   0.000
   3.000   0.000   0.000
   0.000  -3.000   0.000
   0.000   0.000   3.000
---------------------------------------------
Coordinates of the fitted metal site and RMSD
---------------------------------------------
   0.000   0.000   0.000   0.000
   0.785   2.861   0.442   1.959
   0.082   2.932  -0.630   0.639
  -2.915   0.480  -0.520   0.713
   2.923  -0.347  -0.579   0.679
  -0.290  -2.726  -1.219   1.283
  -0.257  -0.807   2.878   0.856
--------------------
Total RMSD:   1.125
--------------------
