-----------------------------------------------
Coordinates of template with ideal ctn geometry
-----------------------------------------------
   0.000   0.000   0.000
   0.000   0.000  -3.000
  -1.964  -1.964  -1.134
  -1.964   1.964  -1.134
   1.964  -1.964  -1.134
   1.964   0.000   2.268
   1.964   1.964  -1.134
---------------------------------------------
Coordinates of the fitted metal site and RMSD
---------------------------------------------
   0.000   0.000   0.000   0.000
  -0.973  -1.039  -2.641   1.468
  -1.990  -1.225  -1.881   1.051
  -2.404   1.669   0.662   1.873
   1.790  -2.405  -0.109   1.129
   0.827   0.151   2.880   1.300
   1.726   2.222  -1.041   0.362
--------------------
Total RMSD:   1.282
--------------------
