-----------------------------------------------
Coordinates of template with ideal pva geometry
-----------------------------------------------
   0.000   0.000   0.000
   0.000   2.853   0.927
   0.000   0.000   3.000
   0.000  -2.853   0.927
   0.000   1.763  -2.427
   0.000  -1.763  -2.427
   3.000   0.000   0.000
---------------------------------------------
Coordinates of the fitted metal site and RMSD
---------------------------------------------
   0.000   0.000   0.000   0.000
  -0.223   2.070   2.160   1.477
  -1.207   1.289   2.425   1.857
  -0.291  -2.416   1.755   0.981
  -0.807   2.276  -1.780   1.154
  -0.613  -1.724  -2.377   0.617
   2.992  -0.049  -0.217   0.222
--------------------
Total RMSD:   1.180
--------------------
