-----------------------------------------------
Coordinates of template with ideal tpr geometry
-----------------------------------------------
   0.000   0.000   0.000
  -1.964  -1.964  -1.134
  -1.964   1.964  -1.134
   1.964   1.964  -1.134
  -1.964   0.000   2.268
   1.964   0.000   2.268
   1.964  -1.964  -1.134
---------------------------------------------
Coordinates of the fitted metal site and RMSD
---------------------------------------------
   0.000   0.000   0.000   0.000
  -2.430  -0.201  -1.748   1.924
  -2.252   1.068  -1.670   1.083
   1.516   1.970  -1.679   0.706
  -1.869  -1.016   2.116   1.032
   1.820   0.643   2.296   0.659
   1.404  -2.472  -0.959   0.776
--------------------
Total RMSD:   1.116
--------------------
