-----------------------------------------------
Coordinates of template with ideal cof geometry
-----------------------------------------------
   0.000   0.000   0.000
  -3.000   0.000   0.000
   0.000   3.000   0.000
   1.732   1.732   1.732
   0.000   0.000  -3.000
   3.000   0.000   0.000
   0.000  -3.000   0.000
---------------------------------------------
Coordinates of the fitted metal site and RMSD
---------------------------------------------
   0.000   0.000   0.000   0.000
  -2.956  -0.018   0.513   0.515
   0.032   2.958  -0.500   0.503
   0.551   0.518   2.903   2.059
  -0.433  -0.438  -2.936   0.619
   2.972   0.000  -0.411   0.412
   0.034  -2.967   0.440   0.442
--------------------
Total RMSD:   0.958
--------------------
