-----------------------------------------------
Coordinates of template with ideal con geometry
-----------------------------------------------
   0.000   0.000   0.000
  -3.000   0.000   0.000
   3.000   0.000   0.000
   0.000   3.000   0.000
   0.000  -3.000   0.000
   1.732   1.732   1.732
   0.000   0.000   3.000
---------------------------------------------
Coordinates of the fitted metal site and RMSD
---------------------------------------------
   0.000   0.000   0.000   0.000
  -2.555  -0.448  -1.507   1.634
   1.646  -0.043  -2.508   2.851
  -0.296   2.972  -0.284   0.411
   0.441  -2.955   0.276   0.522
   2.524   0.546   1.526   1.441
  -1.577   0.006   2.552   1.639
--------------------
Total RMSD:   1.633
--------------------
