-----------------------------------------------
Coordinates of template with ideal ctf geometry
-----------------------------------------------
   0.000   0.000   0.000
   1.964   0.000   2.268
  -1.964  -1.964  -1.134
  -1.964   0.000   2.268
   0.000   0.000  -3.000
  -1.964   1.964  -1.134
   1.964   1.964  -1.134
---------------------------------------------
Coordinates of the fitted metal site and RMSD
---------------------------------------------
   0.000   0.000   0.000   0.000
   2.181  -1.507   1.405   1.750
  -1.725  -2.444  -0.232   1.049
  -1.314   0.640   2.620   0.977
   1.182  -0.645  -2.681   1.384
  -2.202   1.555  -1.315   0.507
   1.692   2.473   0.154   1.411
--------------------
Total RMSD:   1.244
--------------------
