-----------------------------------------------
Coordinates of template with ideal oct geometry
-----------------------------------------------
   0.000   0.000   0.000
   0.000  -3.000   0.000
   3.000   0.000   0.000
   0.000   0.000  -3.000
   0.000   0.000   3.000
   0.000   3.000   0.000
  -3.000   0.000   0.000
---------------------------------------------
Coordinates of the fitted metal site and RMSD
---------------------------------------------
   0.000   0.000   0.000   0.000
  -0.057  -2.999  -0.030   0.065
   2.999   0.078   0.018   0.080
   0.048   0.079  -2.999   0.093
   0.034   0.041   3.000   0.054
   0.024   2.999  -0.068   0.072
  -3.000  -0.003   0.032   0.032
--------------------
Total RMSD:   0.069
--------------------
