-----------------------------------------------
Coordinates of template with ideal pvp geometry
-----------------------------------------------
   0.000   0.000   0.000
   0.000   1.763  -2.427
   0.000   0.000   3.000
  -3.000   0.000   0.000
   3.000   0.000   0.000
   0.000  -2.853   0.927
   0.000  -1.763  -2.427
---------------------------------------------
Coordinates of the fitted metal site and RMSD
---------------------------------------------
   0.000   0.000   0.000   0.000
  -0.028   2.647  -1.412   1.346
   0.012   1.292   2.708   1.325
  -2.999  -0.049   0.073   0.088
   2.999  -0.021   0.055   0.059
  -0.071  -2.662   1.382   0.499
   0.037  -1.359  -2.674   0.476
--------------------
Total RMSD:   0.822
--------------------
