-----------------------------------------------
Coordinates of template with ideal coc geometry
-----------------------------------------------
   0.000   0.000   0.000
   0.000   3.000   0.000
   0.000   0.000   3.000
   1.732   1.732   1.732
   0.000   0.000  -3.000
  -3.000   0.000   0.000
   0.000  -3.000   0.000
   3.000   0.000   0.000
---------------------------------------------
Coordinates of the fitted metal site and RMSD
---------------------------------------------
   0.000   0.000   0.000   0.000
  -0.146   2.988   0.221   0.265
  -0.784  -0.174   2.890   0.811
   2.704   1.242   0.381   1.735
  -0.025   0.215  -2.992   0.217
  -2.995  -0.062   0.157   0.169
   0.657  -2.925   0.112   0.670
   2.907  -0.020   0.740   0.746
--------------------
Total RMSD:   0.830
--------------------
