-----------------------------------------------
Coordinates of template with ideal cuv geometry
-----------------------------------------------
   0.000   0.000   0.000
  -1.732   1.732   1.732
  -1.732  -1.732  -1.732
  -1.732  -1.732   1.732
   1.732   1.732   1.732
  -1.732   1.732  -1.732
   1.732  -1.732  -1.732
   1.732  -1.732   1.732
---------------------------------------------
Coordinates of the fitted metal site and RMSD
---------------------------------------------
   0.000   0.000   0.000   0.000
  -2.213   0.947   1.791   0.923
  -2.055  -1.431  -1.652   0.449
  -0.238  -1.664   2.485   1.674
   1.839   2.058   1.176   0.653
  -1.009   1.899  -2.092   0.824
   2.110  -1.490  -1.526   0.494
   0.440  -2.457   1.664   1.483
--------------------
Total RMSD:   1.029
--------------------
