-----------------------------------------------
Coordinates of template with ideal hva geometry
-----------------------------------------------
   0.000   0.000   0.000
   0.000   2.598   1.500
   0.000   0.000  -3.000
   0.000   0.000   3.000
   3.000   0.000   0.000
   0.000   2.598  -1.500
   0.000  -2.598  -1.500
   0.000  -2.598   1.500
---------------------------------------------
Coordinates of the fitted metal site and RMSD
---------------------------------------------
   0.000   0.000   0.000   0.000
  -0.673   2.286   1.822   0.809
  -2.712   0.297  -1.247   3.243
  -0.891  -0.933   2.708   1.323
   2.902   0.285   0.707   0.768
   0.212   1.977  -2.246   0.994
   0.276  -2.598  -1.474   0.278
  -1.067  -2.011   1.953   1.300
--------------------
Total RMSD:   1.524
--------------------
