-----------------------------------------------
Coordinates of template with ideal hvp geometry
-----------------------------------------------
   0.000   0.000   0.000
   0.000  -2.598   1.500
  -3.000   0.000   0.000
   0.000  -2.598  -1.500
   3.000   0.000   0.000
   0.000   0.000   3.000
   0.000   2.598  -1.500
   0.000   0.000  -3.000
---------------------------------------------
Coordinates of the fitted metal site and RMSD
---------------------------------------------
   0.000   0.000   0.000   0.000
  -0.079  -2.847   0.941   0.617
  -2.967   0.140   0.423   0.447
  -0.000  -1.948  -2.281   1.016
   2.976   0.045   0.372   0.376
  -0.505   0.850   2.832   1.003
  -0.189   2.623  -1.444   0.198
  -0.399  -0.821  -2.858   0.924
--------------------
Total RMSD:   0.722
--------------------
