-----------------------------------------------
Coordinates of template with ideal sav geometry
-----------------------------------------------
   0.000   0.000   0.000
  -2.449   0.000   1.732
   0.000  -2.449   1.732
   0.000   2.449   1.732
  -1.732   1.732  -1.732
  -1.732  -1.732  -1.732
   1.732  -1.732  -1.732
   2.449   0.000   1.732
---------------------------------------------
Coordinates of the fitted metal site and RMSD
---------------------------------------------
   0.000   0.000   0.000   0.000
  -2.171   0.807   1.907   0.871
   0.234  -2.595   1.487   0.369
   1.011   1.810   2.168   1.273
  -0.827   2.190  -1.876   1.025
  -1.925  -1.954  -1.215   0.595
   2.541  -0.711  -1.428   1.338
   2.122   1.233   1.725   1.276
--------------------
Total RMSD:   1.024
--------------------
