-----------------------------------------------
Coordinates of template with ideal cof geometry
-----------------------------------------------
   0.000   0.000   0.000
   0.000  -3.000   0.000
   0.000   0.000  -3.000
   3.000   0.000   0.000
   0.000   3.000   0.000
   1.732   1.732   1.732
  -3.000   0.000   0.000
---------------------------------------------
Coordinates of the fitted metal site and RMSD
---------------------------------------------
   0.000   0.000   0.000   0.000
  -0.250  -2.713   1.257   1.313
   0.147   0.412  -2.968   0.439
   2.623   1.454  -0.067   1.504
   1.309   2.457   1.119   1.806
   1.291   2.138   1.662   0.603
  -2.961   0.384   0.294   0.485
--------------------
Total RMSD:   1.157
--------------------
