-----------------------------------------------
Coordinates of template with ideal con geometry
-----------------------------------------------
   0.000   0.000   0.000
   0.000  -3.000   0.000
   0.000   3.000   0.000
   3.000   0.000   0.000
   1.732   1.732   1.732
   0.000   0.000   3.000
  -3.000   0.000   0.000
---------------------------------------------
Coordinates of the fitted metal site and RMSD
---------------------------------------------
   0.000   0.000   0.000   0.000
  -0.330  -2.784  -1.067   1.138
   0.240   2.406  -1.776   1.887
   2.647   0.979   1.017   1.455
   1.315   0.872   2.552   1.259
   1.277   0.261   2.702   1.337
  -2.961   0.153   0.455   0.481
--------------------
Total RMSD:   1.328
--------------------
