-----------------------------------------------
Coordinates of template with ideal pva geometry
-----------------------------------------------
   0.000   0.000   0.000
   0.000  -2.853   0.927
   0.000   2.853   0.927
   0.000   1.763  -2.427
   3.000   0.000   0.000
   0.000  -1.763  -2.427
   0.000   0.000   3.000
---------------------------------------------
Coordinates of the fitted metal site and RMSD
---------------------------------------------
   0.000   0.000   0.000   0.000
  -1.894  -2.274   0.493   2.027
  -0.777   2.874   0.368   0.957
   0.625   0.936  -2.781   1.095
   2.290   0.129  -1.934   2.064
   2.212  -0.495  -1.965   2.591
   1.187  -0.427   2.722   1.292
--------------------
Total RMSD:   1.773
--------------------
