-----------------------------------------------
Coordinates of template with ideal tpr geometry
-----------------------------------------------
   0.000   0.000   0.000
  -1.964  -1.964  -1.134
  -1.964   1.964  -1.134
   1.964   1.964  -1.134
   1.964   0.000   2.268
   1.964  -1.964  -1.134
  -1.964   0.000   2.268
---------------------------------------------
Coordinates of the fitted metal site and RMSD
---------------------------------------------
   0.000   0.000   0.000   0.000
  -1.466  -2.286  -1.275   0.609
  -0.760   2.869  -0.438   1.659
   2.640   0.950  -1.063   1.221
   2.890   0.149   0.790   1.750
   2.876  -0.476   0.710   2.539
  -1.567  -0.431   2.521   0.638
--------------------
Total RMSD:   1.556
--------------------
