-----------------------------------------------
Coordinates of template with ideal boc geometry
-----------------------------------------------
   0.000   0.000   0.000
   0.000   0.000  -3.000
   0.000  -3.000   0.000
   1.732   1.732   1.732
  -1.732  -1.732  -1.732
   3.000   0.000   0.000
  -3.000   0.000   0.000
   0.000   3.000   0.000
   0.000   0.000   3.000
---------------------------------------------
Coordinates of the fitted metal site and RMSD
---------------------------------------------
   0.000   0.000   0.000   0.000
  -0.050   1.762  -2.427   1.854
   0.005  -2.667   1.373   1.413
   1.998   1.352   1.783   0.467
  -0.315  -2.495  -1.635   1.612
   2.803   0.367   1.005   1.088
  -2.847   0.131   0.937   0.959
   1.127   2.284   1.585   2.072
   0.656   1.727   2.364   1.953
--------------------
Total RMSD:   1.519
--------------------
