-----------------------------------------------
Coordinates of template with ideal btt geometry
-----------------------------------------------
   0.000   0.000   0.000
   1.964  -1.964  -1.134
   1.964   1.964  -1.134
  -3.000   0.000   0.000
   3.000   0.000   0.000
  -1.964   1.964  -1.134
   1.964   0.000   2.268
  -1.964  -1.964  -1.134
  -1.964   0.000   2.268
---------------------------------------------
Coordinates of the fitted metal site and RMSD
---------------------------------------------
   0.000   0.000   0.000   0.000
   0.454  -2.743  -1.127   1.699
   0.700   2.894   0.367   2.171
  -2.970   0.352  -0.240   0.427
   2.550   1.055  -1.176   1.642
  -2.426   0.922  -1.505   1.199
   1.033  -0.286   2.802   1.111
  -2.874  -0.717   0.478   2.232
  -2.741   0.040   1.219   1.305
--------------------
Total RMSD:   1.575
--------------------
