-----------------------------------------------
Coordinates of template with ideal cub geometry
-----------------------------------------------
   0.000   0.000   0.000
  -1.732  -1.732   1.732
  -1.732   1.732  -1.732
   1.732   1.732  -1.732
  -1.732   1.732   1.732
   1.732   1.732   1.732
  -1.732  -1.732  -1.732
   1.732  -1.732   1.732
   1.732  -1.732  -1.732
---------------------------------------------
Coordinates of the fitted metal site and RMSD
---------------------------------------------
   0.000   0.000   0.000   0.000
  -0.333  -1.673   2.468   1.582
  -0.708   2.299  -1.793   1.172
   2.979   0.182  -0.303   2.449
  -2.359   1.723   0.683   1.222
   2.615   1.380   0.505   1.552
  -1.400  -1.650  -2.078   0.487
   2.776  -1.093  -0.317   2.386
   2.554  -0.840  -1.330   1.278
--------------------
Total RMSD:   1.633
--------------------
