-----------------------------------------------
Coordinates of template with ideal hbp geometry
-----------------------------------------------
   0.000   0.000   0.000
   0.000  -2.598  -1.500
   0.000   0.000   3.000
   0.000   2.598   1.500
   0.000  -2.598   1.500
   3.000   0.000   0.000
  -3.000   0.000   0.000
   0.000   0.000  -3.000
   0.000   2.598  -1.500
---------------------------------------------
Coordinates of the fitted metal site and RMSD
---------------------------------------------
   0.000   0.000   0.000   0.000
   0.309  -1.973  -2.238   1.015
  -0.126   0.764   2.898   0.781
   1.586   2.362  -0.950   2.929
   0.091  -2.149   2.091   0.748
   2.559   1.558  -0.157   1.627
  -2.972   0.404   0.084   0.413
   0.725   2.206  -1.900   2.570
   0.147   2.751  -1.187   0.378
--------------------
Total RMSD:   1.595
--------------------
