-----------------------------------------------
Coordinates of template with ideal cof geometry
-----------------------------------------------
   0.000   0.000   0.000
   0.000   3.000   0.000
  -3.000   0.000   0.000
   0.000  -3.000   0.000
   3.000   0.000   0.000
   1.732   1.732   1.732
   0.000   0.000  -3.000
---------------------------------------------
Coordinates of the fitted metal site and RMSD
---------------------------------------------
   0.000   0.000   0.000   0.000
  -0.186   2.987  -0.213   0.283
  -2.960  -0.129   0.469   0.488
  -0.176  -2.918   0.676   0.703
   2.944  -0.068  -0.573   0.579
   0.794   0.672   2.814   1.782
  -0.124  -0.348  -2.977   0.371
--------------------
Total RMSD:   0.862
--------------------
