-----------------------------------------------
Coordinates of template with ideal ctn geometry
-----------------------------------------------
   0.000   0.000   0.000
   1.964  -1.964  -1.134
  -1.964  -1.964  -1.134
  -1.964   1.964  -1.134
   1.964   1.964  -1.134
   0.000   0.000  -3.000
   1.964   0.000   2.268
---------------------------------------------
Coordinates of the fitted metal site and RMSD
---------------------------------------------
   0.000   0.000   0.000   0.000
   1.909  -2.243  -0.570   0.631
  -2.197  -2.002   0.404   1.556
  -2.279   1.938   0.222   1.392
   2.097   2.130  -0.250   0.909
  -0.126   0.092  -2.996   0.156
   0.837   0.153   2.877   1.290
--------------------
Total RMSD:   1.101
--------------------
