-----------------------------------------------
Coordinates of template with ideal cof geometry
-----------------------------------------------
   0.000   0.000   0.000
   1.732   1.732   1.732
  -3.000   0.000   0.000
   0.000  -3.000   0.000
   0.000   0.000  -3.000
   3.000   0.000   0.000
   0.000   3.000   0.000
---------------------------------------------
Coordinates of the fitted metal site and RMSD
---------------------------------------------
   0.000   0.000   0.000   0.000
   0.490   0.526   2.913   2.095
  -2.959   0.048   0.490   0.494
   0.035  -2.963   0.466   0.468
  -0.440  -0.455  -2.933   0.636
   2.962  -0.063  -0.469   0.475
  -0.055   2.964  -0.457   0.462
--------------------
Total RMSD:   0.974
--------------------
