-----------------------------------------------
Coordinates of template with ideal ctf geometry
-----------------------------------------------
   0.000   0.000   0.000
  -1.964   1.964  -1.134
   0.000   0.000  -3.000
  -1.964  -1.964  -1.134
   1.964   0.000   2.268
  -1.964   0.000   2.268
   1.964   1.964  -1.134
---------------------------------------------
Coordinates of the fitted metal site and RMSD
---------------------------------------------
   0.000   0.000   0.000   0.000
  -2.140   1.608  -1.356   0.455
   1.219  -0.626  -2.669   1.410
  -1.671  -2.486  -0.174   1.132
   2.160  -1.536   1.406   1.772
  -1.243   0.620   2.659   1.028
   1.675   2.484   0.153   1.418
--------------------
Total RMSD:   1.271
--------------------
