-----------------------------------------------
Coordinates of template with ideal ctn geometry
-----------------------------------------------
   0.000   0.000   0.000
   0.000   0.000  -3.000
  -1.964  -1.964  -1.134
  -1.964   1.964  -1.134
   1.964   0.000   2.268
   1.964   1.964  -1.134
   1.964  -1.964  -1.134
---------------------------------------------
Coordinates of the fitted metal site and RMSD
---------------------------------------------
   0.000   0.000   0.000   0.000
  -0.488  -0.023  -2.960   0.490
  -2.088  -2.124   0.360   1.508
  -2.084   2.123   0.390   1.536
   0.575   0.008   2.944   1.545
   2.072   2.137  -0.376   0.785
   2.068  -2.137  -0.392   0.769
--------------------
Total RMSD:   1.188
--------------------
