-----------------------------------------------
Coordinates of template with ideal pva geometry
-----------------------------------------------
   0.000   0.000   0.000
   0.000   0.000   3.000
   0.000   1.763  -2.427
   0.000  -1.763  -2.427
   3.000   0.000   0.000
   0.000  -2.853   0.927
   0.000   2.853   0.927
---------------------------------------------
Coordinates of the fitted metal site and RMSD
---------------------------------------------
   0.000   0.000   0.000   0.000
  -2.776   0.029   1.137   3.344
  -0.783   2.128  -1.964   0.979
  -0.766  -2.119  -1.981   0.955
   2.809  -0.014  -1.054   1.072
   0.761  -2.141   1.959   1.466
   0.756   2.133   1.969   1.475
--------------------
Total RMSD:   1.757
--------------------
