-----------------------------------------------
Coordinates of template with ideal pvp geometry
-----------------------------------------------
   0.000   0.000   0.000
   0.000   1.763  -2.427
  -3.000   0.000   0.000
   0.000   0.000   3.000
   0.000  -2.853   0.927
   3.000   0.000   0.000
   0.000  -1.763  -2.427
---------------------------------------------
Coordinates of the fitted metal site and RMSD
---------------------------------------------
   0.000   0.000   0.000   0.000
   0.017   2.649  -1.408   1.350
  -3.000   0.016  -0.008   0.018
   0.006   1.353   2.678   1.390
   0.034  -2.683   1.343   0.450
   3.000   0.009   0.016   0.018
  -0.026  -1.348  -2.680   0.487
--------------------
Total RMSD:   0.836
--------------------
