-----------------------------------------------
Coordinates of template with ideal tpr geometry
-----------------------------------------------
   0.000   0.000   0.000
  -1.964   1.964  -1.134
  -1.964   0.000   2.268
   1.964   0.000   2.268
   1.964  -1.964  -1.134
   1.964   1.964  -1.134
  -1.964  -1.964  -1.134
---------------------------------------------
Coordinates of the fitted metal site and RMSD
---------------------------------------------
   0.000   0.000   0.000   0.000
  -1.752   2.435  -0.046   1.204
  -1.744  -1.214   2.118   1.243
   1.740   1.215   2.121   1.245
   1.740  -2.444  -0.042   1.213
   1.744   1.236  -2.105   1.233
  -1.754  -1.220  -2.106   1.242
--------------------
Total RMSD:   1.230
--------------------
