-----------------------------------------------
Coordinates of template with ideal con geometry
-----------------------------------------------
   0.000   0.000   0.000
  -3.000   0.000   0.000
   1.732   1.732   1.732
   0.000  -3.000   0.000
   0.000   3.000   0.000
   3.000   0.000   0.000
   0.000   0.000   3.000
---------------------------------------------
Coordinates of the fitted metal site and RMSD
---------------------------------------------
   0.000   0.000   0.000   0.000
  -2.555  -0.453  -1.505   1.633
   2.483   0.533   1.597   1.422
   0.376  -2.961   0.304   0.485
  -0.371   2.968  -0.230   0.438
   1.592  -0.074  -2.542   2.907
  -1.549   0.080   2.568   1.610
--------------------
Total RMSD:   1.641
--------------------
