-----------------------------------------------
Coordinates of template with ideal ctn geometry
-----------------------------------------------
   0.000   0.000   0.000
  -1.964   1.964  -1.134
   1.964  -1.964  -1.134
   1.964   1.964  -1.134
  -1.964  -1.964  -1.134
   1.964   0.000   2.268
   0.000   0.000  -3.000
---------------------------------------------
Coordinates of the fitted metal site and RMSD
---------------------------------------------
   0.000   0.000   0.000   0.000
  -2.113   2.103   0.335   1.483
   2.037  -2.158  -0.441   0.723
   2.088   2.121  -0.378   0.782
  -2.068  -2.151   0.313   1.462
   0.561  -0.006   2.947   1.559
  -0.524  -0.029  -2.954   0.527
--------------------
Total RMSD:   1.168
--------------------
