-----------------------------------------------
Coordinates of template with ideal oct geometry
-----------------------------------------------
   0.000   0.000   0.000
   0.000   0.000  -3.000
   0.000   0.000   3.000
  -3.000   0.000   0.000
   3.000   0.000   0.000
   0.000  -3.000   0.000
   0.000   3.000   0.000
---------------------------------------------
Coordinates of the fitted metal site and RMSD
---------------------------------------------
   0.000   0.000   0.000   0.000
   0.022   0.051  -2.999   0.056
   0.057   0.066   2.999   0.087
  -3.000   0.008   0.004   0.009
   2.999   0.052   0.039   0.066
  -0.023  -3.000   0.018   0.029
   0.021   3.000   0.033   0.039
--------------------
Total RMSD:   0.054
--------------------
