-----------------------------------------------
Coordinates of template with ideal ctp geometry
-----------------------------------------------
   0.000   0.000   0.000
   1.964   0.000   2.268
   1.964  -1.964  -1.134
  -1.964  -1.964  -1.134
   1.964   1.964  -1.134
   0.000   0.000  -3.000
  -1.964   1.964  -1.134
  -1.964   0.000   2.268
---------------------------------------------
Coordinates of the fitted metal site and RMSD
---------------------------------------------
   0.000   0.000   0.000   0.000
   2.175   1.002   1.807   1.123
   1.463  -2.618  -0.066   1.349
  -1.746  -1.871  -1.566   0.493
   1.287   1.744  -2.075   1.180
   1.265   0.785  -2.605   1.540
  -1.544   2.566  -0.180   1.203
  -1.655  -0.593   2.431   0.688
--------------------
Total RMSD:   1.134
--------------------
