-----------------------------------------------
Coordinates of template with ideal cuv geometry
-----------------------------------------------
   0.000   0.000   0.000
   1.732  -1.732   1.732
   1.732   1.732   1.732
  -1.732   1.732  -1.732
  -1.732  -1.732   1.732
  -1.732   1.732   1.732
  -1.732  -1.732  -1.732
   1.732  -1.732  -1.732
---------------------------------------------
Coordinates of the fitted metal site and RMSD
---------------------------------------------
   0.000   0.000   0.000   0.000
   1.568  -1.806   1.812   0.197
   1.627   2.270   1.096   0.839
  -0.825   2.425  -1.562   1.154
  -2.246  -0.448   1.938   1.399
  -2.215   0.647   1.917   1.202
  -1.826  -2.098  -1.125   0.715
   1.873  -0.720  -2.230   1.137
--------------------
Total RMSD:   1.020
--------------------
