-----------------------------------------------
Coordinates of template with ideal hva geometry
-----------------------------------------------
   0.000   0.000   0.000
   3.000   0.000   0.000
   0.000   2.598   1.500
   0.000   2.598  -1.500
   0.000  -2.598   1.500
   0.000   0.000   3.000
   0.000  -2.598  -1.500
   0.000   0.000  -3.000
---------------------------------------------
Coordinates of the fitted metal site and RMSD
---------------------------------------------
   0.000   0.000   0.000   0.000
   2.914  -0.623   0.348   0.718
   0.605   2.733   1.080   0.749
  -2.562   1.547  -0.211   3.054
  -0.392  -1.785   2.379   1.260
  -0.914  -0.884   2.717   1.302
  -0.845  -2.710  -0.970   1.004
   0.548   0.639  -2.879   0.851
--------------------
Total RMSD:   1.484
--------------------
