-----------------------------------------------
Coordinates of template with ideal sav geometry
-----------------------------------------------
   0.000   0.000   0.000
  -2.449   0.000   1.732
   0.000  -2.449   1.732
   1.732  -1.732  -1.732
   0.000   2.449   1.732
   2.449   0.000   1.732
  -1.732   1.732  -1.732
  -1.732  -1.732  -1.732
---------------------------------------------
Coordinates of the fitted metal site and RMSD
---------------------------------------------
   0.000   0.000   0.000   0.000
  -2.314   0.278   1.889   0.347
   0.765  -2.464   1.531   0.791
   2.331  -1.185  -1.471   0.852
   1.159   2.325   1.500   1.189
   1.984   1.608   1.575   1.682
  -0.507   2.500  -1.578   1.454
  -1.836  -1.360  -1.944   0.441
--------------------
Total RMSD:   1.070
--------------------
