-----------------------------------------------
Coordinates of template with ideal con geometry
-----------------------------------------------
   0.000   0.000   0.000
  -3.000   0.000   0.000
   0.000   0.000   3.000
   1.732   1.732   1.732
   0.000  -3.000   0.000
   0.000   3.000   0.000
   3.000   0.000   0.000
---------------------------------------------
Coordinates of the fitted metal site and RMSD
---------------------------------------------
   0.000   0.000   0.000   0.000
  -2.965   0.313   0.329   0.456
  -0.003  -1.576   2.553   1.638
   0.490   2.526   1.542   1.487
  -0.484  -2.558  -1.491   1.629
   0.045   1.660  -2.499   2.836
   2.968  -0.334  -0.282   0.438
--------------------
Total RMSD:   1.632
--------------------
