-----------------------------------------------
Coordinates of template with ideal ctf geometry
-----------------------------------------------
   0.000   0.000   0.000
   0.000   0.000  -3.000
  -1.964   1.964  -1.134
   1.964   1.964  -1.134
  -1.964  -1.964  -1.134
   1.964   0.000   2.268
  -1.964   0.000   2.268
---------------------------------------------
Coordinates of the fitted metal site and RMSD
---------------------------------------------
   0.000   0.000   0.000   0.000
   1.163  -0.608  -2.698   1.347
  -2.143   1.558  -1.407   0.521
   1.677   2.477   0.222   1.478
  -1.722  -2.444  -0.245   1.039
   2.189  -1.465   1.436   1.700
  -1.196   0.641   2.676   1.080
--------------------
Total RMSD:   1.252
--------------------
