-----------------------------------------------
Coordinates of template with ideal ctn geometry
-----------------------------------------------
   0.000   0.000   0.000
  -1.964  -1.964  -1.134
   0.000   0.000  -3.000
   1.964  -1.964  -1.134
  -1.964   1.964  -1.134
   1.964   0.000   2.268
   1.964   1.964  -1.134
---------------------------------------------
Coordinates of the fitted metal site and RMSD
---------------------------------------------
   0.000   0.000   0.000   0.000
  -2.113  -2.108   0.301   1.449
  -0.559  -0.029  -2.947   0.562
   2.114  -2.097  -0.364   0.795
  -2.121   2.100   0.304   1.453
   0.649  -0.026   2.929   1.472
   2.110   2.104  -0.352   0.808
--------------------
Total RMSD:   1.153
--------------------
