-----------------------------------------------
Coordinates of template with ideal oct geometry
-----------------------------------------------
   0.000   0.000   0.000
   3.000   0.000   0.000
   0.000   0.000   3.000
   0.000  -3.000   0.000
   0.000   3.000   0.000
   0.000   0.000  -3.000
  -3.000   0.000   0.000
---------------------------------------------
Coordinates of the fitted metal site and RMSD
---------------------------------------------
   0.000   0.000   0.000   0.000
   2.999   0.022   0.079   0.082
   0.040  -0.004   3.000   0.040
  -0.029  -3.000  -0.018   0.034
   0.024   2.999   0.079   0.082
  -0.066  -0.101  -2.998   0.121
  -3.000  -0.030  -0.028   0.041
--------------------
Total RMSD:   0.074
--------------------
