-----------------------------------------------
Coordinates of template with ideal pva geometry
-----------------------------------------------
   0.000   0.000   0.000
   0.000   2.853   0.927
   3.000   0.000   0.000
   0.000   1.763  -2.427
   0.000   0.000   3.000
   0.000  -1.763  -2.427
   0.000  -2.853   0.927
---------------------------------------------
Coordinates of the fitted metal site and RMSD
---------------------------------------------
   0.000   0.000   0.000   0.000
  -0.704   2.891   0.386   0.889
   2.781   0.682   0.894   1.145
   0.774   0.516  -2.852   1.529
  -0.716  -0.507   2.869   0.887
  -2.745  -0.687  -0.996   3.278
   0.754  -2.879  -0.378   1.507
--------------------
Total RMSD:   1.744
--------------------
