-----------------------------------------------
Coordinates of template with ideal tpr geometry
-----------------------------------------------
   0.000   0.000   0.000
   1.964   0.000   2.268
   1.964   1.964  -1.134
  -1.964   1.964  -1.134
   1.964  -1.964  -1.134
  -1.964   0.000   2.268
  -1.964  -1.964  -1.134
---------------------------------------------
Coordinates of the fitted metal site and RMSD
---------------------------------------------
   0.000   0.000   0.000   0.000
   1.796   1.231   2.063   1.260
   1.754   1.240  -2.094   1.221
  -1.751   2.436  -0.004   1.243
   1.783  -2.412  -0.043   1.193
  -1.828  -1.163   2.075   1.187
  -1.772  -1.205  -2.100   1.244
--------------------
Total RMSD:   1.225
--------------------
