-----------------------------------------------
Coordinates of template with ideal tpv geometry
-----------------------------------------------
   0.000   0.000   0.000
   1.964   0.000   2.268
  -1.964  -1.964  -1.134
   1.964   1.964  -1.134
  -1.964   1.964  -1.134
  -1.964   0.000   2.268
---------------------------------------------
Coordinates of the fitted metal site and RMSD
---------------------------------------------
   0.000   0.000   0.000   0.000
   2.165  -1.002   1.819   1.116
  -0.809  -2.443  -1.541   1.315
   2.156   0.979  -1.842   1.228
  -1.992   1.761  -1.391   0.329
  -1.935  -0.314   2.271   0.316
--------------------
Total RMSD:   0.969
--------------------
