-----------------------------------------------
Coordinates of template with ideal tpv geometry
-----------------------------------------------
   0.000   0.000   0.000
  -1.964  -1.964  -1.134
  -1.964   0.000   2.268
   1.964   0.000   2.268
   1.964   1.964  -1.134
  -1.964   1.964  -1.134
---------------------------------------------
Coordinates of the fitted metal site and RMSD
---------------------------------------------
   0.000   0.000   0.000   0.000
  -0.996  -2.332  -1.604   1.137
  -2.083  -0.554   2.086   0.595
   1.981   0.425   2.212   0.429
   2.140   0.774  -1.955   1.457
  -1.578   2.527  -0.357   1.034
--------------------
Total RMSD:   1.002
--------------------
