-----------------------------------------------
Coordinates of template with ideal cof geometry
-----------------------------------------------
   0.000   0.000   0.000
   0.000  -3.000   0.000
   0.000   0.000  -3.000
   3.000   0.000   0.000
   1.732   1.732   1.732
  -3.000   0.000   0.000
   0.000   3.000   0.000
---------------------------------------------
Coordinates of the fitted metal site and RMSD
---------------------------------------------
   0.000   0.000   0.000   0.000
  -0.181  -2.941   0.565   0.596
  -0.410  -0.166  -2.967   0.443
   2.957  -0.162  -0.482   0.510
   0.663   1.192   2.672   1.522
  -2.987   0.080   0.268   0.281
  -0.118   2.995  -0.123   0.171
--------------------
Total RMSD:   0.734
--------------------
