-----------------------------------------------
Coordinates of template with ideal tpr geometry
-----------------------------------------------
   0.000   0.000   0.000
  -1.964   0.000   2.268
   1.964   1.964  -1.134
  -1.964   1.964  -1.134
  -1.964  -1.964  -1.134
   1.964   0.000   2.268
   1.964  -1.964  -1.134
---------------------------------------------
Coordinates of the fitted metal site and RMSD
---------------------------------------------
   0.000   0.000   0.000   0.000
  -1.609   1.104   2.279   1.159
   1.870   2.328  -0.295   0.919
  -1.792   1.287  -2.033   1.139
  -1.381  -2.582  -0.654   0.976
   1.893  -1.082   2.060   1.104
   1.587  -1.565  -2.008   1.032
--------------------
Total RMSD:   1.058
--------------------
