-----------------------------------------------
Coordinates of template with ideal tpv geometry
-----------------------------------------------
   0.000   0.000   0.000
  -1.964   1.964  -1.134
   1.964   0.000   2.268
   1.964   1.964  -1.134
  -1.964   0.000   2.268
  -1.964  -1.964  -1.134
---------------------------------------------
Coordinates of the fitted metal site and RMSD
---------------------------------------------
   0.000   0.000   0.000   0.000
  -2.059   1.574  -1.512   0.551
   2.051  -1.250   1.797   1.339
   2.212   1.752  -1.018   0.346
  -1.753   0.294   2.417   0.391
  -1.087  -2.607  -1.010   1.094
--------------------
Total RMSD:   0.845
--------------------
