-----------------------------------------------
Coordinates of template with ideal tbp geometry
-----------------------------------------------
   0.000   0.000   0.000
   0.000   0.000   3.000
   0.000   2.598  -1.500
  -3.000   0.000   0.000
   0.000  -2.598  -1.500
   3.000   0.000   0.000
---------------------------------------------
Coordinates of the fitted metal site and RMSD
---------------------------------------------
   0.000   0.000   0.000   0.000
   0.138   0.273   2.984   0.306
   0.281   2.589  -1.489   0.281
  -2.995  -0.158   0.060   0.169
   0.173  -2.450  -1.723   0.319
   2.999  -0.065  -0.029   0.071
--------------------
Total RMSD:   0.248
--------------------
