-----------------------------------------------
Coordinates of template with ideal tpv geometry
-----------------------------------------------
   0.000   0.000   0.000
   1.964   0.000   2.268
  -1.964  -1.964  -1.134
   1.964   1.964  -1.134
  -1.964   1.964  -1.134
  -1.964   0.000   2.268
---------------------------------------------
Coordinates of the fitted metal site and RMSD
---------------------------------------------
   0.000   0.000   0.000   0.000
   2.038  -0.328   2.177   0.348
  -0.857  -2.572  -1.284   1.272
   2.106   0.807  -1.978   1.439
  -1.692   2.371  -0.717   0.643
  -2.120  -0.590   2.039   0.652
--------------------
Total RMSD:   0.964
--------------------
