-----------------------------------------------
Coordinates of template with ideal ctf geometry
-----------------------------------------------
   0.000   0.000   0.000
   1.964   0.000   2.268
  -1.964  -1.964  -1.134
  -1.964   0.000   2.268
   1.964   1.964  -1.134
   0.000   0.000  -3.000
  -1.964   1.964  -1.134
---------------------------------------------
Coordinates of the fitted metal site and RMSD
---------------------------------------------
   0.000   0.000   0.000   0.000
   2.121  -1.045   1.846   1.137
  -0.940  -2.554  -1.262   1.189
  -1.805  -0.088   2.395   0.222
   1.705   0.778  -2.343   1.713
   1.167   0.474  -2.723   1.290
  -2.130   1.861  -1.000   0.237
--------------------
Total RMSD:   1.112
--------------------
