-----------------------------------------------
Coordinates of template with ideal pvp geometry
-----------------------------------------------
   0.000   0.000   0.000
   3.000   0.000   0.000
   0.000  -2.853   0.927
   0.000   0.000   3.000
   0.000   1.763  -2.427
   0.000  -1.763  -2.427
  -3.000   0.000   0.000
---------------------------------------------
Coordinates of the fitted metal site and RMSD
---------------------------------------------
   0.000   0.000   0.000   0.000
   2.907   0.624   0.398   0.746
   0.060  -2.998   0.105   0.837
  -0.268   0.465   2.952   0.538
  -0.136   0.104  -2.995   1.760
  -0.545  -0.489  -2.909   1.468
  -2.966   0.441   0.097   0.453
--------------------
Total RMSD:   1.080
--------------------
