-----------------------------------------------
Coordinates of template with ideal spy geometry
-----------------------------------------------
   0.000   0.000   0.000
   0.000   0.000   3.000
   3.000   0.000   0.000
  -3.000   0.000   0.000
   0.000  -3.000   0.000
   0.000   3.000   0.000
---------------------------------------------
Coordinates of the fitted metal site and RMSD
---------------------------------------------
   0.000   0.000   0.000   0.000
   0.074  -0.171   2.994   0.186
   2.979  -0.028  -0.354   0.356
  -2.969  -0.003  -0.428   0.429
   0.061  -2.984  -0.304   0.310
   0.036   2.962  -0.475   0.477
--------------------
Total RMSD:   0.366
--------------------
