-----------------------------------------------
Coordinates of template with ideal tbp geometry
-----------------------------------------------
   0.000   0.000   0.000
   0.000  -2.598  -1.500
   0.000   2.598  -1.500
   0.000   0.000   3.000
  -3.000   0.000   0.000
   3.000   0.000   0.000
---------------------------------------------
Coordinates of the fitted metal site and RMSD
---------------------------------------------
   0.000   0.000   0.000   0.000
  -0.176  -2.557  -1.559   0.190
  -0.029   1.795  -2.404   1.210
  -0.002  -1.113   2.786   1.133
  -2.983   0.298   0.102   0.315
   2.963   0.425   0.203   0.472
--------------------
Total RMSD:   0.788
--------------------
