-----------------------------------------------
Coordinates of template with ideal pva geometry
-----------------------------------------------
   0.000   0.000   0.000
   0.000  -2.853   0.927
   0.000   0.000   3.000
   0.000  -1.763  -2.427
   3.000   0.000   0.000
   0.000   1.763  -2.427
   0.000   2.853   0.927
---------------------------------------------
Coordinates of the fitted metal site and RMSD
---------------------------------------------
   0.000   0.000   0.000   0.000
  -0.277  -2.576   1.513   0.705
   0.640   1.106   2.714   1.310
  -1.012  -1.458  -2.419   1.057
   2.845  -0.932  -0.196   0.964
   0.987   2.259  -1.709   1.318
  -2.492   1.237   1.121   2.977
--------------------
Total RMSD:   1.574
--------------------
