-----------------------------------------------
Coordinates of template with ideal pvp geometry
-----------------------------------------------
   0.000   0.000   0.000
  -3.000   0.000   0.000
   0.000  -2.853   0.927
   0.000   1.763  -2.427
   0.000  -1.763  -2.427
   3.000   0.000   0.000
   0.000   0.000   3.000
---------------------------------------------
Coordinates of the fitted metal site and RMSD
---------------------------------------------
   0.000   0.000   0.000   0.000
  -2.970  -0.254  -0.342   0.426
  -0.331  -2.523   1.590   0.811
  -0.196   2.664  -1.366   1.406
  -0.013  -1.671  -2.491   0.113
   2.973  -0.046  -0.402   0.405
  -0.128   0.732   2.906   0.749
--------------------
Total RMSD:   0.770
--------------------
