-----------------------------------------------
Coordinates of template with ideal tpr geometry
-----------------------------------------------
   0.000   0.000   0.000
   1.964   1.964  -1.134
   1.964  -1.964  -1.134
  -1.964   1.964  -1.134
   1.964   0.000   2.268
  -1.964   0.000   2.268
  -1.964  -1.964  -1.134
---------------------------------------------
Coordinates of the fitted metal site and RMSD
---------------------------------------------
   0.000   0.000   0.000   0.000
   2.014   1.255  -1.836   0.999
   1.739  -2.421  -0.335   0.947
  -1.598   2.529  -0.227   1.130
   1.927   0.990   2.075   1.009
  -1.596  -0.856   2.391   0.940
  -1.225  -1.751  -2.106   1.239
--------------------
Total RMSD:   1.049
--------------------
