-----------------------------------------------
Coordinates of template with ideal pva geometry
-----------------------------------------------
   0.000   0.000   0.000
   0.000   2.853   0.927
   0.000  -2.853   0.927
   0.000  -1.763  -2.427
   3.000   0.000   0.000
   0.000   1.763  -2.427
   0.000   0.000   3.000
---------------------------------------------
Coordinates of the fitted metal site and RMSD
---------------------------------------------
   0.000   0.000   0.000   0.000
   0.759   2.876  -0.388   1.519
  -0.728  -2.882   0.403   0.897
   0.688  -0.545  -2.869   1.468
   2.797  -0.598   0.905   1.103
  -2.734   0.744  -0.984   3.255
  -0.761   0.518   2.855   0.932
--------------------
Total RMSD:   1.730
--------------------
