-----------------------------------------------
Coordinates of template with ideal con geometry
-----------------------------------------------
   0.000   0.000   0.000
   0.000   3.000   0.000
   1.732   1.732   1.732
  -3.000   0.000   0.000
   0.000  -3.000   0.000
   3.000   0.000   0.000
   0.000   0.000   3.000
---------------------------------------------
Coordinates of the fitted metal site and RMSD
---------------------------------------------
   0.000   0.000   0.000   0.000
   0.666   2.378  -1.703   1.932
   0.662   2.801   0.848   1.752
  -2.995   0.180  -0.012   0.180
  -0.333  -2.595  -1.467   1.558
   2.989  -0.056  -0.255   0.261
  -0.135  -1.363   2.669   1.409
--------------------
Total RMSD:   1.373
--------------------
