-----------------------------------------------
Coordinates of template with ideal ctn geometry
-----------------------------------------------
   0.000   0.000   0.000
  -1.964  -1.964  -1.134
   0.000   0.000  -3.000
  -1.964   1.964  -1.134
   1.964   0.000   2.268
   1.964  -1.964  -1.134
   1.964   1.964  -1.134
---------------------------------------------
Coordinates of the fitted metal site and RMSD
---------------------------------------------
   0.000   0.000   0.000   0.000
  -1.820  -2.218  -0.875   0.391
  -0.862  -0.748  -2.774   1.164
  -2.029   2.129   0.592   1.735
   0.653   0.065   2.927   1.469
   1.824  -2.325  -0.518   0.728
   2.008   2.144  -0.610   0.556
--------------------
Total RMSD:   1.119
--------------------
