-----------------------------------------------
Coordinates of template with ideal pva geometry
-----------------------------------------------
   0.000   0.000   0.000
   0.000   1.763  -2.427
   0.000   2.853   0.927
   0.000   0.000   3.000
   0.000  -2.853   0.927
   0.000  -1.763  -2.427
   3.000   0.000   0.000
---------------------------------------------
Coordinates of the fitted metal site and RMSD
---------------------------------------------
   0.000   0.000   0.000   0.000
  -2.125   1.697  -1.267   2.422
   0.184   2.828  -0.985   1.921
  -0.583   0.521   2.896   0.789
  -0.768  -2.848   0.547   0.857
   0.297  -0.479  -2.947   1.417
   2.867  -0.519   0.715   0.893
--------------------
Total RMSD:   1.512
--------------------
