-----------------------------------------------
Coordinates of template with ideal pvp geometry
-----------------------------------------------
   0.000   0.000   0.000
   0.000   0.000   3.000
   0.000  -2.853   0.927
  -3.000   0.000   0.000
   0.000   1.763  -2.427
   3.000   0.000   0.000
   0.000  -1.763  -2.427
---------------------------------------------
Coordinates of the fitted metal site and RMSD
---------------------------------------------
   0.000   0.000   0.000   0.000
   0.407   0.199   2.966   0.455
   0.274  -2.203   2.018   1.299
  -2.991   0.190  -0.123   0.226
   0.043   2.601  -1.494   1.255
   2.978  -0.023   0.365   0.366
  -0.039  -1.589  -2.545   0.214
--------------------
Total RMSD:   0.785
--------------------
