-----------------------------------------------
Coordinates of template with ideal ctp geometry
-----------------------------------------------
   0.000   0.000   0.000
  -1.964  -1.964  -1.134
   1.964   1.964  -1.134
   1.964   0.000   2.268
   0.000   0.000  -3.000
   1.964  -1.964  -1.134
  -1.964   0.000   2.268
  -1.964   1.964  -1.134
---------------------------------------------
Coordinates of the fitted metal site and RMSD
---------------------------------------------
   0.000   0.000   0.000   0.000
  -1.946  -2.279   0.150   1.322
   2.175   2.061  -0.156   1.005
   0.273  -0.071   2.987   1.839
  -0.118   0.123  -2.995   0.171
   2.099  -2.133  -0.210   0.948
  -0.860   0.190   2.868   1.271
  -2.154   2.078   0.201   1.353
--------------------
Total RMSD:   1.226
--------------------
