-----------------------------------------------
Coordinates of template with ideal hva geometry
-----------------------------------------------
   0.000   0.000   0.000
   3.000   0.000   0.000
   0.000   0.000   3.000
   0.000  -2.598  -1.500
   0.000   2.598   1.500
   0.000  -2.598   1.500
   0.000   0.000  -3.000
   0.000   2.598  -1.500
---------------------------------------------
Coordinates of the fitted metal site and RMSD
---------------------------------------------
   0.000   0.000   0.000   0.000
   2.843  -0.098  -0.953   0.971
  -2.773  -0.151   1.134   3.346
  -0.752  -1.985  -2.120   1.151
   0.633   1.924   2.213   1.168
   0.787  -2.268   1.800   0.904
  -0.379  -1.089  -2.770   1.176
  -0.711   2.278  -1.818   0.842
--------------------
Total RMSD:   1.592
--------------------
