-----------------------------------------------
Coordinates of template with ideal hvp geometry
-----------------------------------------------
   0.000   0.000   0.000
   3.000   0.000   0.000
  -3.000   0.000   0.000
   0.000  -2.598   1.500
   0.000   2.598  -1.500
   0.000   0.000   3.000
   0.000  -2.598  -1.500
   0.000   0.000  -3.000
---------------------------------------------
Coordinates of the fitted metal site and RMSD
---------------------------------------------
   0.000   0.000   0.000   0.000
   2.995  -0.130   0.126   0.181
  -2.989   0.168   0.188   0.252
  -0.125  -2.947   0.549   1.021
  -0.018   2.963  -0.471   1.091
   0.147   0.511   2.953   0.534
   0.450  -2.929  -0.468   1.173
  -0.069  -0.501  -2.957   0.508
--------------------
Total RMSD:   0.779
--------------------
