-----------------------------------------------
Coordinates of template with ideal pbp geometry
-----------------------------------------------
   0.000   0.000   0.000
   3.000   0.000   0.000
  -3.000   0.000   0.000
   0.000   0.000   3.000
   0.000   1.763  -2.427
   0.000   2.853   0.927
   0.000  -2.853   0.927
   0.000  -1.763  -2.427
---------------------------------------------
Coordinates of the fitted metal site and RMSD
---------------------------------------------
   0.000   0.000   0.000   0.000
   2.995   0.003   0.169   0.169
  -2.989   0.256   0.013   0.256
  -0.117  -1.568   2.555   1.634
  -0.026   1.636  -2.514   0.156
   0.156   2.533   1.600   0.761
   0.454  -2.312   1.858   1.169
  -0.078  -2.530  -1.610   1.123
--------------------
Total RMSD:   0.926
--------------------
