-----------------------------------------------
Coordinates of template with ideal sav geometry
-----------------------------------------------
   0.000   0.000   0.000
  -2.449   0.000   1.732
   1.732  -1.732  -1.732
   2.449   0.000   1.732
  -1.732  -1.732  -1.732
   0.000  -2.449   1.732
   0.000   2.449   1.732
  -1.732   1.732  -1.732
---------------------------------------------
Coordinates of the fitted metal site and RMSD
---------------------------------------------
   0.000   0.000   0.000   0.000
  -2.214   0.524   1.955   0.617
   2.286  -0.778  -1.781   1.104
   1.888   1.517   1.771   1.618
  -1.762  -1.609  -1.819   0.153
   0.513  -2.470   1.623   0.525
   1.119   2.351   1.490   1.149
  -0.580   2.481  -1.584   1.382
--------------------
Total RMSD:   1.052
--------------------
