-----------------------------------------------
Coordinates of template with ideal csa geometry
-----------------------------------------------
   0.000   0.000   0.000
  -1.732   1.732  -1.732
   0.000   2.449   1.732
  -2.449   0.000   1.732
   1.732   1.732  -1.732
  -1.732  -1.732  -1.732
   1.732  -1.732  -1.732
   2.449   0.000   1.732
   0.000   0.000   3.000
   0.000  -2.449   1.732
---------------------------------------------
Coordinates of the fitted metal site and RMSD
---------------------------------------------
   0.000   0.000   0.000   0.000
  -0.832   2.182  -1.883   1.017
   1.737   1.719   1.739   1.885
  -2.277   0.437   1.903   0.500
   2.312   1.496   1.191   2.989
  -1.782  -1.870  -1.526   0.253
   2.246  -0.632  -1.885   1.224
   1.738   1.673   1.784   1.819
   1.420   1.531   2.154   2.253
   0.831  -2.395   1.604   0.842
--------------------
Total RMSD:   1.648
--------------------
