-----------------------------------------------
Coordinates of template with ideal ttp geometry
-----------------------------------------------
   0.000   0.000   0.000
   1.964   0.000   2.268
   1.964   1.964  -1.134
   1.964  -1.964  -1.134
   0.000   2.598   1.500
   0.000  -2.598   1.500
  -1.964   0.000   2.268
  -1.964   1.964  -1.134
   0.000   0.000  -3.000
  -1.964  -1.964  -1.134
---------------------------------------------
Coordinates of the fitted metal site and RMSD
---------------------------------------------
   0.000   0.000   0.000   0.000
   2.132   0.841   1.936   0.919
  -0.007   2.541  -1.595   2.104
   1.919  -1.193  -1.974   1.141
  -0.571   2.758  -1.034   2.603
  -0.068  -2.666   1.374   0.158
  -2.035   1.035   1.946   1.086
  -0.040   2.511  -1.642   2.064
   0.085   2.207  -2.030   2.412
  -2.281  -1.008  -1.667   1.140
--------------------
Total RMSD:   1.698
--------------------
