-----------------------------------------------
Coordinates of template with ideal ctp geometry
-----------------------------------------------
   0.000   0.000   0.000
   1.964   0.000   2.268
  -1.964   0.000   2.268
   1.964   1.964  -1.134
   0.000   0.000  -3.000
  -1.964  -1.964  -1.134
   1.964  -1.964  -1.134
  -1.964   1.964  -1.134
---------------------------------------------
Coordinates of the fitted metal site and RMSD
---------------------------------------------
   0.000   0.000   0.000   0.000
   2.248   1.635   1.128   2.014
  -1.232  -0.359   2.712   0.928
   1.806   1.928  -1.423   0.332
   1.185   1.503  -2.310   2.034
  -2.100  -1.540  -1.488   0.569
   1.641  -2.470   0.452   1.696
  -1.680   2.407  -0.621   0.735
--------------------
Total RMSD:   1.358
--------------------
