-----------------------------------------------
Coordinates of template with ideal pbp geometry
-----------------------------------------------
   0.000   0.000   0.000
   0.000   2.853   0.927
   0.000   1.763  -2.427
   0.000   0.000   3.000
   0.000  -2.853   0.927
   0.000  -1.763  -2.427
  -3.000   0.000   0.000
   3.000   0.000   0.000
---------------------------------------------
Coordinates of the fitted metal site and RMSD
---------------------------------------------
   0.000   0.000   0.000   0.000
  -0.087   1.977   2.255   1.594
   0.274   2.185  -2.037   0.636
   0.568  -0.459   2.910   0.735
   0.648  -1.541   2.491   2.142
   0.098  -2.260  -1.971   0.681
  -2.984   0.206  -0.225   0.305
   2.967  -0.389   0.215   0.446
--------------------
Total RMSD:   1.123
--------------------
