-----------------------------------------------
Coordinates of template with ideal ctn geometry
-----------------------------------------------
   0.000   0.000   0.000
   1.964   1.964  -1.134
   1.964   0.000   2.268
  -1.964   1.964  -1.134
   0.000   0.000  -3.000
  -1.964  -1.964  -1.134
   1.964  -1.964  -1.134
---------------------------------------------
Coordinates of the fitted metal site and RMSD
---------------------------------------------
   0.000   0.000   0.000   0.000
   2.057   2.156  -0.352   0.811
   0.675   0.060   2.922   1.447
  -2.052   2.172   0.269   1.421
  -0.612  -0.107  -2.935   0.625
  -2.084  -2.154   0.131   1.284
   2.044  -2.153  -0.435   0.728
--------------------
Total RMSD:   1.106
--------------------
