-----------------------------------------------
Coordinates of template with ideal cof geometry
-----------------------------------------------
   0.000   0.000   0.000
   1.732   1.732   1.732
   0.000   3.000   0.000
  -3.000   0.000   0.000
   3.000   0.000   0.000
   0.000   0.000  -3.000
   0.000  -3.000   0.000
---------------------------------------------
Coordinates of the fitted metal site and RMSD
---------------------------------------------
   0.000   0.000   0.000   0.000
   1.600   2.166   1.322   0.611
   0.629   2.874   0.588   0.870
  -2.670   0.752   1.144   1.408
   2.468   1.052   1.344   1.787
  -0.039   0.558  -2.947   0.562
   0.002  -2.927   0.658   0.662
--------------------
Total RMSD:   1.085
--------------------
