-----------------------------------------------
Coordinates of template with ideal ctf geometry
-----------------------------------------------
   0.000   0.000   0.000
   0.000   0.000  -3.000
  -1.964   1.964  -1.134
  -1.964   0.000   2.268
   1.964   1.964  -1.134
  -1.964  -1.964  -1.134
   1.964   0.000   2.268
---------------------------------------------
Coordinates of the fitted metal site and RMSD
---------------------------------------------
   0.000   0.000   0.000   0.000
  -0.127   2.124  -2.115   2.304
  -1.454   1.659  -2.033   1.077
  -2.025   1.199   1.860   1.268
   1.240   1.770  -2.081   1.207
  -1.149  -2.518  -1.158   0.986
   2.221  -0.494   1.956   0.638
--------------------
Total RMSD:   1.349
--------------------
