-----------------------------------------------
Coordinates of template with ideal ctn geometry
-----------------------------------------------
   0.000   0.000   0.000
   0.000   0.000  -3.000
   1.964  -1.964  -1.134
  -1.964  -1.964  -1.134
   1.964   1.964  -1.134
   1.964   0.000   2.268
  -1.964   1.964  -1.134
---------------------------------------------
Coordinates of the fitted metal site and RMSD
---------------------------------------------
   0.000   0.000   0.000   0.000
   1.887  -0.324  -2.310   2.035
   2.007  -1.541  -1.611   0.639
  -1.725  -2.384  -0.585   0.731
   1.730   1.076  -2.202   1.409
   1.536  -0.536   2.521   0.731
  -2.140   2.077   0.328   1.476
--------------------
Total RMSD:   1.277
--------------------
