-----------------------------------------------
Coordinates of template with ideal pvp geometry
-----------------------------------------------
   0.000   0.000   0.000
   0.000  -2.853   0.927
   3.000   0.000   0.000
   0.000   0.000   3.000
   0.000  -1.763  -2.427
   0.000   1.763  -2.427
  -3.000   0.000   0.000
---------------------------------------------
Coordinates of the fitted metal site and RMSD
---------------------------------------------
   0.000   0.000   0.000   0.000
   1.776  -2.384  -0.401   2.267
   2.667  -1.374   0.010   1.414
   0.676   0.492   2.881   0.844
   0.628  -2.692  -1.166   1.687
   1.112   2.257  -1.634   1.452
  -2.994   0.031   0.193   0.196
--------------------
Total RMSD:   1.463
--------------------
