-----------------------------------------------
Coordinates of template with ideal tpr geometry
-----------------------------------------------
   0.000   0.000   0.000
   1.964  -1.964  -1.134
   1.964   0.000   2.268
  -1.964  -1.964  -1.134
   1.964   1.964  -1.134
  -1.964   0.000   2.268
  -1.964   1.964  -1.134
---------------------------------------------
Coordinates of the fitted metal site and RMSD
---------------------------------------------
   0.000   0.000   0.000   0.000
   2.943  -0.570  -0.119   1.983
   2.445  -1.577   0.730   2.255
  -0.940  -2.661  -1.018   1.244
   2.851   0.786  -0.504   1.603
  -0.772   0.237   2.889   1.365
  -1.583   1.797  -1.807   0.792
--------------------
Total RMSD:   1.614
--------------------
