-----------------------------------------------
Coordinates of template with ideal con geometry
-----------------------------------------------
   0.000   0.000   0.000
  -3.000   0.000   0.000
   0.000  -3.000   0.000
   0.000   0.000   3.000
   1.732   1.732   1.732
   3.000   0.000   0.000
   0.000   3.000   0.000
---------------------------------------------
Coordinates of the fitted metal site and RMSD
---------------------------------------------
   0.000   0.000   0.000   0.000
  -2.961   0.376   0.303   0.484
  -0.446  -2.565  -1.491   1.616
   0.029  -1.576   2.553   1.638
   0.545   2.508   1.554   1.429
   2.971  -0.332  -0.250   0.417
  -0.020   1.634  -2.516   2.863
--------------------
Total RMSD:   1.630
--------------------
