-----------------------------------------------
Coordinates of template with ideal pvp geometry
-----------------------------------------------
   0.000   0.000   0.000
  -3.000   0.000   0.000
   0.000   1.763  -2.427
   0.000  -1.763  -2.427
   0.000  -2.853   0.927
   3.000   0.000   0.000
   0.000   0.000   3.000
---------------------------------------------
Coordinates of the fitted metal site and RMSD
---------------------------------------------
   0.000   0.000   0.000   0.000
  -3.000  -0.012  -0.010   0.016
   0.026   2.638  -1.429   1.327
  -0.018  -1.363  -2.672   0.470
   0.073  -2.676   1.354   0.468
   2.999  -0.056   0.020   0.060
   0.015   1.302   2.703   1.335
--------------------
Total RMSD:   0.815
--------------------
