-----------------------------------------------
Coordinates of template with ideal tpr geometry
-----------------------------------------------
   0.000   0.000   0.000
  -1.964  -1.964  -1.134
  -1.964   0.000   2.268
  -1.964   1.964  -1.134
   1.964   1.964  -1.134
   1.964   0.000   2.268
   1.964  -1.964  -1.134
---------------------------------------------
Coordinates of the fitted metal site and RMSD
---------------------------------------------
   0.000   0.000   0.000   0.000
  -1.741  -1.208  -2.124   1.266
  -1.761  -1.147   2.141   1.172
  -1.737   2.446  -0.013   1.241
   1.770   1.257  -2.070   1.189
   1.765   1.252   2.077   1.282
   1.774  -2.419  -0.037   1.203
--------------------
Total RMSD:   1.226
--------------------
