-----------------------------------------------
Coordinates of template with ideal tpv geometry
-----------------------------------------------
   0.000   0.000   0.000
  -1.964   0.000   2.268
  -1.964  -1.964  -1.134
   1.964   0.000   2.268
   1.964   1.964  -1.134
  -1.964   1.964  -1.134
---------------------------------------------
Coordinates of the fitted metal site and RMSD
---------------------------------------------
   0.000   0.000   0.000   0.000
  -1.547   0.754   2.457   0.882
  -1.081  -2.365  -1.496   1.035
   2.007  -1.338   1.784   1.424
   1.983   1.949  -1.128   0.025
  -2.177   1.336  -1.573   0.796
--------------------
Total RMSD:   0.950
--------------------
