-----------------------------------------------
Coordinates of template with ideal spy geometry
-----------------------------------------------
   0.000   0.000   0.000
   0.000  -3.000   0.000
   0.000   3.000   0.000
  -3.000   0.000   0.000
   0.000   0.000   3.000
   3.000   0.000   0.000
---------------------------------------------
Coordinates of the fitted metal site and RMSD
---------------------------------------------
   0.000   0.000   0.000   0.000
  -0.294  -2.843  -0.911   0.970
  -0.146   2.725  -1.247   1.285
  -2.988   0.033   0.261   0.264
  -0.069  -0.336   2.980   0.343
   2.988   0.180   0.192   0.264
--------------------
Total RMSD:   0.755
--------------------
