-----------------------------------------------
Coordinates of template with ideal tpv geometry
-----------------------------------------------
   0.000   0.000   0.000
  -1.964  -1.964  -1.134
   1.964   1.964  -1.134
  -1.964   1.964  -1.134
  -1.964   0.000   2.268
   1.964   0.000   2.268
---------------------------------------------
Coordinates of the fitted metal site and RMSD
---------------------------------------------
   0.000   0.000   0.000   0.000
  -1.287  -2.486  -1.078   0.857
   2.017   2.009  -0.948   0.199
  -2.114   1.521  -1.489   0.587
  -1.733   0.564   2.383   0.621
   2.002  -1.219   1.873   1.282
--------------------
Total RMSD:   0.793
--------------------
