-----------------------------------------------
Coordinates of template with ideal coc geometry
-----------------------------------------------
   0.000   0.000   0.000
   3.000   0.000   0.000
   0.000  -3.000   0.000
   1.732   1.732   1.732
   0.000   0.000   3.000
  -3.000   0.000   0.000
   0.000   3.000   0.000
   0.000   0.000  -3.000
---------------------------------------------
Coordinates of the fitted metal site and RMSD
---------------------------------------------
   0.000   0.000   0.000   0.000
   2.989   0.139  -0.215   0.257
  -0.032  -2.979   0.351   0.353
   0.633   2.023   2.123   1.202
   0.519   0.779   2.850   0.948
  -2.964   0.459  -0.041   0.462
   0.450   2.817   0.928   1.048
  -0.167   0.144  -2.992   0.221
--------------------
Total RMSD:   0.746
--------------------
