-----------------------------------------------
Coordinates of template with ideal cuv geometry
-----------------------------------------------
   0.000   0.000   0.000
  -1.732   1.732   1.732
   1.732   1.732   1.732
  -1.732  -1.732   1.732
   1.732  -1.732   1.732
   1.732  -1.732  -1.732
  -1.732  -1.732  -1.732
  -1.732   1.732  -1.732
---------------------------------------------
Coordinates of the fitted metal site and RMSD
---------------------------------------------
   0.000   0.000   0.000   0.000
  -2.149   1.063   1.804   0.792
   2.133   1.742   1.190   0.674
  -1.066  -2.544   1.179   1.187
   0.085  -2.236   1.998   1.743
   1.647  -1.283  -2.155   0.623
  -1.875  -2.342  -0.003   1.839
  -0.983   1.835  -2.161   0.869
--------------------
Total RMSD:   1.199
--------------------
