-----------------------------------------------
Coordinates of template with ideal hva geometry
-----------------------------------------------
   0.000   0.000   0.000
   3.000   0.000   0.000
   0.000  -2.598  -1.500
   0.000   0.000   3.000
   0.000  -2.598   1.500
   0.000   0.000  -3.000
   0.000   2.598   1.500
   0.000   2.598  -1.500
---------------------------------------------
Coordinates of the fitted metal site and RMSD
---------------------------------------------
   0.000   0.000   0.000   0.000
   2.790   0.150   1.092   1.122
   0.575  -2.423  -1.672   0.625
  -0.541   0.023   2.951   0.544
  -0.569  -1.380   2.602   1.739
  -2.833   0.462  -0.874   3.572
  -0.538   1.423   2.586   1.688
   0.717   2.141  -1.975   0.974
--------------------
Total RMSD:   1.754
--------------------
