-----------------------------------------------
Coordinates of template with ideal pbp geometry
-----------------------------------------------
   0.000   0.000   0.000
   3.000   0.000   0.000
   0.000   0.000   3.000
   0.000   1.763  -2.427
   0.000   2.853   0.927
  -3.000   0.000   0.000
   0.000  -1.763  -2.427
   0.000  -2.853   0.927
---------------------------------------------
Coordinates of the fitted metal site and RMSD
---------------------------------------------
   0.000   0.000   0.000   0.000
   2.979  -0.040  -0.353   0.355
   0.155   0.811   2.884   0.834
   0.320   1.816  -2.366   0.330
   0.241   2.720  -1.241   2.186
  -2.978  -0.305  -0.200   0.365
   0.173   0.502  -2.953   2.332
   0.053  -2.982   0.325   0.618
--------------------
Total RMSD:   1.291
--------------------
