-----------------------------------------------
Coordinates of template with ideal con geometry
-----------------------------------------------
   0.000   0.000   0.000
   1.732   1.732   1.732
   0.000   3.000   0.000
  -3.000   0.000   0.000
   0.000  -3.000   0.000
   3.000   0.000   0.000
   0.000   0.000   3.000
---------------------------------------------
Coordinates of the fitted metal site and RMSD
---------------------------------------------
   0.000   0.000   0.000   0.000
   2.530   0.474   1.541   1.502
  -0.365   2.964  -0.286   0.466
  -2.539  -0.431  -1.538   1.663
   0.406  -2.959   0.284   0.497
   1.628  -0.015  -2.520   2.869
  -1.553   0.046   2.567   1.613
--------------------
Total RMSD:   1.649
--------------------
