-----------------------------------------------
Coordinates of template with ideal ctn geometry
-----------------------------------------------
   0.000   0.000   0.000
   0.000   0.000  -3.000
   1.964   1.964  -1.134
   1.964   0.000   2.268
  -1.964  -1.964  -1.134
  -1.964   1.964  -1.134
   1.964  -1.964  -1.134
---------------------------------------------
Coordinates of the fitted metal site and RMSD
---------------------------------------------
   0.000   0.000   0.000   0.000
  -0.537   0.012  -2.952   0.539
   2.078   2.130  -0.382   0.778
   0.572   0.013   2.945   1.548
  -2.100  -2.113   0.352   1.500
  -2.088   2.131   0.311   1.460
   2.084  -2.120  -0.404   0.756
--------------------
Total RMSD:   1.172
--------------------
