-----------------------------------------------
Coordinates of template with ideal oct geometry
-----------------------------------------------
   0.000   0.000   0.000
   0.000   0.000   3.000
   0.000  -3.000   0.000
   0.000   0.000  -3.000
   0.000   3.000   0.000
  -3.000   0.000   0.000
   3.000   0.000   0.000
---------------------------------------------
Coordinates of the fitted metal site and RMSD
---------------------------------------------
   0.000   0.000   0.000   0.000
  -0.013  -0.009   3.000   0.016
  -0.015  -3.000   0.004   0.016
   0.021  -0.034  -3.000   0.040
  -0.008   3.000   0.029   0.031
  -2.999  -0.012   0.063   0.064
   3.000  -0.005   0.029   0.030
--------------------
Total RMSD:   0.037
--------------------
