-----------------------------------------------
Coordinates of template with ideal pva geometry
-----------------------------------------------
   0.000   0.000   0.000
   0.000   1.763  -2.427
   3.000   0.000   0.000
   0.000   2.853   0.927
   0.000  -1.763  -2.427
   0.000  -2.853   0.927
   0.000   0.000   3.000
---------------------------------------------
Coordinates of the fitted metal site and RMSD
---------------------------------------------
   0.000   0.000   0.000   0.000
   0.734   0.517  -2.863   1.510
   2.815   0.635   0.821   1.054
  -0.709   2.894   0.345   0.919
  -2.666  -0.742  -1.159   3.124
   0.724  -2.892  -0.337   1.458
  -0.747  -0.536   2.856   0.930
--------------------
Total RMSD:   1.682
--------------------
