-----------------------------------------------
Coordinates of template with ideal pvp geometry
-----------------------------------------------
   0.000   0.000   0.000
   0.000  -2.853   0.927
   0.000  -1.763  -2.427
  -3.000   0.000   0.000
   0.000   0.000   3.000
   3.000   0.000   0.000
   0.000   1.763  -2.427
---------------------------------------------
Coordinates of the fitted metal site and RMSD
---------------------------------------------
   0.000   0.000   0.000   0.000
  -0.015  -2.636   1.432   0.550
   0.020  -1.445  -2.629   0.377
  -2.999  -0.013  -0.063   0.064
   0.156   1.135   2.773   1.168
   3.000   0.008   0.047   0.048
   0.030   2.644  -1.416   1.341
--------------------
Total RMSD:   0.776
--------------------
