-----------------------------------------------
Coordinates of template with ideal tpr geometry
-----------------------------------------------
   0.000   0.000   0.000
  -1.964   0.000   2.268
  -1.964  -1.964  -1.134
  -1.964   1.964  -1.134
   1.964   0.000   2.268
   1.964  -1.964  -1.134
   1.964   1.964  -1.134
---------------------------------------------
Coordinates of the fitted metal site and RMSD
---------------------------------------------
   0.000   0.000   0.000   0.000
  -1.669  -1.209   2.180   1.247
  -1.767  -1.294  -2.050   1.152
  -1.788   2.408  -0.039   1.195
   1.669   1.003   2.282   1.046
   1.780  -2.414   0.025   1.257
   1.689   1.204  -2.168   1.312
--------------------
Total RMSD:   1.205
--------------------
