-----------------------------------------------
Coordinates of template with ideal coc geometry
-----------------------------------------------
   0.000   0.000   0.000
   0.000   0.000  -3.000
   0.000  -3.000   0.000
   3.000   0.000   0.000
   0.000   3.000   0.000
   0.000   0.000   3.000
  -3.000   0.000   0.000
   1.732   1.732   1.732
---------------------------------------------
Coordinates of the fitted metal site and RMSD
---------------------------------------------
   0.000   0.000   0.000   0.000
  -0.071   0.034  -2.999   0.078
   0.672  -2.910   0.285   0.736
   2.925  -0.042   0.666   0.672
  -0.085   2.967   0.434   0.443
  -0.946  -0.292   2.832   1.004
  -2.990  -0.152   0.199   0.251
   2.716   1.212   0.391   1.743
--------------------
Total RMSD:   0.870
--------------------
