-----------------------------------------------
Coordinates of template with ideal cuv geometry
-----------------------------------------------
   0.000   0.000   0.000
   1.732  -1.732  -1.732
  -1.732   1.732  -1.732
  -1.732  -1.732  -1.732
   1.732  -1.732   1.732
  -1.732   1.732   1.732
   1.732   1.732   1.732
  -1.732  -1.732   1.732
---------------------------------------------
Coordinates of the fitted metal site and RMSD
---------------------------------------------
   0.000   0.000   0.000   0.000
   2.032  -1.020  -1.958   0.805
  -1.619   1.564  -1.983   0.323
  -2.424  -1.694  -0.506   1.408
   0.769  -1.744   2.317   1.127
  -1.324   1.811   1.992   0.491
   1.833   2.166   0.974   0.880
  -1.681  -2.475   0.221   1.684
--------------------
Total RMSD:   1.059
--------------------
