-----------------------------------------------
Coordinates of template with ideal coc geometry
-----------------------------------------------
   0.000   0.000   0.000
  -3.000   0.000   0.000
   1.732   1.732   1.732
   0.000   0.000  -3.000
   0.000  -3.000   0.000
   3.000   0.000   0.000
   0.000   0.000   3.000
   0.000   3.000   0.000
---------------------------------------------
Coordinates of the fitted metal site and RMSD
---------------------------------------------
   0.000   0.000   0.000   0.000
  -2.973  -0.114   0.384   0.402
   2.168   1.965   0.661   1.180
  -0.434   0.704  -2.884   0.835
   0.208  -2.993  -0.022   0.209
   2.855   0.808   0.444   0.933
  -1.244   0.648   2.652   1.445
   1.013   2.742   0.675   1.244
--------------------
Total RMSD:   0.986
--------------------
