-----------------------------------------------
Coordinates of template with ideal cuv geometry
-----------------------------------------------
   0.000   0.000   0.000
  -1.732   1.732  -1.732
  -1.732  -1.732   1.732
   1.732   1.732   1.732
   1.732  -1.732  -1.732
   1.732  -1.732   1.732
  -1.732  -1.732  -1.732
  -1.732   1.732   1.732
---------------------------------------------
Coordinates of the fitted metal site and RMSD
---------------------------------------------
   0.000   0.000   0.000   0.000
  -1.159   1.672  -2.205   0.745
  -1.033  -1.184   2.556   1.211
   1.343   2.446   1.103   1.028
   2.058  -1.172  -1.841   0.657
   0.102  -1.900   2.320   1.741
  -2.628  -0.708  -1.262   1.439
  -1.934  -0.157   2.288   1.979
--------------------
Total RMSD:   1.338
--------------------
