-----------------------------------------------
Coordinates of template with ideal hva geometry
-----------------------------------------------
   0.000   0.000   0.000
   0.000   0.000   3.000
   0.000   0.000  -3.000
   3.000   0.000   0.000
   0.000   2.598   1.500
   0.000   2.598  -1.500
   0.000  -2.598   1.500
   0.000  -2.598  -1.500
---------------------------------------------
Coordinates of the fitted metal site and RMSD
---------------------------------------------
   0.000   0.000   0.000   0.000
   0.297  -1.503   2.579   1.589
  -0.550  -0.739  -2.855   0.933
   2.983   0.289  -0.137   0.320
  -0.890   2.479   1.437   0.900
  -0.840   0.592  -2.818   2.543
  -1.991  -2.093   0.810   2.166
  -0.072  -1.924  -2.301   1.050
--------------------
Total RMSD:   1.539
--------------------
