-----------------------------------------------
Coordinates of template with ideal pbp geometry
-----------------------------------------------
   0.000   0.000   0.000
   0.000   2.853   0.927
   0.000  -1.763  -2.427
   0.000   0.000   3.000
   3.000   0.000   0.000
   0.000  -2.853   0.927
   0.000   1.763  -2.427
  -3.000   0.000   0.000
---------------------------------------------
Coordinates of the fitted metal site and RMSD
---------------------------------------------
   0.000   0.000   0.000   0.000
  -0.110   2.994   0.161   0.787
  -1.780  -2.149  -1.101   2.253
  -0.785  -0.151   2.892   0.806
   2.999   0.010   0.076   0.077
  -0.577  -2.778  -0.976   1.990
  -0.697   1.655  -2.403   0.705
  -2.643  -1.071  -0.931   1.463
--------------------
Total RMSD:   1.360
--------------------
