-----------------------------------------------
Coordinates of template with ideal sav geometry
-----------------------------------------------
   0.000   0.000   0.000
  -1.732  -1.732  -1.732
   0.000   2.449   1.732
  -1.732   1.732  -1.732
   1.732  -1.732  -1.732
   2.449   0.000   1.732
   0.000  -2.449   1.732
  -2.449   0.000   1.732
---------------------------------------------
Coordinates of the fitted metal site and RMSD
---------------------------------------------
   0.000   0.000   0.000   0.000
  -1.861  -2.038  -1.176   0.648
   0.177   1.486   2.600   1.309
  -1.306   2.113  -1.682   0.574
   2.278  -0.957  -1.702   0.948
   1.431   1.618   2.082   1.944
  -0.836  -2.419   1.566   0.853
  -1.157   1.093   2.543   1.877
--------------------
Total RMSD:   1.276
--------------------
