-----------------------------------------------
Coordinates of template with ideal cof geometry
-----------------------------------------------
   0.000   0.000   0.000
   3.000   0.000   0.000
  -3.000   0.000   0.000
   0.000   0.000  -3.000
   1.732   1.732   1.732
   0.000   3.000   0.000
   0.000  -3.000   0.000
---------------------------------------------
Coordinates of the fitted metal site and RMSD
---------------------------------------------
   0.000   0.000   0.000   0.000
   2.633   0.082   1.435   1.483
  -2.523  -0.493  -1.546   1.691
  -2.240   0.808  -1.825   2.656
   2.414   1.377   1.130   0.976
   0.487   2.958   0.124   0.505
   0.511  -2.849   0.790   0.953
--------------------
Total RMSD:   1.540
--------------------
