-----------------------------------------------
Coordinates of template with ideal con geometry
-----------------------------------------------
   0.000   0.000   0.000
   0.000   3.000   0.000
   0.000  -3.000   0.000
   0.000   0.000   3.000
   1.732   1.732   1.732
   3.000   0.000   0.000
  -3.000   0.000   0.000
---------------------------------------------
Coordinates of the fitted metal site and RMSD
---------------------------------------------
   0.000   0.000   0.000   0.000
   0.105   2.955  -0.509   0.522
  -0.534  -2.894   0.584   0.799
   0.691  -2.689   1.137   3.344
   1.356   2.675  -0.090   2.085
   2.905   0.559   0.499   0.755
  -2.735   0.681  -1.027   1.260
--------------------
Total RMSD:   1.761
--------------------
