-----------------------------------------------
Coordinates of template with ideal ctf geometry
-----------------------------------------------
   0.000   0.000   0.000
   1.964   1.964  -1.134
  -1.964   0.000   2.268
  -1.964  -1.964  -1.134
   0.000   0.000  -3.000
  -1.964   1.964  -1.134
   1.964   0.000   2.268
---------------------------------------------
Coordinates of the fitted metal site and RMSD
---------------------------------------------
   0.000   0.000   0.000   0.000
   2.171   1.313  -1.602   0.828
  -1.848  -1.546   1.788   1.623
  -2.561  -1.428   0.635   1.943
   1.094   1.419  -2.406   1.888
  -1.559   0.994  -2.362   1.616
   2.416  -0.120   1.774   0.681
--------------------
Total RMSD:   1.513
--------------------
