-----------------------------------------------
Coordinates of template with ideal ctf geometry
-----------------------------------------------
   0.000   0.000   0.000
  -1.964  -1.964  -1.134
   1.964   1.964  -1.134
  -1.964   0.000   2.268
   1.964   0.000   2.268
  -1.964   1.964  -1.134
   0.000   0.000  -3.000
---------------------------------------------
Coordinates of the fitted metal site and RMSD
---------------------------------------------
   0.000   0.000   0.000   0.000
  -1.724  -2.446  -0.214   1.066
   1.700   2.455   0.287   1.526
  -1.176   0.700   2.670   1.128
   2.204  -1.268   1.592   1.457
  -2.148   1.657  -1.280   0.386
   1.138  -0.549  -2.721   1.294
--------------------
Total RMSD:   1.203
--------------------
