-----------------------------------------------
Coordinates of template with ideal ctn geometry
-----------------------------------------------
   0.000   0.000   0.000
  -1.964   1.964  -1.134
   1.964  -1.964  -1.134
   1.964   1.964  -1.134
   1.964   0.000   2.268
   0.000   0.000  -3.000
  -1.964  -1.964  -1.134
---------------------------------------------
Coordinates of the fitted metal site and RMSD
---------------------------------------------
   0.000   0.000   0.000   0.000
  -2.100   2.120   0.313   1.461
   2.154  -2.064  -0.311   0.851
   2.145   2.062  -0.388   0.774
   0.898  -0.022   2.862   1.221
  -0.409  -0.003  -2.972   0.410
  -2.097  -2.131   0.248   1.398
--------------------
Total RMSD:   1.086
--------------------
