-----------------------------------------------
Coordinates of template with ideal oct geometry
-----------------------------------------------
   0.000   0.000   0.000
   0.000   0.000   3.000
   0.000   0.000  -3.000
   0.000  -3.000   0.000
  -3.000   0.000   0.000
   3.000   0.000   0.000
   0.000   3.000   0.000
---------------------------------------------
Coordinates of the fitted metal site and RMSD
---------------------------------------------
   0.000   0.000   0.000   0.000
   0.077  -0.002   2.999   0.077
  -0.089  -0.075  -2.998   0.116
  -0.009  -2.999  -0.087   0.087
  -2.978  -0.241  -0.269   0.362
   2.997  -0.095  -0.103   0.140
   0.137   2.997  -0.014   0.138
--------------------
Total RMSD:   0.181
--------------------
