-----------------------------------------------
Coordinates of template with ideal pva geometry
-----------------------------------------------
   0.000   0.000   0.000
   0.000   2.853   0.927
   0.000  -1.763  -2.427
   0.000   0.000   3.000
   0.000  -2.853   0.927
   3.000   0.000   0.000
   0.000   1.763  -2.427
---------------------------------------------
Coordinates of the fitted metal site and RMSD
---------------------------------------------
   0.000   0.000   0.000   0.000
  -0.741   2.549   1.398   0.929
   0.750  -2.583  -1.329   1.562
   0.808  -1.284   2.588   1.572
  -2.620  -1.399   0.421   3.039
   2.827   0.958  -0.303   1.019
  -0.661   1.245  -2.648   0.868
--------------------
Total RMSD:   1.673
--------------------
