-----------------------------------------------
Coordinates of template with ideal pvp geometry
-----------------------------------------------
   0.000   0.000   0.000
   3.000   0.000   0.000
  -3.000   0.000   0.000
   0.000  -2.853   0.927
   0.000   0.000   3.000
   0.000  -1.763  -2.427
   0.000   1.763  -2.427
---------------------------------------------
Coordinates of the fitted metal site and RMSD
---------------------------------------------
   0.000   0.000   0.000   0.000
   2.999   0.003  -0.071   0.071
  -2.997  -0.066   0.116   0.133
  -0.050  -2.669   1.369   0.482
  -0.282   1.134   2.763   1.192
  -0.086  -1.447  -2.627   0.384
  -0.050   2.607  -1.483   1.268
--------------------
Total RMSD:   0.756
--------------------
