-----------------------------------------------
Coordinates of template with ideal tpr geometry
-----------------------------------------------
   0.000   0.000   0.000
  -1.964   0.000   2.268
   1.964   1.964  -1.134
  -1.964  -1.964  -1.134
  -1.964   1.964  -1.134
   1.964  -1.964  -1.134
   1.964   0.000   2.268
---------------------------------------------
Coordinates of the fitted metal site and RMSD
---------------------------------------------
   0.000   0.000   0.000   0.000
  -1.687  -1.275   2.128   1.313
   1.635   1.253  -2.181   1.308
  -1.699  -1.179  -2.173   1.329
  -1.693   2.450  -0.361   0.953
   1.723  -2.452  -0.140   1.133
   1.830   1.114   2.100   1.134
--------------------
Total RMSD:   1.203
--------------------
