-----------------------------------------------
Coordinates of template with ideal ctn geometry
-----------------------------------------------
   0.000   0.000   0.000
   0.000   0.000  -3.000
  -1.964  -1.964  -1.134
   1.964   1.964  -1.134
   1.964   0.000   2.268
   1.964  -1.964  -1.134
  -1.964   1.964  -1.134
---------------------------------------------
Coordinates of the fitted metal site and RMSD
---------------------------------------------
   0.000   0.000   0.000   0.000
  -0.095  -0.076  -2.998   0.121
  -1.829  -2.377   0.070   1.280
   2.151   2.011  -0.575   0.591
   1.061   0.085   2.805   1.055
   1.921  -2.087  -0.976   0.205
  -1.951   2.279  -0.016   1.161
--------------------
Total RMSD:   0.866
--------------------
