-----------------------------------------------
Coordinates of template with ideal oct geometry
-----------------------------------------------
   0.000   0.000   0.000
   0.000   0.000   3.000
   3.000   0.000   0.000
  -3.000   0.000   0.000
   0.000   0.000  -3.000
   0.000  -3.000   0.000
   0.000   3.000   0.000
---------------------------------------------
Coordinates of the fitted metal site and RMSD
---------------------------------------------
   0.000   0.000   0.000   0.000
  -0.288  -0.419   2.957   0.510
   2.959  -0.408   0.279   0.496
  -2.993  -0.146   0.151   0.210
  -0.416  -0.270  -2.959   0.498
   0.006  -2.946   0.565   0.567
  -0.256   2.960   0.415   0.489
--------------------
Total RMSD:   0.476
--------------------
