-----------------------------------------------
Coordinates of template with ideal tpr geometry
-----------------------------------------------
   0.000   0.000   0.000
   1.964  -1.964  -1.134
  -1.964   1.964  -1.134
   1.964   0.000   2.268
  -1.964   0.000   2.268
  -1.964  -1.964  -1.134
   1.964   1.964  -1.134
---------------------------------------------
Coordinates of the fitted metal site and RMSD
---------------------------------------------
   0.000   0.000   0.000   0.000
   1.569  -1.641  -1.960   0.971
  -1.845   0.805  -2.224   1.596
   1.782  -1.441   1.936   1.490
  -1.551   0.784   2.445   0.904
  -1.401  -2.622  -0.406   1.131
   2.101   2.137  -0.138   1.020
--------------------
Total RMSD:   1.214
--------------------
