-----------------------------------------------
Coordinates of template with ideal tpr geometry
-----------------------------------------------
   0.000   0.000   0.000
   1.964  -1.964  -1.134
   1.964   1.964  -1.134
  -1.964  -1.964  -1.134
   1.964   0.000   2.268
  -1.964   0.000   2.268
  -1.964   1.964  -1.134
---------------------------------------------
Coordinates of the fitted metal site and RMSD
---------------------------------------------
   0.000   0.000   0.000   0.000
   1.781  -2.358  -0.516   0.755
   0.417   2.770  -1.074   1.746
  -2.217  -1.225  -1.607   0.914
   2.301   0.562   1.841   0.782
  -1.839  -0.198   2.362   0.252
  -0.871   2.414  -1.553   1.254
--------------------
Total RMSD:   1.057
--------------------
