-----------------------------------------------
Coordinates of template with ideal con geometry
-----------------------------------------------
   0.000   0.000   0.000
   3.000   0.000   0.000
   0.000   0.000   3.000
   1.732   1.732   1.732
  -3.000   0.000   0.000
   0.000   3.000   0.000
   0.000  -3.000   0.000
---------------------------------------------
Coordinates of the fitted metal site and RMSD
---------------------------------------------
   0.000   0.000   0.000   0.000
   1.852  -0.125  -2.357   2.624
  -1.444  -0.029   2.629   1.491
   2.546   0.645   1.449   1.387
  -2.516  -0.528  -1.546   1.704
  -0.450   2.961  -0.170   0.482
   0.246  -2.972   0.323   0.407
--------------------
Total RMSD:   1.546
--------------------
