-----------------------------------------------
Coordinates of template with ideal ctf geometry
-----------------------------------------------
   0.000   0.000   0.000
   1.964   0.000   2.268
  -1.964   1.964  -1.134
   1.964   1.964  -1.134
  -1.964  -1.964  -1.134
   0.000   0.000  -3.000
  -1.964   0.000   2.268
---------------------------------------------
Coordinates of the fitted metal site and RMSD
---------------------------------------------
   0.000   0.000   0.000   0.000
   2.273  -1.266   1.494   1.516
  -2.126   1.700  -1.261   0.335
   1.797   2.399   0.115   1.333
  -1.680  -2.479  -0.180   1.120
   1.150  -0.514  -2.723   1.289
  -1.373   0.560   2.608   0.882
--------------------
Total RMSD:   1.146
--------------------
