-----------------------------------------------
Coordinates of template with ideal pva geometry
-----------------------------------------------
   0.000   0.000   0.000
   0.000   0.000   3.000
   3.000   0.000   0.000
   0.000  -2.853   0.927
   0.000   1.763  -2.427
   0.000  -1.763  -2.427
   0.000   2.853   0.927
---------------------------------------------
Coordinates of the fitted metal site and RMSD
---------------------------------------------
   0.000   0.000   0.000   0.000
  -2.635  -0.155   1.426   3.073
   2.836   0.004  -0.977   0.991
   0.705  -2.194   1.921   1.386
  -0.828   2.109  -1.967   1.008
  -0.635  -2.169  -1.973   0.880
   0.829   2.236   1.820   1.366
--------------------
Total RMSD:   1.633
--------------------
