-----------------------------------------------
Coordinates of template with ideal pvp geometry
-----------------------------------------------
   0.000   0.000   0.000
   0.000   1.763  -2.427
   0.000  -2.853   0.927
   3.000   0.000   0.000
  -3.000   0.000   0.000
   0.000   0.000   3.000
   0.000  -1.763  -2.427
---------------------------------------------
Coordinates of the fitted metal site and RMSD
---------------------------------------------
   0.000   0.000   0.000   0.000
   0.306   2.594  -1.476   1.299
   0.148  -2.715   1.267   0.395
   2.996   0.141   0.040   0.146
  -3.000   0.001   0.024   0.024
   0.079   1.236   2.733   1.267
  -0.172  -1.447  -2.622   0.410
--------------------
Total RMSD:   0.779
--------------------
