-----------------------------------------------
Coordinates of template with ideal spy geometry
-----------------------------------------------
   0.000   0.000   0.000
  -3.000   0.000   0.000
   0.000  -3.000   0.000
   3.000   0.000   0.000
   0.000   0.000   3.000
   0.000   3.000   0.000
---------------------------------------------
Coordinates of the fitted metal site and RMSD
---------------------------------------------
   0.000   0.000   0.000   0.000
  -2.958   0.050  -0.500   0.504
   0.221  -2.990   0.097   0.241
   2.928  -0.101  -0.647   0.658
  -0.147   0.219   2.988   0.264
   0.070   2.982   0.316   0.324
--------------------
Total RMSD:   0.429
--------------------
