-----------------------------------------------
Coordinates of template with ideal tbp geometry
-----------------------------------------------
   0.000   0.000   0.000
  -3.000   0.000   0.000
   0.000   2.598  -1.500
   0.000  -2.598  -1.500
   0.000   0.000   3.000
   3.000   0.000   0.000
---------------------------------------------
Coordinates of the fitted metal site and RMSD
---------------------------------------------
   0.000   0.000   0.000   0.000
  -2.999  -0.080  -0.017   0.082
   0.127   1.738  -2.442   1.282
   0.098  -2.544  -1.587   0.142
   0.169  -1.144   2.768   1.179
   2.999  -0.055   0.039   0.067
--------------------
Total RMSD:   0.783
--------------------
