-----------------------------------------------
Coordinates of template with ideal ttp geometry
-----------------------------------------------
   0.000   0.000   0.000
  -1.964   1.964  -1.134
   0.000  -2.598   1.500
  -1.964   0.000   2.268
  -1.964  -1.964  -1.134
   1.964   1.964  -1.134
   1.964  -1.964  -1.134
   1.964   0.000   2.268
   0.000   2.598   1.500
   0.000   0.000  -3.000
---------------------------------------------
Coordinates of the fitted metal site and RMSD
---------------------------------------------
   0.000   0.000   0.000   0.000
  -1.449   2.343  -1.187   0.642
   0.970  -2.569   1.208   1.014
  -1.611   0.321   2.510   0.536
  -1.922  -1.853  -1.369   0.263
   2.555   1.321  -0.852   0.918
   2.355   0.009  -1.858   2.138
   2.011   1.770   1.351   1.994
   2.190   1.870   0.841   2.400
   2.161   0.083  -2.079   2.350
--------------------
Total RMSD:   1.580
--------------------
