-----------------------------------------------
Coordinates of template with ideal cof geometry
-----------------------------------------------
   0.000   0.000   0.000
   0.000   3.000   0.000
   1.732   1.732   1.732
   3.000   0.000   0.000
   0.000  -3.000   0.000
   0.000   0.000  -3.000
  -3.000   0.000   0.000
---------------------------------------------
Coordinates of the fitted metal site and RMSD
---------------------------------------------
   0.000   0.000   0.000   0.000
  -0.122   2.959  -0.478   0.495
   0.670   0.642   2.853   1.890
   2.958  -0.146  -0.481   0.504
  -0.078  -2.968   0.432   0.440
  -0.305  -0.367  -2.962   0.478
  -2.960  -0.118   0.475   0.491
--------------------
Total RMSD:   0.888
--------------------
