-----------------------------------------------
Coordinates of template with ideal con geometry
-----------------------------------------------
   0.000   0.000   0.000
   0.000  -3.000   0.000
   3.000   0.000   0.000
   1.732   1.732   1.732
   0.000   3.000   0.000
   0.000   0.000   3.000
  -3.000   0.000   0.000
---------------------------------------------
Coordinates of the fitted metal site and RMSD
---------------------------------------------
   0.000   0.000   0.000   0.000
   0.343  -2.968   0.276   0.441
   1.766  -0.173  -2.419   2.721
   2.488   0.621   1.557   1.355
  -0.543   2.935  -0.307   0.627
  -1.414  -0.042   2.645   1.459
  -2.547  -0.365  -1.542   1.648
--------------------
Total RMSD:   1.564
--------------------
