-----------------------------------------------
Coordinates of template with ideal pvp geometry
-----------------------------------------------
   0.000   0.000   0.000
   3.000   0.000   0.000
   0.000   0.000   3.000
   0.000  -2.853   0.927
  -3.000   0.000   0.000
   0.000  -1.763  -2.427
   0.000   1.763  -2.427
---------------------------------------------
Coordinates of the fitted metal site and RMSD
---------------------------------------------
   0.000   0.000   0.000   0.000
   2.999   0.052  -0.023   0.057
   0.151   1.179   2.754   1.214
  -0.130  -2.680   1.342   0.468
  -2.996   0.080  -0.133   0.156
   0.130  -1.516  -2.585   0.321
  -0.129   2.657  -1.386   1.378
--------------------
Total RMSD:   0.788
--------------------
