-----------------------------------------------
Coordinates of template with ideal tpr geometry
-----------------------------------------------
   0.000   0.000   0.000
  -1.964   1.964  -1.134
  -1.964   0.000   2.268
   1.964   0.000   2.268
   1.964  -1.964  -1.134
   1.964   1.964  -1.134
  -1.964  -1.964  -1.134
---------------------------------------------
Coordinates of the fitted metal site and RMSD
---------------------------------------------
   0.000   0.000   0.000   0.000
  -1.760   2.428  -0.085   1.165
  -1.729  -0.988   2.244   1.016
   1.794   1.143   2.115   1.166
   1.697  -2.472  -0.104   1.179
   1.783   1.375  -1.983   1.049
  -1.615  -1.336  -2.146   1.241
--------------------
Total RMSD:   1.139
--------------------
