-----------------------------------------------
Coordinates of template with ideal tbp geometry
-----------------------------------------------
   0.000   0.000   0.000
   0.000   0.000   3.000
   0.000   2.598  -1.500
   3.000   0.000   0.000
   0.000  -2.598  -1.500
  -3.000   0.000   0.000
---------------------------------------------
Coordinates of the fitted metal site and RMSD
---------------------------------------------
   0.000   0.000   0.000   0.000
   0.559  -0.741   2.853   0.940
   0.072   1.953  -2.276   1.012
   2.972   0.193   0.357   0.407
   0.186  -2.456  -1.712   0.316
  -2.985   0.292  -0.073   0.301
--------------------
Total RMSD:   0.673
--------------------
