-----------------------------------------------
Coordinates of template with ideal tpv geometry
-----------------------------------------------
   0.000   0.000   0.000
   1.964   1.964  -1.134
  -1.964   0.000   2.268
  -1.964   1.964  -1.134
  -1.964  -1.964  -1.134
   1.964   0.000   2.268
---------------------------------------------
Coordinates of the fitted metal site and RMSD
---------------------------------------------
   0.000   0.000   0.000   0.000
   1.761   1.514  -1.899   0.911
  -1.953  -0.092   2.275   0.093
  -1.808   1.802  -1.576   0.496
  -1.003  -2.484  -1.351   1.114
   1.951  -1.332   1.850   1.396
--------------------
Total RMSD:   0.925
--------------------
