-----------------------------------------------
Coordinates of template with ideal cof geometry
-----------------------------------------------
   0.000   0.000   0.000
   0.000  -3.000   0.000
  -3.000   0.000   0.000
   0.000   0.000  -3.000
   3.000   0.000   0.000
   1.732   1.732   1.732
   0.000   3.000   0.000
---------------------------------------------
Coordinates of the fitted metal site and RMSD
---------------------------------------------
   0.000   0.000   0.000   0.000
  -0.192  -2.679   1.336   1.387
  -2.882  -0.687  -0.471   0.841
  -0.078   0.409  -2.971   0.418
   2.559  -1.341  -0.809   1.627
   1.556   1.183   2.276   0.793
  -1.062   2.790   0.295   1.122
--------------------
Total RMSD:   1.106
--------------------
