-----------------------------------------------
Coordinates of template with ideal con geometry
-----------------------------------------------
   0.000   0.000   0.000
   0.000   3.000   0.000
  -3.000   0.000   0.000
   0.000   0.000   3.000
   1.732   1.732   1.732
   3.000   0.000   0.000
   0.000  -3.000   0.000
---------------------------------------------
Coordinates of the fitted metal site and RMSD
---------------------------------------------
   0.000   0.000   0.000   0.000
  -0.431   2.670  -1.298   1.407
  -2.940  -0.099  -0.588   0.599
  -0.981  -0.717   2.743   1.242
   1.667   1.843   1.680   0.138
   2.498  -0.523  -1.576   1.735
  -0.109  -2.921  -0.675   0.688
--------------------
Total RMSD:   1.109
--------------------
