-----------------------------------------------
Coordinates of template with ideal pva geometry
-----------------------------------------------
   0.000   0.000   0.000
   0.000   2.853   0.927
   0.000   0.000   3.000
   3.000   0.000   0.000
   0.000   1.763  -2.427
   0.000  -1.763  -2.427
   0.000  -2.853   0.927
---------------------------------------------
Coordinates of the fitted metal site and RMSD
---------------------------------------------
   0.000   0.000   0.000   0.000
  -1.727   2.420   0.398   1.858
   0.068   0.287   2.985   0.295
   2.975  -0.027   0.385   0.386
   0.860   1.816  -2.228   0.884
  -1.907  -1.213  -1.973   2.036
   0.011  -2.936   0.619   0.319
--------------------
Total RMSD:   1.205
--------------------
