-----------------------------------------------
Coordinates of template with ideal cof geometry
-----------------------------------------------
   0.000   0.000   0.000
   0.000   0.000  -3.000
   0.000   3.000   0.000
   3.000   0.000   0.000
   0.000  -3.000   0.000
   1.732   1.732   1.732
  -3.000   0.000   0.000
---------------------------------------------
Coordinates of the fitted metal site and RMSD
---------------------------------------------
   0.000   0.000   0.000   0.000
  -0.435  -0.456  -2.933   0.634
  -0.009   2.976  -0.381   0.382
   2.961  -0.051  -0.477   0.481
   0.095  -2.951   0.530   0.541
   0.549   0.533   2.901   2.051
  -2.966   0.044   0.446   0.449
--------------------
Total RMSD:   0.956
--------------------
