-----------------------------------------------
Coordinates of template with ideal pva geometry
-----------------------------------------------
   0.000   0.000   0.000
   0.000   0.000   3.000
   0.000   1.763  -2.427
   0.000  -2.853   0.927
   3.000   0.000   0.000
   0.000  -1.763  -2.427
   0.000   2.853   0.927
---------------------------------------------
Coordinates of the fitted metal site and RMSD
---------------------------------------------
   0.000   0.000   0.000   0.000
  -0.822   0.490   2.843   0.970
  -2.773   0.584  -0.985   3.340
  -0.729  -2.891   0.334   0.941
   2.801  -0.672   0.837   1.092
   0.719  -0.585  -2.853   1.444
   0.723   2.896  -0.303   1.427
--------------------
Total RMSD:   1.746
--------------------
