-----------------------------------------------
Coordinates of template with ideal tpr geometry
-----------------------------------------------
   0.000   0.000   0.000
   1.964   0.000   2.268
   1.964   1.964  -1.134
  -1.964   0.000   2.268
  -1.964  -1.964  -1.134
  -1.964   1.964  -1.134
   1.964  -1.964  -1.134
---------------------------------------------
Coordinates of the fitted metal site and RMSD
---------------------------------------------
   0.000   0.000   0.000   0.000
   1.708  -1.183   2.164   1.215
   1.666   2.494  -0.060   1.234
  -1.750   1.221   2.109   1.249
  -1.795  -2.404  -0.013   1.216
  -1.729   1.295  -2.082   1.184
   1.767  -1.236  -2.086   1.215
--------------------
Total RMSD:   1.219
--------------------
