-----------------------------------------------
Coordinates of template with ideal ctf geometry
-----------------------------------------------
   0.000   0.000   0.000
  -1.964  -1.964  -1.134
  -1.964   0.000   2.268
   0.000   0.000  -3.000
   1.964   1.964  -1.134
   1.964   0.000   2.268
  -1.964   1.964  -1.134
---------------------------------------------
Coordinates of the fitted metal site and RMSD
---------------------------------------------
   0.000   0.000   0.000   0.000
  -1.706  -2.450  -0.295   1.003
  -1.276   0.617   2.644   0.998
   1.224  -0.659  -2.659   1.431
   1.654   2.502   0.075   1.359
   2.189  -1.538   1.358   1.801
  -2.147   1.584  -1.371   0.484
--------------------
Total RMSD:   1.250
--------------------
