-----------------------------------------------
Coordinates of template with ideal ctn geometry
-----------------------------------------------
   0.000   0.000   0.000
  -1.964  -1.964  -1.134
  -1.964   1.964  -1.134
   1.964  -1.964  -1.134
   1.964   1.964  -1.134
   1.964   0.000   2.268
   0.000   0.000  -3.000
---------------------------------------------
Coordinates of the fitted metal site and RMSD
---------------------------------------------
   0.000   0.000   0.000   0.000
  -2.048  -2.175   0.274   1.426
  -2.117   2.093   0.372   1.519
   2.068  -2.139  -0.386   0.775
   2.131   2.061  -0.458   0.703
   0.581  -0.008   2.943   1.539
  -0.525   0.037  -2.953   0.529
--------------------
Total RMSD:   1.161
--------------------
