-----------------------------------------------
Coordinates of template with ideal oct geometry
-----------------------------------------------
   0.000   0.000   0.000
   3.000   0.000   0.000
   0.000   0.000  -3.000
   0.000   0.000   3.000
  -3.000   0.000   0.000
   0.000  -3.000   0.000
   0.000   3.000   0.000
---------------------------------------------
Coordinates of the fitted metal site and RMSD
---------------------------------------------
   0.000   0.000   0.000   0.000
   2.998   0.088   0.076   0.116
   0.037   0.025  -3.000   0.045
   0.027  -0.004   3.000   0.028
  -2.998   0.078   0.086   0.116
  -0.035  -3.000   0.024   0.043
  -0.025   3.000  -0.005   0.026
--------------------
Total RMSD:   0.073
--------------------
