-----------------------------------------------
Coordinates of template with ideal pva geometry
-----------------------------------------------
   0.000   0.000   0.000
   3.000   0.000   0.000
   0.000  -1.763  -2.427
   0.000   0.000   3.000
   0.000   2.853   0.927
   0.000  -2.853   0.927
   0.000   1.763  -2.427
---------------------------------------------
Coordinates of the fitted metal site and RMSD
---------------------------------------------
   0.000   0.000   0.000   0.000
   2.828  -0.951  -0.312   1.015
  -0.740  -1.212  -2.643   0.948
   0.805   1.207   2.625   1.499
  -2.742   1.156   0.377   3.272
  -0.814  -2.506   1.434   1.020
   0.763   2.536  -1.410   1.487
--------------------
Total RMSD:   1.738
--------------------
