-----------------------------------------------
Coordinates of template with ideal cof geometry
-----------------------------------------------
   0.000   0.000   0.000
   0.000  -3.000   0.000
  -3.000   0.000   0.000
   0.000   3.000   0.000
   1.732   1.732   1.732
   0.000   0.000  -3.000
   3.000   0.000   0.000
---------------------------------------------
Coordinates of the fitted metal site and RMSD
---------------------------------------------
   0.000   0.000   0.000   0.000
   0.040  -2.967   0.442   0.445
  -2.965   0.066   0.449   0.455
   0.027   2.975  -0.385   0.386
   0.524   0.676   2.875   1.970
  -0.438  -0.443  -2.935   0.627
   2.963  -0.034  -0.470   0.472
--------------------
Total RMSD:   0.918
--------------------
