-----------------------------------------------
Coordinates of template with ideal con geometry
-----------------------------------------------
   0.000   0.000   0.000
  -3.000   0.000   0.000
   0.000  -3.000   0.000
   1.732   1.732   1.732
   3.000   0.000   0.000
   0.000   0.000   3.000
   0.000   3.000   0.000
---------------------------------------------
Coordinates of the fitted metal site and RMSD
---------------------------------------------
   0.000   0.000   0.000   0.000
  -2.546  -0.421  -1.530   1.651
   0.372  -2.964   0.273   0.463
   2.573   0.477   1.467   1.534
   1.738   0.067  -2.444   2.752
  -1.552   0.057   2.566   1.613
  -0.350   2.970  -0.241   0.426
--------------------
Total RMSD:   1.615
--------------------
