-----------------------------------------------
Coordinates of template with ideal ctf geometry
-----------------------------------------------
   0.000   0.000   0.000
   1.964   0.000   2.268
   1.964   1.964  -1.134
  -1.964   1.964  -1.134
   0.000   0.000  -3.000
  -1.964   0.000   2.268
  -1.964  -1.964  -1.134
---------------------------------------------
Coordinates of the fitted metal site and RMSD
---------------------------------------------
   0.000   0.000   0.000   0.000
   2.128  -1.577   1.408   1.804
   1.664   2.489   0.190   1.455
  -2.131   1.515  -1.471   0.586
   1.053  -0.582  -2.748   1.229
  -1.277   0.633   2.640   1.005
  -1.696  -2.467  -0.193   1.100
--------------------
Total RMSD:   1.255
--------------------
