-----------------------------------------------
Coordinates of template with ideal pvp geometry
-----------------------------------------------
   0.000   0.000   0.000
   0.000   1.763  -2.427
   3.000   0.000   0.000
   0.000  -2.853   0.927
   0.000   0.000   3.000
   0.000  -1.763  -2.427
  -3.000   0.000   0.000
---------------------------------------------
Coordinates of the fitted metal site and RMSD
---------------------------------------------
   0.000   0.000   0.000   0.000
  -0.034   2.655  -1.397   1.363
   3.000  -0.010  -0.008   0.013
  -0.023  -2.623   1.457   0.578
  -0.061   1.182   2.757   1.208
  -0.028  -1.397  -2.655   0.432
  -3.000  -0.029   0.011   0.031
--------------------
Total RMSD:   0.800
--------------------
