-----------------------------------------------
Coordinates of template with ideal tpr geometry
-----------------------------------------------
   0.000   0.000   0.000
   1.964  -1.964  -1.134
  -1.964  -1.964  -1.134
  -1.964   1.964  -1.134
  -1.964   0.000   2.268
   1.964   1.964  -1.134
   1.964   0.000   2.268
---------------------------------------------
Coordinates of the fitted metal site and RMSD
---------------------------------------------
   0.000   0.000   0.000   0.000
   1.769  -2.423  -0.019   1.221
  -1.730  -1.198  -2.139   1.285
  -1.774   2.417   0.107   1.335
  -1.811  -1.045   2.152   1.063
   1.729   1.279  -2.092   1.201
   1.718   1.233   2.128   1.265
--------------------
Total RMSD:   1.231
--------------------
