-----------------------------------------------
Coordinates of template with ideal ctn geometry
-----------------------------------------------
   0.000   0.000   0.000
   1.964   0.000   2.268
  -1.964  -1.964  -1.134
   1.964   1.964  -1.134
  -1.964   1.964  -1.134
   0.000   0.000  -3.000
   1.964  -1.964  -1.134
---------------------------------------------
Coordinates of the fitted metal site and RMSD
---------------------------------------------
   0.000   0.000   0.000   0.000
   0.751  -0.054   2.904   1.371
  -2.120  -2.098   0.321   1.469
   2.085   2.120  -0.396   0.764
  -2.111   2.103   0.349   1.497
  -0.393  -0.048  -2.974   0.397
   2.123  -2.090  -0.357   0.803
--------------------
Total RMSD:   1.130
--------------------
