-----------------------------------------------
Coordinates of template with ideal cof geometry
-----------------------------------------------
   0.000   0.000   0.000
  -3.000   0.000   0.000
   3.000   0.000   0.000
   0.000   3.000   0.000
   0.000   0.000  -3.000
   1.732   1.732   1.732
   0.000  -3.000   0.000
---------------------------------------------
Coordinates of the fitted metal site and RMSD
---------------------------------------------
   0.000   0.000   0.000   0.000
  -2.994   0.014   0.192   0.193
   2.927  -0.227  -0.620   0.664
  -0.630   2.900  -0.441   0.776
  -0.260  -0.244  -2.979   0.358
   0.843   1.002   2.699   1.503
  -0.482  -2.946   0.294   0.567
--------------------
Total RMSD:   0.795
--------------------
