-----------------------------------------------
Coordinates of template with ideal oct geometry
-----------------------------------------------
   0.000   0.000   0.000
   0.000   3.000   0.000
   0.000  -3.000   0.000
   3.000   0.000   0.000
   0.000   0.000  -3.000
   0.000   0.000   3.000
  -3.000   0.000   0.000
---------------------------------------------
Coordinates of the fitted metal site and RMSD
---------------------------------------------
   0.000   0.000   0.000   0.000
   0.004   2.985  -0.301   0.301
  -0.141  -2.992  -0.162   0.214
   2.937   0.609  -0.040   0.613
   0.269  -0.233  -2.979   0.356
   0.521  -0.372   2.931   0.644
  -2.950   0.464  -0.292   0.550
--------------------
Total RMSD:   0.476
--------------------
