-----------------------------------------------
Coordinates of template with ideal pvp geometry
-----------------------------------------------
   0.000   0.000   0.000
  -3.000   0.000   0.000
   3.000   0.000   0.000
   0.000  -1.763  -2.427
   0.000  -2.853   0.927
   0.000   1.763  -2.427
   0.000   0.000   3.000
---------------------------------------------
Coordinates of the fitted metal site and RMSD
---------------------------------------------
   0.000   0.000   0.000   0.000
  -2.977  -0.312   0.194   0.368
   2.997  -0.038   0.138   0.143
  -0.642  -1.379  -2.586   0.765
   0.295  -2.772   1.108   0.355
   0.302   2.379  -1.802   0.928
  -0.423   1.073   2.769   1.176
--------------------
Total RMSD:   0.720
--------------------
