-----------------------------------------------
Coordinates of template with ideal tpr geometry
-----------------------------------------------
   0.000   0.000   0.000
   1.964   1.964  -1.134
  -1.964  -1.964  -1.134
   1.964   0.000   2.268
   1.964  -1.964  -1.134
  -1.964   0.000   2.268
  -1.964   1.964  -1.134
---------------------------------------------
Coordinates of the fitted metal site and RMSD
---------------------------------------------
   0.000   0.000   0.000   0.000
   1.872   2.341  -0.129   1.077
  -1.683  -2.466  -0.297   1.016
   2.062  -0.750   2.046   0.788
   1.776  -1.440  -1.942   0.981
  -1.635   0.592   2.445   0.700
  -1.265   1.511  -2.262   1.402
--------------------
Total RMSD:   1.019
--------------------
