-----------------------------------------------
Coordinates of template with ideal oct geometry
-----------------------------------------------
   0.000   0.000   0.000
  -3.000   0.000   0.000
   3.000   0.000   0.000
   0.000   3.000   0.000
   0.000   0.000  -3.000
   0.000  -3.000   0.000
   0.000   0.000   3.000
---------------------------------------------
Coordinates of the fitted metal site and RMSD
---------------------------------------------
   0.000   0.000   0.000   0.000
  -2.997  -0.011   0.129   0.130
   2.999   0.037  -0.052   0.064
   0.018   3.000  -0.048   0.051
   0.071   0.001  -2.999   0.071
  -0.030  -2.999  -0.051   0.059
  -0.111   0.004   2.998   0.111
--------------------
Total RMSD:   0.086
--------------------
