-----------------------------------------------
Coordinates of template with ideal cof geometry
-----------------------------------------------
   0.000   0.000   0.000
  -3.000   0.000   0.000
   0.000   3.000   0.000
   3.000   0.000   0.000
   0.000   0.000  -3.000
   1.732   1.732   1.732
   0.000  -3.000   0.000
---------------------------------------------
Coordinates of the fitted metal site and RMSD
---------------------------------------------
   0.000   0.000   0.000   0.000
  -2.961   0.076   0.474   0.482
  -0.071   2.959  -0.491   0.497
   2.972   0.045  -0.403   0.406
  -0.396  -0.464  -2.937   0.613
   0.670   0.535   2.875   1.967
   0.036  -2.973   0.397   0.399
--------------------
Total RMSD:   0.917
--------------------
