-----------------------------------------------
Coordinates of template with ideal ctf geometry
-----------------------------------------------
   0.000   0.000   0.000
   1.964   1.964  -1.134
  -1.964   1.964  -1.134
  -1.964  -1.964  -1.134
  -1.964   0.000   2.268
   0.000   0.000  -3.000
   1.964   0.000   2.268
---------------------------------------------
Coordinates of the fitted metal site and RMSD
---------------------------------------------
   0.000   0.000   0.000   0.000
   1.660   2.494   0.161   1.432
  -2.148   1.598  -1.353   0.465
  -1.699  -2.455  -0.290   1.011
  -1.282   0.580   2.649   0.973
   1.068  -0.769  -2.696   1.351
   2.118  -1.560   1.442   1.772
--------------------
Total RMSD:   1.238
--------------------
