-----------------------------------------------
Coordinates of template with ideal ctn geometry
-----------------------------------------------
   0.000   0.000   0.000
   1.964   0.000   2.268
   1.964  -1.964  -1.134
   0.000   0.000  -3.000
   1.964   1.964  -1.134
  -1.964  -1.964  -1.134
  -1.964   1.964  -1.134
---------------------------------------------
Coordinates of the fitted metal site and RMSD
---------------------------------------------
   0.000   0.000   0.000   0.000
   0.588  -0.037   2.941   1.532
   2.110  -2.098  -0.380   0.780
  -0.575  -0.103  -2.942   0.587
   2.069   2.120  -0.474   0.686
  -2.064  -2.169   0.189   1.342
  -2.037   2.168   0.386   1.535
--------------------
Total RMSD:   1.150
--------------------
