-----------------------------------------------
Coordinates of template with ideal oct geometry
-----------------------------------------------
   0.000   0.000   0.000
   0.000  -3.000   0.000
  -3.000   0.000   0.000
   0.000   3.000   0.000
   0.000   0.000  -3.000
   0.000   0.000   3.000
   3.000   0.000   0.000
---------------------------------------------
Coordinates of the fitted metal site and RMSD
---------------------------------------------
   0.000   0.000   0.000   0.000
  -0.056  -2.999  -0.005   0.056
  -3.000  -0.012  -0.022   0.025
  -0.052   2.998   0.095   0.108
  -0.010   0.090  -2.999   0.091
  -0.065   0.190   2.993   0.200
   2.999  -0.008  -0.077   0.077
--------------------
Total RMSD:   0.108
--------------------
