-----------------------------------------------
Coordinates of template with ideal pva geometry
-----------------------------------------------
   0.000   0.000   0.000
   0.000  -2.853   0.927
   0.000  -1.763  -2.427
   0.000   2.853   0.927
   3.000   0.000   0.000
   0.000   1.763  -2.427
   0.000   0.000   3.000
---------------------------------------------
Coordinates of the fitted metal site and RMSD
---------------------------------------------
   0.000   0.000   0.000   0.000
  -0.795  -2.875   0.321   1.000
   0.776  -0.602  -2.835   1.455
   0.738   2.873  -0.450   1.563
   2.812  -0.592   0.861   1.062
  -2.712   0.843  -0.965   3.216
  -0.688   0.561   2.866   0.898
--------------------
Total RMSD:   1.724
--------------------
