-----------------------------------------------
Coordinates of template with ideal tpr geometry
-----------------------------------------------
   0.000   0.000   0.000
  -1.964   1.964  -1.134
  -1.964   0.000   2.268
   1.964  -1.964  -1.134
   1.964   0.000   2.268
  -1.964  -1.964  -1.134
   1.964   1.964  -1.134
---------------------------------------------
Coordinates of the fitted metal site and RMSD
---------------------------------------------
   0.000   0.000   0.000   0.000
  -1.753   2.434   0.026   1.269
  -1.747  -1.197   2.125   1.225
   1.637  -2.514  -0.014   1.289
   1.765   1.143   2.140   1.167
  -1.645  -1.400  -2.082   1.148
   1.792   1.253  -2.054   1.175
--------------------
Total RMSD:   1.214
--------------------
