-----------------------------------------------
Coordinates of template with ideal spy geometry
-----------------------------------------------
   0.000   0.000   0.000
   0.000   3.000   0.000
   3.000   0.000   0.000
   0.000  -3.000   0.000
  -3.000   0.000   0.000
   0.000   0.000   3.000
---------------------------------------------
Coordinates of the fitted metal site and RMSD
---------------------------------------------
   0.000   0.000   0.000   0.000
   0.096   2.989   0.243   0.262
   2.719   0.173  -1.255   1.298
   0.192  -2.987   0.197   0.275
  -2.846   0.269  -0.910   0.962
  -0.345   0.046   2.980   0.349
--------------------
Total RMSD:   0.758
--------------------
