-----------------------------------------------
Coordinates of template with ideal tbp geometry
-----------------------------------------------
   0.000   0.000   0.000
   3.000   0.000   0.000
   0.000  -2.598  -1.500
  -3.000   0.000   0.000
   0.000   2.598  -1.500
   0.000   0.000   3.000
---------------------------------------------
Coordinates of the fitted metal site and RMSD
---------------------------------------------
   0.000   0.000   0.000   0.000
   2.993  -0.098   0.178   0.203
   0.144  -2.721  -1.254   0.310
  -2.982  -0.190   0.263   0.325
   0.250   2.844  -0.921   0.677
   0.112   0.350   2.977   0.368
--------------------
Total RMSD:   0.409
--------------------
