-----------------------------------------------
Coordinates of template with ideal ctf geometry
-----------------------------------------------
   0.000   0.000   0.000
   0.000   0.000  -3.000
  -1.964  -1.964  -1.134
  -1.964   0.000   2.268
   1.964   1.964  -1.134
  -1.964   1.964  -1.134
   1.964   0.000   2.268
---------------------------------------------
Coordinates of the fitted metal site and RMSD
---------------------------------------------
   0.000   0.000   0.000   0.000
   1.210  -0.610  -2.677   1.393
  -1.754  -2.421  -0.248   1.019
  -1.211   0.635   2.670   1.064
   1.728   2.448   0.150   1.393
  -2.233   1.497  -1.332   0.575
   2.146  -1.489   1.476   1.696
--------------------
Total RMSD:   1.242
--------------------
