-----------------------------------------------
Coordinates of template with ideal oct geometry
-----------------------------------------------
   0.000   0.000   0.000
   0.000   3.000   0.000
   3.000   0.000   0.000
   0.000  -3.000   0.000
  -3.000   0.000   0.000
   0.000   0.000  -3.000
   0.000   0.000   3.000
---------------------------------------------
Coordinates of the fitted metal site and RMSD
---------------------------------------------
   0.000   0.000   0.000   0.000
  -0.020   3.000  -0.037   0.042
   2.998   0.025  -0.115   0.118
   0.001  -3.000   0.021   0.021
  -2.999   0.045   0.037   0.059
   0.093  -0.053  -2.998   0.108
  -0.059  -0.112   2.997   0.126
--------------------
Total RMSD:   0.089
--------------------
