-----------------------------------------------
Coordinates of template with ideal pva geometry
-----------------------------------------------
   0.000   0.000   0.000
   0.000   1.763  -2.427
   0.000   2.853   0.927
   0.000   0.000   3.000
   0.000  -1.763  -2.427
   3.000   0.000   0.000
   0.000  -2.853   0.927
---------------------------------------------
Coordinates of the fitted metal site and RMSD
---------------------------------------------
   0.000   0.000   0.000   0.000
  -0.752   1.233  -2.629   0.943
  -0.669   2.573   1.391   0.861
   0.773  -1.243   2.619   1.513
   0.723  -2.518  -1.461   1.423
   2.777   1.104  -0.258   1.156
  -2.742  -1.143   0.418   3.271
--------------------
Total RMSD:   1.731
--------------------
