-----------------------------------------------
Coordinates of template with ideal pvp geometry
-----------------------------------------------
   0.000   0.000   0.000
   0.000   0.000   3.000
  -3.000   0.000   0.000
   0.000  -1.763  -2.427
   3.000   0.000   0.000
   0.000  -2.853   0.927
   0.000   1.763  -2.427
---------------------------------------------
Coordinates of the fitted metal site and RMSD
---------------------------------------------
   0.000   0.000   0.000   0.000
   0.024   1.330   2.689   1.366
  -2.998  -0.085   0.076   0.114
  -0.005  -1.345  -2.682   0.490
   3.000   0.048   0.022   0.053
  -0.098  -2.695   1.315   0.431
   0.063   2.619  -1.462   1.291
--------------------
Total RMSD:   0.814
--------------------
