-----------------------------------------------
Coordinates of template with ideal tpr geometry
-----------------------------------------------
   0.000   0.000   0.000
  -1.964  -1.964  -1.134
  -1.964   0.000   2.268
   1.964   1.964  -1.134
   1.964  -1.964  -1.134
  -1.964   1.964  -1.134
   1.964   0.000   2.268
---------------------------------------------
Coordinates of the fitted metal site and RMSD
---------------------------------------------
   0.000   0.000   0.000   0.000
  -1.727  -2.453  -0.038   1.223
  -1.817   1.240   2.040   1.269
   1.729   2.452   0.013   1.268
   1.733  -1.267  -2.096   1.211
  -1.764   1.294  -2.052   1.154
   1.838  -1.145   2.076   1.167
--------------------
Total RMSD:   1.216
--------------------
