-----------------------------------------------
Coordinates of template with ideal coc geometry
-----------------------------------------------
   0.000   0.000   0.000
   0.000  -3.000   0.000
   0.000   0.000   3.000
   0.000   0.000  -3.000
   0.000   3.000   0.000
  -3.000   0.000   0.000
   3.000   0.000   0.000
   1.732   1.732   1.732
---------------------------------------------
Coordinates of the fitted metal site and RMSD
---------------------------------------------
   0.000   0.000   0.000   0.000
   0.082  -2.956  -0.507   0.516
   0.449   0.377   2.942   0.589
  -0.531   0.601  -2.891   0.809
   0.124   2.799  -1.074   1.099
  -2.910   0.662  -0.307   0.735
   2.978   0.009  -0.365   0.366
   0.561   1.766   2.359   1.329
--------------------
Total RMSD:   0.838
--------------------
