-----------------------------------------------
Coordinates of template with ideal ctp geometry
-----------------------------------------------
   0.000   0.000   0.000
   1.964   0.000   2.268
  -1.964   0.000   2.268
   1.964  -1.964  -1.134
   0.000   0.000  -3.000
  -1.964  -1.964  -1.134
   1.964   1.964  -1.134
  -1.964   1.964  -1.134
---------------------------------------------
Coordinates of the fitted metal site and RMSD
---------------------------------------------
   0.000   0.000   0.000   0.000
   1.723  -0.604   2.380   0.660
  -2.201   1.794   0.969   2.227
   1.694  -1.695  -1.805   0.772
  -0.349   0.040  -2.979   0.352
  -1.432  -2.592  -0.477   1.053
   1.684   2.446  -0.429   0.899
  -2.312   1.835  -0.537   0.703
--------------------
Total RMSD:   1.104
--------------------
