-----------------------------------------------
Coordinates of template with ideal cof geometry
-----------------------------------------------
   0.000   0.000   0.000
   3.000   0.000   0.000
   0.000   3.000   0.000
   0.000   0.000  -3.000
   0.000  -3.000   0.000
   1.732   1.732   1.732
  -3.000   0.000   0.000
---------------------------------------------
Coordinates of the fitted metal site and RMSD
---------------------------------------------
   0.000   0.000   0.000   0.000
   2.955  -0.067  -0.514   0.520
  -0.045   2.975  -0.387   0.390
  -0.433  -0.433  -2.937   0.616
   0.055  -2.949   0.547   0.552
   0.556   0.533   2.900   2.046
  -2.972   0.019   0.406   0.408
--------------------
Total RMSD:   0.954
--------------------
