-----------------------------------------------
Coordinates of template with ideal con geometry
-----------------------------------------------
   0.000   0.000   0.000
   0.000   3.000   0.000
   0.000   0.000   3.000
  -3.000   0.000   0.000
   3.000   0.000   0.000
   1.732   1.732   1.732
   0.000  -3.000   0.000
---------------------------------------------
Coordinates of the fitted metal site and RMSD
---------------------------------------------
   0.000   0.000   0.000   0.000
  -0.399   2.955  -0.325   0.517
  -1.502   0.038   2.597   1.556
  -2.551  -0.425  -1.520   1.641
   1.640  -0.028  -2.512   2.856
   2.480   0.550   1.595   1.406
   0.318  -2.973   0.240   0.399
--------------------
Total RMSD:   1.616
--------------------
