-----------------------------------------------
Coordinates of template with ideal pva geometry
-----------------------------------------------
   0.000   0.000   0.000
   0.000   0.000   3.000
   0.000  -1.763  -2.427
   0.000   2.853   0.927
   3.000   0.000   0.000
   0.000  -2.853   0.927
   0.000   1.763  -2.427
---------------------------------------------
Coordinates of the fitted metal site and RMSD
---------------------------------------------
   0.000   0.000   0.000   0.000
  -0.739  -0.527   2.859   0.919
  -2.767  -0.735  -0.898   3.324
  -0.840   2.852   0.398   0.992
   2.813   0.583   0.863   1.059
   0.712  -2.898  -0.309   1.427
   0.737   0.643  -2.836   1.402
--------------------
Total RMSD:   1.732
--------------------
