-----------------------------------------------
Coordinates of template with ideal spy geometry
-----------------------------------------------
   0.000   0.000   0.000
  -3.000   0.000   0.000
   0.000  -3.000   0.000
   0.000   3.000   0.000
   0.000   0.000   3.000
   3.000   0.000   0.000
---------------------------------------------
Coordinates of the fitted metal site and RMSD
---------------------------------------------
   0.000   0.000   0.000   0.000
  -2.907   0.173  -0.720   0.746
  -0.290  -2.824  -0.969   1.027
  -0.177   2.871  -0.852   0.880
  -0.146   0.117   2.994   0.187
   2.858   0.286  -0.865   0.923
--------------------
Total RMSD:   0.809
--------------------
