-----------------------------------------------
Coordinates of template with ideal tbp geometry
-----------------------------------------------
   0.000   0.000   0.000
  -3.000   0.000   0.000
   0.000  -2.598  -1.500
   0.000   2.598  -1.500
   0.000   0.000   3.000
   3.000   0.000   0.000
---------------------------------------------
Coordinates of the fitted metal site and RMSD
---------------------------------------------
   0.000   0.000   0.000   0.000
  -2.889   0.177  -0.790   0.817
  -0.271  -2.825  -0.973   0.635
  -0.152   2.870  -0.860   0.712
  -0.218   0.121   2.990   0.249
   2.879   0.281  -0.796   0.853
--------------------
Total RMSD:   0.688
--------------------
