-----------------------------------------------
Coordinates of template with ideal tbp geometry
-----------------------------------------------
   0.000   0.000   0.000
   0.000  -2.598  -1.500
   3.000   0.000   0.000
   0.000   0.000   3.000
   0.000   2.598  -1.500
  -3.000   0.000   0.000
---------------------------------------------
Coordinates of the fitted metal site and RMSD
---------------------------------------------
   0.000   0.000   0.000   0.000
  -0.040  -2.556  -1.571   0.092
   2.997   0.114   0.063   0.131
   0.019  -1.337   2.686   1.373
   0.002   1.580  -2.551   1.463
  -2.999   0.078   0.025   0.082
--------------------
Total RMSD:   0.901
--------------------
