-----------------------------------------------
Coordinates of template with ideal spy geometry
-----------------------------------------------
   0.000   0.000   0.000
  -3.000   0.000   0.000
   0.000   3.000   0.000
   0.000  -3.000   0.000
   0.000   0.000   3.000
   3.000   0.000   0.000
---------------------------------------------
Coordinates of the fitted metal site and RMSD
---------------------------------------------
   0.000   0.000   0.000   0.000
  -2.986  -0.177  -0.231   0.291
   0.092   2.844  -0.951   0.968
   0.005  -2.857  -0.915   0.926
   0.346  -0.036   2.980   0.349
   2.996  -0.089   0.115   0.146
--------------------
Total RMSD:   0.636
--------------------
