-----------------------------------------------
Coordinates of template with ideal cuv geometry
-----------------------------------------------
   0.000   0.000   0.000
   1.732  -1.732   1.732
   1.732  -1.732  -1.732
  -1.732  -1.732  -1.732
  -1.732  -1.732   1.732
  -1.732   1.732  -1.732
   1.732   1.732   1.732
  -1.732   1.732   1.732
---------------------------------------------
Coordinates of the fitted metal site and RMSD
---------------------------------------------
   0.000   0.000   0.000   0.000
   1.443  -2.179   1.473   0.592
   2.026  -0.954  -1.996   0.872
  -1.659  -2.356  -0.836   1.094
  -2.443  -0.309   1.714   1.591
  -1.175   1.876  -2.025   0.645
   1.558   2.107   1.461   0.494
  -1.706   0.454   2.425   1.454
--------------------
Total RMSD:   1.043
--------------------
