-----------------------------------------------
Coordinates of template with ideal hva geometry
-----------------------------------------------
   0.000   0.000   0.000
   3.000   0.000   0.000
   0.000   2.598  -1.500
   0.000   0.000  -3.000
   0.000  -2.598  -1.500
   0.000   2.598   1.500
   0.000   0.000   3.000
   0.000  -2.598   1.500
---------------------------------------------
Coordinates of the fitted metal site and RMSD
---------------------------------------------
   0.000   0.000   0.000   0.000
   2.864  -0.531  -0.718   0.903
   1.031   2.711  -0.765   1.271
  -0.306  -0.509  -2.941   0.596
  -0.782  -2.840  -0.566   1.242
  -2.766   1.105   0.360   3.343
   0.653  -0.076   2.927   0.662
  -0.340  -2.913   0.630   0.986
--------------------
Total RMSD:   1.555
--------------------
