-----------------------------------------------
Coordinates of template with ideal spy geometry
-----------------------------------------------
   0.000   0.000   0.000
   0.000   0.000   3.000
   0.000  -3.000   0.000
   3.000   0.000   0.000
   0.000   3.000   0.000
  -3.000   0.000   0.000
---------------------------------------------
Coordinates of the fitted metal site and RMSD
---------------------------------------------
   0.000   0.000   0.000   0.000
   0.404  -0.208   2.965   0.455
  -0.400  -2.965   0.226   0.461
   2.963   0.261   0.392   0.472
  -0.276   2.987   0.018   0.277
  -2.997   0.137  -0.012   0.138
--------------------
Total RMSD:   0.384
--------------------
