-----------------------------------------------
Coordinates of template with ideal tpv geometry
-----------------------------------------------
   0.000   0.000   0.000
  -1.964   1.964  -1.134
   1.964   1.964  -1.134
  -1.964  -1.964  -1.134
  -1.964   0.000   2.268
   1.964   0.000   2.268
---------------------------------------------
Coordinates of the fitted metal site and RMSD
---------------------------------------------
   0.000   0.000   0.000   0.000
  -1.713   2.324  -0.817   0.541
   1.977   1.290  -1.852   0.985
  -1.994  -1.153  -1.922   1.131
  -1.757  -0.777   2.304   0.805
   1.551   1.361   2.178   1.425
--------------------
Total RMSD:   1.022
--------------------
