-----------------------------------------------
Coordinates of template with ideal tpv geometry
-----------------------------------------------
   0.000   0.000   0.000
  -1.964  -1.964  -1.134
  -1.964   0.000   2.268
  -1.964   1.964  -1.134
   1.964   0.000   2.268
   1.964   1.964  -1.134
---------------------------------------------
Coordinates of the fitted metal site and RMSD
---------------------------------------------
   0.000   0.000   0.000   0.000
  -0.867  -2.397  -1.582   1.262
  -1.900  -0.163   2.316   0.182
  -1.973   1.817  -1.344   0.257
   2.171  -0.873   1.878   0.978
   2.132   1.155  -1.767   1.040
--------------------
Total RMSD:   0.864
--------------------
