-----------------------------------------------
Coordinates of template with ideal tpr geometry
-----------------------------------------------
   0.000   0.000   0.000
   1.964   0.000   2.268
   1.964   1.964  -1.134
  -1.964   0.000   2.268
   1.964  -1.964  -1.134
  -1.964   1.964  -1.134
  -1.964  -1.964  -1.134
---------------------------------------------
Coordinates of the fitted metal site and RMSD
---------------------------------------------
   0.000   0.000   0.000   0.000
   1.822   1.074   2.128   1.092
   1.567   1.252  -2.231   1.366
  -1.928  -1.340   1.867   1.399
   1.567  -2.547  -0.237   1.141
  -1.709   2.455  -0.230   1.059
  -1.736  -1.362  -2.033   1.106
--------------------
Total RMSD:   1.202
--------------------
