-----------------------------------------------
Coordinates of template with ideal ctf geometry
-----------------------------------------------
   0.000   0.000   0.000
   1.964   0.000   2.268
  -1.964  -1.964  -1.134
   1.964   1.964  -1.134
   0.000   0.000  -3.000
  -1.964   0.000   2.268
  -1.964   1.964  -1.134
---------------------------------------------
Coordinates of the fitted metal site and RMSD
---------------------------------------------
   0.000   0.000   0.000   0.000
   2.254  -1.293   1.499   1.532
  -1.867  -2.295  -0.498   0.724
   1.753   2.432   0.115   1.350
   1.084  -0.832  -2.670   1.406
  -1.281   0.406   2.682   0.896
  -2.165   1.575  -1.354   0.490
--------------------
Total RMSD:   1.134
--------------------
