-----------------------------------------------
Coordinates of template with ideal ctn geometry
-----------------------------------------------
   0.000   0.000   0.000
   1.964   0.000   2.268
  -1.964   1.964  -1.134
   1.964  -1.964  -1.134
  -1.964  -1.964  -1.134
   1.964   1.964  -1.134
   0.000   0.000  -3.000
---------------------------------------------
Coordinates of the fitted metal site and RMSD
---------------------------------------------
   0.000   0.000   0.000   0.000
   0.794  -0.127   2.890   1.331
  -2.250   1.984   0.018   1.187
   2.029  -2.187  -0.314   0.852
  -2.253  -1.946   0.367   1.529
   1.946   2.272  -0.225   0.960
  -0.487   0.028  -2.960   0.490
--------------------
Total RMSD:   1.111
--------------------
