-----------------------------------------------
Coordinates of template with ideal oct geometry
-----------------------------------------------
   0.000   0.000   0.000
   3.000   0.000   0.000
   0.000   0.000   3.000
   0.000   0.000  -3.000
   0.000  -3.000   0.000
   0.000   3.000   0.000
  -3.000   0.000   0.000
---------------------------------------------
Coordinates of the fitted metal site and RMSD
---------------------------------------------
   0.000   0.000   0.000   0.000
   2.980   0.128  -0.321   0.346
  -0.339  -0.154   2.977   0.373
   0.011  -0.109  -2.998   0.110
  -0.006  -2.989   0.253   0.253
   0.098   2.991   0.208   0.230
  -3.000   0.024   0.029   0.037
--------------------
Total RMSD:   0.255
--------------------
