-----------------------------------------------
Coordinates of template with ideal pvp geometry
-----------------------------------------------
   0.000   0.000   0.000
   0.000   0.000   3.000
   0.000   1.763  -2.427
   0.000  -2.853   0.927
  -3.000   0.000   0.000
   3.000   0.000   0.000
   0.000  -1.763  -2.427
---------------------------------------------
Coordinates of the fitted metal site and RMSD
---------------------------------------------
   0.000   0.000   0.000   0.000
   0.109   1.067   2.802   1.091
  -0.142   2.498  -1.655   1.075
  -0.120  -2.666   1.370   0.495
  -2.988   0.223  -0.141   0.264
   2.991   0.229   0.013   0.230
   0.041  -1.336  -2.686   0.501
--------------------
Total RMSD:   0.703
--------------------
