-----------------------------------------------
Coordinates of template with ideal ctn geometry
-----------------------------------------------
   0.000   0.000   0.000
   1.964   0.000   2.268
   1.964   1.964  -1.134
   1.964  -1.964  -1.134
  -1.964  -1.964  -1.134
   0.000   0.000  -3.000
  -1.964   1.964  -1.134
---------------------------------------------
Coordinates of the fitted metal site and RMSD
---------------------------------------------
   0.000   0.000   0.000   0.000
   0.785   0.050   2.895   1.336
   2.036   2.121  -0.595   0.566
   2.029  -2.124  -0.607   0.554
  -2.135  -2.094   0.244   1.394
  -0.168   0.066  -2.995   0.181
  -2.118   2.117   0.177   1.329
--------------------
Total RMSD:   1.013
--------------------
