-----------------------------------------------
Coordinates of template with ideal oct geometry
-----------------------------------------------
   0.000   0.000   0.000
  -3.000   0.000   0.000
   0.000  -3.000   0.000
   0.000   0.000  -3.000
   0.000   3.000   0.000
   3.000   0.000   0.000
   0.000   0.000   3.000
---------------------------------------------
Coordinates of the fitted metal site and RMSD
---------------------------------------------
   0.000   0.000   0.000   0.000
  -2.988  -0.219  -0.154   0.268
   0.225  -2.992   0.019   0.226
   0.245   0.003  -2.990   0.245
   0.138   2.997   0.025   0.141
   2.977  -0.306  -0.204   0.368
   0.194   0.010   2.994   0.195
--------------------
Total RMSD:   0.250
--------------------
