-----------------------------------------------
Coordinates of template with ideal cof geometry
-----------------------------------------------
   0.000   0.000   0.000
   0.000  -3.000   0.000
   0.000   3.000   0.000
   1.732   1.732   1.732
   3.000   0.000   0.000
  -3.000   0.000   0.000
   0.000   0.000  -3.000
---------------------------------------------
Coordinates of the fitted metal site and RMSD
---------------------------------------------
   0.000   0.000   0.000   0.000
   0.027  -2.950   0.545   0.548
   0.029   2.992  -0.221   0.223
   0.507   0.785   2.851   1.910
   2.979  -0.090  -0.345   0.357
  -2.912   0.068   0.718   0.726
  -0.290  -0.427  -2.955   0.518
--------------------
Total RMSD:   0.906
--------------------
