-----------------------------------------------
Coordinates of template with ideal con geometry
-----------------------------------------------
   0.000   0.000   0.000
  -3.000   0.000   0.000
   3.000   0.000   0.000
   1.732   1.732   1.732
   0.000   0.000   3.000
   0.000   3.000   0.000
   0.000  -3.000   0.000
---------------------------------------------
Coordinates of the fitted metal site and RMSD
---------------------------------------------
   0.000   0.000   0.000   0.000
  -2.953   0.429   0.314   0.534
   2.993  -0.153  -0.136   0.205
   0.775   2.439   1.565   1.202
   0.007  -1.487   2.606   1.538
  -0.030   1.803  -2.398   2.680
  -0.409  -2.613  -1.416   1.523
--------------------
Total RMSD:   1.508
--------------------
