-----------------------------------------------
Coordinates of template with ideal ctf geometry
-----------------------------------------------
   0.000   0.000   0.000
  -1.964  -1.964  -1.134
   1.964   1.964  -1.134
  -1.964   1.964  -1.134
  -1.964   0.000   2.268
   0.000   0.000  -3.000
   1.964   0.000   2.268
---------------------------------------------
Coordinates of the fitted metal site and RMSD
---------------------------------------------
   0.000   0.000   0.000   0.000
  -1.706  -2.461  -0.186   1.101
   1.459   2.621   0.033   1.431
  -1.994   1.789  -1.351   0.280
  -1.363   0.686   2.583   0.964
   1.048  -0.564  -2.754   1.215
   2.113  -1.437   1.572   1.604
--------------------
Total RMSD:   1.177
--------------------
