-----------------------------------------------
Coordinates of template with ideal oct geometry
-----------------------------------------------
   0.000   0.000   0.000
   3.000   0.000   0.000
  -3.000   0.000   0.000
   0.000   3.000   0.000
   0.000   0.000  -3.000
   0.000   0.000   3.000
   0.000  -3.000   0.000
---------------------------------------------
Coordinates of the fitted metal site and RMSD
---------------------------------------------
   0.000   0.000   0.000   0.000
   3.000   0.050  -0.006   0.051
  -2.987   0.281   0.001   0.281
  -0.300   2.985  -0.042   0.303
   0.045   0.115  -2.997   0.124
   0.038   0.254   2.989   0.257
  -0.070  -2.994  -0.181   0.194
--------------------
Total RMSD:   0.221
--------------------
