-----------------------------------------------
Coordinates of template with ideal pvp geometry
-----------------------------------------------
   0.000   0.000   0.000
  -3.000   0.000   0.000
   3.000   0.000   0.000
   0.000  -2.853   0.927
   0.000  -1.763  -2.427
   0.000   0.000   3.000
   0.000   1.763  -2.427
---------------------------------------------
Coordinates of the fitted metal site and RMSD
---------------------------------------------
   0.000   0.000   0.000   0.000
  -2.999  -0.042   0.036   0.056
   2.987  -0.255   0.110   0.278
   0.303  -2.679   1.315   0.522
  -0.064  -1.463  -2.618   0.362
  -0.019   1.130   2.779   1.152
   0.065   2.585  -1.520   1.226
--------------------
Total RMSD:   0.743
--------------------
