-----------------------------------------------
Coordinates of template with ideal tpv geometry
-----------------------------------------------
   0.000   0.000   0.000
  -1.964   1.964  -1.134
  -1.964  -1.964  -1.134
   1.964   0.000   2.268
   1.964   1.964  -1.134
  -1.964   0.000   2.268
---------------------------------------------
Coordinates of the fitted metal site and RMSD
---------------------------------------------
   0.000   0.000   0.000   0.000
  -1.902   2.220  -0.674   0.530
  -1.118  -2.450  -1.322   0.994
   1.780  -0.286   2.398   0.364
   2.112   0.830  -1.963   1.413
  -2.002  -0.554   2.164   0.565
--------------------
Total RMSD:   0.862
--------------------
