-----------------------------------------------
Coordinates of template with ideal cof geometry
-----------------------------------------------
   0.000   0.000   0.000
   0.000   0.000  -3.000
   1.732   1.732   1.732
   0.000  -3.000   0.000
   0.000   3.000   0.000
  -3.000   0.000   0.000
   3.000   0.000   0.000
---------------------------------------------
Coordinates of the fitted metal site and RMSD
---------------------------------------------
   0.000   0.000   0.000   0.000
  -0.440  -0.526  -2.921   0.690
   0.688   0.650   2.847   1.872
  -0.033  -2.990   0.247   0.249
  -0.121   2.956  -0.496   0.513
  -2.989   0.114   0.229   0.256
   2.944   0.049  -0.577   0.582
--------------------
Total RMSD:   0.886
--------------------
