-----------------------------------------------
Coordinates of template with ideal ctf geometry
-----------------------------------------------
   0.000   0.000   0.000
  -1.964   1.964  -1.134
   1.964   0.000   2.268
   0.000   0.000  -3.000
  -1.964   0.000   2.268
  -1.964  -1.964  -1.134
   1.964   1.964  -1.134
---------------------------------------------
Coordinates of the fitted metal site and RMSD
---------------------------------------------
   0.000   0.000   0.000   0.000
  -2.108   1.576  -1.440   0.514
   2.187  -1.331   1.565   1.521
   1.054  -0.556  -2.753   1.217
  -1.316   0.607   2.627   0.958
  -1.888  -2.324  -0.187   1.016
   1.573   2.544   0.229   1.532
--------------------
Total RMSD:   1.180
--------------------
