-----------------------------------------------
Coordinates of template with ideal pvp geometry
-----------------------------------------------
   0.000   0.000   0.000
   0.000  -2.853   0.927
   0.000   1.763  -2.427
   3.000   0.000   0.000
  -3.000   0.000   0.000
   0.000   0.000   3.000
   0.000  -1.763  -2.427
---------------------------------------------
Coordinates of the fitted metal site and RMSD
---------------------------------------------
   0.000   0.000   0.000   0.000
   0.069  -2.693   1.320   0.430
  -0.197   2.565  -1.543   1.210
   2.991  -0.167   0.158   0.230
  -2.999  -0.026   0.065   0.070
  -0.145   1.138   2.772   1.169
  -0.070  -1.430  -2.636   0.400
--------------------
Total RMSD:   0.734
--------------------
