-----------------------------------------------
Coordinates of template with ideal tpr geometry
-----------------------------------------------
   0.000   0.000   0.000
  -1.964   0.000   2.268
   1.964   1.964  -1.134
  -1.964   1.964  -1.134
   1.964  -1.964  -1.134
  -1.964  -1.964  -1.134
   1.964   0.000   2.268
---------------------------------------------
Coordinates of the fitted metal site and RMSD
---------------------------------------------
   0.000   0.000   0.000   0.000
  -1.750  -1.185   2.129   1.212
   1.963   1.179  -1.938   1.124
  -1.908   2.312   0.125   1.308
   1.691  -2.478  -0.013   1.263
  -1.761  -1.427  -1.966   1.011
   1.706   1.122   2.198   1.154
--------------------
Total RMSD:   1.182
--------------------
