-----------------------------------------------
Coordinates of template with ideal cof geometry
-----------------------------------------------
   0.000   0.000   0.000
   1.732   1.732   1.732
  -3.000   0.000   0.000
   0.000   0.000  -3.000
   0.000   3.000   0.000
   3.000   0.000   0.000
   0.000  -3.000   0.000
---------------------------------------------
Coordinates of the fitted metal site and RMSD
---------------------------------------------
   0.000   0.000   0.000   0.000
   0.496   0.580   2.901   2.055
  -2.959   0.166   0.464   0.494
  -0.479  -0.441  -2.929   0.655
  -0.077   2.960  -0.480   0.488
   2.967  -0.030  -0.446   0.448
   0.070  -2.970   0.419   0.426
--------------------
Total RMSD:   0.959
--------------------
