-----------------------------------------------
Coordinates of template with ideal con geometry
-----------------------------------------------
   0.000   0.000   0.000
   0.000   3.000   0.000
   3.000   0.000   0.000
   0.000   0.000   3.000
   1.732   1.732   1.732
  -3.000   0.000   0.000
   0.000  -3.000   0.000
---------------------------------------------
Coordinates of the fitted metal site and RMSD
---------------------------------------------
   0.000   0.000   0.000   0.000
  -0.062   1.667  -2.493   2.828
   2.977  -0.274  -0.247   0.370
   0.065  -1.547   2.569   1.607
   0.527   2.512   1.553   1.447
  -2.959   0.406   0.280   0.495
  -0.528  -2.544  -1.500   1.654
--------------------
Total RMSD:   1.622
--------------------
