-----------------------------------------------
Coordinates of template with ideal ctf geometry
-----------------------------------------------
   0.000   0.000   0.000
  -1.964  -1.964  -1.134
   0.000   0.000  -3.000
   1.964   1.964  -1.134
  -1.964   1.964  -1.134
  -1.964   0.000   2.268
   1.964   0.000   2.268
---------------------------------------------
Coordinates of the fitted metal site and RMSD
---------------------------------------------
   0.000   0.000   0.000   0.000
  -1.753  -2.426  -0.209   1.055
   1.150  -0.587  -2.708   1.323
   1.644   2.504   0.161   1.439
  -2.137   1.550  -1.426   0.536
  -1.267   0.622   2.647   1.008
   2.169  -1.498   1.432   1.727
--------------------
Total RMSD:   1.240
--------------------
