-----------------------------------------------
Coordinates of template with ideal oct geometry
-----------------------------------------------
   0.000   0.000   0.000
   0.000   3.000   0.000
  -3.000   0.000   0.000
   0.000  -3.000   0.000
   0.000   0.000  -3.000
   3.000   0.000   0.000
   0.000   0.000   3.000
---------------------------------------------
Coordinates of the fitted metal site and RMSD
---------------------------------------------
   0.000   0.000   0.000   0.000
   0.021   2.998  -0.098   0.101
  -2.998   0.009  -0.116   0.116
  -0.002  -3.000  -0.043   0.043
  -0.049  -0.003  -3.000   0.049
   3.000   0.032  -0.015   0.035
   0.052  -0.059   2.999   0.078
--------------------
Total RMSD:   0.077
--------------------
