-----------------------------------------------
Coordinates of template with ideal tpr geometry
-----------------------------------------------
   0.000   0.000   0.000
  -1.964   0.000   2.268
  -1.964  -1.964  -1.134
   1.964   1.964  -1.134
  -1.964   1.964  -1.134
   1.964   0.000   2.268
   1.964  -1.964  -1.134
---------------------------------------------
Coordinates of the fitted metal site and RMSD
---------------------------------------------
   0.000   0.000   0.000   0.000
  -1.764  -1.147   2.139   1.171
  -1.810  -1.128  -2.110   1.294
   1.694   1.270  -2.125   1.240
  -1.764   2.427  -0.020   1.223
   1.712   1.219   2.141   1.252
   1.801  -2.399  -0.021   1.206
--------------------
Total RMSD:   1.231
--------------------
