-----------------------------------------------
Coordinates of template with ideal tpr geometry
-----------------------------------------------
   0.000   0.000   0.000
  -1.964   0.000   2.268
  -1.964  -1.964  -1.134
  -1.964   1.964  -1.134
   1.964   0.000   2.268
   1.964  -1.964  -1.134
   1.964   1.964  -1.134
---------------------------------------------
Coordinates of the fitted metal site and RMSD
---------------------------------------------
   0.000   0.000   0.000   0.000
  -1.683   1.231   2.157   1.268
  -1.713  -2.462  -0.049   1.220
  -1.829   1.309  -1.986   1.083
   1.725  -1.090   2.199   1.118
   1.762  -1.239  -2.088   1.215
   1.841   2.369   0.025   1.233
--------------------
Total RMSD:   1.191
--------------------
