-----------------------------------------------
Coordinates of template with ideal cof geometry
-----------------------------------------------
   0.000   0.000   0.000
   0.000   3.000   0.000
  -3.000   0.000   0.000
   3.000   0.000   0.000
   0.000   0.000  -3.000
   0.000  -3.000   0.000
   1.732   1.732   1.732
---------------------------------------------
Coordinates of the fitted metal site and RMSD
---------------------------------------------
   0.000   0.000   0.000   0.000
  -0.037   2.961  -0.478   0.481
  -2.971   0.028   0.412   0.414
   2.956  -0.033  -0.511   0.514
  -0.386  -0.414  -2.946   0.568
   0.041  -2.968   0.436   0.439
   0.611   0.580   2.879   1.975
--------------------
Total RMSD:   0.920
--------------------
