-----------------------------------------------
Coordinates of template with ideal ctf geometry
-----------------------------------------------
   0.000   0.000   0.000
  -1.964   0.000   2.268
  -1.964  -1.964  -1.134
   1.964   1.964  -1.134
  -1.964   1.964  -1.134
   0.000   0.000  -3.000
   1.964   0.000   2.268
---------------------------------------------
Coordinates of the fitted metal site and RMSD
---------------------------------------------
   0.000   0.000   0.000   0.000
  -1.236   0.645   2.657   1.048
  -1.723  -2.447  -0.209   1.071
   1.647   2.501   0.173   1.448
  -2.133   1.647  -1.318   0.404
   1.212  -0.614  -2.675   1.397
   2.189  -1.418   1.483   1.636
--------------------
Total RMSD:   1.234
--------------------
