-----------------------------------------------
Coordinates of template with ideal cof geometry
-----------------------------------------------
   0.000   0.000   0.000
   0.000  -3.000   0.000
  -3.000   0.000   0.000
   3.000   0.000   0.000
   0.000   3.000   0.000
   1.732   1.732   1.732
   0.000   0.000  -3.000
---------------------------------------------
Coordinates of the fitted metal site and RMSD
---------------------------------------------
   0.000   0.000   0.000   0.000
   0.021  -2.970   0.426   0.428
  -2.964   0.062   0.462   0.467
   2.960  -0.100  -0.476   0.488
  -0.065   2.958  -0.493   0.499
   0.470   0.601   2.901   2.059
  -0.466  -0.409  -2.935   0.624
--------------------
Total RMSD:   0.959
--------------------
