-----------------------------------------------
Coordinates of template with ideal con geometry
-----------------------------------------------
   0.000   0.000   0.000
   0.000  -3.000   0.000
   3.000   0.000   0.000
  -3.000   0.000   0.000
   1.732   1.732   1.732
   0.000   3.000   0.000
   0.000   0.000   3.000
---------------------------------------------
Coordinates of the fitted metal site and RMSD
---------------------------------------------
   0.000   0.000   0.000   0.000
  -0.478  -2.550  -1.506   1.643
   2.964  -0.371  -0.279   0.466
  -2.969   0.331   0.278   0.433
   0.512   2.507   1.566   1.455
  -0.028   1.683  -2.483   2.811
   0.053  -1.520   2.586   1.576
--------------------
Total RMSD:   1.613
--------------------
