-----------------------------------------------
Coordinates of template with ideal tpr geometry
-----------------------------------------------
   0.000   0.000   0.000
  -1.964   0.000   2.268
   1.964   0.000   2.268
  -1.964  -1.964  -1.134
   1.964   1.964  -1.134
   1.964  -1.964  -1.134
  -1.964   1.964  -1.134
---------------------------------------------
Coordinates of the fitted metal site and RMSD
---------------------------------------------
   0.000   0.000   0.000   0.000
  -1.763  -1.176   2.123   1.202
   1.741   1.236   2.107   1.266
  -1.773  -1.234  -2.082   1.212
   1.739   1.250  -2.100   1.222
   1.799  -2.399  -0.088   1.145
  -1.692   2.477  -0.055   1.225
--------------------
Total RMSD:   1.213
--------------------
