-----------------------------------------------
Coordinates of template with ideal ctf geometry
-----------------------------------------------
   0.000   0.000   0.000
   1.964   0.000   2.268
  -1.964  -1.964  -1.134
  -1.964   0.000   2.268
   1.964   1.964  -1.134
   0.000   0.000  -3.000
  -1.964   1.964  -1.134
---------------------------------------------
Coordinates of the fitted metal site and RMSD
---------------------------------------------
   0.000   0.000   0.000   0.000
   2.212  -1.341   1.519   1.556
  -1.551  -2.548  -0.319   1.085
  -1.239   0.598   2.666   1.020
   1.774   2.420  -0.013   1.225
   1.128  -0.527  -2.729   1.274
  -2.054   1.759  -1.298   0.278
--------------------
Total RMSD:   1.143
--------------------
