-----------------------------------------------
Coordinates of template with ideal ctn geometry
-----------------------------------------------
   0.000   0.000   0.000
   1.964   1.964  -1.134
   1.964   0.000   2.268
  -1.964   1.964  -1.134
   0.000   0.000  -3.000
   1.964  -1.964  -1.134
  -1.964  -1.964  -1.134
---------------------------------------------
Coordinates of the fitted metal site and RMSD
---------------------------------------------
   0.000   0.000   0.000   0.000
   1.909   2.249  -0.544   0.657
   0.676  -0.088   2.921   1.447
  -2.102   2.104   0.395   1.542
  -0.332  -0.146  -2.978   0.363
   1.999  -2.206  -0.370   0.802
  -2.141  -2.098   0.130   1.283
--------------------
Total RMSD:   1.105
--------------------
