-----------------------------------------------
Coordinates of template with ideal cof geometry
-----------------------------------------------
   0.000   0.000   0.000
  -3.000   0.000   0.000
   3.000   0.000   0.000
   0.000   3.000   0.000
   1.732   1.732   1.732
   0.000  -3.000   0.000
   0.000   0.000  -3.000
---------------------------------------------
Coordinates of the fitted metal site and RMSD
---------------------------------------------
   0.000   0.000   0.000   0.000
  -2.964   0.119   0.446   0.463
   2.959   0.012  -0.492   0.494
  -0.005   2.958  -0.498   0.499
   0.478   0.561   2.908   2.080
   0.055  -2.966   0.447   0.452
  -0.465  -0.410  -2.935   0.623
--------------------
Total RMSD:   0.969
--------------------
