-----------------------------------------------
Coordinates of template with ideal ctf geometry
-----------------------------------------------
   0.000   0.000   0.000
   0.000   0.000  -3.000
  -1.964   0.000   2.268
  -1.964   1.964  -1.134
  -1.964  -1.964  -1.134
   1.964   0.000   2.268
   1.964   1.964  -1.134
---------------------------------------------
Coordinates of the fitted metal site and RMSD
---------------------------------------------
   0.000   0.000   0.000   0.000
   1.194  -0.597  -2.687   1.371
  -1.279   0.688   2.625   1.035
  -2.164   1.568  -1.363   0.500
  -1.733  -2.440  -0.209   1.066
   2.164  -1.520   1.416   1.754
   1.617   2.522   0.152   1.444
--------------------
Total RMSD:   1.258
--------------------
