-----------------------------------------------
Coordinates of template with ideal oct geometry
-----------------------------------------------
   0.000   0.000   0.000
   0.000   0.000   3.000
   0.000   0.000  -3.000
   3.000   0.000   0.000
   0.000  -3.000   0.000
  -3.000   0.000   0.000
   0.000   3.000   0.000
---------------------------------------------
Coordinates of the fitted metal site and RMSD
---------------------------------------------
   0.000   0.000   0.000   0.000
   0.072   0.012   2.999   0.073
   0.064   0.013  -2.999   0.065
   3.000   0.014  -0.024   0.028
   0.084  -2.999  -0.007   0.084
  -3.000   0.029  -0.033   0.044
   0.069   2.999  -0.008   0.069
--------------------
Total RMSD:   0.064
--------------------
