-----------------------------------------------
Coordinates of template with ideal pva geometry
-----------------------------------------------
   0.000   0.000   0.000
   0.000  -1.763  -2.427
   0.000   2.853   0.927
   3.000   0.000   0.000
   0.000   1.763  -2.427
   0.000   0.000   3.000
   0.000  -2.853   0.927
---------------------------------------------
Coordinates of the fitted metal site and RMSD
---------------------------------------------
   0.000   0.000   0.000   0.000
  -0.719  -2.128  -1.989   0.917
   0.852   2.111   1.954   1.527
   2.795   0.006  -1.089   1.108
  -0.707   2.127  -1.994   0.905
  -2.769   0.004   1.155   3.327
   0.853  -2.117   1.948   1.520
--------------------
Total RMSD:   1.761
--------------------
