-----------------------------------------------
Coordinates of template with ideal tpr geometry
-----------------------------------------------
   0.000   0.000   0.000
   1.964   0.000   2.268
  -1.964   1.964  -1.134
  -1.964  -1.964  -1.134
  -1.964   0.000   2.268
   1.964   1.964  -1.134
   1.964  -1.964  -1.134
---------------------------------------------
Coordinates of the fitted metal site and RMSD
---------------------------------------------
   0.000   0.000   0.000   0.000
   1.702  -1.277   2.115   1.313
  -1.767   1.155  -2.132   1.299
  -1.736  -2.447  -0.012   1.242
  -1.781   1.167   2.114   1.192
   1.727   2.452  -0.059   1.204
   1.684  -1.286  -2.124   1.232
--------------------
Total RMSD:   1.248
--------------------
