-----------------------------------------------
Coordinates of template with ideal con geometry
-----------------------------------------------
   0.000   0.000   0.000
   0.000  -3.000   0.000
   1.732   1.732   1.732
   3.000   0.000   0.000
   0.000   0.000   3.000
   0.000   3.000   0.000
  -3.000   0.000   0.000
---------------------------------------------
Coordinates of the fitted metal site and RMSD
---------------------------------------------
   0.000   0.000   0.000   0.000
   0.386  -2.961   0.291   0.485
   2.545   0.510   1.504   1.486
   1.689  -0.057  -2.478   2.804
  -1.630   0.057   2.518   1.700
  -0.317   2.975  -0.227   0.391
  -2.573  -0.529  -1.450   1.601
--------------------
Total RMSD:   1.629
--------------------
