-----------------------------------------------
Coordinates of template with ideal pva geometry
-----------------------------------------------
   0.000   0.000   0.000
   0.000  -2.853   0.927
   3.000   0.000   0.000
   0.000  -1.763  -2.427
   0.000   2.853   0.927
   0.000   1.763  -2.427
   0.000   0.000   3.000
---------------------------------------------
Coordinates of the fitted metal site and RMSD
---------------------------------------------
   0.000   0.000   0.000   0.000
   0.774  -2.137   1.959   1.475
   2.762  -0.031  -1.170   1.194
  -0.676  -2.129  -2.003   0.878
   0.745   2.121   1.986   1.488
  -0.682   2.147  -1.981   0.901
  -2.739   0.058   1.224   3.265
--------------------
Total RMSD:   1.735
--------------------
