-----------------------------------------------
Coordinates of template with ideal pvp geometry
-----------------------------------------------
   0.000   0.000   0.000
   3.000   0.000   0.000
   0.000  -2.853   0.927
   0.000   0.000   3.000
   0.000  -1.763  -2.427
  -3.000   0.000   0.000
   0.000   1.763  -2.427
---------------------------------------------
Coordinates of the fitted metal site and RMSD
---------------------------------------------
   0.000   0.000   0.000   0.000
   3.000  -0.005   0.007   0.009
  -0.037  -2.646   1.413   0.529
   0.030   1.251   2.727   1.280
  -0.018  -1.315  -2.697   0.524
  -2.999  -0.086   0.021   0.088
   0.059   2.617  -1.466   1.286
--------------------
Total RMSD:   0.802
--------------------
