-----------------------------------------------
Coordinates of template with ideal coc geometry
-----------------------------------------------
   0.000   0.000   0.000
   0.000   0.000   3.000
   3.000   0.000   0.000
   1.732   1.732   1.732
   0.000   3.000   0.000
  -3.000   0.000   0.000
   0.000  -3.000   0.000
   0.000   0.000  -3.000
---------------------------------------------
Coordinates of the fitted metal site and RMSD
---------------------------------------------
   0.000   0.000   0.000   0.000
  -1.632  -0.079   2.516   1.704
   2.679   1.164   0.684   1.388
   2.672   0.745   1.144   1.484
  -0.106   2.998  -0.059   0.121
  -2.562   0.120   1.556   1.621
  -0.038  -2.986   0.287   0.290
   0.123   0.036  -2.997   0.128
--------------------
Total RMSD:   1.182
--------------------
