-----------------------------------------------
Coordinates of template with ideal cuv geometry
-----------------------------------------------
   0.000   0.000   0.000
   1.732  -1.732   1.732
  -1.732   1.732   1.732
  -1.732  -1.732   1.732
  -1.732  -1.732  -1.732
   1.732  -1.732  -1.732
   1.732   1.732   1.732
  -1.732   1.732  -1.732
---------------------------------------------
Coordinates of the fitted metal site and RMSD
---------------------------------------------
   0.000   0.000   0.000   0.000
   1.961  -2.192   0.588   1.254
  -2.402  -0.430   1.745   2.263
  -1.981  -0.480   2.201   1.360
  -1.897  -1.943  -1.276   0.529
   2.179  -1.932  -0.720   1.124
   2.060   1.733   1.324   0.523
  -1.037   2.103  -1.872   0.800
--------------------
Total RMSD:   1.254
--------------------
