-----------------------------------------------
Coordinates of template with ideal hvp geometry
-----------------------------------------------
   0.000   0.000   0.000
   0.000  -2.598   1.500
   0.000   0.000  -3.000
   0.000  -2.598  -1.500
   3.000   0.000   0.000
   0.000   0.000   3.000
  -3.000   0.000   0.000
   0.000   2.598  -1.500
---------------------------------------------
Coordinates of the fitted metal site and RMSD
---------------------------------------------
   0.000   0.000   0.000   0.000
   0.001  -1.965   2.267   0.995
   0.781  -1.478  -2.491   1.747
   0.343  -1.883  -2.311   1.134
   2.986  -0.165  -0.237   0.289
   0.364  -0.808   2.866   0.897
  -2.968  -0.016   0.437   0.438
   0.171   2.838  -0.957   0.618
--------------------
Total RMSD:   0.985
--------------------
