-----------------------------------------------
Coordinates of template with ideal tbp geometry
-----------------------------------------------
   0.000   0.000   0.000
   0.000   2.598  -1.500
   3.000   0.000   0.000
  -3.000   0.000   0.000
   0.000  -2.598  -1.500
   0.000   0.000   3.000
---------------------------------------------
Coordinates of the fitted metal site and RMSD
---------------------------------------------
   0.000   0.000   0.000   0.000
   0.001   2.508  -1.646   0.172
   2.957  -0.450   0.235   0.509
  -2.954  -0.462   0.244   0.525
  -0.013  -1.863  -2.351   1.125
  -0.014   0.933   2.851   0.945
--------------------
Total RMSD:   0.738
--------------------
