-----------------------------------------------
Coordinates of template with ideal tbp geometry
-----------------------------------------------
   0.000   0.000   0.000
   0.000   0.000   3.000
  -3.000   0.000   0.000
   0.000   2.598  -1.500
   3.000   0.000   0.000
   0.000  -2.598  -1.500
---------------------------------------------
Coordinates of the fitted metal site and RMSD
---------------------------------------------
   0.000   0.000   0.000   0.000
   0.202   0.070   2.992   0.214
  -2.998  -0.046   0.112   0.121
   0.422   2.695  -1.249   0.500
   2.998   0.099  -0.024   0.102
   0.255  -2.681  -1.322   0.322
--------------------
Total RMSD:   0.291
--------------------
