-----------------------------------------------
Coordinates of template with ideal ctn geometry
-----------------------------------------------
   0.000   0.000   0.000
  -1.964   1.964  -1.134
  -1.964  -1.964  -1.134
   0.000   0.000  -3.000
   1.964   0.000   2.268
   1.964   1.964  -1.134
   1.964  -1.964  -1.134
---------------------------------------------
Coordinates of the fitted metal site and RMSD
---------------------------------------------
   0.000   0.000   0.000   0.000
  -2.084   2.137   0.299   1.448
  -2.022  -2.199   0.279   1.434
  -0.096   0.060  -2.998   0.114
   1.000  -0.054   2.828   1.116
   2.186   1.966  -0.599   0.579
   2.166  -2.017  -0.490   0.677
--------------------
Total RMSD:   1.017
--------------------
