-----------------------------------------------
Coordinates of template with ideal oct geometry
-----------------------------------------------
   0.000   0.000   0.000
   0.000   0.000  -3.000
   3.000   0.000   0.000
   0.000   3.000   0.000
   0.000  -3.000   0.000
  -3.000   0.000   0.000
   0.000   0.000   3.000
---------------------------------------------
Coordinates of the fitted metal site and RMSD
---------------------------------------------
   0.000   0.000   0.000   0.000
  -0.030   0.109  -2.998   0.114
   2.996   0.100   0.107   0.147
  -0.368   2.962   0.301   0.477
  -0.285  -2.966   0.347   0.450
  -2.987   0.182   0.215   0.282
  -0.137   0.064   2.996   0.151
--------------------
Total RMSD:   0.307
--------------------
