-----------------------------------------------
Coordinates of template with ideal pva geometry
-----------------------------------------------
   0.000   0.000   0.000
   0.000  -2.853   0.927
   0.000   0.000   3.000
   3.000   0.000   0.000
   0.000   1.763  -2.427
   0.000  -1.763  -2.427
   0.000   2.853   0.927
---------------------------------------------
Coordinates of the fitted metal site and RMSD
---------------------------------------------
   0.000   0.000   0.000   0.000
  -0.750  -2.885   0.335   0.956
  -0.706   0.652   2.842   0.974
   2.905  -0.493   0.562   0.754
  -2.543   0.986  -1.249   2.909
   1.054  -0.411  -2.778   1.750
   0.954   2.810  -0.437   1.666
--------------------
Total RMSD:   1.670
--------------------
