-----------------------------------------------
Coordinates of template with ideal pvp geometry
-----------------------------------------------
   0.000   0.000   0.000
   0.000   0.000   3.000
   3.000   0.000   0.000
   0.000  -2.853   0.927
   0.000   1.763  -2.427
  -3.000   0.000   0.000
   0.000  -1.763  -2.427
---------------------------------------------
Coordinates of the fitted metal site and RMSD
---------------------------------------------
   0.000   0.000   0.000   0.000
  -0.079   1.266   2.719   1.299
   2.998  -0.098  -0.015   0.099
  -0.343  -2.779   1.076   0.381
  -0.299   2.480  -1.662   1.090
  -2.982  -0.300  -0.143   0.333
  -0.087  -1.422  -2.640   0.412
--------------------
Total RMSD:   0.743
--------------------
