-----------------------------------------------
Coordinates of template with ideal ctf geometry
-----------------------------------------------
   0.000   0.000   0.000
  -1.964   0.000   2.268
   1.964   1.964  -1.134
  -1.964   1.964  -1.134
   1.964   0.000   2.268
  -1.964  -1.964  -1.134
   0.000   0.000  -3.000
---------------------------------------------
Coordinates of the fitted metal site and RMSD
---------------------------------------------
   0.000   0.000   0.000   0.000
  -1.258   0.618   2.652   1.014
   1.683   2.480   0.120   1.385
  -2.160   1.562  -1.377   0.509
   2.141  -1.602   1.360   1.850
  -1.655  -2.480  -0.333   1.002
   1.121  -0.729  -2.685   1.374
--------------------
Total RMSD:   1.259
--------------------
