-----------------------------------------------
Coordinates of template with ideal ctn geometry
-----------------------------------------------
   0.000   0.000   0.000
  -1.964   1.964  -1.134
   1.964   0.000   2.268
   1.964   1.964  -1.134
  -1.964  -1.964  -1.134
   0.000   0.000  -3.000
   1.964  -1.964  -1.134
---------------------------------------------
Coordinates of the fitted metal site and RMSD
---------------------------------------------
   0.000   0.000   0.000   0.000
  -2.080   2.134   0.342   1.490
   0.605  -0.005   2.938   1.515
   2.089   2.115  -0.401   0.759
  -2.086  -2.126   0.356   1.503
  -0.412  -0.082  -2.971   0.421
   2.086  -2.093  -0.517   0.642
--------------------
Total RMSD:   1.151
--------------------
