-----------------------------------------------
Coordinates of template with ideal oct geometry
-----------------------------------------------
   0.000   0.000   0.000
   0.000  -3.000   0.000
   3.000   0.000   0.000
   0.000   0.000   3.000
   0.000   0.000  -3.000
  -3.000   0.000   0.000
   0.000   3.000   0.000
---------------------------------------------
Coordinates of the fitted metal site and RMSD
---------------------------------------------
   0.000   0.000   0.000   0.000
  -0.037  -3.000   0.023   0.043
   2.999   0.052   0.043   0.067
  -0.018   0.013   3.000   0.022
  -0.026   0.003  -3.000   0.026
  -2.996   0.149   0.034   0.153
  -0.134   2.997   0.032   0.138
--------------------
Total RMSD:   0.091
--------------------
