-----------------------------------------------
Coordinates of template with ideal pva geometry
-----------------------------------------------
   0.000   0.000   0.000
   0.000  -2.853   0.927
   3.000   0.000   0.000
   0.000   0.000   3.000
   0.000  -1.763  -2.427
   0.000   2.853   0.927
   0.000   1.763  -2.427
---------------------------------------------
Coordinates of the fitted metal site and RMSD
---------------------------------------------
   0.000   0.000   0.000   0.000
  -0.822  -2.518   1.409   1.010
   2.820  -0.981  -0.297   1.040
   0.731   1.226   2.639   1.472
  -0.768  -1.198  -2.641   0.977
  -2.745   1.181   0.271   3.280
   0.675   2.597  -1.342   1.526
--------------------
Total RMSD:   1.747
--------------------
