-----------------------------------------------
Coordinates of template with ideal tpr geometry
-----------------------------------------------
   0.000   0.000   0.000
   1.964   0.000   2.268
  -1.964  -1.964  -1.134
   1.964  -1.964  -1.134
  -1.964   0.000   2.268
   1.964   1.964  -1.134
  -1.964   1.964  -1.134
---------------------------------------------
Coordinates of the fitted metal site and RMSD
---------------------------------------------
   0.000   0.000   0.000   0.000
   1.758  -1.201   2.113   1.229
  -1.727  -2.452  -0.082   1.183
   1.752  -1.194  -2.122   1.271
  -1.736   1.236   2.112   1.267
   1.655   2.500  -0.115   1.192
  -1.627   1.318  -2.149   1.250
--------------------
Total RMSD:   1.232
--------------------
