-----------------------------------------------
Coordinates of template with ideal cof geometry
-----------------------------------------------
   0.000   0.000   0.000
   3.000   0.000   0.000
   0.000   0.000  -3.000
   1.732   1.732   1.732
  -3.000   0.000   0.000
   0.000   3.000   0.000
   0.000  -3.000   0.000
---------------------------------------------
Coordinates of the fitted metal site and RMSD
---------------------------------------------
   0.000   0.000   0.000   0.000
   2.975  -0.073  -0.378   0.386
  -0.502  -0.506  -2.914   0.718
   0.596   0.670   2.863   1.923
  -2.969   0.025   0.428   0.430
  -0.047   2.960  -0.489   0.492
   0.008  -2.988   0.271   0.272
--------------------
Total RMSD:   0.900
--------------------
