-----------------------------------------------
Coordinates of template with ideal ctn geometry
-----------------------------------------------
   0.000   0.000   0.000
   1.964  -1.964  -1.134
   0.000   0.000  -3.000
   1.964   0.000   2.268
  -1.964   1.964  -1.134
   1.964   1.964  -1.134
  -1.964  -1.964  -1.134
---------------------------------------------
Coordinates of the fitted metal site and RMSD
---------------------------------------------
   0.000   0.000   0.000   0.000
   2.070  -2.154  -0.278   0.883
  -0.563   0.003  -2.947   0.566
   0.748   0.046   2.905   1.373
  -2.102   2.115   0.326   1.474
   2.081   2.128  -0.378   0.782
  -2.117  -2.120   0.159   1.311
--------------------
Total RMSD:   1.117
--------------------
