-----------------------------------------------
Coordinates of template with ideal pva geometry
-----------------------------------------------
   0.000   0.000   0.000
   0.000   0.000   3.000
   3.000   0.000   0.000
   0.000   2.853   0.927
   0.000  -1.763  -2.427
   0.000   1.763  -2.427
   0.000  -2.853   0.927
---------------------------------------------
Coordinates of the fitted metal site and RMSD
---------------------------------------------
   0.000   0.000   0.000   0.000
   0.693   1.203   2.660   1.429
   2.770  -1.094  -0.360   1.175
  -2.691   1.274   0.366   3.171
  -0.747  -1.236  -2.630   0.937
   0.795   2.524  -1.413   1.497
  -0.588  -2.598   1.380   0.785
--------------------
Total RMSD:   1.694
--------------------
