-----------------------------------------------
Coordinates of template with ideal cof geometry
-----------------------------------------------
   0.000   0.000   0.000
  -3.000   0.000   0.000
   0.000  -3.000   0.000
   3.000   0.000   0.000
   0.000   3.000   0.000
   0.000   0.000  -3.000
   1.732   1.732   1.732
---------------------------------------------
Coordinates of the fitted metal site and RMSD
---------------------------------------------
   0.000   0.000   0.000   0.000
  -2.973   0.044   0.402   0.405
   0.038  -2.971   0.417   0.419
   2.969  -0.022  -0.432   0.433
  -0.043   2.960  -0.484   0.488
  -0.481  -0.428  -2.930   0.648
   0.604   0.579   2.881   1.980
--------------------
Total RMSD:   0.923
--------------------
