-----------------------------------------------
Coordinates of template with ideal con geometry
-----------------------------------------------
   0.000   0.000   0.000
   3.000   0.000   0.000
   0.000  -3.000   0.000
  -3.000   0.000   0.000
   1.732   1.732   1.732
   0.000   0.000   3.000
   0.000   3.000   0.000
---------------------------------------------
Coordinates of the fitted metal site and RMSD
---------------------------------------------
   0.000   0.000   0.000   0.000
   2.961  -0.413  -0.246   0.482
  -0.506  -2.551  -1.495   1.641
  -2.957   0.422   0.282   0.509
   0.502   2.516   1.554   1.469
   0.079  -1.538   2.575   1.597
  -0.178   1.682  -2.478   2.812
--------------------
Total RMSD:   1.623
--------------------
