-----------------------------------------------
Coordinates of template with ideal oct geometry
-----------------------------------------------
   0.000   0.000   0.000
   0.000   0.000   3.000
   0.000   3.000   0.000
   0.000   0.000  -3.000
   0.000  -3.000   0.000
   3.000   0.000   0.000
  -3.000   0.000   0.000
---------------------------------------------
Coordinates of the fitted metal site and RMSD
---------------------------------------------
   0.000   0.000   0.000   0.000
   0.077  -0.019   2.999   0.080
   0.061   2.999  -0.009   0.062
  -0.051  -0.008  -3.000   0.052
   0.007  -3.000   0.003   0.008
   3.000  -0.051   0.001   0.051
  -2.995  -0.105  -0.128   0.165
--------------------
Total RMSD:   0.084
--------------------
