-----------------------------------------------
Coordinates of template with ideal tpr geometry
-----------------------------------------------
   0.000   0.000   0.000
  -1.964  -1.964  -1.134
   1.964  -1.964  -1.134
   1.964   1.964  -1.134
  -1.964   0.000   2.268
  -1.964   1.964  -1.134
   1.964   0.000   2.268
---------------------------------------------
Coordinates of the fitted metal site and RMSD
---------------------------------------------
   0.000   0.000   0.000   0.000
  -1.790  -2.407  -0.034   1.199
   1.697  -1.199  -2.164   1.310
   1.760   2.429   0.034   1.274
  -1.734   1.232   2.116   1.263
  -1.762   1.242  -2.086   1.212
   1.744  -1.073   2.192   1.098
--------------------
Total RMSD:   1.228
--------------------
