-----------------------------------------------
Coordinates of template with ideal con geometry
-----------------------------------------------
   0.000   0.000   0.000
   0.000   3.000   0.000
  -3.000   0.000   0.000
   0.000   0.000   3.000
   0.000  -3.000   0.000
   1.732   1.732   1.732
   3.000   0.000   0.000
---------------------------------------------
Coordinates of the fitted metal site and RMSD
---------------------------------------------
   0.000   0.000   0.000   0.000
  -0.067   1.739  -2.444   2.751
  -2.970   0.348   0.239   0.423
   0.113  -1.445   2.627   1.497
  -0.573  -2.509  -1.542   1.716
   0.543   2.503   1.562   1.427
   2.978  -0.277  -0.237   0.365
--------------------
Total RMSD:   1.587
--------------------
