-----------------------------------------------
Coordinates of template with ideal ctn geometry
-----------------------------------------------
   0.000   0.000   0.000
  -1.964   1.964  -1.134
   1.964   1.964  -1.134
   1.964  -1.964  -1.134
   1.964   0.000   2.268
   0.000   0.000  -3.000
  -1.964  -1.964  -1.134
---------------------------------------------
Coordinates of the fitted metal site and RMSD
---------------------------------------------
   0.000   0.000   0.000   0.000
  -2.089   2.145   0.193   1.345
   2.070   2.148  -0.319   0.842
   2.034  -2.139  -0.537   0.625
   0.606   0.066   2.937   1.515
  -0.571  -0.059  -2.945   0.577
  -2.105  -2.121   0.263   1.413
--------------------
Total RMSD:   1.121
--------------------
