-----------------------------------------------
Coordinates of template with ideal pvp geometry
-----------------------------------------------
   0.000   0.000   0.000
   0.000   0.000   3.000
  -3.000   0.000   0.000
   0.000  -1.763  -2.427
   0.000   1.763  -2.427
   0.000  -2.853   0.927
   3.000   0.000   0.000
---------------------------------------------
Coordinates of the fitted metal site and RMSD
---------------------------------------------
   0.000   0.000   0.000   0.000
  -0.042   1.199   2.750   1.226
  -2.999   0.058   0.009   0.058
   0.033  -1.510  -2.592   0.304
  -0.106   2.668  -1.368   1.397
   0.076  -2.678   1.350   0.464
   2.998  -0.096   0.050   0.109
--------------------
Total RMSD:   0.793
--------------------
