-----------------------------------------------
Coordinates of template with ideal tpr geometry
-----------------------------------------------
   0.000   0.000   0.000
  -1.964   0.000   2.268
   1.964   0.000   2.268
   1.964   1.964  -1.134
   1.964  -1.964  -1.134
  -1.964   1.964  -1.134
  -1.964  -1.964  -1.134
---------------------------------------------
Coordinates of the fitted metal site and RMSD
---------------------------------------------
   0.000   0.000   0.000   0.000
  -1.799  -1.076   2.146   1.095
   1.754   1.146   2.147   1.171
   1.604   1.365  -2.136   1.222
   1.791  -2.407   0.035   1.262
  -1.762   2.428  -0.028   1.216
  -1.809  -1.109  -2.121   1.314
--------------------
Total RMSD:   1.215
--------------------
