-----------------------------------------------
Coordinates of template with ideal ctf geometry
-----------------------------------------------
   0.000   0.000   0.000
  -1.964   0.000   2.268
  -1.964   1.964  -1.134
   0.000   0.000  -3.000
  -1.964  -1.964  -1.134
   1.964   1.964  -1.134
   1.964   0.000   2.268
---------------------------------------------
Coordinates of the fitted metal site and RMSD
---------------------------------------------
   0.000   0.000   0.000   0.000
  -1.193   0.680   2.667   1.103
  -2.175   1.567  -1.347   0.497
   1.154  -0.595  -2.704   1.332
  -1.761  -2.413  -0.277   0.989
   1.637   2.511   0.124   1.410
   2.117  -1.454   1.551   1.628
--------------------
Total RMSD:   1.215
--------------------
