-----------------------------------------------
Coordinates of template with ideal oct geometry
-----------------------------------------------
   0.000   0.000   0.000
   0.000   0.000   3.000
   3.000   0.000   0.000
   0.000   0.000  -3.000
   0.000   3.000   0.000
   0.000  -3.000   0.000
  -3.000   0.000   0.000
---------------------------------------------
Coordinates of the fitted metal site and RMSD
---------------------------------------------
   0.000   0.000   0.000   0.000
  -0.024  -0.042   3.000   0.048
   3.000   0.000   0.046   0.046
   0.113  -0.004  -2.998   0.113
   0.141   2.996  -0.050   0.150
   0.069  -2.999  -0.013   0.070
  -2.994  -0.072   0.183   0.197
--------------------
Total RMSD:   0.118
--------------------
