-----------------------------------------------
Coordinates of template with ideal pvp geometry
-----------------------------------------------
   0.000   0.000   0.000
   0.000  -2.853   0.927
   0.000  -1.763  -2.427
   0.000   1.763  -2.427
   3.000   0.000   0.000
  -3.000   0.000   0.000
   0.000   0.000   3.000
---------------------------------------------
Coordinates of the fitted metal site and RMSD
---------------------------------------------
   0.000   0.000   0.000   0.000
  -0.033  -2.663   1.382   0.494
   0.005  -1.402  -2.652   0.426
  -0.013   2.620  -1.460   1.292
   2.996  -0.009  -0.148   0.148
  -2.999  -0.030  -0.067   0.074
  -0.077   1.195   2.751   1.223
--------------------
Total RMSD:   0.776
--------------------
