-----------------------------------------------
Coordinates of template with ideal csa geometry
-----------------------------------------------
   0.000   0.000   0.000
   0.000   2.449   1.732
   0.000   0.000   3.000
  -1.732   1.732  -1.732
  -2.449   0.000   1.732
  -1.732  -1.732  -1.732
   0.000  -2.449   1.732
   1.732  -1.732  -1.732
   2.449   0.000   1.732
   1.732   1.732  -1.732
---------------------------------------------
Coordinates of the fitted metal site and RMSD
---------------------------------------------
   0.000   0.000   0.000   0.000
  -0.550   1.680   2.424   1.172
  -0.431   0.316   2.952   0.537
  -2.866   0.333  -0.821   2.019
  -0.769   0.294   2.885   2.059
  -2.771  -0.193  -1.134   1.951
  -0.336  -1.084   2.777   1.752
   1.751  -2.213  -1.018   0.861
  -0.365  -0.773   2.876   3.135
   0.999   2.712  -0.805   1.535
--------------------
Total RMSD:   1.819
--------------------
