-----------------------------------------------
Coordinates of template with ideal ttp geometry
-----------------------------------------------
   0.000   0.000   0.000
   0.000   0.000  -3.000
  -1.964  -1.964  -1.134
   1.964   1.964  -1.134
   1.964  -1.964  -1.134
   0.000   2.598   1.500
   1.964   0.000   2.268
  -1.964   0.000   2.268
   0.000  -2.598   1.500
  -1.964   1.964  -1.134
---------------------------------------------
Coordinates of the fitted metal site and RMSD
---------------------------------------------
   0.000   0.000   0.000   0.000
   0.930  -1.644  -2.330   2.004
   1.289  -2.449  -1.158   3.289
   2.299   1.871  -0.464   0.755
   1.583  -2.268  -1.162   0.488
   2.223   2.009   0.135   2.675
   1.448  -2.617   0.237   3.352
  -1.463  -0.184   2.613   0.635
   1.439  -2.631  -0.090   2.145
  -1.770   0.924  -2.239   1.530
--------------------
Total RMSD:   2.144
--------------------
