-----------------------------------------------
Coordinates of template with ideal con geometry
-----------------------------------------------
   0.000   0.000   0.000
   3.000   0.000   0.000
   0.000  -3.000   0.000
   0.000   0.000   3.000
   1.732   1.732   1.732
  -3.000   0.000   0.000
   0.000   3.000   0.000
---------------------------------------------
Coordinates of the fitted metal site and RMSD
---------------------------------------------
   0.000   0.000   0.000   0.000
   2.962  -0.450  -0.161   0.480
  -0.414  -2.604  -1.432   1.542
  -0.023  -1.516   2.589   1.571
   0.731   2.411   1.629   1.214
  -2.963   0.276   0.381   0.472
  -0.171   1.655  -2.496   2.841
--------------------
Total RMSD:   1.573
--------------------
