-----------------------------------------------
Coordinates of template with ideal ctf geometry
-----------------------------------------------
   0.000   0.000   0.000
  -1.964  -1.964  -1.134
   0.000   0.000  -3.000
  -1.964   1.964  -1.134
  -1.964   0.000   2.268
   1.964   1.964  -1.134
   1.964   0.000   2.268
---------------------------------------------
Coordinates of the fitted metal site and RMSD
---------------------------------------------
   0.000   0.000   0.000   0.000
  -1.805  -2.387  -0.214   1.024
   1.089  -0.654  -2.718   1.301
  -2.123   1.644  -1.338   0.412
  -1.462   0.533   2.565   0.791
   1.620   2.524   0.056   1.359
   2.190  -1.432   1.467   1.657
--------------------
Total RMSD:   1.164
--------------------
