-----------------------------------------------
Coordinates of template with ideal ctn geometry
-----------------------------------------------
   0.000   0.000   0.000
  -1.964   1.964  -1.134
  -1.964  -1.964  -1.134
   0.000   0.000  -3.000
   1.964   1.964  -1.134
   1.964  -1.964  -1.134
   1.964   0.000   2.268
---------------------------------------------
Coordinates of the fitted metal site and RMSD
---------------------------------------------
   0.000   0.000   0.000   0.000
  -2.086   2.148   0.188   1.340
  -2.176  -2.051   0.241   1.394
  -0.405  -0.042  -2.972   0.408
   1.904   2.269  -0.475   0.728
   2.016  -2.174  -0.458   0.710
   0.650  -0.021   2.929   1.471
--------------------
Total RMSD:   1.088
--------------------
