-----------------------------------------------
Coordinates of template with ideal oct geometry
-----------------------------------------------
   0.000   0.000   0.000
   3.000   0.000   0.000
   0.000   0.000   3.000
   0.000   3.000   0.000
   0.000   0.000  -3.000
  -3.000   0.000   0.000
   0.000  -3.000   0.000
---------------------------------------------
Coordinates of the fitted metal site and RMSD
---------------------------------------------
   0.000   0.000   0.000   0.000
   2.996   0.157  -0.045   0.163
   0.097   0.145   2.995   0.174
  -0.092   2.998  -0.059   0.109
   0.220   0.131  -2.989   0.256
  -2.997   0.121   0.078   0.144
  -0.128  -2.996  -0.073   0.147
--------------------
Total RMSD:   0.172
--------------------
