-----------------------------------------------
Coordinates of template with ideal pva geometry
-----------------------------------------------
   0.000   0.000   0.000
   0.000   0.000   3.000
   0.000   2.853   0.927
   3.000   0.000   0.000
   0.000  -2.853   0.927
   0.000   1.763  -2.427
   0.000  -1.763  -2.427
---------------------------------------------
Coordinates of the fitted metal site and RMSD
---------------------------------------------
   0.000   0.000   0.000   0.000
  -0.664  -0.559   2.872   0.878
  -0.702   2.880   0.460   0.843
   2.808   0.637   0.842   1.073
   0.868  -2.871  -0.074   1.325
   0.912   0.654  -2.782   1.480
  -2.711  -0.722  -1.063   3.208
--------------------
Total RMSD:   1.677
--------------------
