-----------------------------------------------
Coordinates of template with ideal cof geometry
-----------------------------------------------
   0.000   0.000   0.000
   1.732   1.732   1.732
   0.000   0.000  -3.000
   0.000   3.000   0.000
  -3.000   0.000   0.000
   0.000  -3.000   0.000
   3.000   0.000   0.000
---------------------------------------------
Coordinates of the fitted metal site and RMSD
---------------------------------------------
   0.000   0.000   0.000   0.000
   0.488   0.549   2.909   2.081
  -0.468  -0.399  -2.936   0.619
  -0.036   2.954  -0.523   0.526
  -2.966   0.032   0.447   0.450
  -0.012  -2.968   0.440   0.441
   2.961  -0.028  -0.482   0.485
--------------------
Total RMSD:   0.968
--------------------
