-----------------------------------------------
Coordinates of template with ideal ctf geometry
-----------------------------------------------
   0.000   0.000   0.000
   0.000   0.000  -3.000
  -1.964   0.000   2.268
  -1.964   1.964  -1.134
   1.964   1.964  -1.134
   1.964   0.000   2.268
  -1.964  -1.964  -1.134
---------------------------------------------
Coordinates of the fitted metal site and RMSD
---------------------------------------------
   0.000   0.000   0.000   0.000
   1.165  -0.615  -2.695   1.352
  -1.287   0.676   2.624   1.021
  -2.183   1.569  -1.332   0.493
   1.673   2.481   0.205   1.465
   2.165  -1.521   1.415   1.755
  -1.694  -2.469  -0.179   1.114
--------------------
Total RMSD:   1.264
--------------------
