-----------------------------------------------
Coordinates of template with ideal pvp geometry
-----------------------------------------------
   0.000   0.000   0.000
   0.000   1.763  -2.427
   0.000  -2.853   0.927
   0.000  -1.763  -2.427
  -3.000   0.000   0.000
   0.000   0.000   3.000
   3.000   0.000   0.000
---------------------------------------------
Coordinates of the fitted metal site and RMSD
---------------------------------------------
   0.000   0.000   0.000   0.000
   0.015   2.638  -1.429   1.328
   0.007  -2.707   1.293   0.394
  -0.002  -1.404  -2.651   0.423
  -3.000  -0.019   0.024   0.031
  -0.033   1.323   2.692   1.359
   3.000  -0.016  -0.017   0.023
--------------------
Total RMSD:   0.811
--------------------
