-----------------------------------------------
Coordinates of template with ideal tpr geometry
-----------------------------------------------
   0.000   0.000   0.000
  -1.964   0.000   2.268
   1.964   1.964  -1.134
  -1.964   1.964  -1.134
  -1.964  -1.964  -1.134
   1.964  -1.964  -1.134
   1.964   0.000   2.268
---------------------------------------------
Coordinates of the fitted metal site and RMSD
---------------------------------------------
   0.000   0.000   0.000   0.000
  -1.763  -1.153   2.136   1.178
   1.689   1.286  -2.120   1.228
  -1.699   2.472  -0.029   1.245
  -1.718  -1.218  -2.137   1.274
   1.731  -2.449  -0.060   1.202
   1.732   1.240   2.112   1.271
--------------------
Total RMSD:   1.233
--------------------
