-----------------------------------------------
Coordinates of template with ideal cuv geometry
-----------------------------------------------
   0.000   0.000   0.000
  -1.732   1.732   1.732
   1.732  -1.732   1.732
   1.732  -1.732  -1.732
  -1.732  -1.732  -1.732
   1.732   1.732   1.732
  -1.732   1.732  -1.732
  -1.732  -1.732   1.732
---------------------------------------------
Coordinates of the fitted metal site and RMSD
---------------------------------------------
   0.000   0.000   0.000   0.000
  -2.008   0.095   2.226   1.732
  -0.039  -1.836   2.372   1.886
   2.182  -0.913  -1.845   0.941
  -1.800  -2.131  -1.104   0.747
   2.197   1.643   1.214   0.702
  -1.231   2.138  -1.706   0.645
  -1.213  -1.037   2.540   1.186
--------------------
Total RMSD:   1.214
--------------------
