-----------------------------------------------
Coordinates of template with ideal hvp geometry
-----------------------------------------------
   0.000   0.000   0.000
   0.000   0.000  -3.000
   0.000  -2.598   1.500
   0.000   0.000   3.000
   3.000   0.000   0.000
  -3.000   0.000   0.000
   0.000   2.598  -1.500
   0.000  -2.598  -1.500
---------------------------------------------
Coordinates of the fitted metal site and RMSD
---------------------------------------------
   0.000   0.000   0.000   0.000
   0.213  -1.510  -2.583   1.581
   0.138  -2.986  -0.250   1.798
   0.029   0.690   2.919   0.695
   2.982  -0.323   0.066   0.331
  -2.970  -0.098   0.414   0.426
   0.172   2.759  -1.164   0.410
   0.294  -2.524  -1.595   0.318
--------------------
Total RMSD:   0.984
--------------------
