-----------------------------------------------
Coordinates of template with ideal coc geometry
-----------------------------------------------
   0.000   0.000   0.000
   0.000   3.000   0.000
  -3.000   0.000   0.000
   3.000   0.000   0.000
   0.000  -3.000   0.000
   0.000   0.000  -3.000
   1.732   1.732   1.732
   0.000   0.000   3.000
---------------------------------------------
Coordinates of the fitted metal site and RMSD
---------------------------------------------
   0.000   0.000   0.000   0.000
  -0.444   2.935  -0.434   0.624
  -2.960  -0.146   0.467   0.491
   2.988   0.031  -0.263   0.265
  -0.547  -2.931   0.328   0.642
  -0.092  -0.378  -2.975   0.389
   0.790   0.662   2.817   1.792
   0.348   0.105   2.978   0.364
--------------------
Total RMSD:   0.811
--------------------
