-----------------------------------------------
Coordinates of template with ideal hva geometry
-----------------------------------------------
   0.000   0.000   0.000
   3.000   0.000   0.000
   0.000  -2.598  -1.500
   0.000   2.598   1.500
   0.000  -2.598   1.500
   0.000   0.000   3.000
   0.000   2.598  -1.500
   0.000   0.000  -3.000
---------------------------------------------
Coordinates of the fitted metal site and RMSD
---------------------------------------------
   0.000   0.000   0.000   0.000
   2.922   0.589  -0.338   0.683
   0.633  -2.675  -1.201   0.705
  -0.806   2.696   1.041   0.932
  -2.586  -1.512   0.171   3.103
   0.558  -0.751   2.851   0.947
  -0.467   1.464  -2.576   1.631
  -0.884   0.885  -2.727   1.280
--------------------
Total RMSD:   1.543
--------------------
