-----------------------------------------------
Coordinates of template with ideal hvp geometry
-----------------------------------------------
   0.000   0.000   0.000
  -3.000   0.000   0.000
   0.000   2.598  -1.500
   0.000  -2.598   1.500
   3.000   0.000   0.000
   0.000   0.000   3.000
   0.000  -2.598  -1.500
   0.000   0.000  -3.000
---------------------------------------------
Coordinates of the fitted metal site and RMSD
---------------------------------------------
   0.000   0.000   0.000   0.000
  -2.980   0.344  -0.022   0.345
   0.094   2.717  -1.269   0.276
   0.045  -2.793   1.095   0.452
   2.928   0.635  -0.158   0.658
   0.012   0.940   2.849   0.952
  -0.288  -1.585  -2.531   1.474
   0.268  -1.167  -2.751   1.223
--------------------
Total RMSD:   0.879
--------------------
