-----------------------------------------------
Coordinates of template with ideal sav geometry
-----------------------------------------------
   0.000   0.000   0.000
  -2.449   0.000   1.732
   0.000  -2.449   1.732
  -1.732   1.732  -1.732
   1.732  -1.732  -1.732
  -1.732  -1.732  -1.732
   0.000   2.449   1.732
   2.449   0.000   1.732
---------------------------------------------
Coordinates of the fitted metal site and RMSD
---------------------------------------------
   0.000   0.000   0.000   0.000
  -2.335   0.259   1.866   0.313
   0.769  -2.380   1.656   0.775
  -0.549   2.460  -1.627   1.393
   2.372  -1.154  -1.429   0.914
  -1.788  -1.463  -1.914   0.329
   1.397   2.075   1.657   1.448
   1.955   1.607   1.611   1.686
--------------------
Total RMSD:   1.104
--------------------
