-----------------------------------------------
Coordinates of template with ideal cof geometry
-----------------------------------------------
   0.000   0.000   0.000
   1.732   1.732   1.732
   0.000   3.000   0.000
  -3.000   0.000   0.000
   0.000   0.000  -3.000
   0.000  -3.000   0.000
   3.000   0.000   0.000
---------------------------------------------
Coordinates of the fitted metal site and RMSD
---------------------------------------------
   0.000   0.000   0.000   0.000
   0.672   0.504   2.880   1.987
  -0.057   2.975  -0.379   0.384
  -2.954   0.021   0.524   0.526
  -0.455  -0.514  -2.920   0.691
   0.056  -2.961   0.479   0.484
   2.985   0.005  -0.295   0.296
--------------------
Total RMSD:   0.928
--------------------
