-----------------------------------------------
Coordinates of template with ideal ctf geometry
-----------------------------------------------
   0.000   0.000   0.000
   0.000   0.000  -3.000
  -1.964  -1.964  -1.134
  -1.964   0.000   2.268
   1.964   1.964  -1.134
  -1.964   1.964  -1.134
   1.964   0.000   2.268
---------------------------------------------
Coordinates of the fitted metal site and RMSD
---------------------------------------------
   0.000   0.000   0.000   0.000
   1.137  -0.576  -2.716   1.307
  -1.711  -2.455  -0.214   1.073
  -1.279   0.690   2.624   1.035
   1.644   2.504   0.164   1.442
  -2.164   1.537  -1.397   0.540
   2.153  -1.542   1.409   1.775
--------------------
Total RMSD:   1.255
--------------------
