-----------------------------------------------
Coordinates of template with ideal cof geometry
-----------------------------------------------
   0.000   0.000   0.000
  -3.000   0.000   0.000
   0.000  -3.000   0.000
   1.732   1.732   1.732
   3.000   0.000   0.000
   0.000   0.000  -3.000
   0.000   3.000   0.000
---------------------------------------------
Coordinates of the fitted metal site and RMSD
---------------------------------------------
   0.000   0.000   0.000   0.000
  -2.924   0.355   0.570   0.676
   0.585  -2.872   0.639   0.875
   2.084   1.890   1.042   0.791
   2.835   0.772   0.607   0.996
   0.565  -0.075  -2.945   0.572
   0.890   2.600   1.203   1.549
--------------------
Total RMSD:   0.963
--------------------
