-----------------------------------------------
Coordinates of template with ideal pva geometry
-----------------------------------------------
   0.000   0.000   0.000
   0.000   2.853   0.927
   0.000   1.763  -2.427
   0.000  -2.853   0.927
   0.000  -1.763  -2.427
   3.000   0.000   0.000
   0.000   0.000   3.000
---------------------------------------------
Coordinates of the fitted metal site and RMSD
---------------------------------------------
   0.000   0.000   0.000   0.000
  -0.716   2.382   1.677   1.139
  -0.817   0.727  -2.793   1.369
  -0.769  -2.797   0.766   0.788
  -0.376  -2.918  -0.588   2.204
   2.960  -0.209  -0.442   0.490
  -0.948  -2.074   1.949   2.511
--------------------
Total RMSD:   1.591
--------------------
