-----------------------------------------------
Coordinates of template with ideal spy geometry
-----------------------------------------------
   0.000   0.000   0.000
   0.000   3.000   0.000
   0.000  -3.000   0.000
   0.000   0.000   3.000
  -3.000   0.000   0.000
   3.000   0.000   0.000
---------------------------------------------
Coordinates of the fitted metal site and RMSD
---------------------------------------------
   0.000   0.000   0.000   0.000
  -0.267   2.886  -0.776   0.828
  -0.210  -2.916  -0.671   0.708
  -0.114  -0.105   2.996   0.155
  -2.915  -0.198  -0.680   0.714
   2.882  -0.255  -0.794   0.842
--------------------
Total RMSD:   0.697
--------------------
