-----------------------------------------------
Coordinates of template with ideal con geometry
-----------------------------------------------
   0.000   0.000   0.000
   0.000  -3.000   0.000
   0.000   3.000   0.000
  -3.000   0.000   0.000
   3.000   0.000   0.000
   0.000   0.000   3.000
   1.732   1.732   1.732
---------------------------------------------
Coordinates of the fitted metal site and RMSD
---------------------------------------------
   0.000   0.000   0.000   0.000
   0.448  -2.948   0.332   0.560
  -0.108   2.997  -0.093   0.143
  -2.534  -0.454  -1.540   1.672
   1.748  -0.024  -2.438   2.741
  -1.393   0.065   2.656   1.437
   2.441   0.733   1.583   1.234
--------------------
Total RMSD:   1.540
--------------------
