-----------------------------------------------
Coordinates of template with ideal ctf geometry
-----------------------------------------------
   0.000   0.000   0.000
  -1.964   0.000   2.268
   0.000   0.000  -3.000
  -1.964  -1.964  -1.134
   1.964   0.000   2.268
  -1.964   1.964  -1.134
   1.964   1.964  -1.134
---------------------------------------------
Coordinates of the fitted metal site and RMSD
---------------------------------------------
   0.000   0.000   0.000   0.000
  -1.213   0.690   2.656   1.091
   1.413  -0.324  -2.626   1.497
  -1.636  -2.506  -0.212   1.118
   2.283  -1.345   1.407   1.628
  -2.065   1.699  -1.359   0.363
   1.683   2.482  -0.081   1.207
--------------------
Total RMSD:   1.219
--------------------
