-----------------------------------------------
Coordinates of template with ideal con geometry
-----------------------------------------------
   0.000   0.000   0.000
  -3.000   0.000   0.000
   0.000   3.000   0.000
   1.732   1.732   1.732
   0.000  -3.000   0.000
   0.000   0.000   3.000
   3.000   0.000   0.000
---------------------------------------------
Coordinates of the fitted metal site and RMSD
---------------------------------------------
   0.000   0.000   0.000   0.000
  -2.957   0.388   0.329   0.511
  -0.005   1.654  -2.503   2.842
   0.501   2.517   1.554   1.471
  -0.447  -2.560  -1.499   1.625
   0.053  -1.559   2.562   1.620
   2.973  -0.335  -0.226   0.405
--------------------
Total RMSD:   1.629
--------------------
