-----------------------------------------------
Coordinates of template with ideal ctn geometry
-----------------------------------------------
   0.000   0.000   0.000
  -1.964   1.964  -1.134
  -1.964  -1.964  -1.134
   0.000   0.000  -3.000
   1.964   0.000   2.268
   1.964   1.964  -1.134
   1.964  -1.964  -1.134
---------------------------------------------
Coordinates of the fitted metal site and RMSD
---------------------------------------------
   0.000   0.000   0.000   0.000
  -2.066   2.150   0.335   1.484
  -2.090  -2.132   0.291   1.441
  -0.512  -0.028  -2.956   0.515
   0.598   0.039   2.939   1.522
   2.091   2.112  -0.411   0.748
   2.089  -2.107  -0.442   0.717
--------------------
Total RMSD:   1.150
--------------------
