-----------------------------------------------
Coordinates of template with ideal oct geometry
-----------------------------------------------
   0.000   0.000   0.000
   3.000   0.000   0.000
   0.000   3.000   0.000
   0.000   0.000  -3.000
   0.000   0.000   3.000
   0.000  -3.000   0.000
  -3.000   0.000   0.000
---------------------------------------------
Coordinates of the fitted metal site and RMSD
---------------------------------------------
   0.000   0.000   0.000   0.000
   3.000  -0.036  -0.040   0.054
  -0.021   2.999  -0.092   0.094
  -0.037  -0.002  -3.000   0.038
  -0.016  -0.068   2.999   0.070
  -0.009  -3.000  -0.026   0.028
  -2.999  -0.024  -0.061   0.066
--------------------
Total RMSD:   0.062
--------------------
