-----------------------------------------------
Coordinates of template with ideal pva geometry
-----------------------------------------------
   0.000   0.000   0.000
   0.000  -1.763  -2.427
   0.000  -2.853   0.927
   3.000   0.000   0.000
   0.000   2.853   0.927
   0.000   1.763  -2.427
   0.000   0.000   3.000
---------------------------------------------
Coordinates of the fitted metal site and RMSD
---------------------------------------------
   0.000   0.000   0.000   0.000
  -0.732  -1.197  -2.652   0.952
  -0.704  -2.552   1.410   0.906
   2.796  -1.044  -0.303   1.106
  -2.763   1.125   0.317   3.315
   0.822   2.524  -1.398   1.521
   0.841   1.212   2.612   1.526
--------------------
Total RMSD:   1.760
--------------------
