-----------------------------------------------
Coordinates of template with ideal cof geometry
-----------------------------------------------
   0.000   0.000   0.000
   0.000   0.000  -3.000
  -3.000   0.000   0.000
   0.000  -3.000   0.000
   1.732   1.732   1.732
   0.000   3.000   0.000
   3.000   0.000   0.000
---------------------------------------------
Coordinates of the fitted metal site and RMSD
---------------------------------------------
   0.000   0.000   0.000   0.000
  -0.120  -0.142  -2.994   0.186
  -2.959  -0.120   0.482   0.498
  -0.298  -2.870   0.821   0.883
   0.964   0.869   2.705   1.510
  -0.104   2.997  -0.097   0.143
   2.970   0.128  -0.403   0.424
--------------------
Total RMSD:   0.769
--------------------
