-----------------------------------------------
Coordinates of template with ideal ctn geometry
-----------------------------------------------
   0.000   0.000   0.000
   1.964   0.000   2.268
  -1.964  -1.964  -1.134
  -1.964   1.964  -1.134
   0.000   0.000  -3.000
   1.964  -1.964  -1.134
   1.964   1.964  -1.134
---------------------------------------------
Coordinates of the fitted metal site and RMSD
---------------------------------------------
   0.000   0.000   0.000   0.000
   0.981  -0.015   2.835   1.135
  -2.188  -2.019   0.369   1.521
  -2.389   1.810   0.126   1.339
   0.155   0.104  -2.994   0.187
   1.932  -2.178  -0.724   0.464
   2.171   2.022  -0.446   0.720
--------------------
Total RMSD:   1.013
--------------------
