-----------------------------------------------
Coordinates of template with ideal oct geometry
-----------------------------------------------
   0.000   0.000   0.000
   0.000   0.000  -3.000
   0.000   3.000   0.000
  -3.000   0.000   0.000
   0.000   0.000   3.000
   3.000   0.000   0.000
   0.000  -3.000   0.000
---------------------------------------------
Coordinates of the fitted metal site and RMSD
---------------------------------------------
   0.000   0.000   0.000   0.000
   0.338  -0.369  -2.958   0.501
  -0.145   2.996  -0.028   0.148
  -2.959   0.401   0.293   0.498
   0.411  -0.504   2.929   0.655
   2.975   0.115   0.367   0.385
   0.140  -2.995   0.108   0.177
--------------------
Total RMSD:   0.434
--------------------
