-----------------------------------------------
Coordinates of template with ideal pvp geometry
-----------------------------------------------
   0.000   0.000   0.000
   0.000   0.000   3.000
  -3.000   0.000   0.000
   0.000   1.763  -2.427
   0.000  -1.763  -2.427
   0.000  -2.853   0.927
   3.000   0.000   0.000
---------------------------------------------
Coordinates of the fitted metal site and RMSD
---------------------------------------------
   0.000   0.000   0.000   0.000
   0.324   1.035   2.797   1.103
  -2.994   0.169  -0.098   0.195
  -0.348   2.509  -1.608   1.161
   0.536  -1.697  -2.415   0.540
  -0.159  -2.818   1.017   0.186
   2.993  -0.200   0.025   0.202
--------------------
Total RMSD:   0.704
--------------------
