-----------------------------------------------
Coordinates of template with ideal tpr geometry
-----------------------------------------------
   0.000   0.000   0.000
   1.964   1.964  -1.134
   1.964   0.000   2.268
  -1.964   0.000   2.268
  -1.964  -1.964  -1.134
   1.964  -1.964  -1.134
  -1.964   1.964  -1.134
---------------------------------------------
Coordinates of the fitted metal site and RMSD
---------------------------------------------
   0.000   0.000   0.000   0.000
   1.695   2.420  -0.521   0.810
   1.666  -1.130   2.224   1.170
  -1.636   0.825   2.375   0.894
  -1.753  -2.353  -0.626   0.673
   1.562  -1.579  -2.017   1.044
  -1.714   1.067  -2.219   1.429
--------------------
Total RMSD:   1.034
--------------------
