-----------------------------------------------
Coordinates of template with ideal tbp geometry
-----------------------------------------------
   0.000   0.000   0.000
   0.000  -2.598  -1.500
   3.000   0.000   0.000
   0.000   2.598  -1.500
   0.000   0.000   3.000
  -3.000   0.000   0.000
---------------------------------------------
Coordinates of the fitted metal site and RMSD
---------------------------------------------
   0.000   0.000   0.000   0.000
   0.071  -2.628  -1.445   0.095
   2.996  -0.119  -0.092   0.150
   0.038   2.503  -1.653   0.184
   0.029  -0.243   2.990   0.245
  -2.998  -0.091  -0.066   0.112
--------------------
Total RMSD:   0.166
--------------------
