-----------------------------------------------
Coordinates of template with ideal tbp geometry
-----------------------------------------------
   0.000   0.000   0.000
   3.000   0.000   0.000
   0.000   2.598  -1.500
  -3.000   0.000   0.000
   0.000   0.000   3.000
   0.000  -2.598  -1.500
---------------------------------------------
Coordinates of the fitted metal site and RMSD
---------------------------------------------
   0.000   0.000   0.000   0.000
   2.999   0.063  -0.058   0.085
   0.443   2.673  -1.288   0.497
  -2.996  -0.123   0.093   0.154
   0.185   0.024   2.994   0.187
   0.229  -2.684  -1.321   0.302
--------------------
Total RMSD:   0.284
--------------------
