-----------------------------------------------
Coordinates of template with ideal coc geometry
-----------------------------------------------
   0.000   0.000   0.000
   0.000  -3.000   0.000
   0.000   0.000  -3.000
   0.000   0.000   3.000
  -3.000   0.000   0.000
   0.000   3.000   0.000
   3.000   0.000   0.000
   1.732   1.732   1.732
---------------------------------------------
Coordinates of the fitted metal site and RMSD
---------------------------------------------
   0.000   0.000   0.000   0.000
  -0.014  -2.980   0.342   0.343
  -0.166   0.117  -2.993   0.203
   0.540   0.774   2.848   0.956
  -2.963   0.462  -0.074   0.470
   0.447   2.818   0.928   1.046
   2.988   0.138  -0.224   0.263
   0.648   2.009   2.132   1.188
--------------------
Total RMSD:   0.744
--------------------
