-----------------------------------------------
Coordinates of template with ideal cuv geometry
-----------------------------------------------
   0.000   0.000   0.000
   1.732   1.732   1.732
  -1.732   1.732  -1.732
   1.732  -1.732   1.732
   1.732  -1.732  -1.732
  -1.732  -1.732  -1.732
  -1.732   1.732   1.732
  -1.732  -1.732   1.732
---------------------------------------------
Coordinates of the fitted metal site and RMSD
---------------------------------------------
   0.000   0.000   0.000   0.000
   2.118   1.755   1.196   0.661
  -0.968   1.854  -2.151   0.880
   0.074  -2.225   2.011   1.752
   1.633  -1.262  -2.178   0.656
  -1.872  -2.344  -0.004   1.838
  -2.151   1.068   1.799   0.788
  -1.063  -2.536   1.200   1.174
--------------------
Total RMSD:   1.200
--------------------
