-----------------------------------------------
Coordinates of template with ideal sav geometry
-----------------------------------------------
   0.000   0.000   0.000
  -1.732   1.732  -1.732
  -1.732  -1.732  -1.732
   0.000   2.449   1.732
   1.732  -1.732  -1.732
   0.000  -2.449   1.732
  -2.449   0.000   1.732
   2.449   0.000   1.732
---------------------------------------------
Coordinates of the fitted metal site and RMSD
---------------------------------------------
   0.000   0.000   0.000   0.000
  -0.909   2.363  -1.610   1.044
  -1.550  -2.142  -1.418   0.548
   1.527   1.468   2.125   1.857
   2.292  -0.872  -1.728   1.026
   1.260  -1.312   2.385   1.818
  -2.257   0.245   1.962   0.387
   1.500   0.116   2.595   1.289
--------------------
Total RMSD:   1.254
--------------------
