-----------------------------------------------
Coordinates of template with ideal spy geometry
-----------------------------------------------
   0.000   0.000   0.000
   0.000  -3.000   0.000
   3.000   0.000   0.000
  -3.000   0.000   0.000
   0.000   0.000   3.000
   0.000   3.000   0.000
---------------------------------------------
Coordinates of the fitted metal site and RMSD
---------------------------------------------
   0.000   0.000   0.000   0.000
   0.549  -2.694  -1.200   1.355
   2.128   1.917  -0.893   2.288
  -2.853   0.461  -0.804   0.939
  -0.088   0.282   2.985   0.295
   2.006   2.033  -0.919   2.409
--------------------
Total RMSD:   1.664
--------------------
