-----------------------------------------------
Coordinates of template with ideal cof geometry
-----------------------------------------------
   0.000   0.000   0.000
   0.000  -3.000   0.000
   0.000   0.000  -3.000
   0.000   3.000   0.000
   1.732   1.732   1.732
   3.000   0.000   0.000
  -3.000   0.000   0.000
---------------------------------------------
Coordinates of the fitted metal site and RMSD
---------------------------------------------
   0.000   0.000   0.000   0.000
  -0.067  -2.921   0.680   0.688
  -0.357  -0.336  -2.960   0.492
  -0.203   2.993  -0.047   0.209
   0.738   0.918   2.759   1.645
   2.965  -0.139  -0.433   0.456
  -2.974   0.101   0.377   0.392
--------------------
Total RMSD:   0.799
--------------------
