-----------------------------------------------
Coordinates of template with ideal con geometry
-----------------------------------------------
   0.000   0.000   0.000
  -3.000   0.000   0.000
   3.000   0.000   0.000
   1.732   1.732   1.732
   0.000   0.000   3.000
   0.000  -3.000   0.000
   0.000   3.000   0.000
---------------------------------------------
Coordinates of the fitted metal site and RMSD
---------------------------------------------
   0.000   0.000   0.000   0.000
  -2.601  -0.404  -1.440   1.548
   1.757  -0.182  -2.425   2.731
   2.211   0.778   1.872   1.077
  -1.181  -0.104   2.756   1.210
   0.308  -2.965   0.335   0.456
  -0.298   2.958  -0.401   0.501
--------------------
Total RMSD:   1.468
--------------------
