-----------------------------------------------
Coordinates of template with ideal pva geometry
-----------------------------------------------
   0.000   0.000   0.000
   0.000   2.853   0.927
   3.000   0.000   0.000
   0.000  -2.853   0.927
   0.000  -1.763  -2.427
   0.000   1.763  -2.427
   0.000   0.000   3.000
---------------------------------------------
Coordinates of the fitted metal site and RMSD
---------------------------------------------
   0.000   0.000   0.000   0.000
  -1.018   2.788   0.436   1.132
   2.858   0.572   0.710   0.923
   0.376  -2.966  -0.247   1.238
  -2.559  -1.061  -1.151   2.945
   0.670   0.659  -2.849   1.359
  -0.620  -0.618   2.869   0.885
--------------------
Total RMSD:   1.579
--------------------
