-----------------------------------------------
Coordinates of template with ideal ctf geometry
-----------------------------------------------
   0.000   0.000   0.000
  -1.964   0.000   2.268
   1.964   0.000   2.268
  -1.964   1.964  -1.134
   0.000   0.000  -3.000
  -1.964  -1.964  -1.134
   1.964   1.964  -1.134
---------------------------------------------
Coordinates of the fitted metal site and RMSD
---------------------------------------------
   0.000   0.000   0.000   0.000
  -1.251   0.662   2.645   1.044
   2.199  -1.490   1.394   1.744
  -2.140   1.567  -1.402   0.510
   1.164  -0.586  -2.702   1.336
  -1.698  -2.460  -0.255   1.044
   1.669   2.487   0.165   1.431
--------------------
Total RMSD:   1.246
--------------------
