-----------------------------------------------
Coordinates of template with ideal oct geometry
-----------------------------------------------
   0.000   0.000   0.000
  -3.000   0.000   0.000
   0.000   0.000  -3.000
   0.000   0.000   3.000
   3.000   0.000   0.000
   0.000   3.000   0.000
   0.000  -3.000   0.000
---------------------------------------------
Coordinates of the fitted metal site and RMSD
---------------------------------------------
   0.000   0.000   0.000   0.000
  -3.000  -0.017   0.037   0.041
  -0.020  -0.075  -2.999   0.078
   0.035  -0.020   3.000   0.041
   2.999   0.006   0.092   0.092
   0.043   2.999   0.066   0.078
   0.020  -3.000   0.011   0.022
--------------------
Total RMSD:   0.064
--------------------
