-----------------------------------------------
Coordinates of template with ideal tpr geometry
-----------------------------------------------
   0.000   0.000   0.000
  -1.964   0.000   2.268
  -1.964  -1.964  -1.134
   1.964   0.000   2.268
   1.964   1.964  -1.134
  -1.964   1.964  -1.134
   1.964  -1.964  -1.134
---------------------------------------------
Coordinates of the fitted metal site and RMSD
---------------------------------------------
   0.000   0.000   0.000   0.000
  -1.702  -1.209   2.154   1.242
  -1.700  -1.306  -2.099   1.197
   1.765   1.234   2.089   1.263
   1.782   1.252  -2.063   1.184
  -1.667   2.494   0.000   1.287
   1.747  -2.438   0.009   1.256
--------------------
Total RMSD:   1.239
--------------------
