-----------------------------------------------
Coordinates of template with ideal spy geometry
-----------------------------------------------
   0.000   0.000   0.000
   0.000   3.000   0.000
  -3.000   0.000   0.000
   3.000   0.000   0.000
   0.000   0.000   3.000
   0.000  -3.000   0.000
---------------------------------------------
Coordinates of the fitted metal site and RMSD
---------------------------------------------
   0.000   0.000   0.000   0.000
   0.065   2.756  -1.183   1.210
  -2.993   0.173  -0.106   0.203
   2.997   0.107   0.079   0.133
   0.185   0.114   2.992   0.217
   0.131  -2.702  -1.297   1.337
--------------------
Total RMSD:   0.819
--------------------
