-----------------------------------------------
Coordinates of template with ideal coc geometry
-----------------------------------------------
   0.000   0.000   0.000
   0.000  -3.000   0.000
   1.732   1.732   1.732
   0.000   3.000   0.000
  -3.000   0.000   0.000
   0.000   0.000   3.000
   0.000   0.000  -3.000
   3.000   0.000   0.000
---------------------------------------------
Coordinates of the fitted metal site and RMSD
---------------------------------------------
   0.000   0.000   0.000   0.000
   0.205  -2.993  -0.027   0.207
   2.811   0.788   0.692   1.771
  -0.335   2.981  -0.036   0.338
  -2.979  -0.268  -0.232   0.355
  -0.443  -0.035   2.967   0.446
   0.122   0.030  -2.997   0.125
   2.948   0.360   0.426   0.560
--------------------
Total RMSD:   0.751
--------------------
