-----------------------------------------------
Coordinates of template with ideal cof geometry
-----------------------------------------------
   0.000   0.000   0.000
   0.000  -3.000   0.000
  -3.000   0.000   0.000
   3.000   0.000   0.000
   1.732   1.732   1.732
   0.000   0.000  -3.000
   0.000   3.000   0.000
---------------------------------------------
Coordinates of the fitted metal site and RMSD
---------------------------------------------
   0.000   0.000   0.000   0.000
   0.039  -2.967   0.441   0.444
  -2.958   0.130   0.485   0.504
   2.973   0.031  -0.404   0.406
   0.577   0.511   2.899   2.046
  -0.452  -0.477  -2.927   0.661
  -0.098   2.963  -0.461   0.473
--------------------
Total RMSD:   0.954
--------------------
