-----------------------------------------------
Coordinates of template with ideal ctf geometry
-----------------------------------------------
   0.000   0.000   0.000
   1.964   0.000   2.268
   1.964   1.964  -1.134
  -1.964  -1.964  -1.134
   0.000   0.000  -3.000
  -1.964   0.000   2.268
  -1.964   1.964  -1.134
---------------------------------------------
Coordinates of the fitted metal site and RMSD
---------------------------------------------
   0.000   0.000   0.000   0.000
   2.139  -1.562   1.408   1.792
   1.625   2.519   0.121   1.414
  -1.686  -2.465  -0.283   1.026
   1.149  -0.705  -2.680   1.385
  -1.248   0.619   2.657   1.023
  -2.121   1.613  -1.378   0.456
--------------------
Total RMSD:   1.254
--------------------
