-----------------------------------------------
Coordinates of template with ideal ctn geometry
-----------------------------------------------
   0.000   0.000   0.000
   1.964   0.000   2.268
  -1.964  -1.964  -1.134
   1.964   1.964  -1.134
  -1.964   1.964  -1.134
   1.964  -1.964  -1.134
   0.000   0.000  -3.000
---------------------------------------------
Coordinates of the fitted metal site and RMSD
---------------------------------------------
   0.000   0.000   0.000   0.000
   0.559  -0.010   2.947   1.561
  -2.114  -2.108   0.296   1.445
   2.014   2.182  -0.426   0.742
  -2.027   2.189   0.319   1.471
   2.110  -2.100  -0.372   0.788
  -0.576  -0.049  -2.944   0.581
--------------------
Total RMSD:   1.169
--------------------
