-----------------------------------------------
Coordinates of template with ideal oct geometry
-----------------------------------------------
   0.000   0.000   0.000
   0.000   0.000  -3.000
   0.000   3.000   0.000
   0.000  -3.000   0.000
  -3.000   0.000   0.000
   3.000   0.000   0.000
   0.000   0.000   3.000
---------------------------------------------
Coordinates of the fitted metal site and RMSD
---------------------------------------------
   0.000   0.000   0.000   0.000
   0.034   0.002  -3.000   0.034
  -0.019   2.998   0.098   0.099
  -0.088  -2.998   0.048   0.100
  -2.998  -0.098   0.038   0.105
   3.000  -0.030  -0.001   0.030
  -0.004   0.052   3.000   0.052
--------------------
Total RMSD:   0.077
--------------------
