-----------------------------------------------
Coordinates of template with ideal pva geometry
-----------------------------------------------
   0.000   0.000   0.000
   0.000   1.763  -2.427
   0.000   2.853   0.927
   0.000  -1.763  -2.427
   0.000  -2.853   0.927
   3.000   0.000   0.000
   0.000   0.000   3.000
---------------------------------------------
Coordinates of the fitted metal site and RMSD
---------------------------------------------
   0.000   0.000   0.000   0.000
  -0.731   1.225  -2.639   0.932
  -0.782   2.489   1.480   1.025
   0.720  -2.585  -1.341   1.541
  -2.755  -1.146   0.313   3.299
   2.799   1.023  -0.340   1.097
   0.744  -1.168   2.661   1.426
--------------------
Total RMSD:   1.752
--------------------
