-----------------------------------------------
Coordinates of template with ideal con geometry
-----------------------------------------------
   0.000   0.000   0.000
   0.000   0.000   3.000
  -3.000   0.000   0.000
   3.000   0.000   0.000
   0.000   3.000   0.000
   0.000  -3.000   0.000
   1.732   1.732   1.732
---------------------------------------------
Coordinates of the fitted metal site and RMSD
---------------------------------------------
   0.000   0.000   0.000   0.000
  -0.992  -0.700   2.743   1.241
  -2.957  -0.004  -0.504   0.506
   2.513  -0.406  -1.588   1.710
  -0.336   2.639  -1.387   1.473
  -0.058  -2.912  -0.720   0.727
   1.605   1.819   1.764   0.157
--------------------
Total RMSD:   1.114
--------------------
