-----------------------------------------------
Coordinates of template with ideal oct geometry
-----------------------------------------------
   0.000   0.000   0.000
   0.000   0.000   3.000
   3.000   0.000   0.000
   0.000   0.000  -3.000
   0.000  -3.000   0.000
   0.000   3.000   0.000
  -3.000   0.000   0.000
---------------------------------------------
Coordinates of the fitted metal site and RMSD
---------------------------------------------
   0.000   0.000   0.000   0.000
  -0.505   0.895   2.818   1.044
   2.679  -0.585   1.217   1.388
  -1.104   0.611  -2.722   1.292
   0.426  -2.826  -0.913   1.023
   1.084   2.726  -0.629   1.283
  -2.659  -1.243   0.619   1.429
--------------------
Total RMSD:   1.253
--------------------
