-----------------------------------------------
Coordinates of template with ideal cof geometry
-----------------------------------------------
   0.000   0.000   0.000
   3.000   0.000   0.000
   0.000   3.000   0.000
  -3.000   0.000   0.000
   0.000   0.000  -3.000
   0.000  -3.000   0.000
   1.732   1.732   1.732
---------------------------------------------
Coordinates of the fitted metal site and RMSD
---------------------------------------------
   0.000   0.000   0.000   0.000
   2.968  -0.066  -0.432   0.438
  -0.093   2.967  -0.436   0.447
  -2.957  -0.012   0.503   0.505
  -0.427  -0.500  -2.927   0.661
  -0.019  -2.967   0.446   0.448
   0.546   0.512   2.905   2.067
--------------------
Total RMSD:   0.962
--------------------
