-----------------------------------------------
Coordinates of template with ideal ctf geometry
-----------------------------------------------
   0.000   0.000   0.000
   1.964   1.964  -1.134
  -1.964   0.000   2.268
  -1.964  -1.964  -1.134
  -1.964   1.964  -1.134
   0.000   0.000  -3.000
   1.964   0.000   2.268
---------------------------------------------
Coordinates of the fitted metal site and RMSD
---------------------------------------------
   0.000   0.000   0.000   0.000
   1.729   2.446   0.172   1.412
  -1.232   0.567   2.676   1.011
  -1.650  -2.495  -0.224   1.099
  -2.122   1.610  -1.381   0.460
   1.163  -0.656  -2.686   1.372
   2.184  -1.507   1.400   1.753
--------------------
Total RMSD:   1.251
--------------------
