-----------------------------------------------
Coordinates of template with ideal ctn geometry
-----------------------------------------------
   0.000   0.000   0.000
  -1.964   1.964  -1.134
   1.964   0.000   2.268
   1.964  -1.964  -1.134
  -1.964  -1.964  -1.134
   0.000   0.000  -3.000
   1.964   1.964  -1.134
---------------------------------------------
Coordinates of the fitted metal site and RMSD
---------------------------------------------
   0.000   0.000   0.000   0.000
  -2.070   2.148   0.323   1.472
   0.589  -0.006   2.942   1.531
   2.095  -2.106  -0.417   0.742
  -2.124  -2.087   0.364   1.512
  -0.516  -0.079  -2.954   0.524
   2.041   2.173  -0.336   0.828
--------------------
Total RMSD:   1.177
--------------------
