-----------------------------------------------
Coordinates of template with ideal pvp geometry
-----------------------------------------------
   0.000   0.000   0.000
   0.000   0.000   3.000
   0.000   1.763  -2.427
   0.000  -1.763  -2.427
   3.000   0.000   0.000
   0.000  -2.853   0.927
  -3.000   0.000   0.000
---------------------------------------------
Coordinates of the fitted metal site and RMSD
---------------------------------------------
   0.000   0.000   0.000   0.000
  -0.044   1.325   2.691   1.361
  -0.035   2.648  -1.410   1.349
  -0.015  -1.404  -2.651   0.424
   2.999   0.007   0.056   0.057
   0.043  -2.699   1.309   0.414
  -2.999   0.060   0.045   0.075
--------------------
Total RMSD:   0.820
--------------------
