-----------------------------------------------
Coordinates of template with ideal ctn geometry
-----------------------------------------------
   0.000   0.000   0.000
   1.964   1.964  -1.134
  -1.964  -1.964  -1.134
  -1.964   1.964  -1.134
   1.964  -1.964  -1.134
   0.000   0.000  -3.000
   1.964   0.000   2.268
---------------------------------------------
Coordinates of the fitted metal site and RMSD
---------------------------------------------
   0.000   0.000   0.000   0.000
   2.154   2.012  -0.560   0.607
  -1.832  -2.374   0.089   1.296
  -1.940   2.289  -0.011   1.169
   1.944  -2.072  -0.961   0.205
  -0.099  -0.085  -2.997   0.131
   1.073   0.076   2.801   1.041
--------------------
Total RMSD:   0.872
--------------------
