-----------------------------------------------
Coordinates of template with ideal oct geometry
-----------------------------------------------
   0.000   0.000   0.000
  -3.000   0.000   0.000
   3.000   0.000   0.000
   0.000   3.000   0.000
   0.000  -3.000   0.000
   0.000   0.000   3.000
   0.000   0.000  -3.000
---------------------------------------------
Coordinates of the fitted metal site and RMSD
---------------------------------------------
   0.000   0.000   0.000   0.000
  -2.994  -0.146   0.131   0.196
   2.961  -0.400   0.265   0.481
  -0.272   2.960   0.408   0.492
  -0.018  -2.950   0.545   0.548
  -0.282  -0.423   2.957   0.510
  -0.415  -0.285  -2.957   0.506
--------------------
Total RMSD:   0.470
--------------------
