-----------------------------------------------
Coordinates of template with ideal pvp geometry
-----------------------------------------------
   0.000   0.000   0.000
   3.000   0.000   0.000
  -3.000   0.000   0.000
   0.000   1.763  -2.427
   0.000  -2.853   0.927
   0.000  -1.763  -2.427
   0.000   0.000   3.000
---------------------------------------------
Coordinates of the fitted metal site and RMSD
---------------------------------------------
   0.000   0.000   0.000   0.000
   2.987  -0.273  -0.060   0.280
  -2.974  -0.394  -0.044   0.397
   0.334   2.442  -1.711   1.041
  -0.060  -2.874   0.857   0.095
   0.225  -1.729  -2.441   0.228
   0.455   1.080   2.762   1.195
--------------------
Total RMSD:   0.684
--------------------
