-----------------------------------------------
Coordinates of template with ideal tpr geometry
-----------------------------------------------
   0.000   0.000   0.000
   1.964  -1.964  -1.134
  -1.964   0.000   2.268
   1.964   0.000   2.268
  -1.964   1.964  -1.134
   1.964   1.964  -1.134
  -1.964  -1.964  -1.134
---------------------------------------------
Coordinates of the fitted metal site and RMSD
---------------------------------------------
   0.000   0.000   0.000   0.000
   1.773  -0.972  -2.217   1.481
  -1.851   1.510   1.815   1.580
   2.106  -0.959   1.909   1.033
  -1.400   1.637  -2.088   1.155
   1.562   2.523  -0.440   0.977
  -1.558  -2.503  -0.553   0.891
--------------------
Total RMSD:   1.214
--------------------
