-----------------------------------------------
Coordinates of template with ideal ctp geometry
-----------------------------------------------
   0.000   0.000   0.000
  -1.964  -1.964  -1.134
  -1.964   0.000   2.268
  -1.964   1.964  -1.134
   1.964   1.964  -1.134
   0.000   0.000  -3.000
   1.964   0.000   2.268
   1.964  -1.964  -1.134
---------------------------------------------
Coordinates of the fitted metal site and RMSD
---------------------------------------------
   0.000   0.000   0.000   0.000
  -1.897  -2.319   0.150   1.334
  -2.241   0.902   1.778   1.064
  -1.309   1.199  -2.418   1.632
   1.648   2.502  -0.159   1.158
  -1.423   1.054  -2.422   1.863
   1.588  -0.678   2.453   0.797
   1.905  -1.710  -1.565   0.504
--------------------
Total RMSD:   1.269
--------------------
