-----------------------------------------------
Coordinates of template with ideal hvp geometry
-----------------------------------------------
   0.000   0.000   0.000
   0.000   2.598  -1.500
   3.000   0.000   0.000
   0.000  -2.598  -1.500
   0.000  -2.598   1.500
   0.000   0.000  -3.000
   0.000   0.000   3.000
  -3.000   0.000   0.000
---------------------------------------------
Coordinates of the fitted metal site and RMSD
---------------------------------------------
   0.000   0.000   0.000   0.000
   0.261   2.708  -1.264   0.369
   2.947   0.545  -0.143   0.566
   0.048  -1.469  -2.616   1.588
  -0.013  -2.792   1.098   0.447
   0.054  -1.305  -2.701   1.340
   0.031   0.931   2.852   0.943
  -2.979   0.349   0.040   0.352
--------------------
Total RMSD:   0.925
--------------------
