-----------------------------------------------
Coordinates of template with ideal spy geometry
-----------------------------------------------
   0.000   0.000   0.000
   0.000   0.000   3.000
  -3.000   0.000   0.000
   3.000   0.000   0.000
   0.000  -3.000   0.000
   0.000   3.000   0.000
---------------------------------------------
Coordinates of the fitted metal site and RMSD
---------------------------------------------
   0.000   0.000   0.000   0.000
   0.167  -0.002   2.995   0.167
  -2.944   0.009  -0.576   0.579
   2.972   0.047  -0.410   0.413
   0.046  -2.947  -0.557   0.561
   0.084   2.946  -0.559   0.568
--------------------
Total RMSD:   0.484
--------------------
