-----------------------------------------------
Coordinates of template with ideal tbp geometry
-----------------------------------------------
   0.000   0.000   0.000
   0.000   0.000   3.000
  -3.000   0.000   0.000
   3.000   0.000   0.000
   0.000  -2.598  -1.500
   0.000   2.598  -1.500
---------------------------------------------
Coordinates of the fitted metal site and RMSD
---------------------------------------------
   0.000   0.000   0.000   0.000
   0.187  -0.002   2.994   0.187
  -2.948   0.010  -0.556   0.558
   2.969   0.045  -0.430   0.434
   0.041  -2.947  -0.558   1.006
   0.082   2.946  -0.559   1.006
--------------------
Total RMSD:   0.716
--------------------
