-----------------------------------------------
Coordinates of template with ideal tpv geometry
-----------------------------------------------
   0.000   0.000   0.000
  -1.964  -1.964  -1.134
   1.964   1.964  -1.134
  -1.964   0.000   2.268
   1.964   0.000   2.268
  -1.964   1.964  -1.134
---------------------------------------------
Coordinates of the fitted metal site and RMSD
---------------------------------------------
   0.000   0.000   0.000   0.000
  -0.801  -2.567  -1.331   1.324
   2.163   1.102  -1.763   1.085
  -1.994  -0.247   2.228   0.252
   2.114  -0.992   1.884   1.074
  -1.947   1.907  -1.254   0.134
--------------------
Total RMSD:   0.913
--------------------
