-----------------------------------------------
Coordinates of template with ideal cof geometry
-----------------------------------------------
   0.000   0.000   0.000
   0.000   3.000   0.000
   1.732   1.732   1.732
   0.000   0.000  -3.000
   3.000   0.000   0.000
  -3.000   0.000   0.000
   0.000  -3.000   0.000
---------------------------------------------
Coordinates of the fitted metal site and RMSD
---------------------------------------------
   0.000   0.000   0.000   0.000
  -0.216   2.947  -0.516   0.562
   0.829   0.573   2.826   1.831
  -0.356  -0.383  -2.954   0.525
   2.973  -0.139  -0.378   0.403
  -2.971   0.009   0.419   0.420
   0.080  -2.972   0.401   0.409
--------------------
Total RMSD:   0.861
--------------------
