-----------------------------------------------
Coordinates of template with ideal con geometry
-----------------------------------------------
   0.000   0.000   0.000
   0.000  -3.000   0.000
   3.000   0.000   0.000
   0.000   0.000   3.000
   1.732   1.732   1.732
  -3.000   0.000   0.000
   0.000   3.000   0.000
---------------------------------------------
Coordinates of the fitted metal site and RMSD
---------------------------------------------
   0.000   0.000   0.000   0.000
   0.250  -2.976   0.283   0.378
   1.884  -0.081  -2.333   2.588
  -1.459  -0.032   2.621   1.508
   2.540   0.640   1.463   1.385
  -2.551  -0.508  -1.496   1.642
  -0.420   2.962  -0.225   0.478
--------------------
Total RMSD:   1.525
--------------------
