-----------------------------------------------
Coordinates of template with ideal oct geometry
-----------------------------------------------
   0.000   0.000   0.000
   3.000   0.000   0.000
   0.000   0.000  -3.000
   0.000   0.000   3.000
   0.000   3.000   0.000
   0.000  -3.000   0.000
  -3.000   0.000   0.000
---------------------------------------------
Coordinates of the fitted metal site and RMSD
---------------------------------------------
   0.000   0.000   0.000   0.000
   2.996  -0.136   0.068   0.152
   0.100   0.339  -2.979   0.355
   0.097   0.147   2.995   0.176
  -0.147   2.995  -0.106   0.181
   0.012  -2.999   0.086   0.087
  -2.999   0.022   0.071   0.075
--------------------
Total RMSD:   0.194
--------------------
