-----------------------------------------------
Coordinates of template with ideal pvp geometry
-----------------------------------------------
   0.000   0.000   0.000
  -3.000   0.000   0.000
   0.000   1.763  -2.427
   0.000  -2.853   0.927
   0.000  -1.763  -2.427
   0.000   0.000   3.000
   3.000   0.000   0.000
---------------------------------------------
Coordinates of the fitted metal site and RMSD
---------------------------------------------
   0.000   0.000   0.000   0.000
  -2.997  -0.005   0.138   0.138
  -0.098   2.498  -1.659   1.067
  -0.097  -2.734   1.232   0.341
   0.163  -1.268  -2.714   0.595
  -0.028   1.288   2.709   1.321
   2.999  -0.067   0.028   0.072
--------------------
Total RMSD:   0.750
--------------------
