-----------------------------------------------
Coordinates of template with ideal tpr geometry
-----------------------------------------------
   0.000   0.000   0.000
  -1.964  -1.964  -1.134
  -1.964   1.964  -1.134
   1.964  -1.964  -1.134
   1.964   1.964  -1.134
  -1.964   0.000   2.268
   1.964   0.000   2.268
---------------------------------------------
Coordinates of the fitted metal site and RMSD
---------------------------------------------
   0.000   0.000   0.000   0.000
  -1.786  -1.342  -2.002   1.082
  -1.578   2.532  -0.316   1.068
   1.751  -2.430  -0.169   1.092
   1.742   1.352  -2.034   1.111
  -1.677  -1.282   2.131   1.321
   1.802   1.184   2.086   1.208
--------------------
Total RMSD:   1.151
--------------------
