-----------------------------------------------
Coordinates of template with ideal ctf geometry
-----------------------------------------------
   0.000   0.000   0.000
   1.964   1.964  -1.134
  -1.964   0.000   2.268
   1.964   0.000   2.268
  -1.964  -1.964  -1.134
   0.000   0.000  -3.000
  -1.964   1.964  -1.134
---------------------------------------------
Coordinates of the fitted metal site and RMSD
---------------------------------------------
   0.000   0.000   0.000   0.000
   1.667   2.492   0.112   1.385
  -1.281   0.582   2.650   0.976
   2.144  -1.573   1.388   1.812
  -1.689  -2.474  -0.171   1.124
   1.178  -0.611  -2.690   1.363
  -2.123   1.578  -1.415   0.504
--------------------
Total RMSD:   1.260
--------------------
