-----------------------------------------------
Coordinates of template with ideal ctn geometry
-----------------------------------------------
   0.000   0.000   0.000
   1.964   0.000   2.268
  -1.964   1.964  -1.134
  -1.964  -1.964  -1.134
   0.000   0.000  -3.000
   1.964  -1.964  -1.134
   1.964   1.964  -1.134
---------------------------------------------
Coordinates of the fitted metal site and RMSD
---------------------------------------------
   0.000   0.000   0.000   0.000
   0.611  -0.000   2.937   1.510
  -2.093   2.128   0.304   1.453
  -2.099  -2.111   0.371   1.518
  -0.547   0.010  -2.950   0.549
   2.132  -2.073  -0.396   0.765
   2.124   2.088  -0.362   0.798
--------------------
Total RMSD:   1.170
--------------------
