-----------------------------------------------
Coordinates of template with ideal oct geometry
-----------------------------------------------
   0.000   0.000   0.000
  -3.000   0.000   0.000
   0.000  -3.000   0.000
   0.000   0.000   3.000
   3.000   0.000   0.000
   0.000   3.000   0.000
   0.000   0.000  -3.000
---------------------------------------------
Coordinates of the fitted metal site and RMSD
---------------------------------------------
   0.000   0.000   0.000   0.000
  -2.999   0.054  -0.048   0.072
   0.076  -2.999  -0.009   0.076
   0.015  -0.014   3.000   0.021
   3.000  -0.014  -0.004   0.015
   0.008   2.999  -0.068   0.069
  -0.029   0.046  -3.000   0.054
--------------------
Total RMSD:   0.057
--------------------
