-----------------------------------------------
Coordinates of template with ideal pva geometry
-----------------------------------------------
   0.000   0.000   0.000
   0.000  -1.763  -2.427
   0.000   0.000   3.000
   0.000   1.763  -2.427
   0.000   2.853   0.927
   3.000   0.000   0.000
   0.000  -2.853   0.927
---------------------------------------------
Coordinates of the fitted metal site and RMSD
---------------------------------------------
   0.000   0.000   0.000   0.000
  -0.729  -2.148  -1.963   0.946
  -2.766   0.059   1.161   3.322
  -0.780   2.139  -1.953   0.987
   0.780   2.111   1.984   1.508
   2.808  -0.055  -1.055   1.073
   0.806  -2.148   1.932   1.469
--------------------
Total RMSD:   1.755
--------------------
