-----------------------------------------------
Coordinates of template with ideal cof geometry
-----------------------------------------------
   0.000   0.000   0.000
   0.000   3.000   0.000
  -3.000   0.000   0.000
   0.000   0.000  -3.000
   1.732   1.732   1.732
   0.000  -3.000   0.000
   3.000   0.000   0.000
---------------------------------------------
Coordinates of the fitted metal site and RMSD
---------------------------------------------
   0.000   0.000   0.000   0.000
   0.006   2.973  -0.405   0.406
  -2.960  -0.004   0.488   0.490
  -0.469  -0.330  -2.945   0.576
   0.646   0.620   2.863   1.923
   0.067  -2.946   0.561   0.567
   2.982  -0.049  -0.323   0.327
--------------------
Total RMSD:   0.900
--------------------
