-----------------------------------------------
Coordinates of template with ideal con geometry
-----------------------------------------------
   0.000   0.000   0.000
   0.000   0.000   3.000
   0.000  -3.000   0.000
  -3.000   0.000   0.000
   1.732   1.732   1.732
   3.000   0.000   0.000
   0.000   3.000   0.000
---------------------------------------------
Coordinates of the fitted metal site and RMSD
---------------------------------------------
   0.000   0.000   0.000   0.000
  -1.516   0.098   2.587   1.575
   0.391  -2.964   0.254   0.467
  -2.601  -0.449  -1.426   1.548
   2.418   0.634   1.659   1.297
   1.652  -0.026  -2.504   2.844
  -0.217   2.983  -0.239   0.324
--------------------
Total RMSD:   1.580
--------------------
