-----------------------------------------------
Coordinates of template with ideal ctn geometry
-----------------------------------------------
   0.000   0.000   0.000
   1.964  -1.964  -1.134
  -1.964  -1.964  -1.134
   1.964   0.000   2.268
   0.000   0.000  -3.000
  -1.964   1.964  -1.134
   1.964   1.964  -1.134
---------------------------------------------
Coordinates of the fitted metal site and RMSD
---------------------------------------------
   0.000   0.000   0.000   0.000
   2.101  -2.092  -0.457   0.702
  -2.112  -2.096   0.385   1.532
   0.647  -0.090   2.928   1.476
  -0.312   0.011  -2.984   0.312
  -2.099   2.125   0.286   1.436
   2.026   2.149  -0.529   0.636
--------------------
Total RMSD:   1.124
--------------------
