-----------------------------------------------
Coordinates of template with ideal oct geometry
-----------------------------------------------
   0.000   0.000   0.000
   0.000  -3.000   0.000
   0.000   0.000   3.000
   3.000   0.000   0.000
  -3.000   0.000   0.000
   0.000   3.000   0.000
   0.000   0.000  -3.000
---------------------------------------------
Coordinates of the fitted metal site and RMSD
---------------------------------------------
   0.000   0.000   0.000   0.000
  -0.081  -2.999  -0.030   0.087
  -0.000   0.046   3.000   0.046
   2.996  -0.151  -0.014   0.152
  -2.992  -0.146  -0.169   0.224
  -0.086   2.999  -0.017   0.088
  -0.156   0.033  -2.996   0.160
--------------------
Total RMSD:   0.139
--------------------
