-----------------------------------------------
Coordinates of template with ideal con geometry
-----------------------------------------------
   0.000   0.000   0.000
   0.000  -3.000   0.000
   0.000   3.000   0.000
   3.000   0.000   0.000
   0.000   0.000   3.000
  -3.000   0.000   0.000
   1.732   1.732   1.732
---------------------------------------------
Coordinates of the fitted metal site and RMSD
---------------------------------------------
   0.000   0.000   0.000   0.000
  -0.469  -2.585  -1.448   1.578
  -0.019   1.768  -2.424   2.719
   2.969  -0.384  -0.200   0.434
   0.147  -1.505   2.591   1.566
  -2.965   0.343   0.301   0.458
   0.465   2.504   1.586   1.491
--------------------
Total RMSD:   1.579
--------------------
