-----------------------------------------------
Coordinates of template with ideal oct geometry
-----------------------------------------------
   0.000   0.000   0.000
  -3.000   0.000   0.000
   0.000   3.000   0.000
   0.000   0.000  -3.000
   0.000  -3.000   0.000
   0.000   0.000   3.000
   3.000   0.000   0.000
---------------------------------------------
Coordinates of the fitted metal site and RMSD
---------------------------------------------
   0.000   0.000   0.000   0.000
  -2.997  -0.134   0.017   0.135
   0.217   2.992  -0.004   0.217
   0.023  -0.089  -2.999   0.092
   0.110  -2.997  -0.075   0.133
  -0.004  -0.018   3.000   0.019
   3.000  -0.027  -0.010   0.028
--------------------
Total RMSD:   0.124
--------------------
