-----------------------------------------------
Coordinates of template with ideal pva geometry
-----------------------------------------------
   0.000   0.000   0.000
   0.000   1.763  -2.427
   0.000  -2.853   0.927
   0.000   2.853   0.927
   3.000   0.000   0.000
   0.000  -1.763  -2.427
   0.000   0.000   3.000
---------------------------------------------
Coordinates of the fitted metal site and RMSD
---------------------------------------------
   0.000   0.000   0.000   0.000
  -0.704   1.286  -2.617   0.871
  -2.714  -1.145   0.568   3.226
  -0.669   2.531   1.465   0.917
   2.789   1.076  -0.248   1.124
   0.774  -2.502  -1.463   1.440
   0.855  -1.237   2.596   1.557
--------------------
Total RMSD:   1.721
--------------------
