-----------------------------------------------
Coordinates of template with ideal pvp geometry
-----------------------------------------------
   0.000   0.000   0.000
   0.000   0.000   3.000
   0.000   1.763  -2.427
  -3.000   0.000   0.000
   0.000  -2.853   0.927
   3.000   0.000   0.000
   0.000  -1.763  -2.427
---------------------------------------------
Coordinates of the fitted metal site and RMSD
---------------------------------------------
   0.000   0.000   0.000   0.000
   0.014   1.243   2.730   1.272
  -0.002   2.567  -1.553   1.187
  -2.999  -0.090   0.017   0.092
  -0.076  -2.720   1.264   0.370
   3.000  -0.014   0.015   0.021
  -0.007  -1.387  -2.660   0.443
--------------------
Total RMSD:   0.749
--------------------
