-----------------------------------------------
Coordinates of template with ideal oct geometry
-----------------------------------------------
   0.000   0.000   0.000
   0.000   0.000   3.000
   0.000   3.000   0.000
   0.000   0.000  -3.000
   0.000  -3.000   0.000
   3.000   0.000   0.000
  -3.000   0.000   0.000
---------------------------------------------
Coordinates of the fitted metal site and RMSD
---------------------------------------------
   0.000   0.000   0.000   0.000
   0.308  -0.174   2.979   0.354
  -0.133   2.994   0.125   0.183
   0.518  -0.183  -2.949   0.551
  -0.309  -2.982   0.116   0.331
   2.995   0.111  -0.130   0.170
  -2.998  -0.065   0.080   0.104
--------------------
Total RMSD:   0.319
--------------------
