-----------------------------------------------
Coordinates of template with ideal hva geometry
-----------------------------------------------
   0.000   0.000   0.000
   0.000   0.000  -3.000
   0.000   2.598   1.500
   0.000   2.598  -1.500
   0.000  -2.598  -1.500
   0.000  -2.598   1.500
   0.000   0.000   3.000
   3.000   0.000   0.000
---------------------------------------------
Coordinates of the fitted metal site and RMSD
---------------------------------------------
   0.000   0.000   0.000   0.000
  -0.759   0.030  -2.902   0.766
   0.466   2.284   1.889   0.683
  -0.422   1.444  -2.596   1.646
  -0.866  -1.419  -2.497   1.770
   0.611  -2.607   1.352   0.629
  -2.823   0.583   0.831   3.608
   2.856   0.259  -0.882   0.930
--------------------
Total RMSD:   1.739
--------------------
