-----------------------------------------------
Coordinates of template with ideal hvp geometry
-----------------------------------------------
   0.000   0.000   0.000
   0.000  -2.598  -1.500
   0.000   2.598  -1.500
   0.000   0.000  -3.000
   0.000  -2.598   1.500
   0.000   0.000   3.000
  -3.000   0.000   0.000
   3.000   0.000   0.000
---------------------------------------------
Coordinates of the fitted metal site and RMSD
---------------------------------------------
   0.000   0.000   0.000   0.000
   0.070  -2.648  -1.408   0.126
  -0.158   2.774  -1.130   0.439
   0.256  -1.650  -2.493   1.745
  -0.091  -2.998   0.051   1.506
   0.312   0.109   2.982   0.331
  -2.962   0.235  -0.411   0.475
   2.976   0.117  -0.357   0.376
--------------------
Total RMSD:   0.926
--------------------
