-----------------------------------------------
Coordinates of template with ideal cuv geometry
-----------------------------------------------
   0.000   0.000   0.000
  -1.732  -1.732   1.732
  -1.732   1.732   1.732
  -1.732  -1.732  -1.732
   1.732   1.732   1.732
   1.732  -1.732   1.732
  -1.732   1.732  -1.732
   1.732  -1.732  -1.732
---------------------------------------------
Coordinates of the fitted metal site and RMSD
---------------------------------------------
   0.000   0.000   0.000   0.000
  -1.675  -2.466   0.336   1.579
  -1.352   1.736   2.039   0.488
  -2.332  -1.778  -0.631   1.255
   1.880   2.116   0.992   0.847
   0.990  -1.739   2.235   0.897
  -1.452   1.635  -2.053   0.437
   2.001  -1.159  -1.911   0.658
--------------------
Total RMSD:   0.960
--------------------
