-----------------------------------------------
Coordinates of template with ideal sav geometry
-----------------------------------------------
   0.000   0.000   0.000
  -1.732   1.732  -1.732
   1.732  -1.732  -1.732
   2.449   0.000   1.732
  -1.732  -1.732  -1.732
   0.000   2.449   1.732
   0.000  -2.449   1.732
  -2.449   0.000   1.732
---------------------------------------------
Coordinates of the fitted metal site and RMSD
---------------------------------------------
   0.000   0.000   0.000   0.000
  -0.854   2.385  -1.608   1.101
   2.239  -0.814  -1.823   1.053
   1.502   0.138   2.593   1.287
  -1.479  -2.183  -1.431   0.598
   1.567   1.458   2.103   1.891
   1.260  -1.257   2.415   1.864
  -2.277   0.255   1.936   0.369
--------------------
Total RMSD:   1.283
--------------------
