-----------------------------------------------
Coordinates of template with ideal cof geometry
-----------------------------------------------
   0.000   0.000   0.000
   0.000  -3.000   0.000
   0.000   0.000  -3.000
   3.000   0.000   0.000
  -3.000   0.000   0.000
   0.000   3.000   0.000
   1.732   1.732   1.732
---------------------------------------------
Coordinates of the fitted metal site and RMSD
---------------------------------------------
   0.000   0.000   0.000   0.000
   0.015  -2.957   0.504   0.506
  -0.475  -0.405  -2.934   0.628
   2.966  -0.006  -0.451   0.452
  -2.962   0.120   0.461   0.478
  -0.081   2.965  -0.448   0.456
   0.502   0.554   2.905   2.068
--------------------
Total RMSD:   0.963
--------------------
