-----------------------------------------------
Coordinates of template with ideal ctn geometry
-----------------------------------------------
   0.000   0.000   0.000
   1.964   0.000   2.268
  -1.964   1.964  -1.134
  -1.964  -1.964  -1.134
   1.964   1.964  -1.134
   0.000   0.000  -3.000
   1.964  -1.964  -1.134
---------------------------------------------
Coordinates of the fitted metal site and RMSD
---------------------------------------------
   0.000   0.000   0.000   0.000
   0.562  -0.006   2.947   1.558
  -2.100   2.121   0.307   1.455
  -2.074  -2.142   0.334   1.483
   2.074   2.121  -0.448   0.712
  -0.478   0.026  -2.962   0.480
   2.053  -2.140  -0.452   0.710
--------------------
Total RMSD:   1.154
--------------------
