-----------------------------------------------
Coordinates of template with ideal pva geometry
-----------------------------------------------
   0.000   0.000   0.000
   0.000  -2.853   0.927
   3.000   0.000   0.000
   0.000   0.000   3.000
   0.000  -1.763  -2.427
   0.000   1.763  -2.427
   0.000   2.853   0.927
---------------------------------------------
Coordinates of the fitted metal site and RMSD
---------------------------------------------
   0.000   0.000   0.000   0.000
  -0.810  -2.537   1.382   0.982
   2.812  -0.982  -0.362   1.063
   0.746   1.255   2.621   1.509
  -0.744  -1.151  -2.669   0.993
   0.748   2.522  -1.442   1.451
  -2.765   1.121   0.317   3.319
--------------------
Total RMSD:   1.755
--------------------
