-----------------------------------------------
Coordinates of template with ideal coc geometry
-----------------------------------------------
   0.000   0.000   0.000
   0.000   0.000  -3.000
   1.732   1.732   1.732
   0.000   0.000   3.000
   0.000  -3.000   0.000
   0.000   3.000   0.000
  -3.000   0.000   0.000
   3.000   0.000   0.000
---------------------------------------------
Coordinates of the fitted metal site and RMSD
---------------------------------------------
   0.000   0.000   0.000   0.000
  -0.036   0.025  -3.000   0.044
   2.078   2.125   0.405   1.427
  -0.435  -0.632   2.900   0.773
   0.697  -2.912  -0.184   0.726
   0.674   2.919   0.152   0.696
  -2.877   0.845  -0.092   0.859
   2.853   0.796   0.476   0.938
--------------------
Total RMSD:   0.867
--------------------
