-----------------------------------------------
Coordinates of template with ideal hvp geometry
-----------------------------------------------
   0.000   0.000   0.000
  -3.000   0.000   0.000
   0.000  -2.598  -1.500
   3.000   0.000   0.000
   0.000   0.000   3.000
   0.000   0.000  -3.000
   0.000   2.598  -1.500
   0.000  -2.598   1.500
---------------------------------------------
Coordinates of the fitted metal site and RMSD
---------------------------------------------
   0.000   0.000   0.000   0.000
  -2.976   0.351   0.145   0.381
   0.036  -2.582  -1.527   0.048
   2.971   0.267   0.321   0.419
   0.005   0.091   2.999   0.092
  -0.159  -1.407  -2.645   1.460
   0.090   2.560  -1.562   0.116
   0.152  -2.996  -0.048   1.605
--------------------
Total RMSD:   0.850
--------------------
