-----------------------------------------------
Coordinates of template with ideal pbp geometry
-----------------------------------------------
   0.000   0.000   0.000
   3.000   0.000   0.000
   0.000   2.853   0.927
  -3.000   0.000   0.000
   0.000  -2.853   0.927
   0.000   1.763  -2.427
   0.000  -1.763  -2.427
   0.000   0.000   3.000
---------------------------------------------
Coordinates of the fitted metal site and RMSD
---------------------------------------------
   0.000   0.000   0.000   0.000
   2.976  -0.333  -0.174   0.376
  -0.043   2.863   0.896   0.054
  -2.969  -0.427   0.027   0.429
   0.009  -2.289   1.939   1.159
   0.146   2.907  -0.725   2.056
  -0.098  -0.554  -2.947   1.320
  -0.151   2.040   2.194   2.199
--------------------
Total RMSD:   1.335
--------------------
