-----------------------------------------------
Coordinates of template with ideal sav geometry
-----------------------------------------------
   0.000   0.000   0.000
  -1.732   1.732  -1.732
   0.000  -2.449   1.732
   2.449   0.000   1.732
   0.000   2.449   1.732
  -1.732  -1.732  -1.732
   1.732  -1.732  -1.732
  -2.449   0.000   1.732
---------------------------------------------
Coordinates of the fitted metal site and RMSD
---------------------------------------------
   0.000   0.000   0.000   0.000
  -1.795   1.318  -2.010   0.503
  -1.938  -2.064   0.992   2.110
   2.268  -0.735   1.821   0.763
   0.278   2.693   1.292   0.574
  -1.306  -2.673  -0.385   1.698
   1.795  -0.739  -2.288   1.140
  -2.052  -0.900   1.994   1.018
--------------------
Total RMSD:   1.244
--------------------
