-----------------------------------------------
Coordinates of template with ideal cof geometry
-----------------------------------------------
   0.000   0.000   0.000
   3.000   0.000   0.000
   0.000  -3.000   0.000
   0.000   0.000  -3.000
   0.000   3.000   0.000
   1.732   1.732   1.732
  -3.000   0.000   0.000
---------------------------------------------
Coordinates of the fitted metal site and RMSD
---------------------------------------------
   0.000   0.000   0.000   0.000
   2.973  -0.091  -0.391   0.403
   0.156  -2.966   0.426   0.455
  -0.396  -0.459  -2.938   0.609
  -0.165   2.961  -0.454   0.484
   0.661   0.555   2.873   1.958
  -2.955   0.168   0.490   0.520
--------------------
Total RMSD:   0.920
--------------------
