-----------------------------------------------
Coordinates of template with ideal ctn geometry
-----------------------------------------------
   0.000   0.000   0.000
   0.000   0.000  -3.000
  -1.964  -1.964  -1.134
  -1.964   1.964  -1.134
   1.964   1.964  -1.134
   1.964  -1.964  -1.134
   1.964   0.000   2.268
---------------------------------------------
Coordinates of the fitted metal site and RMSD
---------------------------------------------
   0.000   0.000   0.000   0.000
  -0.527  -0.133  -2.950   0.546
  -2.137  -2.087   0.284   1.433
  -2.080   2.145   0.270   1.420
   2.117   2.107  -0.276   0.883
   2.100  -2.071  -0.549   0.610
   0.645   0.096   2.928   1.478
--------------------
Total RMSD:   1.133
--------------------
