-----------------------------------------------
Coordinates of template with ideal oct geometry
-----------------------------------------------
   0.000   0.000   0.000
  -3.000   0.000   0.000
   0.000   3.000   0.000
   0.000   0.000  -3.000
   0.000  -3.000   0.000
   0.000   0.000   3.000
   3.000   0.000   0.000
---------------------------------------------
Coordinates of the fitted metal site and RMSD
---------------------------------------------
   0.000   0.000   0.000   0.000
  -2.997   0.081   0.093   0.124
  -0.109   2.998  -0.039   0.115
  -0.098  -0.026  -2.998   0.102
   0.113  -2.998   0.009   0.114
  -0.173  -0.074   2.994   0.188
   2.997  -0.141   0.018   0.142
--------------------
Total RMSD:   0.134
--------------------
