-----------------------------------------------
Coordinates of template with ideal pva geometry
-----------------------------------------------
   0.000   0.000   0.000
   0.000  -2.853   0.927
   0.000  -1.763  -2.427
   3.000   0.000   0.000
   0.000   2.853   0.927
   0.000   0.000   3.000
   0.000   1.763  -2.427
---------------------------------------------
Coordinates of the fitted metal site and RMSD
---------------------------------------------
   0.000   0.000   0.000   0.000
   0.710  -2.159   1.958   1.431
  -0.709  -2.214  -1.896   0.994
   2.813  -0.028  -1.044   1.061
   0.735   2.218   1.882   1.362
  -2.709  -0.090   1.287   3.206
  -0.797   2.200  -1.877   1.063
--------------------
Total RMSD:   1.704
--------------------
