-----------------------------------------------
Coordinates of template with ideal tpr geometry
-----------------------------------------------
   0.000   0.000   0.000
  -1.964  -1.964  -1.134
  -1.964   0.000   2.268
  -1.964   1.964  -1.134
   1.964   1.964  -1.134
   1.964  -1.964  -1.134
   1.964   0.000   2.268
---------------------------------------------
Coordinates of the fitted metal site and RMSD
---------------------------------------------
   0.000   0.000   0.000   0.000
  -1.720  -1.322  -2.073   1.164
  -1.836  -1.226   2.031   1.255
  -1.757   2.430  -0.099   1.154
   1.822   1.251  -2.029   1.153
   1.657  -2.495  -0.165   1.147
   1.817   1.254   2.031   1.284
--------------------
Total RMSD:   1.194
--------------------
