-----------------------------------------------
Coordinates of template with ideal spy geometry
-----------------------------------------------
   0.000   0.000   0.000
   0.000   3.000   0.000
   0.000  -3.000   0.000
   0.000   0.000   3.000
   3.000   0.000   0.000
  -3.000   0.000   0.000
---------------------------------------------
Coordinates of the fitted metal site and RMSD
---------------------------------------------
   0.000   0.000   0.000   0.000
  -0.024   2.962  -0.478   0.480
  -0.029  -2.956  -0.513   0.516
   0.081   0.035   2.999   0.089
   2.979   0.018  -0.357   0.358
  -2.968   0.014  -0.438   0.439
--------------------
Total RMSD:   0.406
--------------------
