-----------------------------------------------
Coordinates of template with ideal tbp geometry
-----------------------------------------------
   0.000   0.000   0.000
   0.000  -2.598  -1.500
   0.000   2.598  -1.500
   0.000   0.000   3.000
  -3.000   0.000   0.000
   3.000   0.000   0.000
---------------------------------------------
Coordinates of the fitted metal site and RMSD
---------------------------------------------
   0.000   0.000   0.000   0.000
   0.023  -2.962  -0.477   1.086
   0.028   2.956  -0.514   1.049
  -0.073  -0.035   2.999   0.081
  -2.980  -0.018  -0.348   0.349
   2.967  -0.014  -0.446   0.448
--------------------
Total RMSD:   0.722
--------------------
