-----------------------------------------------
Coordinates of template with ideal coc geometry
-----------------------------------------------
   0.000   0.000   0.000
   0.000   0.000   3.000
   0.000  -3.000   0.000
   0.000   3.000   0.000
  -3.000   0.000   0.000
   3.000   0.000   0.000
   0.000   0.000  -3.000
   1.732   1.732   1.732
---------------------------------------------
Coordinates of the fitted metal site and RMSD
---------------------------------------------
   0.000   0.000   0.000   0.000
   0.812   1.046   2.692   1.359
   1.000  -2.828   0.062   1.017
   2.446   1.705   0.334   2.787
  -2.847  -0.942  -0.068   0.957
   2.779   0.846   0.749   1.151
   0.117   0.554  -2.946   0.569
   1.983   1.390   1.771   0.425
--------------------
Total RMSD:   1.383
--------------------
