-----------------------------------------------
Coordinates of template with ideal hvp geometry
-----------------------------------------------
   0.000   0.000   0.000
  -3.000   0.000   0.000
   0.000   0.000  -3.000
   0.000  -2.598   1.500
   0.000   2.598  -1.500
   0.000  -2.598  -1.500
   3.000   0.000   0.000
   0.000   0.000   3.000
---------------------------------------------
Coordinates of the fitted metal site and RMSD
---------------------------------------------
   0.000   0.000   0.000   0.000
  -2.576  -0.886   1.256   1.595
  -0.359  -0.794  -2.871   0.881
  -0.174  -2.562   1.551   0.185
  -0.008   2.908  -0.738   0.823
  -0.678  -2.833   0.717   2.330
   2.986  -0.156   0.238   0.285
  -1.633  -2.078   1.420   3.079
--------------------
Total RMSD:   1.648
--------------------
