-----------------------------------------------
Coordinates of template with ideal sav geometry
-----------------------------------------------
   0.000   0.000   0.000
  -1.732  -1.732  -1.732
   0.000  -2.449   1.732
   0.000   2.449   1.732
   1.732  -1.732  -1.732
  -2.449   0.000   1.732
   2.449   0.000   1.732
  -1.732   1.732  -1.732
---------------------------------------------
Coordinates of the fitted metal site and RMSD
---------------------------------------------
   0.000   0.000   0.000   0.000
  -2.582   0.559  -1.422   2.464
  -0.668  -2.411   1.656   0.673
  -1.866   2.147   0.951   2.046
   1.919  -1.597  -1.664   0.241
  -2.389   1.330   1.234   1.421
   2.151   1.239   1.685   1.275
  -2.650   1.398  -0.145   1.864
--------------------
Total RMSD:   1.598
--------------------
