-----------------------------------------------
Coordinates of template with ideal ctf geometry
-----------------------------------------------
   0.000   0.000   0.000
  -1.964   1.964  -1.134
   1.964   0.000   2.268
   1.964   1.964  -1.134
   0.000   0.000  -3.000
  -1.964  -1.964  -1.134
  -1.964   0.000   2.268
---------------------------------------------
Coordinates of the fitted metal site and RMSD
---------------------------------------------
   0.000   0.000   0.000   0.000
  -2.186   1.503  -1.401   0.578
   2.181  -1.565   1.341   1.832
   1.714   2.460   0.097   1.351
   1.210  -0.611  -2.676   1.394
  -1.688  -2.462  -0.301   1.009
  -1.240   0.638   2.656   1.040
--------------------
Total RMSD:   1.262
--------------------
