-----------------------------------------------
Coordinates of template with ideal pvp geometry
-----------------------------------------------
   0.000   0.000   0.000
  -3.000   0.000   0.000
   3.000   0.000   0.000
   0.000   1.763  -2.427
   0.000  -1.763  -2.427
   0.000  -2.853   0.927
   0.000   0.000   3.000
---------------------------------------------
Coordinates of the fitted metal site and RMSD
---------------------------------------------
   0.000   0.000   0.000   0.000
  -2.999  -0.079  -0.004   0.079
   3.000  -0.003  -0.027   0.027
  -0.004   2.626  -1.451   1.302
  -0.022  -1.360  -2.674   0.474
  -0.069  -2.712   1.280   0.386
  -0.023   1.364   2.672   1.403
--------------------
Total RMSD:   0.821
--------------------
