-----------------------------------------------
Coordinates of template with ideal tpr geometry
-----------------------------------------------
   0.000   0.000   0.000
   1.964   1.964  -1.134
  -1.964  -1.964  -1.134
  -1.964   0.000   2.268
   1.964   0.000   2.268
   1.964  -1.964  -1.134
  -1.964   1.964  -1.134
---------------------------------------------
Coordinates of the fitted metal site and RMSD
---------------------------------------------
   0.000   0.000   0.000   0.000
   1.800   2.400  -0.002   1.224
  -1.730  -2.451   0.006   1.261
  -1.672   1.176   2.196   1.214
   1.736  -1.223   2.118   1.253
   1.824  -1.197  -2.060   1.211
  -1.713   1.262  -2.115   1.232
--------------------
Total RMSD:   1.233
--------------------
