-----------------------------------------------
Coordinates of template with ideal con geometry
-----------------------------------------------
   0.000   0.000   0.000
   1.732   1.732   1.732
   3.000   0.000   0.000
   0.000   3.000   0.000
  -3.000   0.000   0.000
   0.000   0.000   3.000
   0.000  -3.000   0.000
---------------------------------------------
Coordinates of the fitted metal site and RMSD
---------------------------------------------
   0.000   0.000   0.000   0.000
   0.508   2.505   1.571   1.457
   2.984  -0.210  -0.233   0.314
  -0.066   1.763  -2.426   2.724
  -2.967   0.375   0.235   0.444
   0.147  -1.417   2.640   1.470
  -0.634  -2.491  -1.548   1.748
--------------------
Total RMSD:   1.584
--------------------
