-----------------------------------------------
Coordinates of template with ideal hvp geometry
-----------------------------------------------
   0.000   0.000   0.000
  -3.000   0.000   0.000
   0.000   0.000   3.000
   0.000   2.598  -1.500
   0.000  -2.598  -1.500
   3.000   0.000   0.000
   0.000  -2.598   1.500
   0.000   0.000  -3.000
---------------------------------------------
Coordinates of the fitted metal site and RMSD
---------------------------------------------
   0.000   0.000   0.000   0.000
  -2.914   0.153   0.695   0.717
   0.177   0.407   2.967   0.445
  -0.551   2.675  -1.242   0.613
  -0.083  -2.583  -1.524   0.088
   2.907   0.452   0.589   0.749
  -0.813  -2.874  -0.281   1.978
   0.194  -1.565  -2.552   1.639
--------------------
Total RMSD:   1.086
--------------------
