-----------------------------------------------
Coordinates of template with ideal pbp geometry
-----------------------------------------------
   0.000   0.000   0.000
   0.000   2.853   0.927
   0.000   0.000   3.000
   3.000   0.000   0.000
   0.000   1.763  -2.427
   0.000  -2.853   0.927
  -3.000   0.000   0.000
   0.000  -1.763  -2.427
---------------------------------------------
Coordinates of the fitted metal site and RMSD
---------------------------------------------
   0.000   0.000   0.000   0.000
   0.109   2.939   0.592   0.362
  -0.733  -0.012   2.909   0.739
   2.978   0.317  -0.174   0.362
  -1.822   0.134  -2.379   2.445
  -0.022  -2.885   0.824   0.110
  -2.495   0.957  -1.363   1.741
  -0.521  -0.265  -2.943   1.668
--------------------
Total RMSD:   1.342
--------------------
