-----------------------------------------------
Coordinates of template with ideal sav geometry
-----------------------------------------------
   0.000   0.000   0.000
  -1.732  -1.732  -1.732
   1.732  -1.732  -1.732
   0.000  -2.449   1.732
   0.000   2.449   1.732
   2.449   0.000   1.732
  -1.732   1.732  -1.732
  -2.449   0.000   1.732
---------------------------------------------
Coordinates of the fitted metal site and RMSD
---------------------------------------------
   0.000   0.000   0.000   0.000
  -1.788  -1.278  -2.042   0.553
   1.989  -0.573  -2.171   1.266
  -0.488  -2.569   1.471   0.566
  -1.609   2.493   0.442   2.063
   2.692   0.602   1.180   0.852
  -1.508   2.384  -1.021   0.990
  -1.749   1.744   1.703   1.880
--------------------
Total RMSD:   1.294
--------------------
