-----------------------------------------------
Coordinates of template with ideal cuv geometry
-----------------------------------------------
   0.000   0.000   0.000
  -1.732  -1.732  -1.732
   1.732  -1.732  -1.732
   1.732  -1.732   1.732
  -1.732   1.732  -1.732
   1.732   1.732   1.732
  -1.732  -1.732   1.732
  -1.732   1.732   1.732
---------------------------------------------
Coordinates of the fitted metal site and RMSD
---------------------------------------------
   0.000   0.000   0.000   0.000
  -2.071  -1.849  -1.137   0.695
   2.054  -0.964  -1.963   0.864
   0.835  -1.958   2.113   1.000
  -1.011   2.084  -1.907   0.821
   2.017   1.916   1.122   0.698
  -1.655  -0.876   2.344   1.055
  -2.245   0.037   1.990   1.790
--------------------
Total RMSD:   1.049
--------------------
