-----------------------------------------------
Coordinates of template with ideal pbp geometry
-----------------------------------------------
   0.000   0.000   0.000
   3.000   0.000   0.000
   0.000  -1.763  -2.427
   0.000   1.763  -2.427
   0.000  -2.853   0.927
  -3.000   0.000   0.000
   0.000   2.853   0.927
   0.000   0.000   3.000
---------------------------------------------
Coordinates of the fitted metal site and RMSD
---------------------------------------------
   0.000   0.000   0.000   0.000
   2.981   0.101   0.321   0.337
   0.252  -1.374  -2.655   0.516
  -0.133   2.736  -1.224   1.553
   0.066  -2.606   1.485   0.613
  -2.987  -0.143  -0.244   0.283
   0.560   2.589   1.408   0.784
   0.468   1.875   2.295   2.057
--------------------
Total RMSD:   1.075
--------------------
