-----------------------------------------------
Coordinates of template with ideal ctn geometry
-----------------------------------------------
   0.000   0.000   0.000
   1.964  -1.964  -1.134
  -1.964   1.964  -1.134
   1.964   0.000   2.268
   1.964   1.964  -1.134
   0.000   0.000  -3.000
  -1.964  -1.964  -1.134
---------------------------------------------
Coordinates of the fitted metal site and RMSD
---------------------------------------------
   0.000   0.000   0.000   0.000
   2.065  -2.137  -0.411   0.750
  -2.105   2.121   0.266   1.416
   0.582   0.016   2.943   1.538
   2.083   2.133  -0.334   0.827
  -0.553   0.039  -2.948   0.557
  -2.093  -2.115   0.386   1.533
--------------------
Total RMSD:   1.175
--------------------
