-----------------------------------------------
Coordinates of template with ideal oct geometry
-----------------------------------------------
   0.000   0.000   0.000
   0.000   3.000   0.000
   0.000  -3.000   0.000
   0.000   0.000   3.000
  -3.000   0.000   0.000
   0.000   0.000  -3.000
   3.000   0.000   0.000
---------------------------------------------
Coordinates of the fitted metal site and RMSD
---------------------------------------------
   0.000   0.000   0.000   0.000
   0.019   3.000  -0.040   0.044
   0.003  -2.998  -0.110   0.110
  -0.047   0.026   3.000   0.053
  -3.000  -0.021   0.042   0.047
  -0.013  -0.045  -3.000   0.046
   3.000  -0.005   0.008   0.010
--------------------
Total RMSD:   0.060
--------------------
