-----------------------------------------------
Coordinates of template with ideal pva geometry
-----------------------------------------------
   0.000   0.000   0.000
   3.000   0.000   0.000
   0.000   0.000   3.000
   0.000   1.763  -2.427
   0.000  -1.763  -2.427
   0.000  -2.853   0.927
   0.000   2.853   0.927
---------------------------------------------
Coordinates of the fitted metal site and RMSD
---------------------------------------------
   0.000   0.000   0.000   0.000
   2.811   0.004  -1.048   1.065
  -2.765  -0.094   1.161   3.322
  -0.774   2.071  -2.027   0.924
  -0.780  -2.108  -1.986   0.960
   0.742  -2.114   1.995   1.496
   0.743   2.144   1.963   1.459
--------------------
Total RMSD:   1.747
--------------------
