-----------------------------------------------
Coordinates of template with ideal pvp geometry
-----------------------------------------------
   0.000   0.000   0.000
   0.000  -2.853   0.927
   0.000   1.763  -2.427
   0.000   0.000   3.000
   3.000   0.000   0.000
   0.000  -1.763  -2.427
  -3.000   0.000   0.000
---------------------------------------------
Coordinates of the fitted metal site and RMSD
---------------------------------------------
   0.000   0.000   0.000   0.000
  -0.025  -2.690   1.328   0.434
   0.003   2.620  -1.461   1.291
   0.047   1.340   2.684   1.378
   3.000   0.032   0.030   0.044
   0.013  -1.324  -2.692   0.513
  -3.000   0.014   0.003   0.014
--------------------
Total RMSD:   0.819
--------------------
