-----------------------------------------------
Coordinates of template with ideal spy geometry
-----------------------------------------------
   0.000   0.000   0.000
   3.000   0.000   0.000
   0.000   3.000   0.000
   0.000  -3.000   0.000
  -3.000   0.000   0.000
   0.000   0.000   3.000
---------------------------------------------
Coordinates of the fitted metal site and RMSD
---------------------------------------------
   0.000   0.000   0.000   0.000
   2.950   0.017  -0.546   0.548
  -0.295   2.974  -0.267   0.399
   0.279  -2.970  -0.322   0.427
  -2.816   0.591  -0.850   1.052
   0.305   0.054   2.984   0.310
--------------------
Total RMSD:   0.607
--------------------
