-----------------------------------------------
Coordinates of template with ideal tpv geometry
-----------------------------------------------
   0.000   0.000   0.000
  -1.964   0.000   2.268
  -1.964   1.964  -1.134
   1.964   0.000   2.268
   1.964   1.964  -1.134
  -1.964  -1.964  -1.134
---------------------------------------------
Coordinates of the fitted metal site and RMSD
---------------------------------------------
   0.000   0.000   0.000   0.000
  -1.893  -0.121   2.324   0.151
  -1.745   1.829  -1.616   0.546
   1.908  -1.335   1.892   1.388
   1.755   1.570  -1.859   0.851
  -1.028  -2.510  -1.281   1.093
--------------------
Total RMSD:   0.913
--------------------
