-----------------------------------------------
Coordinates of template with ideal cof geometry
-----------------------------------------------
   0.000   0.000   0.000
   1.732   1.732   1.732
   0.000   0.000  -3.000
  -3.000   0.000   0.000
   0.000  -3.000   0.000
   3.000   0.000   0.000
   0.000   3.000   0.000
---------------------------------------------
Coordinates of the fitted metal site and RMSD
---------------------------------------------
   0.000   0.000   0.000   0.000
   0.796   0.571   2.835   1.855
  -0.394  -0.429  -2.943   0.586
  -2.973   0.028   0.400   0.402
   0.060  -2.970   0.420   0.425
   2.975   0.041  -0.383   0.386
  -0.057   2.964  -0.458   0.463
--------------------
Total RMSD:   0.865
--------------------
