-----------------------------------------------
Coordinates of template with ideal ctf geometry
-----------------------------------------------
   0.000   0.000   0.000
   1.964   0.000   2.268
  -1.964   1.964  -1.134
  -1.964  -1.964  -1.134
   0.000   0.000  -3.000
   1.964   1.964  -1.134
  -1.964   0.000   2.268
---------------------------------------------
Coordinates of the fitted metal site and RMSD
---------------------------------------------
   0.000   0.000   0.000   0.000
   2.287  -1.266   1.471   1.531
  -2.132   1.648  -1.319   0.403
  -1.740  -2.434  -0.216   1.056
   1.203  -0.584  -2.685   1.374
   1.733   2.432   0.287   1.514
  -1.226   0.610   2.669   1.039
--------------------
Total RMSD:   1.216
--------------------
