-----------------------------------------------
Coordinates of template with ideal con geometry
-----------------------------------------------
   0.000   0.000   0.000
   0.000  -3.000   0.000
  -3.000   0.000   0.000
   0.000   0.000   3.000
   3.000   0.000   0.000
   1.732   1.732   1.732
   0.000   3.000   0.000
---------------------------------------------
Coordinates of the fitted metal site and RMSD
---------------------------------------------
   0.000   0.000   0.000   0.000
  -0.735  -2.514  -1.462   1.707
  -2.998   0.031   0.101   0.105
  -0.176   0.684   2.916   0.711
   2.847   0.330  -0.886   0.958
   1.135   1.124   2.539   1.174
  -0.442   2.502  -1.595   1.729
--------------------
Total RMSD:   1.205
--------------------
