-----------------------------------------------
Coordinates of template with ideal tpr geometry
-----------------------------------------------
   0.000   0.000   0.000
   1.964   1.964  -1.134
   1.964  -1.964  -1.134
   1.964   0.000   2.268
  -1.964   1.964  -1.134
  -1.964   0.000   2.268
  -1.964  -1.964  -1.134
---------------------------------------------
Coordinates of the fitted metal site and RMSD
---------------------------------------------
   0.000   0.000   0.000   0.000
   1.880   1.384  -1.885   0.953
   2.118  -2.074  -0.460   0.700
   0.319  -0.722   2.894   1.903
  -2.431   1.735  -0.286   0.994
  -0.986  -0.134   2.830   1.136
  -1.727  -2.071  -1.315   0.317
--------------------
Total RMSD:   1.110
--------------------
