-----------------------------------------------
Coordinates of template with ideal spy geometry
-----------------------------------------------
   0.000   0.000   0.000
   3.000   0.000   0.000
   0.000  -3.000   0.000
  -3.000   0.000   0.000
   0.000   0.000   3.000
   0.000   3.000   0.000
---------------------------------------------
Coordinates of the fitted metal site and RMSD
---------------------------------------------
   0.000   0.000   0.000   0.000
   2.970  -0.398   0.140   0.423
   0.020  -2.998   0.120   0.122
  -2.992  -0.159   0.143   0.214
  -0.003   0.402   2.973   0.403
  -0.220   2.946   0.522   0.569
--------------------
Total RMSD:   0.381
--------------------
