-----------------------------------------------
Coordinates of template with ideal tbp geometry
-----------------------------------------------
   0.000   0.000   0.000
   0.000   2.598  -1.500
  -3.000   0.000   0.000
   0.000   0.000   3.000
   0.000  -2.598  -1.500
   3.000   0.000   0.000
---------------------------------------------
Coordinates of the fitted metal site and RMSD
---------------------------------------------
   0.000   0.000   0.000   0.000
  -0.411   1.368  -2.638   1.725
  -3.000  -0.016  -0.022   0.027
  -0.154  -1.610   2.527   1.685
   0.307  -2.589  -1.484   0.308
   2.929  -0.639  -0.124   0.654
--------------------
Total RMSD:   1.126
--------------------
