-----------------------------------------------
Coordinates of template with ideal tpv geometry
-----------------------------------------------
   0.000   0.000   0.000
  -1.964  -1.964  -1.134
  -1.964   1.964  -1.134
   1.964   1.964  -1.134
  -1.964   0.000   2.268
   1.964   0.000   2.268
---------------------------------------------
Coordinates of the fitted metal site and RMSD
---------------------------------------------
   0.000   0.000   0.000   0.000
  -2.008  -2.212  -0.274   0.896
  -1.963   1.427  -1.763   0.827
   1.520   2.582   0.151   1.494
  -1.324   0.771   2.579   1.050
   1.703  -1.032   2.244   1.064
--------------------
Total RMSD:   1.091
--------------------
