-----------------------------------------------
Coordinates of template with ideal spy geometry
-----------------------------------------------
   0.000   0.000   0.000
   0.000   3.000   0.000
  -3.000   0.000   0.000
   0.000   0.000   3.000
   0.000  -3.000   0.000
   3.000   0.000   0.000
---------------------------------------------
Coordinates of the fitted metal site and RMSD
---------------------------------------------
   0.000   0.000   0.000   0.000
   0.278   2.944  -0.504   0.578
  -2.870   0.422  -0.764   0.882
  -0.196  -0.151   2.990   0.248
   0.478  -2.941  -0.353   0.597
   2.834   0.222  -0.960   0.999
--------------------
Total RMSD:   0.711
--------------------
