-----------------------------------------------
Coordinates of template with ideal tbp geometry
-----------------------------------------------
   0.000   0.000   0.000
   3.000   0.000   0.000
   0.000  -2.598  -1.500
   0.000   2.598  -1.500
  -3.000   0.000   0.000
   0.000   0.000   3.000
---------------------------------------------
Coordinates of the fitted metal site and RMSD
---------------------------------------------
   0.000   0.000   0.000   0.000
   2.925  -0.380   0.546   0.669
   0.403  -2.105  -2.100   0.875
  -0.052   2.497  -1.662   0.198
  -2.952   0.013   0.537   0.539
   0.184   0.575   2.939   0.607
--------------------
Total RMSD:   0.618
--------------------
