-----------------------------------------------
Coordinates of template with ideal tbp geometry
-----------------------------------------------
   0.000   0.000   0.000
   0.000   2.598  -1.500
   3.000   0.000   0.000
   0.000  -2.598  -1.500
   0.000   0.000   3.000
  -3.000   0.000   0.000
---------------------------------------------
Coordinates of the fitted metal site and RMSD
---------------------------------------------
   0.000   0.000   0.000   0.000
  -0.756   2.110  -1.994   1.027
   2.976  -0.299   0.233   0.380
  -0.143  -1.308  -2.696   1.765
  -0.137   1.009   2.822   1.034
  -2.990   0.232  -0.080   0.245
--------------------
Total RMSD:   1.043
--------------------
