-----------------------------------------------
Coordinates of template with ideal tpv geometry
-----------------------------------------------
   0.000   0.000   0.000
  -1.964  -1.964  -1.134
   1.964   0.000   2.268
  -1.964   0.000   2.268
   1.964   1.964  -1.134
  -1.964   1.964  -1.134
---------------------------------------------
Coordinates of the fitted metal site and RMSD
---------------------------------------------
   0.000   0.000   0.000   0.000
  -1.644  -2.153  -1.289   0.403
   2.179  -1.139   1.719   1.283
  -2.194  -0.734   1.910   0.849
   2.048   1.136  -1.875   1.114
  -2.089   1.281  -1.730   0.916
--------------------
Total RMSD:   0.960
--------------------
