-----------------------------------------------
Coordinates of template with ideal con geometry
-----------------------------------------------
   0.000   0.000   0.000
   0.000   0.000   3.000
  -3.000   0.000   0.000
   0.000   3.000   0.000
   0.000  -3.000   0.000
   1.732   1.732   1.732
   3.000   0.000   0.000
---------------------------------------------
Coordinates of the fitted metal site and RMSD
---------------------------------------------
   0.000   0.000   0.000   0.000
  -1.524   0.005   2.584   1.580
  -2.566  -0.472  -1.480   1.613
  -0.324   2.968  -0.294   0.439
   0.383  -2.958   0.325   0.504
   2.524   0.472   1.551   1.500
   1.742   0.006  -2.442   2.747
--------------------
Total RMSD:   1.599
--------------------
