-----------------------------------------------
Coordinates of template with ideal tpr geometry
-----------------------------------------------
   0.000   0.000   0.000
   1.964   1.964  -1.134
   1.964   0.000   2.268
  -1.964   0.000   2.268
   1.964  -1.964  -1.134
  -1.964   1.964  -1.134
  -1.964  -1.964  -1.134
---------------------------------------------
Coordinates of the fitted metal site and RMSD
---------------------------------------------
   0.000   0.000   0.000   0.000
   1.715   2.460  -0.088   1.184
   1.785  -1.135   2.127   1.158
  -1.784   1.216   2.083   1.243
   1.743  -1.193  -2.131   1.280
  -1.738   1.202  -2.129   1.274
  -1.844  -2.364  -0.118   1.098
--------------------
Total RMSD:   1.208
--------------------
