-----------------------------------------------
Coordinates of template with ideal cof geometry
-----------------------------------------------
   0.000   0.000   0.000
  -3.000   0.000   0.000
   0.000  -3.000   0.000
   3.000   0.000   0.000
   0.000   0.000  -3.000
   1.732   1.732   1.732
   0.000   3.000   0.000
---------------------------------------------
Coordinates of the fitted metal site and RMSD
---------------------------------------------
   0.000   0.000   0.000   0.000
  -2.963   0.052   0.466   0.471
   0.019  -2.959   0.496   0.498
   2.964  -0.049  -0.460   0.464
  -0.435  -0.374  -2.945   0.577
   0.537   0.568   2.896   2.034
  -0.064   2.962  -0.474   0.480
--------------------
Total RMSD:   0.948
--------------------
