-----------------------------------------------
Coordinates of template with ideal oct geometry
-----------------------------------------------
   0.000   0.000   0.000
   0.000   0.000   3.000
   0.000  -3.000   0.000
   0.000   0.000  -3.000
  -3.000   0.000   0.000
   3.000   0.000   0.000
   0.000   3.000   0.000
---------------------------------------------
Coordinates of the fitted metal site and RMSD
---------------------------------------------
   0.000   0.000   0.000   0.000
  -0.007   0.009   3.000   0.012
   0.015  -3.000   0.016   0.021
   0.014  -0.007  -3.000   0.016
  -2.998   0.106  -0.042   0.114
   2.998   0.092  -0.063   0.111
  -0.000   3.000   0.032   0.032
--------------------
Total RMSD:   0.067
--------------------
