-----------------------------------------------
Coordinates of template with ideal pva geometry
-----------------------------------------------
   0.000   0.000   0.000
   0.000   0.000   3.000
   0.000   2.853   0.927
   0.000   1.763  -2.427
   3.000   0.000   0.000
   0.000  -1.763  -2.427
   0.000  -2.853   0.927
---------------------------------------------
Coordinates of the fitted metal site and RMSD
---------------------------------------------
   0.000   0.000   0.000   0.000
  -0.765  -0.572   2.844   0.968
  -0.803   2.867   0.368   0.979
   0.759   0.569  -2.846   1.476
   2.827   0.558   0.836   1.020
  -2.748  -0.728  -0.960   3.283
   0.777  -2.879  -0.327   1.476
--------------------
Total RMSD:   1.735
--------------------
