-----------------------------------------------
Coordinates of template with ideal pvp geometry
-----------------------------------------------
   0.000   0.000   0.000
  -3.000   0.000   0.000
   0.000   1.763  -2.427
   3.000   0.000   0.000
   0.000   0.000   3.000
   0.000  -1.763  -2.427
   0.000  -2.853   0.927
---------------------------------------------
Coordinates of the fitted metal site and RMSD
---------------------------------------------
   0.000   0.000   0.000   0.000
  -3.000   0.001   0.006   0.006
  -0.009   2.667  -1.373   1.389
   3.000  -0.005  -0.011   0.012
   0.040   1.264   2.720   1.296
   0.065  -1.441  -2.631   0.387
  -0.039  -2.674   1.360   0.470
--------------------
Total RMSD:   0.814
--------------------
