-----------------------------------------------
Coordinates of template with ideal ctp geometry
-----------------------------------------------
   0.000   0.000   0.000
  -1.964   0.000   2.268
  -1.964   1.964  -1.134
   0.000   0.000  -3.000
  -1.964  -1.964  -1.134
   1.964   1.964  -1.134
   1.964   0.000   2.268
   1.964  -1.964  -1.134
---------------------------------------------
Coordinates of the fitted metal site and RMSD
---------------------------------------------
   0.000   0.000   0.000   0.000
  -1.626   1.085   2.276   1.136
  -2.313   1.445  -1.251   0.636
   2.051   0.322  -2.165   2.238
  -1.507  -2.576  -0.306   1.127
   1.963   1.637  -1.571   0.546
   1.932  -1.061   2.035   1.086
   1.557  -1.023  -2.351   1.591
--------------------
Total RMSD:   1.309
--------------------
