-----------------------------------------------
Coordinates of template with ideal hva geometry
-----------------------------------------------
   0.000   0.000   0.000
   0.000   2.598   1.500
   0.000   2.598  -1.500
   0.000  -2.598  -1.500
   0.000   0.000   3.000
   0.000   0.000  -3.000
   3.000   0.000   0.000
   0.000  -2.598   1.500
---------------------------------------------
Coordinates of the fitted metal site and RMSD
---------------------------------------------
   0.000   0.000   0.000   0.000
   0.659   2.912   0.295   1.409
  -2.539   1.486  -0.589   2.918
  -0.427  -2.451  -1.676   0.485
  -0.958  -0.425   2.811   1.065
  -0.134  -1.416  -2.641   1.467
   2.877  -0.596   0.606   0.858
  -0.765  -2.881  -0.338   2.011
--------------------
Total RMSD:   1.639
--------------------
