-----------------------------------------------
Coordinates of template with ideal hvp geometry
-----------------------------------------------
   0.000   0.000   0.000
   0.000   2.598  -1.500
  -3.000   0.000   0.000
   0.000  -2.598  -1.500
   0.000   0.000   3.000
   0.000   0.000  -3.000
   3.000   0.000   0.000
   0.000  -2.598   1.500
---------------------------------------------
Coordinates of the fitted metal site and RMSD
---------------------------------------------
   0.000   0.000   0.000   0.000
  -0.212   2.972  -0.350   1.228
  -2.933   0.606  -0.167   0.632
   0.022  -2.791  -1.101   0.444
  -0.223  -0.014   2.992   0.224
  -0.205  -1.960  -2.262   2.104
   2.982   0.322  -0.044   0.325
   0.095  -2.980   0.330   1.234
--------------------
Total RMSD:   1.083
--------------------
