-----------------------------------------------
Coordinates of template with ideal sav geometry
-----------------------------------------------
   0.000   0.000   0.000
  -1.732   1.732  -1.732
  -1.732  -1.732  -1.732
   2.449   0.000   1.732
  -2.449   0.000   1.732
   1.732  -1.732  -1.732
   0.000   2.449   1.732
   0.000  -2.449   1.732
---------------------------------------------
Coordinates of the fitted metal site and RMSD
---------------------------------------------
   0.000   0.000   0.000   0.000
  -1.348   1.802  -1.984   0.465
  -1.295  -1.809  -2.013   0.525
   2.296  -1.730   0.858   1.944
  -2.374  -0.378   1.794   0.390
   2.672  -1.282  -0.463   1.642
   0.996   2.465   1.390   1.053
   1.323  -1.894   1.914   1.446
--------------------
Total RMSD:   1.214
--------------------
