-----------------------------------------------
Coordinates of template with ideal ctn geometry
-----------------------------------------------
   0.000   0.000   0.000
   1.964   0.000   2.268
   0.000   0.000  -3.000
  -1.964  -1.964  -1.134
  -1.964   1.964  -1.134
   1.964   1.964  -1.134
   1.964  -1.964  -1.134
---------------------------------------------
Coordinates of the fitted metal site and RMSD
---------------------------------------------
   0.000   0.000   0.000   0.000
   0.560  -0.023   2.947   1.560
  -0.261   0.027  -2.988   0.263
  -2.085  -2.128   0.350   1.498
  -2.107   2.106   0.356   1.504
   2.062   2.095  -0.602   0.557
   2.058  -2.112  -0.552   0.608
--------------------
Total RMSD:   1.132
--------------------
