-----------------------------------------------
Coordinates of template with ideal oct geometry
-----------------------------------------------
   0.000   0.000   0.000
   0.000   3.000   0.000
   0.000  -3.000   0.000
  -3.000   0.000   0.000
   0.000   0.000  -3.000
   3.000   0.000   0.000
   0.000   0.000   3.000
---------------------------------------------
Coordinates of the fitted metal site and RMSD
---------------------------------------------
   0.000   0.000   0.000   0.000
   0.006   3.000   0.032   0.033
   0.210  -2.987   0.178   0.276
  -3.000  -0.024   0.007   0.025
  -0.019  -0.027  -3.000   0.034
   2.991  -0.228   0.032   0.230
   0.005  -0.174   2.995   0.174
--------------------
Total RMSD:   0.164
--------------------
