-----------------------------------------------
Coordinates of template with ideal pva geometry
-----------------------------------------------
   0.000   0.000   0.000
   3.000   0.000   0.000
   0.000   1.763  -2.427
   0.000  -2.853   0.927
   0.000   0.000   3.000
   0.000   2.853   0.927
   0.000  -1.763  -2.427
---------------------------------------------
Coordinates of the fitted metal site and RMSD
---------------------------------------------
   0.000   0.000   0.000   0.000
   2.808  -0.642   0.837   1.072
  -2.688   0.807  -1.059   3.164
  -0.790  -2.873   0.345   0.982
  -0.787   0.545   2.843   0.970
   0.564   2.911  -0.454   1.492
   0.594  -0.514  -2.895   1.460
--------------------
Total RMSD:   1.704
--------------------
