-----------------------------------------------
Coordinates of template with ideal pvp geometry
-----------------------------------------------
   0.000   0.000   0.000
   0.000   0.000   3.000
   0.000  -1.763  -2.427
  -3.000   0.000   0.000
   0.000   1.763  -2.427
   3.000   0.000   0.000
   0.000  -2.853   0.927
---------------------------------------------
Coordinates of the fitted metal site and RMSD
---------------------------------------------
   0.000   0.000   0.000   0.000
   0.004   1.333   2.688   1.369
   0.212  -1.515  -2.581   0.360
  -3.000  -0.011  -0.023   0.026
  -0.011   2.661  -1.386   1.375
   2.991  -0.139  -0.183   0.230
  -0.003  -2.748   1.204   0.297
--------------------
Total RMSD:   0.820
--------------------
