-----------------------------------------------
Coordinates of template with ideal tpr geometry
-----------------------------------------------
   0.000   0.000   0.000
   1.964   1.964  -1.134
  -1.964   0.000   2.268
  -1.964  -1.964  -1.134
   1.964  -1.964  -1.134
   1.964   0.000   2.268
  -1.964   1.964  -1.134
---------------------------------------------
Coordinates of the fitted metal site and RMSD
---------------------------------------------
   0.000   0.000   0.000   0.000
   1.712   1.286  -2.101   1.208
  -1.705  -1.022   2.247   1.054
  -1.732  -1.226  -2.120   1.253
   1.727  -2.453  -0.009   1.250
   1.559   1.149   2.291   1.219
  -1.848   2.359   0.140   1.339
--------------------
Total RMSD:   1.223
--------------------
