-----------------------------------------------
Coordinates of template with ideal tpv geometry
-----------------------------------------------
   0.000   0.000   0.000
  -1.964   1.964  -1.134
   1.964   0.000   2.268
  -1.964   0.000   2.268
   1.964   1.964  -1.134
  -1.964  -1.964  -1.134
---------------------------------------------
Coordinates of the fitted metal site and RMSD
---------------------------------------------
   0.000   0.000   0.000   0.000
  -1.402   2.624  -0.387   1.144
   1.768   1.234   2.086   1.262
  -1.892  -0.652   2.235   0.657
   2.205   1.106  -1.708   1.060
  -1.501  -1.936  -1.731   0.756
--------------------
Total RMSD:   1.003
--------------------
