-----------------------------------------------
Coordinates of template with ideal cof geometry
-----------------------------------------------
   0.000   0.000   0.000
  -3.000   0.000   0.000
   3.000   0.000   0.000
   0.000  -3.000   0.000
   0.000   3.000   0.000
   0.000   0.000  -3.000
   1.732   1.732   1.732
---------------------------------------------
Coordinates of the fitted metal site and RMSD
---------------------------------------------
   0.000   0.000   0.000   0.000
  -2.977   0.080   0.364   0.373
   2.966   0.063  -0.446   0.452
  -0.025  -2.959   0.496   0.499
   0.010   2.976  -0.382   0.383
  -0.545  -0.425  -2.919   0.696
   0.537   0.628   2.884   1.993
--------------------
Total RMSD:   0.931
--------------------
