-----------------------------------------------
Coordinates of template with ideal ctf geometry
-----------------------------------------------
   0.000   0.000   0.000
  -1.964   0.000   2.268
   0.000   0.000  -3.000
   1.964   0.000   2.268
  -1.964   1.964  -1.134
  -1.964  -1.964  -1.134
   1.964   1.964  -1.134
---------------------------------------------
Coordinates of the fitted metal site and RMSD
---------------------------------------------
   0.000   0.000   0.000   0.000
  -1.335   0.591   2.621   0.933
   1.191  -0.560  -2.696   1.351
   2.139  -1.530   1.443   1.747
  -2.090   1.629  -1.406   0.449
  -1.739  -2.441  -0.134   1.131
   1.587   2.546   0.043   1.366
--------------------
Total RMSD:   1.231
--------------------
