-----------------------------------------------
Coordinates of template with ideal oct geometry
-----------------------------------------------
   0.000   0.000   0.000
   0.000   0.000  -3.000
   0.000   0.000   3.000
   0.000  -3.000   0.000
   0.000   3.000   0.000
   3.000   0.000   0.000
  -3.000   0.000   0.000
---------------------------------------------
Coordinates of the fitted metal site and RMSD
---------------------------------------------
   0.000   0.000   0.000   0.000
   0.101   0.043  -2.998   0.110
  -0.042   0.111   2.998   0.118
  -0.007  -3.000  -0.050   0.051
  -0.105   2.998   0.017   0.106
   2.999   0.054  -0.074   0.092
  -2.995   0.152   0.068   0.167
--------------------
Total RMSD:   0.113
--------------------
