-----------------------------------------------
Coordinates of template with ideal tpr geometry
-----------------------------------------------
   0.000   0.000   0.000
  -1.964   0.000   2.268
   1.964   1.964  -1.134
  -1.964  -1.964  -1.134
   1.964   0.000   2.268
  -1.964   1.964  -1.134
   1.964  -1.964  -1.134
---------------------------------------------
Coordinates of the fitted metal site and RMSD
---------------------------------------------
   0.000   0.000   0.000   0.000
  -1.760  -1.112   2.160   1.136
   1.814   1.224  -2.052   1.189
  -1.759  -1.265  -2.075   1.190
   1.804   1.160   2.098   1.183
  -1.745   2.439   0.078   1.320
   1.859  -2.353   0.071   1.271
--------------------
Total RMSD:   1.216
--------------------
