-----------------------------------------------
Coordinates of template with ideal oct geometry
-----------------------------------------------
   0.000   0.000   0.000
   0.000   0.000  -3.000
   0.000  -3.000   0.000
   3.000   0.000   0.000
   0.000   0.000   3.000
   0.000   3.000   0.000
  -3.000   0.000   0.000
---------------------------------------------
Coordinates of the fitted metal site and RMSD
---------------------------------------------
   0.000   0.000   0.000   0.000
  -0.334  -0.383  -2.957   0.510
  -0.361  -2.977  -0.082   0.371
   2.993  -0.159   0.133   0.208
  -0.015  -0.177   2.995   0.178
  -0.159   2.993   0.124   0.202
  -2.972  -0.361  -0.186   0.407
--------------------
Total RMSD:   0.336
--------------------
