-----------------------------------------------
Coordinates of template with ideal pva geometry
-----------------------------------------------
   0.000   0.000   0.000
   0.000   0.000   3.000
   3.000   0.000   0.000
   0.000  -2.853   0.927
   0.000  -1.763  -2.427
   0.000   1.763  -2.427
   0.000   2.853   0.927
---------------------------------------------
Coordinates of the fitted metal site and RMSD
---------------------------------------------
   0.000   0.000   0.000   0.000
  -0.406   0.835   2.853   0.940
   2.792  -0.372   1.034   1.118
  -0.712  -2.901   0.280   0.963
   1.031  -0.650  -2.741   1.549
  -2.638   0.860  -1.140   3.071
   1.164   2.764  -0.054   1.525
--------------------
Total RMSD:   1.694
--------------------
