-----------------------------------------------
Coordinates of template with ideal pvp geometry
-----------------------------------------------
   0.000   0.000   0.000
  -3.000   0.000   0.000
   0.000  -1.763  -2.427
   0.000   1.763  -2.427
   3.000   0.000   0.000
   0.000   0.000   3.000
   0.000  -2.853   0.927
---------------------------------------------
Coordinates of the fitted metal site and RMSD
---------------------------------------------
   0.000   0.000   0.000   0.000
  -2.960  -0.451  -0.186   0.490
  -0.096  -1.673  -2.488   0.146
   0.149   2.593  -1.501   1.253
   2.994  -0.114  -0.155   0.192
   0.136   1.216   2.739   1.251
  -0.204  -2.811   1.028   0.231
--------------------
Total RMSD:   0.762
--------------------
