-----------------------------------------------
Coordinates of template with ideal coc geometry
-----------------------------------------------
   0.000   0.000   0.000
   0.000   0.000  -3.000
   3.000   0.000   0.000
   0.000   3.000   0.000
   0.000  -3.000   0.000
   1.732   1.732   1.732
  -3.000   0.000   0.000
   0.000   0.000   3.000
---------------------------------------------
Coordinates of the fitted metal site and RMSD
---------------------------------------------
   0.000   0.000   0.000   0.000
   0.308   0.089  -2.983   0.321
   2.986   0.116   0.271   0.295
  -0.160   2.995   0.049   0.167
   0.281  -2.986  -0.060   0.288
   2.669   1.181   0.694   1.503
  -2.972  -0.302  -0.274   0.408
  -0.288  -0.083   2.985   0.300
--------------------
Total RMSD:   0.634
--------------------
