-----------------------------------------------
Coordinates of template with ideal ctp geometry
-----------------------------------------------
   0.000   0.000   0.000
  -1.964  -1.964  -1.134
   0.000   0.000  -3.000
  -1.964   0.000   2.268
   1.964  -1.964  -1.134
  -1.964   1.964  -1.134
   1.964   0.000   2.268
   1.964   1.964  -1.134
---------------------------------------------
Coordinates of the fitted metal site and RMSD
---------------------------------------------
   0.000   0.000   0.000   0.000
  -1.695  -2.473   0.095   1.358
  -1.300   0.741  -2.600   1.549
  -2.116   1.481   1.526   1.664
   2.050  -1.467  -1.627   0.705
  -1.732   1.578  -1.874   0.866
   1.430  -0.833   2.502   1.017
   1.683   2.481  -0.110   1.181
--------------------
Total RMSD:   1.236
--------------------
