-----------------------------------------------
Coordinates of template with ideal ctn geometry
-----------------------------------------------
   0.000   0.000   0.000
  -1.964   1.964  -1.134
   1.964   0.000   2.268
   0.000   0.000  -3.000
  -1.964  -1.964  -1.134
   1.964  -1.964  -1.134
   1.964   1.964  -1.134
---------------------------------------------
Coordinates of the fitted metal site and RMSD
---------------------------------------------
   0.000   0.000   0.000   0.000
  -2.109   2.108   0.327   1.475
   0.813  -0.184   2.882   1.317
  -0.343  -0.015  -2.980   0.344
  -2.078  -2.139   0.329   1.478
   2.045  -2.183  -0.233   0.931
   1.965   2.226  -0.428   0.753
--------------------
Total RMSD:   1.129
--------------------
