-----------------------------------------------
Coordinates of template with ideal oct geometry
-----------------------------------------------
   0.000   0.000   0.000
   0.000   3.000   0.000
  -3.000   0.000   0.000
   3.000   0.000   0.000
   0.000   0.000  -3.000
   0.000  -3.000   0.000
   0.000   0.000   3.000
---------------------------------------------
Coordinates of the fitted metal site and RMSD
---------------------------------------------
   0.000   0.000   0.000   0.000
   0.053   3.000   0.008   0.054
  -2.980  -0.335   0.077   0.344
   2.994  -0.148   0.117   0.189
   0.039   0.001  -3.000   0.039
  -0.134  -2.995  -0.117   0.178
   0.079   0.127   2.996   0.149
--------------------
Total RMSD:   0.188
--------------------
