-----------------------------------------------
Coordinates of template with ideal pvp geometry
-----------------------------------------------
   0.000   0.000   0.000
   0.000   1.763  -2.427
   0.000   0.000   3.000
   0.000  -1.763  -2.427
  -3.000   0.000   0.000
   0.000  -2.853   0.927
   3.000   0.000   0.000
---------------------------------------------
Coordinates of the fitted metal site and RMSD
---------------------------------------------
   0.000   0.000   0.000   0.000
   0.023   2.651  -1.404   1.354
   0.075   1.050   2.809   1.070
   0.117  -1.487  -2.603   0.348
  -3.000  -0.004  -0.042   0.042
  -0.131  -2.609   1.475   0.614
   2.997   0.065  -0.121   0.137
--------------------
Total RMSD:   0.763
--------------------
