-----------------------------------------------
Coordinates of template with ideal tbp geometry
-----------------------------------------------
   0.000   0.000   0.000
   0.000   2.598  -1.500
   0.000  -2.598  -1.500
   0.000   0.000   3.000
   3.000   0.000   0.000
  -3.000   0.000   0.000
---------------------------------------------
Coordinates of the fitted metal site and RMSD
---------------------------------------------
   0.000   0.000   0.000   0.000
  -0.105   2.958  -0.491   1.076
  -0.022  -2.961  -0.481   1.082
   0.028  -0.011   3.000   0.030
   2.979  -0.020  -0.352   0.353
  -2.967   0.052  -0.444   0.448
--------------------
Total RMSD:   0.729
--------------------
