-----------------------------------------------
Coordinates of template with ideal ctn geometry
-----------------------------------------------
   0.000   0.000   0.000
  -1.964   1.964  -1.134
   1.964   0.000   2.268
   1.964  -1.964  -1.134
   0.000   0.000  -3.000
   1.964   1.964  -1.134
  -1.964  -1.964  -1.134
---------------------------------------------
Coordinates of the fitted metal site and RMSD
---------------------------------------------
   0.000   0.000   0.000   0.000
  -2.101   2.126   0.255   1.405
   0.568  -0.023   2.946   1.552
   2.109  -2.098  -0.384   0.776
  -0.670  -0.058  -2.924   0.677
   2.084   2.135  -0.313   0.847
  -2.117  -2.104   0.299   1.448
--------------------
Total RMSD:   1.173
--------------------
