-----------------------------------------------
Coordinates of template with ideal pva geometry
-----------------------------------------------
   0.000   0.000   0.000
   0.000  -2.853   0.927
   0.000   1.763  -2.427
   3.000   0.000   0.000
   0.000   0.000   3.000
   0.000  -1.763  -2.427
   0.000   2.853   0.927
---------------------------------------------
Coordinates of the fitted metal site and RMSD
---------------------------------------------
   0.000   0.000   0.000   0.000
  -2.753  -1.103   0.455   3.296
  -0.753   1.241  -2.625   0.938
   2.799   1.017  -0.366   1.100
   0.703  -1.135   2.686   1.372
   0.731  -2.507  -1.476   1.412
  -0.766   2.484   1.498   1.024
--------------------
Total RMSD:   1.726
--------------------
