-----------------------------------------------
Coordinates of template with ideal tpr geometry
-----------------------------------------------
   0.000   0.000   0.000
   1.964   0.000   2.268
  -1.964   1.964  -1.134
  -1.964  -1.964  -1.134
   1.964  -1.964  -1.134
  -1.964   0.000   2.268
   1.964   1.964  -1.134
---------------------------------------------
Coordinates of the fitted metal site and RMSD
---------------------------------------------
   0.000   0.000   0.000   0.000
   1.791   1.135   2.123   1.157
  -1.766   2.425  -0.038   1.205
  -1.744  -1.255  -2.094   1.214
   1.849  -2.362  -0.043   1.167
  -1.756  -1.158   2.139   1.184
   1.792   1.160  -2.108   1.275
--------------------
Total RMSD:   1.201
--------------------
