-----------------------------------------------
Coordinates of template with ideal ctp geometry
-----------------------------------------------
   0.000   0.000   0.000
  -1.964  -1.964  -1.134
   0.000   0.000  -3.000
   1.964   1.964  -1.134
   1.964   0.000   2.268
   1.964  -1.964  -1.134
  -1.964   0.000   2.268
  -1.964   1.964  -1.134
---------------------------------------------
Coordinates of the fitted metal site and RMSD
---------------------------------------------
   0.000   0.000   0.000   0.000
  -1.516  -2.572  -0.294   1.130
   2.059   0.331  -2.157   2.249
   1.999   1.623  -1.540   0.531
   1.937  -1.007   2.057   1.030
   1.563  -1.004  -2.356   1.605
  -1.631   1.134   2.248   1.182
  -2.350   1.447  -1.177   0.646
--------------------
Total RMSD:   1.313
--------------------
