-----------------------------------------------
Coordinates of template with ideal hva geometry
-----------------------------------------------
   0.000   0.000   0.000
   0.000  -2.598   1.500
   0.000   0.000  -3.000
   0.000   2.598  -1.500
   3.000   0.000   0.000
   0.000  -2.598  -1.500
   0.000   0.000   3.000
   0.000   2.598   1.500
---------------------------------------------
Coordinates of the fitted metal site and RMSD
---------------------------------------------
   0.000   0.000   0.000   0.000
  -0.946  -2.643   1.059   1.045
  -0.431   0.231  -2.960   0.490
  -0.100   1.566  -2.557   1.480
   2.894  -0.762  -0.216   0.799
  -0.777  -1.134  -2.667   2.027
   0.639   1.252   2.650   1.448
  -2.502   1.256   1.077   2.871
--------------------
Total RMSD:   1.630
--------------------
