-----------------------------------------------
Coordinates of template with ideal tbp geometry
-----------------------------------------------
   0.000   0.000   0.000
   0.000   0.000   3.000
  -3.000   0.000   0.000
   0.000  -2.598  -1.500
   3.000   0.000   0.000
   0.000   2.598  -1.500
---------------------------------------------
Coordinates of the fitted metal site and RMSD
---------------------------------------------
   0.000   0.000   0.000   0.000
   0.221   0.068   2.991   0.232
  -2.998   0.063   0.084   0.105
   0.260  -2.703  -1.274   0.360
   2.999   0.003   0.080   0.080
   0.190   2.736  -1.215   0.370
--------------------
Total RMSD:   0.260
--------------------
