-----------------------------------------------
Coordinates of template with ideal ctf geometry
-----------------------------------------------
   0.000   0.000   0.000
  -1.964  -1.964  -1.134
  -1.964   0.000   2.268
   1.964   0.000   2.268
   0.000   0.000  -3.000
   1.964   1.964  -1.134
  -1.964   1.964  -1.134
---------------------------------------------
Coordinates of the fitted metal site and RMSD
---------------------------------------------
   0.000   0.000   0.000   0.000
  -1.696  -2.460  -0.270   1.031
  -1.234   0.589   2.670   1.021
   2.176  -1.515   1.403   1.758
   1.268  -0.645  -2.641   1.468
   1.661   2.498   0.042   1.327
  -2.127   1.624  -1.355   0.438
--------------------
Total RMSD:   1.245
--------------------
