-----------------------------------------------
Coordinates of template with ideal ctn geometry
-----------------------------------------------
   0.000   0.000   0.000
   1.964   0.000   2.268
  -1.964  -1.964  -1.134
  -1.964   1.964  -1.134
   1.964   1.964  -1.134
   0.000   0.000  -3.000
   1.964  -1.964  -1.134
---------------------------------------------
Coordinates of the fitted metal site and RMSD
---------------------------------------------
   0.000   0.000   0.000   0.000
   0.619   0.001   2.935   1.502
  -2.105  -2.096   0.418   1.564
  -2.111   2.106   0.327   1.476
   2.063   2.144  -0.385   0.776
  -0.389   0.019  -2.975   0.391
   2.059  -2.137  -0.440   0.722
--------------------
Total RMSD:   1.166
--------------------
