-----------------------------------------------
Coordinates of template with ideal pvp geometry
-----------------------------------------------
   0.000   0.000   0.000
   0.000  -2.853   0.927
   0.000   0.000   3.000
   3.000   0.000   0.000
   0.000  -1.763  -2.427
   0.000   1.763  -2.427
  -3.000   0.000   0.000
---------------------------------------------
Coordinates of the fitted metal site and RMSD
---------------------------------------------
   0.000   0.000   0.000   0.000
  -0.067  -2.700   1.306   0.414
   0.022   1.329   2.689   1.365
   2.999   0.057   0.009   0.058
   0.045  -1.351  -2.678   0.484
  -0.083   2.617  -1.465   1.289
  -2.999   0.070  -0.024   0.074
--------------------
Total RMSD:   0.810
--------------------
