-----------------------------------------------
Coordinates of template with ideal tpr geometry
-----------------------------------------------
   0.000   0.000   0.000
  -1.964  -1.964  -1.134
  -1.964   0.000   2.268
   1.964   0.000   2.268
   1.964  -1.964  -1.134
   1.964   1.964  -1.134
  -1.964   1.964  -1.134
---------------------------------------------
Coordinates of the fitted metal site and RMSD
---------------------------------------------
   0.000   0.000   0.000   0.000
  -1.731  -2.448  -0.099   1.166
  -1.738   1.174   2.145   1.201
   1.745  -1.180   2.137   1.207
   1.763  -1.222  -2.098   1.233
   1.746   2.436  -0.134   1.127
  -1.701   1.295  -2.104   1.208
--------------------
Total RMSD:   1.191
--------------------
