-----------------------------------------------
Coordinates of template with ideal tbp geometry
-----------------------------------------------
   0.000   0.000   0.000
   0.000  -2.598  -1.500
   0.000   0.000   3.000
   3.000   0.000   0.000
   0.000   2.598  -1.500
  -3.000   0.000   0.000
---------------------------------------------
Coordinates of the fitted metal site and RMSD
---------------------------------------------
   0.000   0.000   0.000   0.000
   0.083  -2.648  -1.407   0.135
   0.032  -0.215   2.992   0.218
   2.996  -0.135  -0.067   0.151
   0.044   2.541  -1.594   0.118
  -2.998  -0.101  -0.036   0.107
--------------------
Total RMSD:   0.151
--------------------
