-----------------------------------------------
Coordinates of template with ideal spy geometry
-----------------------------------------------
   0.000   0.000   0.000
   0.000   3.000   0.000
  -3.000   0.000   0.000
   3.000   0.000   0.000
   0.000  -3.000   0.000
   0.000   0.000   3.000
---------------------------------------------
Coordinates of the fitted metal site and RMSD
---------------------------------------------
   0.000   0.000   0.000   0.000
  -0.712   2.892  -0.362   0.806
  -2.735   0.091  -1.229   1.261
   2.888   0.517  -0.625   0.819
  -1.139  -2.693  -0.674   1.358
   0.605   0.311   2.922   0.685
--------------------
Total RMSD:   1.022
--------------------
