-----------------------------------------------
Coordinates of template with ideal tbp geometry
-----------------------------------------------
   0.000   0.000   0.000
  -3.000   0.000   0.000
   0.000   2.598  -1.500
   0.000   0.000   3.000
   3.000   0.000   0.000
   0.000  -2.598  -1.500
---------------------------------------------
Coordinates of the fitted metal site and RMSD
---------------------------------------------
   0.000   0.000   0.000   0.000
  -2.876   0.756  -0.398   0.863
  -0.041   2.437  -1.749   0.299
  -0.508  -0.893   2.818   1.044
   2.717   1.074  -0.682   1.303
  -0.407  -2.820  -0.938   0.729
--------------------
Total RMSD:   0.911
--------------------
