-----------------------------------------------
Coordinates of template with ideal tpv geometry
-----------------------------------------------
   0.000   0.000   0.000
  -1.964   0.000   2.268
   1.964   0.000   2.268
  -1.964  -1.964  -1.134
   1.964   1.964  -1.134
  -1.964   1.964  -1.134
---------------------------------------------
Coordinates of the fitted metal site and RMSD
---------------------------------------------
   0.000   0.000   0.000   0.000
  -1.413  -0.607   2.576   0.875
   1.958   0.486   2.220   0.488
  -1.440  -2.204  -1.439   0.652
   2.756   0.738  -0.927   1.474
  -2.097   1.936  -0.924   0.251
--------------------
Total RMSD:   0.856
--------------------
