-----------------------------------------------
Coordinates of template with ideal pva geometry
-----------------------------------------------
   0.000   0.000   0.000
   0.000  -1.763  -2.427
   0.000   0.000   3.000
   0.000   2.853   0.927
   3.000   0.000   0.000
   0.000   1.763  -2.427
   0.000  -2.853   0.927
---------------------------------------------
Coordinates of the fitted metal site and RMSD
---------------------------------------------
   0.000   0.000   0.000   0.000
  -2.312  -0.472  -1.852   2.710
  -0.767  -0.270   2.888   0.821
  -0.807   2.872   0.319   1.011
   2.919   0.677   0.148   0.698
   1.098   0.591  -2.729   1.634
   0.588  -2.936   0.184   0.951
--------------------
Total RMSD:   1.478
--------------------
