-----------------------------------------------
Coordinates of template with ideal pvp geometry
-----------------------------------------------
   0.000   0.000   0.000
   0.000   1.763  -2.427
   0.000   0.000   3.000
   3.000   0.000   0.000
   0.000  -2.853   0.927
   0.000  -1.763  -2.427
  -3.000   0.000   0.000
---------------------------------------------
Coordinates of the fitted metal site and RMSD
---------------------------------------------
   0.000   0.000   0.000   0.000
   0.016   2.114  -2.128   0.461
   0.052   1.156   2.768   1.180
   2.993   0.113   0.173   0.207
  -0.040  -2.955   0.514   0.428
   0.187  -1.533  -2.572   0.330
  -2.980   0.175   0.298   0.346
--------------------
Total RMSD:   0.586
--------------------
