-----------------------------------------------
Coordinates of template with ideal spy geometry
-----------------------------------------------
   0.000   0.000   0.000
  -3.000   0.000   0.000
   0.000   3.000   0.000
   0.000  -3.000   0.000
   0.000   0.000   3.000
   3.000   0.000   0.000
---------------------------------------------
Coordinates of the fitted metal site and RMSD
---------------------------------------------
   0.000   0.000   0.000   0.000
  -2.906   0.038  -0.743   0.750
   0.025   2.960  -0.490   0.492
  -0.007  -2.928  -0.653   0.657
   0.200   0.164   2.989   0.259
   2.950   0.070  -0.543   0.550
--------------------
Total RMSD:   0.567
--------------------
