-----------------------------------------------
Coordinates of template with ideal tbp geometry
-----------------------------------------------
   0.000   0.000   0.000
   0.000  -2.598  -1.500
  -3.000   0.000   0.000
   3.000   0.000   0.000
   0.000   0.000   3.000
   0.000   2.598  -1.500
---------------------------------------------
Coordinates of the fitted metal site and RMSD
---------------------------------------------
   0.000   0.000   0.000   0.000
  -0.033  -2.906  -0.745   0.816
  -2.957   0.025  -0.506   0.509
   2.932  -0.005  -0.637   0.640
  -0.181   0.198   2.988   0.268
  -0.067   2.950  -0.542   1.023
--------------------
Total RMSD:   0.700
--------------------
