-----------------------------------------------
Coordinates of template with ideal coc geometry
-----------------------------------------------
   0.000   0.000   0.000
   0.000   0.000   3.000
   1.732   1.732   1.732
  -3.000   0.000   0.000
   0.000   3.000   0.000
   0.000  -3.000   0.000
   0.000   0.000  -3.000
   3.000   0.000   0.000
---------------------------------------------
Coordinates of the fitted metal site and RMSD
---------------------------------------------
   0.000   0.000   0.000   0.000
   0.465   0.741   2.870   0.885
   0.584   1.989   2.168   1.255
  -2.843   0.637  -0.717   0.971
   0.522   2.797   0.951   1.104
  -0.101  -2.975   0.373   0.387
   0.521   0.059  -2.954   0.527
   2.439   0.448  -1.688   1.835
--------------------
Total RMSD:   1.090
--------------------
