-----------------------------------------------
Coordinates of template with ideal cuv geometry
-----------------------------------------------
   0.000   0.000   0.000
  -1.732   1.732   1.732
  -1.732  -1.732   1.732
   1.732   1.732   1.732
   1.732  -1.732   1.732
  -1.732   1.732  -1.732
   1.732  -1.732  -1.732
  -1.732  -1.732  -1.732
---------------------------------------------
Coordinates of the fitted metal site and RMSD
---------------------------------------------
   0.000   0.000   0.000   0.000
  -1.941   0.138   2.284   1.700
  -1.116  -0.994   2.601   1.296
   2.582   1.271   0.845   1.312
   0.013  -1.884   2.335   1.828
  -1.230   2.150  -1.693   0.655
   1.625  -1.361  -2.123   0.549
  -0.344  -2.501  -1.621   1.591
--------------------
Total RMSD:   1.357
--------------------
