-----------------------------------------------
Coordinates of template with ideal hva geometry
-----------------------------------------------
   0.000   0.000   0.000
   0.000   0.000   3.000
   0.000  -2.598   1.500
   3.000   0.000   0.000
   0.000  -2.598  -1.500
   0.000   2.598   1.500
   0.000   2.598  -1.500
   0.000   0.000  -3.000
---------------------------------------------
Coordinates of the fitted metal site and RMSD
---------------------------------------------
   0.000   0.000   0.000   0.000
  -0.946  -2.010   2.016   2.430
  -0.578  -2.809   0.880   0.874
   2.998   0.095   0.060   0.112
  -0.026  -2.964  -0.464   1.098
  -0.734   2.472   1.534   0.746
   0.240   1.226  -2.728   1.857
  -1.768   0.084  -2.422   1.862
--------------------
Total RMSD:   1.481
--------------------
