-----------------------------------------------
Coordinates of template with ideal hvp geometry
-----------------------------------------------
   0.000   0.000   0.000
   0.000   0.000  -3.000
   0.000  -2.598  -1.500
  -3.000   0.000   0.000
   0.000  -2.598   1.500
   0.000   2.598  -1.500
   0.000   0.000   3.000
   3.000   0.000   0.000
---------------------------------------------
Coordinates of the fitted metal site and RMSD
---------------------------------------------
   0.000   0.000   0.000   0.000
   0.131  -1.510  -2.589   1.570
   0.193  -2.538  -1.588   0.221
  -2.814  -0.094   1.035   1.056
   0.165  -2.989  -0.198   1.750
   0.150   2.767  -1.149   0.417
   0.778   0.650   2.824   1.029
   2.527  -0.274   1.593   1.684
--------------------
Total RMSD:   1.240
--------------------
