-----------------------------------------------
Coordinates of template with ideal spy geometry
-----------------------------------------------
   0.000   0.000   0.000
   0.000  -3.000   0.000
   0.000   3.000   0.000
  -3.000   0.000   0.000
   0.000   0.000   3.000
   3.000   0.000   0.000
---------------------------------------------
Coordinates of the fitted metal site and RMSD
---------------------------------------------
   0.000   0.000   0.000   0.000
  -0.006  -2.990  -0.248   0.249
  -0.009   2.982  -0.331   0.332
  -2.981   0.007  -0.334   0.335
   0.091  -0.083   2.997   0.123
   2.990   0.004  -0.243   0.244
--------------------
Total RMSD:   0.268
--------------------
