-----------------------------------------------
Coordinates of template with ideal cof geometry
-----------------------------------------------
   0.000   0.000   0.000
   0.000   0.000  -3.000
   1.732   1.732   1.732
   0.000   3.000   0.000
  -3.000   0.000   0.000
   3.000   0.000   0.000
   0.000  -3.000   0.000
---------------------------------------------
Coordinates of the fitted metal site and RMSD
---------------------------------------------
   0.000   0.000   0.000   0.000
  -0.412  -0.453  -2.937   0.616
   0.586   0.567   2.887   2.001
  -0.039   2.966  -0.450   0.453
  -2.971   0.034   0.416   0.419
   2.958  -0.031  -0.500   0.502
   0.038  -2.968   0.436   0.439
--------------------
Total RMSD:   0.932
--------------------
