-----------------------------------------------
Coordinates of template with ideal oct geometry
-----------------------------------------------
   0.000   0.000   0.000
  -3.000   0.000   0.000
   3.000   0.000   0.000
   0.000   3.000   0.000
   0.000   0.000   3.000
   0.000   0.000  -3.000
   0.000  -3.000   0.000
---------------------------------------------
Coordinates of the fitted metal site and RMSD
---------------------------------------------
   0.000   0.000   0.000   0.000
  -2.999   0.025  -0.067   0.072
   2.997   0.093  -0.111   0.145
   0.027   3.000   0.001   0.027
  -0.063   0.009   2.999   0.064
  -0.020   0.007  -3.000   0.021
  -0.041  -3.000  -0.002   0.041
--------------------
Total RMSD:   0.074
--------------------
