-----------------------------------------------
Coordinates of template with ideal pva geometry
-----------------------------------------------
   0.000   0.000   0.000
   3.000   0.000   0.000
   0.000   0.000   3.000
   0.000   2.853   0.927
   0.000   1.763  -2.427
   0.000  -2.853   0.927
   0.000  -1.763  -2.427
---------------------------------------------
Coordinates of the fitted metal site and RMSD
---------------------------------------------
   0.000   0.000   0.000   0.000
   2.809  -0.031  -1.052   1.069
  -2.729  -0.010   1.246   3.245
   0.761   2.126   1.975   1.485
  -0.726   2.123  -1.991   0.920
   0.807  -2.112   1.971   1.514
  -0.748  -2.127  -1.979   0.944
--------------------
Total RMSD:   1.728
--------------------
