-----------------------------------------------
Coordinates of template with ideal con geometry
-----------------------------------------------
   0.000   0.000   0.000
   0.000   3.000   0.000
   3.000   0.000   0.000
  -3.000   0.000   0.000
   1.732   1.732   1.732
   0.000   0.000   3.000
   0.000  -3.000   0.000
---------------------------------------------
Coordinates of the fitted metal site and RMSD
---------------------------------------------
   0.000   0.000   0.000   0.000
  -0.411   2.962  -0.236   0.476
   1.647  -0.040  -2.507   2.849
  -2.530  -0.425  -1.555   1.680
   2.517   0.475   1.562   1.492
  -1.503   0.082   2.595   1.559
   0.383  -2.959   0.310   0.494
--------------------
Total RMSD:   1.636
--------------------
