-----------------------------------------------
Coordinates of template with ideal ctf geometry
-----------------------------------------------
   0.000   0.000   0.000
   1.964   1.964  -1.134
  -1.964   0.000   2.268
   1.964   0.000   2.268
  -1.964   1.964  -1.134
   0.000   0.000  -3.000
  -1.964  -1.964  -1.134
---------------------------------------------
Coordinates of the fitted metal site and RMSD
---------------------------------------------
   0.000   0.000   0.000   0.000
   1.696   2.471   0.136   1.394
  -1.295   0.661   2.624   1.006
   2.193  -1.520   1.370   1.780
  -2.160   1.559  -1.379   0.512
   1.178  -0.560  -2.702   1.338
  -1.675  -2.480  -0.211   1.096
--------------------
Total RMSD:   1.250
--------------------
