-----------------------------------------------
Coordinates of template with ideal oct geometry
-----------------------------------------------
   0.000   0.000   0.000
  -3.000   0.000   0.000
   0.000   0.000  -3.000
   0.000  -3.000   0.000
   0.000   3.000   0.000
   0.000   0.000   3.000
   3.000   0.000   0.000
---------------------------------------------
Coordinates of the fitted metal site and RMSD
---------------------------------------------
   0.000   0.000   0.000   0.000
  -2.999  -0.008   0.057   0.057
   0.011   0.081  -2.999   0.082
  -0.041  -3.000   0.002   0.041
  -0.009   3.000   0.011   0.015
  -0.026   0.091   2.999   0.095
   3.000   0.023   0.020   0.031
--------------------
Total RMSD:   0.060
--------------------
