-----------------------------------------------
Coordinates of template with ideal tpr geometry
-----------------------------------------------
   0.000   0.000   0.000
  -1.964   1.964  -1.134
   1.964   0.000   2.268
   1.964   1.964  -1.134
  -1.964   0.000   2.268
  -1.964  -1.964  -1.134
   1.964  -1.964  -1.134
---------------------------------------------
Coordinates of the fitted metal site and RMSD
---------------------------------------------
   0.000   0.000   0.000   0.000
  -1.764   2.426  -0.030   1.213
   1.692   1.173   2.182   1.208
   1.702   1.272  -2.118   1.231
  -1.739  -1.237   2.109   1.267
  -1.799  -1.233  -2.060   1.192
   1.712  -2.464  -0.014   1.252
--------------------
Total RMSD:   1.227
--------------------
