-----------------------------------------------
Coordinates of template with ideal con geometry
-----------------------------------------------
   0.000   0.000   0.000
   3.000   0.000   0.000
   0.000   0.000   3.000
   0.000   3.000   0.000
  -3.000   0.000   0.000
   0.000  -3.000   0.000
   1.732   1.732   1.732
---------------------------------------------
Coordinates of the fitted metal site and RMSD
---------------------------------------------
   0.000   0.000   0.000   0.000
   2.960  -0.371  -0.318   0.490
   0.071  -1.544   2.571   1.604
  -0.058   1.631  -2.517   2.866
  -2.967   0.374   0.244   0.448
  -0.493  -2.539  -1.520   1.663
   0.471   2.514   1.568   1.493
--------------------
Total RMSD:   1.644
--------------------
