-----------------------------------------------
Coordinates of template with ideal ctf geometry
-----------------------------------------------
   0.000   0.000   0.000
  -1.964   1.964  -1.134
  -1.964  -1.964  -1.134
   1.964   1.964  -1.134
   1.964   0.000   2.268
  -1.964   0.000   2.268
   0.000   0.000  -3.000
---------------------------------------------
Coordinates of the fitted metal site and RMSD
---------------------------------------------
   0.000   0.000   0.000   0.000
  -2.153   1.588  -1.357   0.476
  -1.670  -2.482  -0.228   1.084
   1.715   2.458   0.138   1.387
   2.174  -1.527   1.394   1.772
  -1.231   0.592   2.671   1.025
   1.218  -0.649  -2.664   1.420
--------------------
Total RMSD:   1.260
--------------------
