-----------------------------------------------
Coordinates of template with ideal oct geometry
-----------------------------------------------
   0.000   0.000   0.000
   0.000   3.000   0.000
   0.000   0.000   3.000
   0.000   0.000  -3.000
   0.000  -3.000   0.000
   3.000   0.000   0.000
  -3.000   0.000   0.000
---------------------------------------------
Coordinates of the fitted metal site and RMSD
---------------------------------------------
   0.000   0.000   0.000   0.000
   0.009   3.000  -0.021   0.023
  -0.043   0.009   3.000   0.044
  -0.061  -0.013  -2.999   0.062
   0.027  -3.000  -0.044   0.052
   3.000  -0.020   0.036   0.041
  -3.000  -0.002   0.018   0.018
--------------------
Total RMSD:   0.043
--------------------
