-----------------------------------------------
Coordinates of template with ideal pva geometry
-----------------------------------------------
   0.000   0.000   0.000
   3.000   0.000   0.000
   0.000   0.000   3.000
   0.000   1.763  -2.427
   0.000  -1.763  -2.427
   0.000  -2.853   0.927
   0.000   2.853   0.927
---------------------------------------------
Coordinates of the fitted metal site and RMSD
---------------------------------------------
   0.000   0.000   0.000   0.000
   2.804   0.632   0.860   1.085
  -0.774  -0.507   2.854   0.937
   0.744   0.606  -2.842   1.437
  -2.777  -0.655  -0.926   3.346
   0.738  -2.890  -0.322   1.451
  -0.773   2.875   0.366   0.956
--------------------
Total RMSD:   1.748
--------------------
