-----------------------------------------------
Coordinates of template with ideal tpr geometry
-----------------------------------------------
   0.000   0.000   0.000
  -1.964   0.000   2.268
  -1.964   1.964  -1.134
   1.964   0.000   2.268
   1.964  -1.964  -1.134
  -1.964  -1.964  -1.134
   1.964   1.964  -1.134
---------------------------------------------
Coordinates of the fitted metal site and RMSD
---------------------------------------------
   0.000   0.000   0.000   0.000
  -1.730   1.202   2.136   1.231
  -1.711   1.265  -2.115   1.231
   1.773  -1.181   2.112   1.206
   1.746  -1.258  -2.090   1.208
  -1.737  -2.446  -0.046   1.211
   1.719   2.459  -0.008   1.254
--------------------
Total RMSD:   1.224
--------------------
