-----------------------------------------------
Coordinates of template with ideal cof geometry
-----------------------------------------------
   0.000   0.000   0.000
   3.000   0.000   0.000
   1.732   1.732   1.732
  -3.000   0.000   0.000
   0.000   3.000   0.000
   0.000   0.000  -3.000
   0.000  -3.000   0.000
---------------------------------------------
Coordinates of the fitted metal site and RMSD
---------------------------------------------
   0.000   0.000   0.000   0.000
   2.966  -0.046  -0.446   0.450
   0.537   0.521   2.905   2.067
  -2.969   0.042   0.430   0.433
  -0.042   2.968  -0.438   0.441
  -0.491  -0.417  -2.930   0.648
   0.055  -2.954   0.522   0.526
--------------------
Total RMSD:   0.962
--------------------
