-----------------------------------------------
Coordinates of template with ideal pva geometry
-----------------------------------------------
   0.000   0.000   0.000
   0.000   1.763  -2.427
   0.000  -1.763  -2.427
   0.000   0.000   3.000
   0.000  -2.853   0.927
   3.000   0.000   0.000
   0.000   2.853   0.927
---------------------------------------------
Coordinates of the fitted metal site and RMSD
---------------------------------------------
   0.000   0.000   0.000   0.000
   0.741   0.561  -2.852   1.474
  -2.765  -0.676  -0.946   3.320
  -0.725  -0.557   2.857   0.925
   0.736  -2.887  -0.354   1.478
   2.805   0.584   0.889   1.081
  -0.816   2.868   0.330   1.012
--------------------
Total RMSD:   1.753
--------------------
