-----------------------------------------------
Coordinates of template with ideal cof geometry
-----------------------------------------------
   0.000   0.000   0.000
   0.000   3.000   0.000
   0.000  -3.000   0.000
   0.000   0.000  -3.000
  -3.000   0.000   0.000
   3.000   0.000   0.000
   1.732   1.732   1.732
---------------------------------------------
Coordinates of the fitted metal site and RMSD
---------------------------------------------
   0.000   0.000   0.000   0.000
  -0.179   2.994  -0.039   0.184
   0.088  -2.892   0.794   0.807
  -0.258  -0.290  -2.975   0.389
  -2.930   0.441   0.468   0.646
   2.972   0.244  -0.327   0.409
   0.919   0.796   2.743   1.599
--------------------
Total RMSD:   0.814
--------------------
