-----------------------------------------------
Coordinates of template with ideal ctf geometry
-----------------------------------------------
   0.000   0.000   0.000
  -1.964   1.964  -1.134
   1.964   0.000   2.268
  -1.964  -1.964  -1.134
  -1.964   0.000   2.268
   0.000   0.000  -3.000
   1.964   1.964  -1.134
---------------------------------------------
Coordinates of the fitted metal site and RMSD
---------------------------------------------
   0.000   0.000   0.000   0.000
  -2.031   1.861  -1.188   0.134
   2.345  -1.204   1.433   1.514
  -1.630  -2.471  -0.489   0.886
  -1.544   0.847   2.429   0.959
   1.207  -0.312  -2.729   1.276
   1.520   2.561  -0.364   1.071
--------------------
Total RMSD:   1.064
--------------------
