-----------------------------------------------
Coordinates of template with ideal ctn geometry
-----------------------------------------------
   0.000   0.000   0.000
   0.000   0.000  -3.000
   1.964   0.000   2.268
  -1.964  -1.964  -1.134
  -1.964   1.964  -1.134
   1.964  -1.964  -1.134
   1.964   1.964  -1.134
---------------------------------------------
Coordinates of the fitted metal site and RMSD
---------------------------------------------
   0.000   0.000   0.000   0.000
  -0.405   0.456  -2.937   0.613
   0.779   0.213   2.889   1.355
  -1.973  -2.254   0.163   1.329
  -2.082   2.160   0.000   1.157
   2.145  -1.986  -0.675   0.493
   2.318   1.743  -0.768   0.555
--------------------
Total RMSD:   0.989
--------------------
