-----------------------------------------------
Coordinates of template with ideal pvp geometry
-----------------------------------------------
   0.000   0.000   0.000
   0.000  -1.763  -2.427
   0.000   0.000   3.000
   0.000   1.763  -2.427
   3.000   0.000   0.000
  -3.000   0.000   0.000
   0.000  -2.853   0.927
---------------------------------------------
Coordinates of the fitted metal site and RMSD
---------------------------------------------
   0.000   0.000   0.000   0.000
   0.243  -1.721  -2.445   0.247
  -0.025   1.076   2.800   1.094
  -0.245   2.563  -1.539   1.220
   2.977  -0.199  -0.311   0.370
  -2.978  -0.324  -0.154   0.360
  -0.433  -2.777   1.048   0.456
--------------------
Total RMSD:   0.733
--------------------
