-----------------------------------------------
Coordinates of template with ideal tpr geometry
-----------------------------------------------
   0.000   0.000   0.000
  -1.964   1.964  -1.134
   1.964  -1.964  -1.134
   1.964   0.000   2.268
   1.964   1.964  -1.134
  -1.964   0.000   2.268
  -1.964  -1.964  -1.134
---------------------------------------------
Coordinates of the fitted metal site and RMSD
---------------------------------------------
   0.000   0.000   0.000   0.000
  -1.850   2.340  -0.315   0.909
   1.554  -2.540  -0.365   1.044
   1.489   1.187   2.318   1.280
   1.425   1.628  -2.078   1.138
  -1.959  -1.199   1.930   1.246
  -2.163  -1.049  -1.795   1.146
--------------------
Total RMSD:   1.134
--------------------
