-----------------------------------------------
Coordinates of template with ideal spy geometry
-----------------------------------------------
   0.000   0.000   0.000
  -3.000   0.000   0.000
   0.000   0.000   3.000
   0.000   3.000   0.000
   0.000  -3.000   0.000
   3.000   0.000   0.000
---------------------------------------------
Coordinates of the fitted metal site and RMSD
---------------------------------------------
   0.000   0.000   0.000   0.000
  -2.992   0.111   0.188   0.218
   0.183  -0.052   2.994   0.190
   1.936   2.052  -1.020   2.385
   0.568  -2.782  -0.968   1.143
   2.584   1.479   0.370   1.581
--------------------
Total RMSD:   1.384
--------------------
