-----------------------------------------------
Coordinates of template with ideal tpv geometry
-----------------------------------------------
   0.000   0.000   0.000
   1.964   1.964  -1.134
  -1.964   1.964  -1.134
   1.964   0.000   2.268
  -1.964  -1.964  -1.134
  -1.964   0.000   2.268
---------------------------------------------
Coordinates of the fitted metal site and RMSD
---------------------------------------------
   0.000   0.000   0.000   0.000
   1.802   1.282  -2.027   1.135
  -1.982   2.222  -0.362   0.814
   0.412  -0.417   2.942   1.743
  -1.100  -2.404  -1.418   1.010
  -1.124   0.126   2.779   0.991
--------------------
Total RMSD:   1.182
--------------------
