-----------------------------------------------
Coordinates of template with ideal pbp geometry
-----------------------------------------------
   0.000   0.000   0.000
   0.000  -2.853   0.927
   0.000  -1.763  -2.427
   0.000   1.763  -2.427
  -3.000   0.000   0.000
   3.000   0.000   0.000
   0.000   0.000   3.000
   0.000   2.853   0.927
---------------------------------------------
Coordinates of the fitted metal site and RMSD
---------------------------------------------
   0.000   0.000   0.000   0.000
   0.028  -2.929   0.650   0.289
   0.163  -1.385  -2.656   0.471
  -1.477   2.468  -0.851   2.272
  -2.481   1.441  -0.878   1.765
   2.974   0.368  -0.133   0.392
  -0.300   0.563   2.931   0.641
  -0.086   2.887  -0.809   1.739
--------------------
Total RMSD:   1.319
--------------------
