-----------------------------------------------
Coordinates of template with ideal sav geometry
-----------------------------------------------
   0.000   0.000   0.000
  -1.732   1.732  -1.732
  -1.732  -1.732  -1.732
   2.449   0.000   1.732
   1.732  -1.732  -1.732
  -2.449   0.000   1.732
   0.000   2.449   1.732
   0.000  -2.449   1.732
---------------------------------------------
Coordinates of the fitted metal site and RMSD
---------------------------------------------
   0.000   0.000   0.000   0.000
  -1.320   1.796  -2.008   0.500
  -1.277  -1.854  -1.983   0.534
   2.307  -1.727   0.835   1.951
   2.668  -1.284  -0.483   1.624
  -2.399  -0.402   1.756   0.406
   1.047   2.450   1.380   1.105
   1.322  -1.922   1.886   1.431
--------------------
Total RMSD:   1.220
--------------------
