-----------------------------------------------
Coordinates of template with ideal cof geometry
-----------------------------------------------
   0.000   0.000   0.000
   0.000   0.000  -3.000
   0.000  -3.000   0.000
   0.000   3.000   0.000
   1.732   1.732   1.732
   3.000   0.000   0.000
  -3.000   0.000   0.000
---------------------------------------------
Coordinates of the fitted metal site and RMSD
---------------------------------------------
   0.000   0.000   0.000   0.000
  -0.424  -0.406  -2.942   0.590
   0.029  -2.962   0.472   0.475
  -0.021   2.964  -0.464   0.466
   0.581   0.564   2.889   2.007
   2.958  -0.006  -0.502   0.504
  -2.972   0.034   0.406   0.409
--------------------
Total RMSD:   0.934
--------------------
