-----------------------------------------------
Coordinates of template with ideal con geometry
-----------------------------------------------
   0.000   0.000   0.000
   1.732   1.732   1.732
   0.000  -3.000   0.000
   0.000   3.000   0.000
  -3.000   0.000   0.000
   0.000   0.000   3.000
   3.000   0.000   0.000
---------------------------------------------
Coordinates of the fitted metal site and RMSD
---------------------------------------------
   0.000   0.000   0.000   0.000
   2.487   0.532   1.592   1.424
   0.383  -2.963   0.268   0.469
  -0.394   2.962  -0.268   0.478
  -2.590  -0.370  -1.468   1.568
  -1.564   0.075   2.559   1.627
   1.635  -0.018  -2.515   2.862
--------------------
Total RMSD:   1.621
--------------------
