-----------------------------------------------
Coordinates of template with ideal oct geometry
-----------------------------------------------
   0.000   0.000   0.000
   0.000  -3.000   0.000
   0.000   0.000  -3.000
   0.000   0.000   3.000
   0.000   3.000   0.000
  -3.000   0.000   0.000
   3.000   0.000   0.000
---------------------------------------------
Coordinates of the fitted metal site and RMSD
---------------------------------------------
   0.000   0.000   0.000   0.000
  -0.055  -2.999   0.071   0.090
   0.010  -0.005  -3.000   0.011
  -0.016   0.015   3.000   0.022
  -0.107   2.997   0.091   0.140
  -3.000  -0.019   0.035   0.040
   2.999  -0.072   0.009   0.072
--------------------
Total RMSD:   0.077
--------------------
