-----------------------------------------------
Coordinates of template with ideal con geometry
-----------------------------------------------
   0.000   0.000   0.000
   1.732   1.732   1.732
   0.000  -3.000   0.000
  -3.000   0.000   0.000
   3.000   0.000   0.000
   0.000   3.000   0.000
   0.000   0.000   3.000
---------------------------------------------
Coordinates of the fitted metal site and RMSD
---------------------------------------------
   0.000   0.000   0.000   0.000
   2.470   0.563   1.608   1.388
   0.415  -2.957   0.289   0.507
  -2.532  -0.475  -1.537   1.675
   1.653  -0.027  -2.503   2.843
  -0.237   2.981  -0.241   0.339
  -1.464   0.073   2.617   1.515
--------------------
Total RMSD:   1.606
--------------------
