-----------------------------------------------
Coordinates of template with ideal ctf geometry
-----------------------------------------------
   0.000   0.000   0.000
  -1.964   1.964  -1.134
   1.964   1.964  -1.134
   1.964   0.000   2.268
   0.000   0.000  -3.000
  -1.964  -1.964  -1.134
  -1.964   0.000   2.268
---------------------------------------------
Coordinates of the fitted metal site and RMSD
---------------------------------------------
   0.000   0.000   0.000   0.000
  -2.245   1.487  -1.322   0.584
   1.655   2.499   0.134   1.410
   2.159  -1.540   1.402   1.778
   1.165  -0.610  -2.696   1.350
  -1.760  -2.416  -0.262   1.003
  -1.333   0.717   2.590   1.008
--------------------
Total RMSD:   1.247
--------------------
