-----------------------------------------------
Coordinates of template with ideal ctn geometry
-----------------------------------------------
   0.000   0.000   0.000
   0.000   0.000  -3.000
   1.964  -1.964  -1.134
   1.964   0.000   2.268
  -1.964  -1.964  -1.134
  -1.964   1.964  -1.134
   1.964   1.964  -1.134
---------------------------------------------
Coordinates of the fitted metal site and RMSD
---------------------------------------------
   0.000   0.000   0.000   0.000
  -0.539   0.119  -2.949   0.554
   2.062  -2.142  -0.404   0.757
   0.545   0.009   2.950   1.575
  -2.114  -2.109   0.286   1.435
  -2.127   2.102   0.235   1.386
   2.065   2.116  -0.506   0.654
--------------------
Total RMSD:   1.138
--------------------
