-----------------------------------------------
Coordinates of template with ideal tpr geometry
-----------------------------------------------
   0.000   0.000   0.000
  -1.964  -1.964  -1.134
   1.964   0.000   2.268
   1.964   1.964  -1.134
  -1.964   0.000   2.268
  -1.964   1.964  -1.134
   1.964  -1.964  -1.134
---------------------------------------------
Coordinates of the fitted metal site and RMSD
---------------------------------------------
   0.000   0.000   0.000   0.000
  -1.744  -2.439  -0.090   1.168
   1.711  -1.230   2.136   1.263
   1.749   2.437  -0.039   1.212
  -1.774   1.173   2.116   1.198
  -1.842   1.106  -2.094   1.294
   1.636  -1.351  -2.121   1.207
--------------------
Total RMSD:   1.224
--------------------
