-----------------------------------------------
Coordinates of template with ideal tpv geometry
-----------------------------------------------
   0.000   0.000   0.000
  -1.964   0.000   2.268
   1.964   0.000   2.268
  -1.964  -1.964  -1.134
   1.964   1.964  -1.134
  -1.964   1.964  -1.134
---------------------------------------------
Coordinates of the fitted metal site and RMSD
---------------------------------------------
   0.000   0.000   0.000   0.000
  -1.187  -0.073   2.754   0.919
   0.388  -0.426   2.944   1.767
  -1.025  -2.510  -1.284   1.096
   1.817   1.144  -2.095   1.272
  -1.868   2.326  -0.319   0.897
--------------------
Total RMSD:   1.232
--------------------
