-----------------------------------------------
Coordinates of template with ideal tpv geometry
-----------------------------------------------
   0.000   0.000   0.000
   1.964   1.964  -1.134
  -1.964   0.000   2.268
  -1.964   1.964  -1.134
   1.964   0.000   2.268
  -1.964  -1.964  -1.134
---------------------------------------------
Coordinates of the fitted metal site and RMSD
---------------------------------------------
   0.000   0.000   0.000   0.000
   1.967   0.804  -2.118   1.521
  -2.008  -0.706   2.114   0.724
  -1.561   2.430  -0.812   0.695
   2.062   0.105   2.177   0.170
  -1.042  -2.261  -1.674   1.109
--------------------
Total RMSD:   0.957
--------------------
