-----------------------------------------------
Coordinates of template with ideal pva geometry
-----------------------------------------------
   0.000   0.000   0.000
   3.000   0.000   0.000
   0.000   0.000   3.000
   0.000   1.763  -2.427
   0.000  -2.853   0.927
   0.000  -1.763  -2.427
   0.000   2.853   0.927
---------------------------------------------
Coordinates of the fitted metal site and RMSD
---------------------------------------------
   0.000   0.000   0.000   0.000
   2.805  -0.615   0.868   1.082
  -0.751   0.551   2.852   0.943
  -2.768   0.701  -0.920   3.326
  -0.759  -2.882   0.347   0.956
   0.778  -0.561  -2.843   1.491
   0.786   2.870  -0.385   1.529
--------------------
Total RMSD:   1.760
--------------------
