-----------------------------------------------
Coordinates of template with ideal pvp geometry
-----------------------------------------------
   0.000   0.000   0.000
   0.000  -1.763  -2.427
  -3.000   0.000   0.000
   0.000   0.000   3.000
   0.000   1.763  -2.427
   3.000   0.000   0.000
   0.000  -2.853   0.927
---------------------------------------------
Coordinates of the fitted metal site and RMSD
---------------------------------------------
   0.000   0.000   0.000   0.000
   0.009  -1.395  -2.656   0.434
  -3.000   0.002  -0.023   0.023
   0.034   1.307   2.700   1.342
   0.022   2.664  -1.378   1.383
   3.000  -0.012  -0.006   0.014
   0.023  -2.672   1.364   0.473
--------------------
Total RMSD:   0.829
--------------------
