-----------------------------------------------
Coordinates of template with ideal cof geometry
-----------------------------------------------
   0.000   0.000   0.000
   0.000   3.000   0.000
  -3.000   0.000   0.000
   0.000   0.000  -3.000
   1.732   1.732   1.732
   3.000   0.000   0.000
   0.000  -3.000   0.000
---------------------------------------------
Coordinates of the fitted metal site and RMSD
---------------------------------------------
   0.000   0.000   0.000   0.000
  -1.007   2.692  -0.860   1.360
  -2.579  -0.278   1.508   1.590
   0.798   0.133  -2.889   0.817
   1.104   1.742   2.178   0.770
   2.841  -0.960   0.090   0.977
  -0.694  -2.880  -0.476   0.850
--------------------
Total RMSD:   1.104
--------------------
