-----------------------------------------------
Coordinates of template with ideal ctn geometry
-----------------------------------------------
   0.000   0.000   0.000
   1.964  -1.964  -1.134
   1.964   0.000   2.268
   0.000   0.000  -3.000
  -1.964  -1.964  -1.134
  -1.964   1.964  -1.134
   1.964   1.964  -1.134
---------------------------------------------
Coordinates of the fitted metal site and RMSD
---------------------------------------------
   0.000   0.000   0.000   0.000
   0.999  -2.713  -0.803   1.266
   1.548  -0.385   2.540   0.629
   0.680   0.357  -2.900   0.775
  -2.197  -1.749   1.055   2.212
  -2.411   1.455  -1.035   0.684
   1.144   2.736   0.454   1.947
--------------------
Total RMSD:   1.399
--------------------
