-----------------------------------------------
Coordinates of template with ideal tbp geometry
-----------------------------------------------
   0.000   0.000   0.000
   0.000   0.000   3.000
   3.000   0.000   0.000
  -3.000   0.000   0.000
   0.000   2.598  -1.500
   0.000  -2.598  -1.500
---------------------------------------------
Coordinates of the fitted metal site and RMSD
---------------------------------------------
   0.000   0.000   0.000   0.000
  -0.016   1.094   2.793   1.114
   2.969  -0.383   0.190   0.429
  -2.971  -0.372   0.181   0.414
  -0.032   2.625  -1.451   0.064
  -0.019  -1.918  -2.306   1.055
--------------------
Total RMSD:   0.737
--------------------
