-----------------------------------------------
Coordinates of template with ideal ctn geometry
-----------------------------------------------
   0.000   0.000   0.000
   1.964   0.000   2.268
  -1.964  -1.964  -1.134
   0.000   0.000  -3.000
   1.964  -1.964  -1.134
  -1.964   1.964  -1.134
   1.964   1.964  -1.134
---------------------------------------------
Coordinates of the fitted metal site and RMSD
---------------------------------------------
   0.000   0.000   0.000   0.000
   0.687  -0.032   2.920   1.434
  -2.096  -2.123   0.313   1.461
  -0.534  -0.011  -2.952   0.536
   2.103  -2.103  -0.394   0.766
  -2.108   2.120   0.248   1.398
   2.097   2.116  -0.354   0.806
--------------------
Total RMSD:   1.131
--------------------
