-----------------------------------------------
Coordinates of template with ideal oct geometry
-----------------------------------------------
   0.000   0.000   0.000
  -3.000   0.000   0.000
   0.000   0.000   3.000
   3.000   0.000   0.000
   0.000   3.000   0.000
   0.000  -3.000   0.000
   0.000   0.000  -3.000
---------------------------------------------
Coordinates of the fitted metal site and RMSD
---------------------------------------------
   0.000   0.000   0.000   0.000
  -2.996   0.132  -0.086   0.158
   0.067  -0.002   2.999   0.067
   3.000   0.010   0.007   0.012
   0.011   3.000  -0.020   0.023
   0.133  -2.997  -0.006   0.133
  -0.026   0.012  -3.000   0.029
--------------------
Total RMSD:   0.090
--------------------
