-----------------------------------------------
Coordinates of template with ideal pva geometry
-----------------------------------------------
   0.000   0.000   0.000
   0.000   0.000   3.000
   0.000  -1.763  -2.427
   3.000   0.000   0.000
   0.000  -2.853   0.927
   0.000   1.763  -2.427
   0.000   2.853   0.927
---------------------------------------------
Coordinates of the fitted metal site and RMSD
---------------------------------------------
   0.000   0.000   0.000   0.000
  -2.724  -0.034   1.257   3.234
  -0.723  -2.126  -1.989   0.920
   2.786  -0.010  -1.113   1.134
   0.808  -2.100   1.984   1.529
  -0.667   2.117  -2.018   0.858
   0.764   2.119   1.981   1.494
--------------------
Total RMSD:   1.727
--------------------
