-----------------------------------------------
Coordinates of template with ideal spy geometry
-----------------------------------------------
   0.000   0.000   0.000
   0.000   0.000   3.000
   0.000  -3.000   0.000
  -3.000   0.000   0.000
   0.000   3.000   0.000
   3.000   0.000   0.000
---------------------------------------------
Coordinates of the fitted metal site and RMSD
---------------------------------------------
   0.000   0.000   0.000   0.000
   0.001   0.037   3.000   0.037
   0.065  -2.681  -1.345   1.383
  -2.996  -0.003   0.147   0.147
   0.048   2.700  -1.307   1.342
   2.996  -0.020   0.148   0.149
--------------------
Total RMSD:   0.867
--------------------
