-----------------------------------------------
Coordinates of template with ideal tpv geometry
-----------------------------------------------
   0.000   0.000   0.000
  -1.964   0.000   2.268
   1.964   1.964  -1.134
   1.964   0.000   2.268
  -1.964  -1.964  -1.134
  -1.964   1.964  -1.134
---------------------------------------------
Coordinates of the fitted metal site and RMSD
---------------------------------------------
   0.000   0.000   0.000   0.000
  -1.486   0.750   2.496   0.918
   2.075   1.923  -0.998   0.180
   1.971  -1.406   1.772   1.491
  -0.867  -2.574  -1.273   1.264
  -2.102   1.502  -1.525   0.620
--------------------
Total RMSD:   1.008
--------------------
