-----------------------------------------------
Coordinates of template with ideal con geometry
-----------------------------------------------
   0.000   0.000   0.000
   3.000   0.000   0.000
   0.000  -3.000   0.000
  -3.000   0.000   0.000
   0.000   0.000   3.000
   1.732   1.732   1.732
   0.000   3.000   0.000
---------------------------------------------
Coordinates of the fitted metal site and RMSD
---------------------------------------------
   0.000   0.000   0.000   0.000
   1.595  -0.027  -2.541   2.904
   0.333  -2.970   0.258   0.422
  -2.527  -0.484  -1.543   1.685
  -1.540   0.064   2.574   1.599
   2.500   0.561   1.561   1.411
  -0.329   2.971  -0.255   0.417
--------------------
Total RMSD:   1.642
--------------------
