-----------------------------------------------
Coordinates of template with ideal ctf geometry
-----------------------------------------------
   0.000   0.000   0.000
  -1.964  -1.964  -1.134
   1.964   0.000   2.268
  -1.964   0.000   2.268
   1.964   1.964  -1.134
   0.000   0.000  -3.000
  -1.964   1.964  -1.134
---------------------------------------------
Coordinates of the fitted metal site and RMSD
---------------------------------------------
   0.000   0.000   0.000   0.000
  -1.677  -2.479  -0.208   1.098
   2.142  -1.550   1.417   1.777
  -1.213   0.636   2.669   1.062
   1.685   2.478   0.134   1.396
   1.173  -0.570  -2.702   1.338
  -2.140   1.550  -1.421   0.534
--------------------
Total RMSD:   1.259
--------------------
