-----------------------------------------------
Coordinates of template with ideal ctn geometry
-----------------------------------------------
   0.000   0.000   0.000
  -1.964   1.964  -1.134
   1.964   0.000   2.268
   1.964   1.964  -1.134
   1.964  -1.964  -1.134
  -1.964  -1.964  -1.134
   0.000   0.000  -3.000
---------------------------------------------
Coordinates of the fitted metal site and RMSD
---------------------------------------------
   0.000   0.000   0.000   0.000
  -2.106   2.104   0.370   1.517
   0.568   0.029   2.946   1.552
   2.096   2.116  -0.357   0.802
   2.053  -2.153  -0.388   0.774
  -2.088  -2.136   0.277   1.427
  -0.570  -0.033  -2.945   0.574
--------------------
Total RMSD:   1.178
--------------------
