-----------------------------------------------
Coordinates of template with ideal oct geometry
-----------------------------------------------
   0.000   0.000   0.000
   0.000   0.000   3.000
   0.000   3.000   0.000
  -3.000   0.000   0.000
   0.000   0.000  -3.000
   3.000   0.000   0.000
   0.000  -3.000   0.000
---------------------------------------------
Coordinates of the fitted metal site and RMSD
---------------------------------------------
   0.000   0.000   0.000   0.000
   0.026  -0.014   3.000   0.029
  -0.051   3.000  -0.001   0.051
  -3.000   0.015  -0.006   0.016
   0.043  -0.013  -3.000   0.045
   2.998  -0.093  -0.024   0.096
   0.056  -2.999  -0.000   0.056
--------------------
Total RMSD:   0.055
--------------------
