-----------------------------------------------
Coordinates of template with ideal pva geometry
-----------------------------------------------
   0.000   0.000   0.000
   0.000   2.853   0.927
   0.000   0.000   3.000
   3.000   0.000   0.000
   0.000  -2.853   0.927
   0.000  -1.763  -2.427
   0.000   1.763  -2.427
---------------------------------------------
Coordinates of the fitted metal site and RMSD
---------------------------------------------
   0.000   0.000   0.000   0.000
  -0.780   2.879   0.322   0.987
  -0.731  -0.534   2.860   0.916
   2.793   0.623   0.900   1.114
   0.723  -2.888  -0.368   1.484
  -2.764  -0.637  -0.976   3.318
   0.727   0.532  -2.862   1.495
--------------------
Total RMSD:   1.756
--------------------
