-----------------------------------------------
Coordinates of template with ideal ctp geometry
-----------------------------------------------
   0.000   0.000   0.000
  -1.964   0.000   2.268
  -1.964   1.964  -1.134
   1.964   1.964  -1.134
   1.964   0.000   2.268
   1.964  -1.964  -1.134
   0.000   0.000  -3.000
  -1.964  -1.964  -1.134
---------------------------------------------
Coordinates of the fitted metal site and RMSD
---------------------------------------------
   0.000   0.000   0.000   0.000
  -0.634  -0.629   2.864   1.587
  -2.042   2.159  -0.410   0.754
   2.382   1.816   0.174   1.381
   0.389   0.125   2.972   1.730
   1.998  -2.028  -0.944   0.203
   0.096  -0.596  -2.939   0.606
  -2.131  -2.090   0.298   1.447
--------------------
Total RMSD:   1.224
--------------------
