-----------------------------------------------
Coordinates of template with ideal pbp geometry
-----------------------------------------------
   0.000   0.000   0.000
   0.000  -1.763  -2.427
   3.000   0.000   0.000
   0.000   2.853   0.927
   0.000   1.763  -2.427
  -3.000   0.000   0.000
   0.000   0.000   3.000
   0.000  -2.853   0.927
---------------------------------------------
Coordinates of the fitted metal site and RMSD
---------------------------------------------
   0.000   0.000   0.000   0.000
  -0.024  -0.884  -2.867   0.984
   2.968  -0.071   0.428   0.435
  -0.247   2.985  -0.167   1.129
  -0.149   0.381  -2.972   1.493
  -2.851   0.122   0.927   0.946
  -0.525  -0.336   2.935   0.627
  -0.122  -2.982  -0.308   1.247
--------------------
Total RMSD:   1.036
--------------------
