-----------------------------------------------
Coordinates of template with ideal oct geometry
-----------------------------------------------
   0.000   0.000   0.000
   0.000  -3.000   0.000
   0.000   3.000   0.000
   0.000   0.000  -3.000
  -3.000   0.000   0.000
   3.000   0.000   0.000
   0.000   0.000   3.000
---------------------------------------------
Coordinates of the fitted metal site and RMSD
---------------------------------------------
   0.000   0.000   0.000   0.000
  -0.135  -2.996  -0.086   0.160
  -0.077   2.999  -0.024   0.080
   0.167  -0.069  -2.995   0.181
  -2.998   0.057   0.084   0.101
   2.996   0.115   0.095   0.149
   0.178  -0.008   2.995   0.178
--------------------
Total RMSD:   0.147
--------------------
