-----------------------------------------------
Coordinates of template with ideal ctn geometry
-----------------------------------------------
   0.000   0.000   0.000
   1.964  -1.964  -1.134
   1.964   1.964  -1.134
  -1.964  -1.964  -1.134
   1.964   0.000   2.268
  -1.964   1.964  -1.134
   0.000   0.000  -3.000
---------------------------------------------
Coordinates of the fitted metal site and RMSD
---------------------------------------------
   0.000   0.000   0.000   0.000
   2.079  -2.115  -0.455   0.705
   2.115   2.084  -0.428   0.732
  -2.052  -2.165   0.322   1.473
   0.587  -0.031   2.942   1.533
  -2.101   2.116   0.328   1.476
  -0.494  -0.014  -2.959   0.496
--------------------
Total RMSD:   1.153
--------------------
