-----------------------------------------------
Coordinates of template with ideal pva geometry
-----------------------------------------------
   0.000   0.000   0.000
   3.000   0.000   0.000
   0.000   0.000   3.000
   0.000  -1.763  -2.427
   0.000  -2.853   0.927
   0.000   1.763  -2.427
   0.000   2.853   0.927
---------------------------------------------
Coordinates of the fitted metal site and RMSD
---------------------------------------------
   0.000   0.000   0.000   0.000
   2.803  -0.600   0.884   1.086
  -0.705   0.603   2.853   0.940
   0.837  -0.540  -2.830   1.536
  -0.758  -2.876   0.392   0.928
  -2.770   0.723  -0.898   3.330
   0.840   2.861  -0.329   1.511
--------------------
Total RMSD:   1.763
--------------------
