-----------------------------------------------
Coordinates of template with ideal tpr geometry
-----------------------------------------------
   0.000   0.000   0.000
   1.964  -1.964  -1.134
   1.964   0.000   2.268
  -1.964  -1.964  -1.134
  -1.964   0.000   2.268
  -1.964   1.964  -1.134
   1.964   1.964  -1.134
---------------------------------------------
Coordinates of the fitted metal site and RMSD
---------------------------------------------
   0.000   0.000   0.000   0.000
   1.768  -2.424  -0.025   1.216
   1.792   1.209   2.080   1.236
  -1.672  -1.266  -2.145   1.263
  -1.697  -1.239   2.142   1.273
  -1.693   2.476  -0.065   1.216
   1.774   1.172  -2.116   1.276
--------------------
Total RMSD:   1.247
--------------------
