-----------------------------------------------
Coordinates of template with ideal pvp geometry
-----------------------------------------------
   0.000   0.000   0.000
  -3.000   0.000   0.000
   3.000   0.000   0.000
   0.000   1.763  -2.427
   0.000  -2.853   0.927
   0.000  -1.763  -2.427
   0.000   0.000   3.000
---------------------------------------------
Coordinates of the fitted metal site and RMSD
---------------------------------------------
   0.000   0.000   0.000   0.000
  -2.995  -0.147   0.084   0.169
   2.999   0.060   0.023   0.065
  -0.031   2.592  -1.510   1.236
  -0.261  -2.744   1.185   0.383
   0.039  -1.434  -2.635   0.391
   0.025   1.319   2.695   1.354
--------------------
Total RMSD:   0.785
--------------------
