-----------------------------------------------
Coordinates of template with ideal cof geometry
-----------------------------------------------
   0.000   0.000   0.000
   0.000   3.000   0.000
   0.000   0.000  -3.000
   1.732   1.732   1.732
  -3.000   0.000   0.000
   0.000  -3.000   0.000
   3.000   0.000   0.000
---------------------------------------------
Coordinates of the fitted metal site and RMSD
---------------------------------------------
   0.000   0.000   0.000   0.000
   0.014   2.962  -0.475   0.476
  -0.396  -0.475  -2.935   0.622
   0.606   0.472   2.900   2.054
  -2.963   0.015   0.469   0.471
   0.170  -2.961   0.452   0.484
   2.964  -0.064  -0.459   0.465
--------------------
Total RMSD:   0.958
--------------------
