-----------------------------------------------
Coordinates of template with ideal pva geometry
-----------------------------------------------
   0.000   0.000   0.000
   0.000  -2.853   0.927
   3.000   0.000   0.000
   0.000  -1.763  -2.427
   0.000   0.000   3.000
   0.000   2.853   0.927
   0.000   1.763  -2.427
---------------------------------------------
Coordinates of the fitted metal site and RMSD
---------------------------------------------
   0.000   0.000   0.000   0.000
   0.771  -2.872  -0.394   1.530
   2.811   0.648   0.825   1.066
  -2.753  -0.609  -1.026   3.298
  -0.789  -0.525   2.846   0.961
  -0.727   2.902   0.216   1.019
   0.774   0.573  -2.841   1.479
--------------------
Total RMSD:   1.756
--------------------
