-----------------------------------------------
Coordinates of template with ideal pvp geometry
-----------------------------------------------
   0.000   0.000   0.000
  -3.000   0.000   0.000
   0.000  -2.853   0.927
   0.000   1.763  -2.427
   0.000   0.000   3.000
   3.000   0.000   0.000
   0.000  -1.763  -2.427
---------------------------------------------
Coordinates of the fitted metal site and RMSD
---------------------------------------------
   0.000   0.000   0.000   0.000
  -2.999  -0.025  -0.067   0.071
   0.001  -2.711   1.285   0.386
   0.001   2.613  -1.474   1.276
   0.003   1.349   2.680   1.386
   2.998  -0.053  -0.102   0.115
   0.047  -1.346  -2.680   0.490
--------------------
Total RMSD:   0.812
--------------------
