-----------------------------------------------
Coordinates of template with ideal tbp geometry
-----------------------------------------------
   0.000   0.000   0.000
   0.000  -2.598  -1.500
  -3.000   0.000   0.000
   0.000   0.000   3.000
   3.000   0.000   0.000
   0.000   2.598  -1.500
---------------------------------------------
Coordinates of the fitted metal site and RMSD
---------------------------------------------
   0.000   0.000   0.000   0.000
   0.020  -2.517  -1.633   0.157
  -2.994   0.195   0.028   0.197
   0.061   2.326   1.893   2.577
   2.985  -0.141   0.263   0.299
  -0.369   2.850   0.861   2.402
--------------------
Total RMSD:   1.585
--------------------
