-----------------------------------------------
Coordinates of template with ideal tpv geometry
-----------------------------------------------
   0.000   0.000   0.000
   1.964   0.000   2.268
  -1.964   0.000   2.268
  -1.964   1.964  -1.134
   1.964   1.964  -1.134
  -1.964  -1.964  -1.134
---------------------------------------------
Coordinates of the fitted metal site and RMSD
---------------------------------------------
   0.000   0.000   0.000   0.000
   2.261  -0.268   1.954   0.508
  -2.066  -0.959   1.953   1.015
  -2.238   0.596  -1.907   1.595
   1.879   1.180  -2.019   1.186
  -2.271  -0.637  -1.854   1.540
--------------------
Total RMSD:   1.234
--------------------
