-----------------------------------------------
Coordinates of template with ideal btt geometry
-----------------------------------------------
   0.000   0.000   0.000
   1.964   1.964  -1.134
  -1.964   0.000   2.268
  -1.964   1.964  -1.134
   1.964   0.000   2.268
  -3.000   0.000   0.000
  -1.964  -1.964  -1.134
   3.000   0.000   0.000
   1.964  -1.964  -1.134
---------------------------------------------
Coordinates of the fitted metal site and RMSD
---------------------------------------------
   0.000   0.000   0.000   0.000
   1.037   2.571  -1.147   1.107
  -2.831   0.860   0.497   2.151
  -2.735   1.053  -0.642   1.291
   0.460   0.374   2.941   1.689
  -2.967  -0.393  -0.205   0.445
  -2.397  -1.799  -0.134   1.102
   2.526  -1.578  -0.358   1.686
   0.793  -1.114  -2.670   2.110
--------------------
Total RMSD:   1.544
--------------------
