-----------------------------------------------
Coordinates of template with ideal ctf geometry
-----------------------------------------------
   0.000   0.000   0.000
   0.000   0.000  -3.000
  -1.964   1.964  -1.134
  -1.964  -1.964  -1.134
   1.964   1.964  -1.134
  -1.964   0.000   2.268
   1.964   0.000   2.268
---------------------------------------------
Coordinates of the fitted metal site and RMSD
---------------------------------------------
   0.000   0.000   0.000   0.000
   0.086   1.965  -2.265   2.100
  -1.168   1.340  -2.417   1.634
  -1.312  -2.596  -0.732   0.993
   1.289   2.188  -1.597   0.849
  -2.112   1.118   1.814   1.215
   2.543  -0.894   1.317   1.428
--------------------
Total RMSD:   1.432
--------------------
