-----------------------------------------------
Coordinates of template with ideal pva geometry
-----------------------------------------------
   0.000   0.000   0.000
   0.000  -1.763  -2.427
   0.000   1.763  -2.427
   0.000   2.853   0.927
   0.000  -2.853   0.927
   3.000   0.000   0.000
   0.000   0.000   3.000
---------------------------------------------
Coordinates of the fitted metal site and RMSD
---------------------------------------------
   0.000   0.000   0.000   0.000
  -0.840  -1.587  -2.403   0.859
  -0.486  -0.334  -2.942   2.214
  -0.835   2.879  -0.130   1.347
  -0.966  -2.497  -1.354   2.503
   2.957   0.334  -0.382   0.509
  -0.899  -0.825   2.741   1.247
--------------------
Total RMSD:   1.609
--------------------
