-----------------------------------------------
Coordinates of template with ideal pvp geometry
-----------------------------------------------
   0.000   0.000   0.000
   0.000  -2.853   0.927
   0.000  -1.763  -2.427
  -3.000   0.000   0.000
   3.000   0.000   0.000
   0.000   1.763  -2.427
   0.000   0.000   3.000
---------------------------------------------
Coordinates of the fitted metal site and RMSD
---------------------------------------------
   0.000   0.000   0.000   0.000
   1.542  -2.398  -0.933   2.459
   0.439  -2.352  -1.810   0.959
  -2.973  -0.376  -0.137   0.401
   2.321  -1.897   0.108   2.018
   0.345   1.967  -2.239   0.443
   0.404   1.065   2.775   1.161
--------------------
Total RMSD:   1.457
--------------------
