-----------------------------------------------
Coordinates of template with ideal tpr geometry
-----------------------------------------------
   0.000   0.000   0.000
   1.964  -1.964  -1.134
   1.964   0.000   2.268
  -1.964   0.000   2.268
   1.964   1.964  -1.134
  -1.964  -1.964  -1.134
  -1.964   1.964  -1.134
---------------------------------------------
Coordinates of the fitted metal site and RMSD
---------------------------------------------
   0.000   0.000   0.000   0.000
   2.986  -0.288   0.021   2.277
   2.564  -1.141   1.060   1.767
  -1.212  -0.020   2.744   0.890
   2.752   0.584  -1.041   1.592
  -0.953  -2.673  -0.972   1.246
  -1.274   2.403  -1.266   0.829
--------------------
Total RMSD:   1.521
--------------------
