-----------------------------------------------
Coordinates of template with ideal cof geometry
-----------------------------------------------
   0.000   0.000   0.000
   0.000  -3.000   0.000
   1.732   1.732   1.732
   3.000   0.000   0.000
  -3.000   0.000   0.000
   0.000   3.000   0.000
   0.000   0.000  -3.000
---------------------------------------------
Coordinates of the fitted metal site and RMSD
---------------------------------------------
   0.000   0.000   0.000   0.000
   0.034  -2.970   0.425   0.427
   0.598   0.544   2.889   2.009
   2.964  -0.115  -0.451   0.467
  -2.972  -0.069   0.406   0.413
  -0.043   2.951  -0.540   0.543
  -0.466  -0.389  -2.938   0.610
--------------------
Total RMSD:   0.938
--------------------
