-----------------------------------------------
Coordinates of template with ideal con geometry
-----------------------------------------------
   0.000   0.000   0.000
   0.000   3.000   0.000
   3.000   0.000   0.000
   1.732   1.732   1.732
  -3.000   0.000   0.000
   0.000  -3.000   0.000
   0.000   0.000   3.000
---------------------------------------------
Coordinates of the fitted metal site and RMSD
---------------------------------------------
   0.000   0.000   0.000   0.000
  -0.428   2.959  -0.247   0.496
   1.692  -0.087  -2.476   2.802
   2.514   0.577   1.533   1.409
  -2.575  -0.403  -1.486   1.597
   0.375  -2.956   0.351   0.516
  -1.557  -0.047   2.564   1.617
--------------------
Total RMSD:   1.608
--------------------
