-----------------------------------------------
Coordinates of template with ideal pva geometry
-----------------------------------------------
   0.000   0.000   0.000
   0.000  -1.763  -2.427
   0.000   0.000   3.000
   0.000  -2.853   0.927
   0.000   1.763  -2.427
   0.000   2.853   0.927
   3.000   0.000   0.000
---------------------------------------------
Coordinates of the fitted metal site and RMSD
---------------------------------------------
   0.000   0.000   0.000   0.000
  -0.729  -2.124  -1.989   0.924
  -2.731  -0.051   1.241   3.249
   0.763  -2.176   1.919   1.422
  -0.739   2.052  -2.060   0.874
   0.840   2.118   1.952   1.515
   2.810   0.067  -1.048   1.067
--------------------
Total RMSD:   1.714
--------------------
