-----------------------------------------------
Coordinates of template with ideal tpr geometry
-----------------------------------------------
   0.000   0.000   0.000
  -1.964  -1.964  -1.134
  -1.964   1.964  -1.134
  -1.964   0.000   2.268
   1.964  -1.964  -1.134
   1.964   1.964  -1.134
   1.964   0.000   2.268
---------------------------------------------
Coordinates of the fitted metal site and RMSD
---------------------------------------------
   0.000   0.000   0.000   0.000
  -1.695  -2.475   0.041   1.309
  -1.769   1.327  -2.027   1.114
  -1.786   1.156   2.115   1.180
   1.728  -1.329  -2.061   1.149
   1.756   2.432   0.049   1.289
   1.783  -1.142   2.125   1.165
--------------------
Total RMSD:   1.203
--------------------
