-----------------------------------------------
Coordinates of template with ideal tbp geometry
-----------------------------------------------
   0.000   0.000   0.000
   3.000   0.000   0.000
   0.000   0.000   3.000
   0.000  -2.598  -1.500
  -3.000   0.000   0.000
   0.000   2.598  -1.500
---------------------------------------------
Coordinates of the fitted metal site and RMSD
---------------------------------------------
   0.000   0.000   0.000   0.000
   2.986   0.258   0.122   0.286
  -0.065  -1.251   2.726   1.282
  -0.005  -2.642  -1.422   0.090
  -2.985   0.221   0.204   0.301
   0.038   1.815  -2.389   1.185
--------------------
Total RMSD:   0.804
--------------------
