-----------------------------------------------
Coordinates of template with ideal tpv geometry
-----------------------------------------------
   0.000   0.000   0.000
  -1.964   0.000   2.268
  -1.964   1.964  -1.134
  -1.964  -1.964  -1.134
   1.964   1.964  -1.134
   1.964   0.000   2.268
---------------------------------------------
Coordinates of the fitted metal site and RMSD
---------------------------------------------
   0.000   0.000   0.000   0.000
  -1.961  -0.409   2.234   0.410
  -1.950   1.738  -1.475   0.410
  -0.767  -2.473  -1.515   1.356
   2.066   0.915  -1.973   1.347
   2.116  -1.176   1.772   1.285
--------------------
Total RMSD:   1.062
--------------------
