-----------------------------------------------
Coordinates of template with ideal tpv geometry
-----------------------------------------------
   0.000   0.000   0.000
   1.964   1.964  -1.134
  -1.964   1.964  -1.134
   1.964   0.000   2.268
  -1.964   0.000   2.268
  -1.964  -1.964  -1.134
---------------------------------------------
Coordinates of the fitted metal site and RMSD
---------------------------------------------
   0.000   0.000   0.000   0.000
   2.157   1.030  -1.813   1.170
  -1.964   1.829  -1.340   0.246
   2.111  -1.020   1.872   1.104
  -1.938  -0.303   2.270   0.304
  -0.806  -2.514  -1.425   1.315
--------------------
Total RMSD:   0.945
--------------------
