-----------------------------------------------
Coordinates of template with ideal con geometry
-----------------------------------------------
   0.000   0.000   0.000
   1.732   1.732   1.732
   3.000   0.000   0.000
   0.000  -3.000   0.000
   0.000   3.000   0.000
  -3.000   0.000   0.000
   0.000   0.000   3.000
---------------------------------------------
Coordinates of the fitted metal site and RMSD
---------------------------------------------
   0.000   0.000   0.000   0.000
   0.548   2.508   1.551   1.427
   2.973  -0.316  -0.249   0.404
  -0.450  -2.571  -1.479   1.605
  -0.009   1.644  -2.510   2.853
  -2.961   0.375   0.301   0.482
   0.029  -1.583   2.548   1.646
--------------------
Total RMSD:   1.626
--------------------
