-----------------------------------------------
Coordinates of template with ideal tpr geometry
-----------------------------------------------
   0.000   0.000   0.000
  -1.964  -1.964  -1.134
  -1.964   0.000   2.268
   1.964   0.000   2.268
  -1.964   1.964  -1.134
   1.964   1.964  -1.134
   1.964  -1.964  -1.134
---------------------------------------------
Coordinates of the fitted metal site and RMSD
---------------------------------------------
   0.000   0.000   0.000   0.000
  -1.776  -1.254  -2.067   1.188
  -1.778  -1.251   2.068   1.280
   1.773   1.136   2.137   1.159
  -1.785   2.411  -0.038   1.197
   1.740   1.209  -2.124   1.265
   1.738  -2.445  -0.008   1.245
--------------------
Total RMSD:   1.223
--------------------
