-----------------------------------------------
Coordinates of template with ideal cuv geometry
-----------------------------------------------
   0.000   0.000   0.000
   1.732  -1.732   1.732
  -1.732   1.732   1.732
  -1.732   1.732  -1.732
   1.732  -1.732  -1.732
  -1.732  -1.732  -1.732
  -1.732  -1.732   1.732
   1.732   1.732   1.732
---------------------------------------------
Coordinates of the fitted metal site and RMSD
---------------------------------------------
   0.000   0.000   0.000   0.000
   1.099  -1.948   2.000   0.720
  -2.083   1.265   1.749   0.585
  -0.451   2.145  -2.048   1.383
   2.098  -1.422  -1.604   0.496
  -2.076  -1.790  -1.218   0.622
  -0.333  -2.165   2.050   1.498
   2.120   1.622   1.369   0.542
--------------------
Total RMSD:   0.922
--------------------
