-----------------------------------------------
Coordinates of template with ideal sav geometry
-----------------------------------------------
   0.000   0.000   0.000
   2.449   0.000   1.732
  -1.732   1.732  -1.732
  -1.732  -1.732  -1.732
   0.000  -2.449   1.732
  -2.449   0.000   1.732
   0.000   2.449   1.732
   1.732  -1.732  -1.732
---------------------------------------------
Coordinates of the fitted metal site and RMSD
---------------------------------------------
   0.000   0.000   0.000   0.000
   2.203   1.185   1.656   1.212
  -0.578   2.400  -1.705   1.333
  -1.740  -1.663  -1.790   0.091
   0.688  -2.270   1.836   0.719
  -2.292   0.702   1.804   0.723
   1.134   2.159   1.748   1.170
   2.428  -0.584  -1.662   1.345
--------------------
Total RMSD:   1.033
--------------------
