-----------------------------------------------
Coordinates of template with ideal cof geometry
-----------------------------------------------
   0.000   0.000   0.000
   0.000  -3.000   0.000
   1.732   1.732   1.732
  -3.000   0.000   0.000
   3.000   0.000   0.000
   0.000   3.000   0.000
   0.000   0.000  -3.000
---------------------------------------------
Coordinates of the fitted metal site and RMSD
---------------------------------------------
   0.000   0.000   0.000   0.000
  -0.040  -2.973   0.397   0.400
   0.536   0.576   2.895   2.030
  -2.969  -0.027   0.427   0.429
   2.972  -0.065  -0.406   0.412
  -0.055   2.963  -0.468   0.473
  -0.529  -0.473  -2.915   0.715
--------------------
Total RMSD:   0.946
--------------------
