-----------------------------------------------
Coordinates of template with ideal ctf geometry
-----------------------------------------------
   0.000   0.000   0.000
   0.000   0.000  -3.000
   1.964   0.000   2.268
  -1.964  -1.964  -1.134
   1.964   1.964  -1.134
  -1.964   0.000   2.268
  -1.964   1.964  -1.134
---------------------------------------------
Coordinates of the fitted metal site and RMSD
---------------------------------------------
   0.000   0.000   0.000   0.000
   1.120  -0.635  -2.710   1.320
   2.153  -1.497   1.457   1.713
  -1.702  -2.457  -0.263   1.034
   1.745   2.433   0.182   1.414
  -1.229   0.613   2.667   1.037
  -2.193   1.527  -1.364   0.545
--------------------
Total RMSD:   1.233
--------------------
