-----------------------------------------------
Coordinates of template with ideal ctp geometry
-----------------------------------------------
   0.000   0.000   0.000
  -1.964   1.964  -1.134
   1.964  -1.964  -1.134
  -1.964  -1.964  -1.134
   1.964   1.964  -1.134
  -1.964   0.000   2.268
   1.964   0.000   2.268
   0.000   0.000  -3.000
---------------------------------------------
Coordinates of the fitted metal site and RMSD
---------------------------------------------
   0.000   0.000   0.000   0.000
  -2.271   1.147  -1.589   0.984
   0.888  -1.633  -2.355   1.661
  -1.700  -2.452  -0.312   0.992
   1.578   2.524  -0.374   1.020
  -1.802   0.889   2.228   0.904
   1.916  -1.190   1.978   1.226
   1.362  -0.532  -2.620   1.511
--------------------
Total RMSD:   1.216
--------------------
