-----------------------------------------------
Coordinates of template with ideal pbp geometry
-----------------------------------------------
   0.000   0.000   0.000
  -3.000   0.000   0.000
   0.000  -2.853   0.927
   0.000   0.000   3.000
   0.000   1.763  -2.427
   0.000   2.853   0.927
   3.000   0.000   0.000
   0.000  -1.763  -2.427
---------------------------------------------
Coordinates of the fitted metal site and RMSD
---------------------------------------------
   0.000   0.000   0.000   0.000
  -2.987   0.175   0.222   0.283
  -0.135  -2.994  -0.126   1.071
  -0.383  -1.176   2.733   1.265
  -0.141   0.742  -2.903   1.135
  -0.277   2.733   1.206   0.411
   2.990   0.197   0.154   0.250
  -0.406  -2.682  -1.281   1.524
--------------------
Total RMSD:   0.976
--------------------
