-----------------------------------------------
Coordinates of template with ideal sav geometry
-----------------------------------------------
   0.000   0.000   0.000
   0.000  -2.449   1.732
   0.000   2.449   1.732
  -2.449   0.000   1.732
   1.732  -1.732  -1.732
  -1.732  -1.732  -1.732
  -1.732   1.732  -1.732
   2.449   0.000   1.732
---------------------------------------------
Coordinates of the fitted metal site and RMSD
---------------------------------------------
   0.000   0.000   0.000   0.000
   0.252  -2.425   1.748   0.254
   1.060   1.752   2.192   1.350
  -2.131   0.601   2.024   0.740
   2.514  -0.750  -1.456   1.286
  -1.920  -1.845  -1.382   0.413
  -0.718   2.219  -1.887   1.135
   2.093   1.276   1.730   1.325
--------------------
Total RMSD:   1.021
--------------------
