-----------------------------------------------
Coordinates of template with ideal spy geometry
-----------------------------------------------
   0.000   0.000   0.000
   0.000  -3.000   0.000
   3.000   0.000   0.000
  -3.000   0.000   0.000
   0.000   0.000   3.000
   0.000   3.000   0.000
---------------------------------------------
Coordinates of the fitted metal site and RMSD
---------------------------------------------
   0.000   0.000   0.000   0.000
  -0.001  -2.991  -0.235   0.236
   2.979   0.009  -0.357   0.358
  -2.974  -0.001  -0.396   0.397
   0.039  -0.056   2.999   0.069
   0.009   2.986  -0.292   0.292
--------------------
Total RMSD:   0.294
--------------------
