-----------------------------------------------
Coordinates of template with ideal cof geometry
-----------------------------------------------
   0.000   0.000   0.000
   1.732   1.732   1.732
   3.000   0.000   0.000
   0.000   3.000   0.000
  -3.000   0.000   0.000
   0.000  -3.000   0.000
   0.000   0.000  -3.000
---------------------------------------------
Coordinates of the fitted metal site and RMSD
---------------------------------------------
   0.000   0.000   0.000   0.000
   1.682   1.749   1.764   0.062
   2.996  -0.140   0.051   0.149
   0.431   2.503   1.597   1.727
  -2.987  -0.176   0.220   0.282
   0.356  -2.689   1.282   1.367
   0.121  -0.323  -2.980   0.346
--------------------
Total RMSD:   0.920
--------------------
