-----------------------------------------------
Coordinates of template with ideal ctf geometry
-----------------------------------------------
   0.000   0.000   0.000
   0.000   0.000  -3.000
   1.964   1.964  -1.134
  -1.964  -1.964  -1.134
  -1.964   0.000   2.268
  -1.964   1.964  -1.134
   1.964   0.000   2.268
---------------------------------------------
Coordinates of the fitted metal site and RMSD
---------------------------------------------
   0.000   0.000   0.000   0.000
  -0.015  -0.967  -2.840   0.981
   1.844   1.089  -2.101   1.310
  -0.573  -2.092  -2.073   1.683
  -2.089  -0.765   2.013   0.816
  -1.139   2.761  -0.286   1.426
   2.291   0.092   1.935   0.475
--------------------
Total RMSD:   1.186
--------------------
