-----------------------------------------------
Coordinates of template with ideal ctn geometry
-----------------------------------------------
   0.000   0.000   0.000
   0.000   0.000  -3.000
   1.964   1.964  -1.134
   1.964  -1.964  -1.134
  -1.964  -1.964  -1.134
  -1.964   1.964  -1.134
   1.964   0.000   2.268
---------------------------------------------
Coordinates of the fitted metal site and RMSD
---------------------------------------------
   0.000   0.000   0.000   0.000
   1.528  -0.117  -2.579   1.589
   1.864   2.177  -0.888   0.340
   1.253  -1.526  -2.259   1.401
  -2.167  -1.946   0.721   1.866
  -1.994   2.169  -0.566   0.605
   1.053   0.354   2.787   1.107
--------------------
Total RMSD:   1.270
--------------------
