-----------------------------------------------
Coordinates of template with ideal oct geometry
-----------------------------------------------
   0.000   0.000   0.000
   0.000   3.000   0.000
   0.000   0.000  -3.000
  -3.000   0.000   0.000
   0.000   0.000   3.000
   3.000   0.000   0.000
   0.000  -3.000   0.000
---------------------------------------------
Coordinates of the fitted metal site and RMSD
---------------------------------------------
   0.000   0.000   0.000   0.000
  -1.394   2.278  -1.366   2.081
   0.195   0.493  -2.953   0.532
  -2.186   2.049  -0.148   2.209
   0.163  -0.283   2.982   0.327
   2.874   0.843  -0.180   0.871
  -0.188  -2.935  -0.590   0.623
--------------------
Total RMSD:   1.338
--------------------
