-----------------------------------------------
Coordinates of template with ideal pva geometry
-----------------------------------------------
   0.000   0.000   0.000
   0.000  -1.763  -2.427
   0.000  -2.853   0.927
   0.000   1.763  -2.427
   0.000   2.853   0.927
   3.000   0.000   0.000
   0.000   0.000   3.000
---------------------------------------------
Coordinates of the fitted metal site and RMSD
---------------------------------------------
   0.000   0.000   0.000   0.000
  -0.534  -1.334  -2.634   0.716
   0.173  -2.970  -0.385   1.329
  -1.274  -0.066  -2.715   2.247
   0.239   2.973   0.323   0.660
   2.963  -0.372   0.287   0.472
  -1.302  -0.507   2.655   1.440
--------------------
Total RMSD:   1.295
--------------------
