-----------------------------------------------
Coordinates of template with ideal tpr geometry
-----------------------------------------------
   0.000   0.000   0.000
   1.964  -1.964  -1.134
   1.964   0.000   2.268
  -1.964  -1.964  -1.134
  -1.964   1.964  -1.134
   1.964   1.964  -1.134
  -1.964   0.000   2.268
---------------------------------------------
Coordinates of the fitted metal site and RMSD
---------------------------------------------
   0.000   0.000   0.000   0.000
   1.328  -2.529  -0.915   0.878
   2.310  -1.244   1.455   1.526
  -0.024  -2.605  -1.488   2.073
  -2.026   1.484  -1.641   0.701
   2.117   2.047  -0.574   0.587
  -1.239   0.607   2.664   1.025
--------------------
Total RMSD:   1.244
--------------------
