-----------------------------------------------
Coordinates of template with ideal ctf geometry
-----------------------------------------------
   0.000   0.000   0.000
  -1.964   1.964  -1.134
   1.964   0.000   2.268
  -1.964  -1.964  -1.134
   1.964   1.964  -1.134
   0.000   0.000  -3.000
  -1.964   0.000   2.268
---------------------------------------------
Coordinates of the fitted metal site and RMSD
---------------------------------------------
   0.000   0.000   0.000   0.000
  -2.126   1.654  -1.321   0.397
   2.164  -1.466   1.472   1.680
  -1.714  -2.454  -0.201   1.083
   1.668   2.489   0.140   1.409
   1.199  -0.676  -2.666   1.417
  -1.257   0.567   2.664   0.989
--------------------
Total RMSD:   1.233
--------------------
