-----------------------------------------------
Coordinates of template with ideal oct geometry
-----------------------------------------------
   0.000   0.000   0.000
  -3.000   0.000   0.000
   3.000   0.000   0.000
   0.000   0.000  -3.000
   0.000   0.000   3.000
   0.000   3.000   0.000
   0.000  -3.000   0.000
---------------------------------------------
Coordinates of the fitted metal site and RMSD
---------------------------------------------
   0.000   0.000   0.000   0.000
  -2.998  -0.060   0.091   0.109
   2.997  -0.099   0.095   0.137
  -0.042  -0.000  -3.000   0.042
  -0.038   0.028   3.000   0.047
  -0.012   3.000  -0.047   0.049
   0.027  -2.999  -0.076   0.080
--------------------
Total RMSD:   0.085
--------------------
