-----------------------------------------------
Coordinates of template with ideal tpr geometry
-----------------------------------------------
   0.000   0.000   0.000
  -1.964  -1.964  -1.134
   1.964   1.964  -1.134
  -1.964   0.000   2.268
   1.964  -1.964  -1.134
   1.964   0.000   2.268
  -1.964   1.964  -1.134
---------------------------------------------
Coordinates of the fitted metal site and RMSD
---------------------------------------------
   0.000   0.000   0.000   0.000
  -1.714  -2.460  -0.099   1.175
   1.728   2.448  -0.144   1.127
  -1.753   1.196   2.121   1.223
   1.723  -1.272  -2.101   1.214
   1.700  -1.211   2.154   1.245
  -1.762   1.273  -2.067   1.179
--------------------
Total RMSD:   1.194
--------------------
