-----------------------------------------------
Coordinates of template with ideal ctf geometry
-----------------------------------------------
   0.000   0.000   0.000
  -1.964   1.964  -1.134
   1.964   1.964  -1.134
   1.964   0.000   2.268
  -1.964  -1.964  -1.134
   0.000   0.000  -3.000
  -1.964   0.000   2.268
---------------------------------------------
Coordinates of the fitted metal site and RMSD
---------------------------------------------
   0.000   0.000   0.000   0.000
  -2.132   1.531  -1.452   0.563
   1.769   2.404  -0.303   0.960
   2.532  -1.158   1.117   1.729
  -1.564  -2.462  -0.703   0.771
   1.247  -0.004  -2.728   1.276
  -1.408   0.976   2.463   1.141
--------------------
Total RMSD:   1.137
--------------------
