-----------------------------------------------
Coordinates of template with ideal tpr geometry
-----------------------------------------------
   0.000   0.000   0.000
  -1.964   0.000   2.268
   1.964   1.964  -1.134
   1.964  -1.964  -1.134
  -1.964  -1.964  -1.134
  -1.964   1.964  -1.134
   1.964   0.000   2.268
---------------------------------------------
Coordinates of the fitted metal site and RMSD
---------------------------------------------
   0.000   0.000   0.000   0.000
  -1.801   1.400   1.949   1.445
   1.392   2.624  -0.421   1.127
   1.850  -0.818  -2.216   1.580
  -2.111  -2.128  -0.122   1.036
  -1.550   1.661  -1.959   0.972
   1.547  -0.767   2.453   0.893
--------------------
Total RMSD:   1.202
--------------------
