-----------------------------------------------
Coordinates of template with ideal pva geometry
-----------------------------------------------
   0.000   0.000   0.000
   0.000   0.000   3.000
   0.000   2.853   0.927
   3.000   0.000   0.000
   0.000  -1.763  -2.427
   0.000  -2.853   0.927
   0.000   1.763  -2.427
---------------------------------------------
Coordinates of the fitted metal site and RMSD
---------------------------------------------
   0.000   0.000   0.000   0.000
   0.967  -1.148   2.597   1.554
  -0.649   2.596   1.357   0.820
   2.823   0.999  -0.186   1.032
   0.827  -2.518  -1.406   1.515
  -2.609  -1.421   0.414   3.020
  -0.646   1.318  -2.616   0.807
--------------------
Total RMSD:   1.644
--------------------
