-----------------------------------------------
Coordinates of template with ideal tpr geometry
-----------------------------------------------
   0.000   0.000   0.000
   1.964   0.000   2.268
   1.964   1.964  -1.134
   1.964  -1.964  -1.134
  -1.964  -1.964  -1.134
  -1.964   0.000   2.268
  -1.964   1.964  -1.134
---------------------------------------------
Coordinates of the fitted metal site and RMSD
---------------------------------------------
   0.000   0.000   0.000   0.000
   1.818  -1.310   1.995   1.346
   1.823   2.378  -0.142   1.084
   1.835  -1.309  -1.980   1.078
  -1.727  -2.453  -0.018   1.241
  -1.756   0.878   2.269   0.902
  -1.582   1.201  -2.249   1.404
--------------------
Total RMSD:   1.189
--------------------
