-----------------------------------------------
Coordinates of template with ideal spy geometry
-----------------------------------------------
   0.000   0.000   0.000
   3.000   0.000   0.000
   0.000   3.000   0.000
  -3.000   0.000   0.000
   0.000  -3.000   0.000
   0.000   0.000   3.000
---------------------------------------------
Coordinates of the fitted metal site and RMSD
---------------------------------------------
   0.000   0.000   0.000   0.000
   2.979  -0.242  -0.254   0.351
   0.514   2.942   0.287   0.591
  -2.957  -0.488  -0.136   0.508
   0.267  -2.961   0.398   0.481
  -0.118  -0.112   2.996   0.163
--------------------
Total RMSD:   0.445
--------------------
