-----------------------------------------------
Coordinates of template with ideal tbp geometry
-----------------------------------------------
   0.000   0.000   0.000
   0.000  -2.598  -1.500
  -3.000   0.000   0.000
   0.000   0.000   3.000
   3.000   0.000   0.000
   0.000   2.598  -1.500
---------------------------------------------
Coordinates of the fitted metal site and RMSD
---------------------------------------------
   0.000   0.000   0.000   0.000
   0.223  -1.729  -2.442   1.301
  -2.929   0.095  -0.641   0.652
   0.490   1.355   2.631   1.487
   2.974   0.102  -0.379   0.393
   0.232   2.641  -1.404   0.255
--------------------
Total RMSD:   0.954
--------------------
