-----------------------------------------------
Coordinates of template with ideal tpv geometry
-----------------------------------------------
   0.000   0.000   0.000
   1.964   0.000   2.268
   1.964   1.964  -1.134
  -1.964  -1.964  -1.134
  -1.964   0.000   2.268
  -1.964   1.964  -1.134
---------------------------------------------
Coordinates of the fitted metal site and RMSD
---------------------------------------------
   0.000   0.000   0.000   0.000
   1.597   1.103   2.288   1.163
   2.026   1.361  -1.744   0.860
  -1.847  -1.636  -1.706   0.670
  -1.982  -0.433   2.210   0.437
  -1.744   2.405  -0.418   0.869
--------------------
Total RMSD:   0.835
--------------------
