-----------------------------------------------
Coordinates of template with ideal coc geometry
-----------------------------------------------
   0.000   0.000   0.000
  -3.000   0.000   0.000
   0.000   0.000   3.000
   0.000   3.000   0.000
   0.000   0.000  -3.000
   1.732   1.732   1.732
   0.000  -3.000   0.000
   3.000   0.000   0.000
---------------------------------------------
Coordinates of the fitted metal site and RMSD
---------------------------------------------
   0.000   0.000   0.000   0.000
  -2.949  -0.318  -0.452   0.555
  -0.581  -0.115   2.941   0.595
  -0.394   2.974   0.024   0.395
   0.187   0.121  -2.992   0.222
   2.702   1.120   0.665   1.567
   0.276  -2.987  -0.004   0.277
   2.999  -0.074  -0.043   0.086
--------------------
Total RMSD:   0.698
--------------------
