-----------------------------------------------
Coordinates of template with ideal ctp geometry
-----------------------------------------------
   0.000   0.000   0.000
   0.000   0.000  -3.000
  -1.964  -1.964  -1.134
  -1.964   1.964  -1.134
   1.964   1.964  -1.134
  -1.964   0.000   2.268
   1.964  -1.964  -1.134
   1.964   0.000   2.268
---------------------------------------------
Coordinates of the fitted metal site and RMSD
---------------------------------------------
   0.000   0.000   0.000   0.000
  -0.009   0.103  -2.998   0.104
  -2.072  -2.159  -0.209   0.952
  -2.155   2.087   0.010   1.167
   2.030   2.201  -0.185   0.980
  -0.742   0.314   2.890   1.407
   2.129  -2.110  -0.125   1.033
   0.635  -0.031   2.932   1.486
--------------------
Total RMSD:   1.102
--------------------
