-----------------------------------------------
Coordinates of template with ideal cuv geometry
-----------------------------------------------
   0.000   0.000   0.000
   1.732   1.732   1.732
  -1.732   1.732   1.732
   1.732  -1.732   1.732
   1.732  -1.732  -1.732
  -1.732  -1.732   1.732
  -1.732   1.732  -1.732
  -1.732  -1.732  -1.732
---------------------------------------------
Coordinates of the fitted metal site and RMSD
---------------------------------------------
   0.000   0.000   0.000   0.000
   2.171   2.027   0.419   1.416
  -1.585   1.477   2.075   0.452
   1.256  -1.687   2.139   0.628
   1.886  -1.234  -1.980   0.577
  -1.875  -2.317   0.341   1.516
  -1.195   1.781  -2.098   0.652
  -2.012  -1.973  -1.029   0.794
--------------------
Total RMSD:   0.948
--------------------
