-----------------------------------------------
Coordinates of template with ideal sav geometry
-----------------------------------------------
   0.000   0.000   0.000
  -1.732  -1.732  -1.732
   1.732  -1.732  -1.732
   0.000  -2.449   1.732
  -2.449   0.000   1.732
   2.449   0.000   1.732
  -1.732   1.732  -1.732
   0.000   2.449   1.732
---------------------------------------------
Coordinates of the fitted metal site and RMSD
---------------------------------------------
   0.000   0.000   0.000   0.000
  -1.771  -1.799  -1.621   0.135
   2.220  -0.723  -1.884   1.132
   0.686  -2.351   1.733   0.693
  -2.436   0.447   1.694   0.449
   2.071   1.039   1.906   1.119
  -0.724   2.274  -1.817   1.148
   1.261   2.173   1.640   1.294
--------------------
Total RMSD:   0.943
--------------------
