-----------------------------------------------
Coordinates of template with ideal coc geometry
-----------------------------------------------
   0.000   0.000   0.000
   0.000   0.000  -3.000
   1.732   1.732   1.732
   0.000   0.000   3.000
   3.000   0.000   0.000
   0.000   3.000   0.000
   0.000  -3.000   0.000
  -3.000   0.000   0.000
---------------------------------------------
Coordinates of the fitted metal site and RMSD
---------------------------------------------
   0.000   0.000   0.000   0.000
  -0.337   0.805  -2.870   0.883
   0.365   2.373   1.799   1.511
   0.095   1.284   2.710   1.320
   2.927  -0.630  -0.192   0.663
   0.394   2.938   0.464   0.612
  -0.584  -2.922  -0.345   0.683
  -2.959  -0.449   0.204   0.495
--------------------
Total RMSD:   0.951
--------------------
