-----------------------------------------------
Coordinates of template with ideal hva geometry
-----------------------------------------------
   0.000   0.000   0.000
   0.000   2.598  -1.500
   0.000   0.000   3.000
   0.000  -2.598   1.500
   3.000   0.000   0.000
   0.000   2.598   1.500
   0.000   0.000  -3.000
   0.000  -2.598  -1.500
---------------------------------------------
Coordinates of the fitted metal site and RMSD
---------------------------------------------
   0.000   0.000   0.000   0.000
  -0.949   2.642  -1.057   1.048
  -0.428  -0.248   2.959   0.496
  -0.133  -1.598   2.536   1.446
   2.891   0.770   0.221   0.809
  -0.777   1.129   2.669   2.032
   0.612  -1.279  -2.644   1.462
  -2.483  -1.301  -1.069   2.834
--------------------
Total RMSD:   1.621
--------------------
