-----------------------------------------------
Coordinates of template with ideal sav geometry
-----------------------------------------------
   0.000   0.000   0.000
  -2.449   0.000   1.732
   2.449   0.000   1.732
   1.732  -1.732  -1.732
   0.000   2.449   1.732
   0.000  -2.449   1.732
  -1.732   1.732  -1.732
  -1.732  -1.732  -1.732
---------------------------------------------
Coordinates of the fitted metal site and RMSD
---------------------------------------------
   0.000   0.000   0.000   0.000
  -2.377  -0.375   1.792   0.387
   2.317  -1.715   0.830   1.943
   2.678  -1.259  -0.493   1.630
   1.020   2.479   1.346   1.091
   1.347  -1.899   1.892   1.464
  -1.330   1.740  -2.050   0.513
  -1.309  -1.732  -2.071   0.542
--------------------
Total RMSD:   1.223
--------------------
