-----------------------------------------------
Coordinates of template with ideal cof geometry
-----------------------------------------------
   0.000   0.000   0.000
   0.000   0.000  -3.000
   0.000  -3.000   0.000
   3.000   0.000   0.000
  -3.000   0.000   0.000
   1.732   1.732   1.732
   0.000   3.000   0.000
---------------------------------------------
Coordinates of the fitted metal site and RMSD
---------------------------------------------
   0.000   0.000   0.000   0.000
  -0.059   0.145  -2.996   0.156
  -0.277  -2.928   0.590   0.656
   2.744   0.404   1.144   1.240
  -2.879   0.039   0.844   0.853
   1.669   2.157   1.250   0.645
   0.369   2.815   0.969   1.053
--------------------
Total RMSD:   0.841
--------------------
