-----------------------------------------------
Coordinates of template with ideal ctn geometry
-----------------------------------------------
   0.000   0.000   0.000
   1.964   0.000   2.268
  -1.964   1.964  -1.134
   1.964   1.964  -1.134
  -1.964  -1.964  -1.134
   0.000   0.000  -3.000
   1.964  -1.964  -1.134
---------------------------------------------
Coordinates of the fitted metal site and RMSD
---------------------------------------------
   0.000   0.000   0.000   0.000
   1.166  -0.221   2.755   0.961
  -2.297   1.900   0.335   1.508
   1.665   1.673  -1.851   0.830
  -2.206  -2.031  -0.084   1.080
   2.043  -0.326  -2.172   2.228
   1.706  -1.715  -1.774   0.734
--------------------
Total RMSD:   1.326
--------------------
