-----------------------------------------------
Coordinates of template with ideal pva geometry
-----------------------------------------------
   0.000   0.000   0.000
   3.000   0.000   0.000
   0.000   2.853   0.927
   0.000   1.763  -2.427
   0.000   0.000   3.000
   0.000  -1.763  -2.427
   0.000  -2.853   0.927
---------------------------------------------
Coordinates of the fitted metal site and RMSD
---------------------------------------------
   0.000   0.000   0.000   0.000
   2.994   0.013   0.196   0.196
  -0.785   2.808   0.706   0.817
  -0.994  -0.018  -2.831   2.079
  -0.966  -0.550   2.787   1.132
  -1.037  -1.925  -2.054   1.114
  -0.773  -2.768  -0.862   1.950
--------------------
Total RMSD:   1.376
--------------------
