-----------------------------------------------
Coordinates of template with ideal tpr geometry
-----------------------------------------------
   0.000   0.000   0.000
  -1.964   0.000   2.268
  -1.964   1.964  -1.134
   1.964   1.964  -1.134
  -1.964  -1.964  -1.134
   1.964   0.000   2.268
   1.964  -1.964  -1.134
---------------------------------------------
Coordinates of the fitted metal site and RMSD
---------------------------------------------
   0.000   0.000   0.000   0.000
  -1.323  -0.050   2.692   0.770
  -1.721   1.848  -1.620   0.556
   2.521   1.625  -0.042   1.272
  -1.420  -2.095  -1.611   0.735
   2.973  -0.375   0.142   2.383
   2.425  -1.752   0.224   1.449
--------------------
Total RMSD:   1.344
--------------------
