-----------------------------------------------
Coordinates of template with ideal ctn geometry
-----------------------------------------------
   0.000   0.000   0.000
  -1.964  -1.964  -1.134
   1.964   0.000   2.268
   0.000   0.000  -3.000
  -1.964   1.964  -1.134
   1.964  -1.964  -1.134
   1.964   1.964  -1.134
---------------------------------------------
Coordinates of the fitted metal site and RMSD
---------------------------------------------
   0.000   0.000   0.000   0.000
  -2.196  -1.993  -0.454   0.719
   0.974   0.251   2.826   1.164
  -0.559  -0.278  -2.934   0.628
  -2.371   1.821   0.248   1.448
   1.950  -2.209  -0.563   0.622
   2.275   1.934  -0.292   0.897
--------------------
Total RMSD:   0.962
--------------------
