-----------------------------------------------
Coordinates of template with ideal pbp geometry
-----------------------------------------------
   0.000   0.000   0.000
  -3.000   0.000   0.000
   0.000  -2.853   0.927
   0.000  -1.763  -2.427
   0.000   0.000   3.000
   3.000   0.000   0.000
   0.000   2.853   0.927
   0.000   1.763  -2.427
---------------------------------------------
Coordinates of the fitted metal site and RMSD
---------------------------------------------
   0.000   0.000   0.000   0.000
  -2.608   0.234  -1.464   1.533
  -0.115  -2.997   0.084   0.863
  -0.431  -1.908  -2.275   0.479
   0.703  -0.540   2.866   0.897
   2.907  -0.130  -0.728   0.746
  -0.792   2.862   0.430   0.935
   0.045   1.144  -2.773   0.711
--------------------
Total RMSD:   0.931
--------------------
