-----------------------------------------------
Coordinates of template with ideal sav geometry
-----------------------------------------------
   0.000   0.000   0.000
   1.732  -1.732  -1.732
  -1.732   1.732  -1.732
  -1.732  -1.732  -1.732
   0.000   2.449   1.732
  -2.449   0.000   1.732
   2.449   0.000   1.732
   0.000  -2.449   1.732
---------------------------------------------
Coordinates of the fitted metal site and RMSD
---------------------------------------------
   0.000   0.000   0.000   0.000
   1.556  -1.789  -1.837   0.213
  -1.806   0.971  -2.190   0.891
  -1.597  -1.627  -1.950   0.277
   0.020   2.961   0.484   1.349
  -2.362  -0.274   1.829   0.303
   2.517  -0.562   1.533   0.600
  -0.137  -2.959   0.475   1.364
--------------------
Total RMSD:   0.849
--------------------
