-----------------------------------------------
Coordinates of template with ideal ctn geometry
-----------------------------------------------
   0.000   0.000   0.000
  -1.964  -1.964  -1.134
   1.964  -1.964  -1.134
   1.964   1.964  -1.134
   1.964   0.000   2.268
  -1.964   1.964  -1.134
   0.000   0.000  -3.000
---------------------------------------------
Coordinates of the fitted metal site and RMSD
---------------------------------------------
   0.000   0.000   0.000   0.000
  -2.066  -2.146   0.354   1.502
   2.080  -2.105  -0.493   0.666
   2.112   2.098  -0.372   0.788
   0.562   0.009   2.947   1.558
  -2.089   2.140   0.241   1.392
  -0.563   0.007  -2.947   0.565
--------------------
Total RMSD:   1.155
--------------------
