-----------------------------------------------
Coordinates of template with ideal oct geometry
-----------------------------------------------
   0.000   0.000   0.000
   3.000   0.000   0.000
   0.000   0.000   3.000
  -3.000   0.000   0.000
   0.000  -3.000   0.000
   0.000   0.000  -3.000
   0.000   3.000   0.000
---------------------------------------------
Coordinates of the fitted metal site and RMSD
---------------------------------------------
   0.000   0.000   0.000   0.000
   3.000   0.023   0.037   0.043
  -0.023   0.110   2.998   0.112
  -3.000  -0.013   0.032   0.035
  -0.024  -3.000   0.009   0.025
  -0.028   0.139  -2.997   0.142
   0.013   3.000  -0.020   0.024
--------------------
Total RMSD:   0.079
--------------------
