-----------------------------------------------
Coordinates of template with ideal pva geometry
-----------------------------------------------
   0.000   0.000   0.000
   0.000  -1.763  -2.427
   3.000   0.000   0.000
   0.000   0.000   3.000
   0.000  -2.853   0.927
   0.000   2.853   0.927
   0.000   1.763  -2.427
---------------------------------------------
Coordinates of the fitted metal site and RMSD
---------------------------------------------
   0.000   0.000   0.000   0.000
  -0.723  -1.193  -2.656   0.949
   2.820  -0.962  -0.353   1.040
   0.790   1.176   2.644   1.461
  -0.794  -2.529   1.404   0.982
  -2.738   1.192   0.282   3.267
   0.786   2.538  -1.394   1.512
--------------------
Total RMSD:   1.734
--------------------
