-----------------------------------------------
Coordinates of template with ideal tpv geometry
-----------------------------------------------
   0.000   0.000   0.000
   1.964   0.000   2.268
  -1.964  -1.964  -1.134
   1.964   1.964  -1.134
  -1.964   0.000   2.268
  -1.964   1.964  -1.134
---------------------------------------------
Coordinates of the fitted metal site and RMSD
---------------------------------------------
   0.000   0.000   0.000   0.000
   2.066  -1.190   1.821   1.275
  -1.114  -2.412  -1.393   0.995
   2.112   0.915  -1.925   1.322
  -2.023  -0.564   2.142   0.581
  -2.071   1.547  -1.523   0.580
--------------------
Total RMSD:   1.004
--------------------
