-----------------------------------------------
Coordinates of template with ideal hva geometry
-----------------------------------------------
   0.000   0.000   0.000
   0.000   2.598  -1.500
   0.000   0.000  -3.000
   0.000  -2.598  -1.500
   0.000   0.000   3.000
   0.000  -2.598   1.500
   0.000   2.598   1.500
   3.000   0.000   0.000
---------------------------------------------
Coordinates of the fitted metal site and RMSD
---------------------------------------------
   0.000   0.000   0.000   0.000
  -0.790   2.847  -0.522   1.281
   0.515  -0.276  -2.943   0.587
  -2.635  -0.846  -1.159   3.182
  -0.781   0.465   2.859   0.920
   0.554  -2.845   0.773   0.947
  -0.642   2.928  -0.116   1.770
   2.923   0.562   0.372   0.678
--------------------
Total RMSD:   1.579
--------------------
