-----------------------------------------------
Coordinates of template with ideal pbp geometry
-----------------------------------------------
   0.000   0.000   0.000
   0.000   0.000   3.000
  -3.000   0.000   0.000
   0.000  -2.853   0.927
   3.000   0.000   0.000
   0.000  -1.763  -2.427
   0.000   2.853   0.927
   0.000   1.763  -2.427
---------------------------------------------
Coordinates of the fitted metal site and RMSD
---------------------------------------------
   0.000   0.000   0.000   0.000
  -0.043   1.627   2.520   1.697
  -2.987  -0.191   0.209   0.283
  -0.492  -2.439   1.676   0.987
   2.993   0.158   0.126   0.203
   0.346  -1.749  -2.413   0.347
   0.315   1.825   2.360   1.791
  -0.365   2.323  -1.863   0.874
--------------------
Total RMSD:   1.073
--------------------
