-----------------------------------------------
Coordinates of template with ideal bts geometry
-----------------------------------------------
   0.000   0.000   0.000
  -1.964   1.964  -1.134
  -1.964   0.000   2.268
   1.964  -1.964  -1.134
   0.000   2.598   1.500
   1.964   1.964  -1.134
  -1.964  -1.964  -1.134
   0.000   0.000  -3.000
   1.964   0.000   2.268
---------------------------------------------
Coordinates of the fitted metal site and RMSD
---------------------------------------------
   0.000   0.000   0.000   0.000
  -1.348   1.178  -2.408   1.619
  -1.407   1.357   2.276   1.467
   1.654  -1.901  -1.628   0.587
  -1.838   1.636   1.716   2.086
   2.198   1.971  -0.532   0.646
  -2.124  -2.103   0.260   1.409
  -1.188   1.142  -2.506   1.721
   1.443  -0.750   2.521   0.948
--------------------
Total RMSD:   1.402
--------------------
