-----------------------------------------------
Coordinates of template with ideal btt geometry
-----------------------------------------------
   0.000   0.000   0.000
   1.964   1.964  -1.134
  -3.000   0.000   0.000
   1.964  -1.964  -1.134
  -1.964   1.964  -1.134
   1.964   0.000   2.268
  -1.964  -1.964  -1.134
   3.000   0.000   0.000
  -1.964   0.000   2.268
---------------------------------------------
Coordinates of the fitted metal site and RMSD
---------------------------------------------
   0.000   0.000   0.000   0.000
   1.965   1.475  -1.721   0.765
  -2.368   1.842   0.028   1.948
   1.763  -2.413   0.265   1.483
  -1.949   2.230  -0.475   0.711
   1.554   1.079   2.328   1.156
  -1.298  -1.239  -2.404   1.607
   2.105   1.383  -1.629   2.317
  -1.969  -1.102   1.977   1.139
--------------------
Total RMSD:   1.486
--------------------
