-----------------------------------------------
Coordinates of template with ideal hbp geometry
-----------------------------------------------
   0.000   0.000   0.000
   0.000   2.598   1.500
   0.000   0.000  -3.000
   0.000  -2.598   1.500
   0.000   2.598  -1.500
  -3.000   0.000   0.000
   3.000   0.000   0.000
   0.000   0.000   3.000
   0.000  -2.598  -1.500
---------------------------------------------
Coordinates of the fitted metal site and RMSD
---------------------------------------------
   0.000   0.000   0.000   0.000
  -0.106   2.137   2.103   0.766
   0.175   1.582  -2.543   1.656
   0.097  -2.227   2.008   0.636
   0.227   2.168  -2.061   0.743
  -2.977  -0.172   0.328   0.372
   2.999   0.071  -0.035   0.079
  -0.199   2.014   2.215   2.170
  -0.258  -1.935  -2.278   1.055
--------------------
Total RMSD:   1.132
--------------------
