-----------------------------------------------
Coordinates of template with ideal cof geometry
-----------------------------------------------
   0.000   0.000   0.000
  -3.000   0.000   0.000
   0.000  -3.000   0.000
   3.000   0.000   0.000
   0.000   0.000  -3.000
   1.732   1.732   1.732
   0.000   3.000   0.000
---------------------------------------------
Coordinates of the fitted metal site and RMSD
---------------------------------------------
   0.000   0.000   0.000   0.000
  -2.976   0.005   0.380   0.381
   0.021  -2.976   0.376   0.377
   2.959  -0.087  -0.487   0.497
  -0.440  -0.471  -2.930   0.649
   0.617   0.567   2.881   1.980
  -0.100   2.958  -0.488   0.500
--------------------
Total RMSD:   0.924
--------------------
