-----------------------------------------------
Coordinates of template with ideal con geometry
-----------------------------------------------
   0.000   0.000   0.000
  -3.000   0.000   0.000
   0.000   3.000   0.000
   1.732   1.732   1.732
   0.000   0.000   3.000
   3.000   0.000   0.000
   0.000  -3.000   0.000
---------------------------------------------
Coordinates of the fitted metal site and RMSD
---------------------------------------------
   0.000   0.000   0.000   0.000
  -2.575  -0.480  -1.462   1.597
  -0.448   2.958  -0.225   0.503
   2.505   0.545   1.559   1.427
  -1.546   0.060   2.570   1.606
   1.709  -0.129  -2.462   2.783
   0.332  -2.966   0.300   0.449
--------------------
Total RMSD:   1.600
--------------------
