-----------------------------------------------
Coordinates of template with ideal ctn geometry
-----------------------------------------------
   0.000   0.000   0.000
  -1.964   1.964  -1.134
  -1.964  -1.964  -1.134
   1.964  -1.964  -1.134
   0.000   0.000  -3.000
   1.964   0.000   2.268
   1.964   1.964  -1.134
---------------------------------------------
Coordinates of the fitted metal site and RMSD
---------------------------------------------
   0.000   0.000   0.000   0.000
  -2.117   2.109   0.270   1.419
  -2.107  -2.118   0.268   1.418
   2.052  -2.155  -0.380   0.782
  -0.492  -0.023  -2.959   0.494
   0.687  -0.034   2.920   1.435
   2.044   2.162  -0.384   0.780
--------------------
Total RMSD:   1.121
--------------------
