-----------------------------------------------
Coordinates of template with ideal tbp geometry
-----------------------------------------------
   0.000   0.000   0.000
   0.000   0.000   3.000
   0.000  -2.598  -1.500
  -3.000   0.000   0.000
   0.000   2.598  -1.500
   3.000   0.000   0.000
---------------------------------------------
Coordinates of the fitted metal site and RMSD
---------------------------------------------
   0.000   0.000   0.000   0.000
   0.104  -0.107   2.996   0.149
   0.046  -2.468  -1.704   0.246
  -2.999  -0.090  -0.024   0.094
   0.040   2.406  -1.792   0.352
   2.998  -0.095   0.037   0.102
--------------------
Total RMSD:   0.213
--------------------
