-----------------------------------------------
Coordinates of template with ideal tbp geometry
-----------------------------------------------
   0.000   0.000   0.000
   3.000   0.000   0.000
  -3.000   0.000   0.000
   0.000   0.000   3.000
   0.000  -2.598  -1.500
   0.000   2.598  -1.500
---------------------------------------------
Coordinates of the fitted metal site and RMSD
---------------------------------------------
   0.000   0.000   0.000   0.000
   2.952   0.015  -0.534   0.536
  -2.953   0.042  -0.529   0.532
  -0.013   0.168   2.995   0.169
   0.007  -2.932  -0.635   0.928
  -0.023   2.965  -0.459   1.104
--------------------
Total RMSD:   0.732
--------------------
