-----------------------------------------------
Coordinates of template with ideal cof geometry
-----------------------------------------------
   0.000   0.000   0.000
   3.000   0.000   0.000
  -3.000   0.000   0.000
   0.000   0.000  -3.000
   0.000  -3.000   0.000
   0.000   3.000   0.000
   1.732   1.732   1.732
---------------------------------------------
Coordinates of the fitted metal site and RMSD
---------------------------------------------
   0.000   0.000   0.000   0.000
   2.967  -0.049  -0.443   0.447
  -2.964  -0.011   0.465   0.467
  -0.427  -0.452  -2.935   0.625
   0.035  -2.958   0.501   0.504
  -0.038   2.971  -0.417   0.420
   0.583   0.523   2.896   2.034
--------------------
Total RMSD:   0.947
--------------------
