-----------------------------------------------
Coordinates of template with ideal ctf geometry
-----------------------------------------------
   0.000   0.000   0.000
  -1.964   1.964  -1.134
   1.964   0.000   2.268
   1.964   1.964  -1.134
  -1.964   0.000   2.268
   0.000   0.000  -3.000
  -1.964  -1.964  -1.134
---------------------------------------------
Coordinates of the fitted metal site and RMSD
---------------------------------------------
   0.000   0.000   0.000   0.000
  -2.181   1.547  -1.360   0.522
   2.149  -1.543   1.415   1.773
   1.658   2.496   0.137   1.411
  -1.237   0.615   2.663   1.031
   1.201  -0.692  -2.660   1.428
  -1.741  -2.427  -0.276   1.000
--------------------
Total RMSD:   1.259
--------------------
