-----------------------------------------------
Coordinates of template with ideal pva geometry
-----------------------------------------------
   0.000   0.000   0.000
   0.000   0.000   3.000
   0.000  -1.763  -2.427
   3.000   0.000   0.000
   0.000  -2.853   0.927
   0.000   1.763  -2.427
   0.000   2.853   0.927
---------------------------------------------
Coordinates of the fitted metal site and RMSD
---------------------------------------------
   0.000   0.000   0.000   0.000
   0.741   1.224   2.637   1.476
  -0.768  -1.273  -2.606   0.929
   2.814  -0.994  -0.308   1.057
  -0.793  -2.528   1.407   0.982
   0.710   2.550  -1.411   1.468
  -2.752   1.121   0.412   3.292
--------------------
Total RMSD:   1.738
--------------------
