-----------------------------------------------
Coordinates of template with ideal pvp geometry
-----------------------------------------------
   0.000   0.000   0.000
   0.000  -2.853   0.927
   0.000   1.763  -2.427
   0.000  -1.763  -2.427
  -3.000   0.000   0.000
   3.000   0.000   0.000
   0.000   0.000   3.000
---------------------------------------------
Coordinates of the fitted metal site and RMSD
---------------------------------------------
   0.000   0.000   0.000   0.000
  -0.030  -2.658   1.390   0.503
  -0.033   2.664  -1.379   1.382
   0.026  -1.407  -2.650   0.421
  -3.000   0.030   0.012   0.032
   2.999   0.023   0.056   0.060
   0.048   1.264   2.720   1.295
--------------------
Total RMSD:   0.819
--------------------
