-----------------------------------------------
Coordinates of template with ideal tpr geometry
-----------------------------------------------
   0.000   0.000   0.000
  -1.964   1.964  -1.134
   1.964   0.000   2.268
   1.964   1.964  -1.134
  -1.964   0.000   2.268
   1.964  -1.964  -1.134
  -1.964  -1.964  -1.134
---------------------------------------------
Coordinates of the fitted metal site and RMSD
---------------------------------------------
   0.000   0.000   0.000   0.000
  -1.766   1.200  -2.107   1.253
   1.723  -1.185   2.151   1.215
   1.716   2.460  -0.063   1.206
  -1.737   1.204   2.129   1.234
   1.698  -1.279  -2.117   1.227
  -1.764  -2.425  -0.102   1.148
--------------------
Total RMSD:   1.214
--------------------
