-----------------------------------------------
Coordinates of template with ideal tbp geometry
-----------------------------------------------
   0.000   0.000   0.000
   3.000   0.000   0.000
  -3.000   0.000   0.000
   0.000   2.598  -1.500
   0.000  -2.598  -1.500
   0.000   0.000   3.000
---------------------------------------------
Coordinates of the fitted metal site and RMSD
---------------------------------------------
   0.000   0.000   0.000   0.000
   2.885  -0.697   0.438   0.831
  -2.889  -0.710   0.387   0.816
  -0.179   2.525  -1.611   0.223
  -0.194  -2.176  -2.056   0.724
  -0.136   0.560   2.944   0.579
--------------------
Total RMSD:   0.673
--------------------
