-----------------------------------------------
Coordinates of template with ideal tpv geometry
-----------------------------------------------
   0.000   0.000   0.000
   1.964   0.000   2.268
  -1.964   1.964  -1.134
  -1.964  -1.964  -1.134
  -1.964   0.000   2.268
   1.964   1.964  -1.134
---------------------------------------------
Coordinates of the fitted metal site and RMSD
---------------------------------------------
   0.000   0.000   0.000   0.000
   2.198  -0.685   1.924   0.802
  -1.845   2.072  -1.141   0.161
  -0.854  -2.479  -1.457   1.266
  -1.925   0.181   2.293   0.187
   2.063   1.532  -1.548   0.606
--------------------
Total RMSD:   0.731
--------------------
