-----------------------------------------------
Coordinates of template with ideal ctf geometry
-----------------------------------------------
   0.000   0.000   0.000
  -1.964   0.000   2.268
   1.964   1.964  -1.134
   1.964   0.000   2.268
  -1.964  -1.964  -1.134
   0.000   0.000  -3.000
  -1.964   1.964  -1.134
---------------------------------------------
Coordinates of the fitted metal site and RMSD
---------------------------------------------
   0.000   0.000   0.000   0.000
  -1.409   0.958   2.469   1.125
   1.730   2.432  -0.302   0.983
   2.538  -1.153   1.109   1.732
  -1.547  -2.470  -0.712   0.779
   1.243  -0.053  -2.730   1.273
  -2.083   1.597  -1.453   0.501
--------------------
Total RMSD:   1.134
--------------------
