-----------------------------------------------
Coordinates of template with ideal oct geometry
-----------------------------------------------
   0.000   0.000   0.000
  -3.000   0.000   0.000
   0.000  -3.000   0.000
   0.000   0.000  -3.000
   0.000   3.000   0.000
   3.000   0.000   0.000
   0.000   0.000   3.000
---------------------------------------------
Coordinates of the fitted metal site and RMSD
---------------------------------------------
   0.000   0.000   0.000   0.000
  -2.959  -0.267   0.413   0.494
   0.560  -2.947   0.036   0.563
   0.280  -0.408  -2.959   0.497
   0.427   2.958   0.264   0.504
   2.961  -0.400   0.272   0.485
   0.138  -0.181   2.991   0.228
--------------------
Total RMSD:   0.474
--------------------
