-----------------------------------------------
Coordinates of template with ideal ctn geometry
-----------------------------------------------
   0.000   0.000   0.000
  -1.964   1.964  -1.134
  -1.964  -1.964  -1.134
   1.964  -1.964  -1.134
   1.964   0.000   2.268
   0.000   0.000  -3.000
   1.964   1.964  -1.134
---------------------------------------------
Coordinates of the fitted metal site and RMSD
---------------------------------------------
   0.000   0.000   0.000   0.000
  -2.110   2.107   0.329   1.477
  -2.092  -2.117   0.373   1.520
   2.051  -2.159  -0.368   0.795
   0.550  -0.013   2.949   1.570
  -0.502   0.063  -2.957   0.507
   2.053   2.146  -0.422   0.740
--------------------
Total RMSD:   1.183
--------------------
