-----------------------------------------------
Coordinates of template with ideal oct geometry
-----------------------------------------------
   0.000   0.000   0.000
   0.000   3.000   0.000
   0.000   0.000   3.000
   0.000  -3.000   0.000
   3.000   0.000   0.000
  -3.000   0.000   0.000
   0.000   0.000  -3.000
---------------------------------------------
Coordinates of the fitted metal site and RMSD
---------------------------------------------
   0.000   0.000   0.000   0.000
  -0.048   3.000   0.021   0.053
  -0.000   0.005   3.000   0.005
   0.000  -3.000   0.053   0.053
   3.000  -0.024  -0.008   0.025
  -2.999   0.025  -0.063   0.067
  -0.055   0.037  -2.999   0.066
--------------------
Total RMSD:   0.050
--------------------
