-----------------------------------------------
Coordinates of template with ideal tpr geometry
-----------------------------------------------
   0.000   0.000   0.000
  -1.964   0.000   2.268
   1.964   0.000   2.268
   1.964  -1.964  -1.134
   1.964   1.964  -1.134
  -1.964  -1.964  -1.134
  -1.964   1.964  -1.134
---------------------------------------------
Coordinates of the fitted metal site and RMSD
---------------------------------------------
   0.000   0.000   0.000   0.000
  -1.746   1.185   2.132   1.213
   1.725  -1.222   2.129   1.253
   1.761  -1.255  -2.080   1.200
   1.747   2.439  -0.027   1.224
  -1.787  -2.409  -0.022   1.211
  -1.781   1.193  -2.099   1.248
--------------------
Total RMSD:   1.225
--------------------
