-----------------------------------------------
Coordinates of template with ideal oct geometry
-----------------------------------------------
   0.000   0.000   0.000
   0.000   0.000   3.000
  -3.000   0.000   0.000
   3.000   0.000   0.000
   0.000   3.000   0.000
   0.000  -3.000   0.000
   0.000   0.000  -3.000
---------------------------------------------
Coordinates of the fitted metal site and RMSD
---------------------------------------------
   0.000   0.000   0.000   0.000
   0.102   0.004   2.998   0.102
  -2.999  -0.082   0.000   0.082
   2.991   0.141   0.182   0.231
   0.246   2.990  -0.009   0.247
   0.023  -3.000   0.001   0.023
  -0.080   0.014  -2.999   0.082
--------------------
Total RMSD:   0.152
--------------------
