-----------------------------------------------
Coordinates of template with ideal pvp geometry
-----------------------------------------------
   0.000   0.000   0.000
  -3.000   0.000   0.000
   0.000   1.763  -2.427
   0.000  -2.853   0.927
   0.000   0.000   3.000
   0.000  -1.763  -2.427
   3.000   0.000   0.000
---------------------------------------------
Coordinates of the fitted metal site and RMSD
---------------------------------------------
   0.000   0.000   0.000   0.000
  -2.998  -0.091   0.043   0.101
   0.001   2.636  -1.432   1.323
  -0.183  -2.603   1.481   0.635
   0.002   1.135   2.777   1.157
   0.006  -1.380  -2.664   0.450
   2.999   0.080  -0.017   0.082
--------------------
Total RMSD:   0.787
--------------------
