-----------------------------------------------
Coordinates of template with ideal pva geometry
-----------------------------------------------
   0.000   0.000   0.000
   3.000   0.000   0.000
   0.000   0.000   3.000
   0.000   1.763  -2.427
   0.000   2.853   0.927
   0.000  -1.763  -2.427
   0.000  -2.853   0.927
---------------------------------------------
Coordinates of the fitted metal site and RMSD
---------------------------------------------
   0.000   0.000   0.000   0.000
   2.812  -0.995  -0.325   1.063
   0.773   1.156   2.658   1.432
   0.765   2.482  -1.502   1.399
  -2.776   1.095   0.311   3.343
  -0.767  -1.260  -2.612   0.936
  -0.783  -2.585   1.306   0.910
--------------------
Total RMSD:   1.733
--------------------
