-----------------------------------------------
Coordinates of template with ideal pvp geometry
-----------------------------------------------
   0.000   0.000   0.000
  -3.000   0.000   0.000
   0.000   1.763  -2.427
   0.000   0.000   3.000
   3.000   0.000   0.000
   0.000  -2.853   0.927
   0.000  -1.763  -2.427
---------------------------------------------
Coordinates of the fitted metal site and RMSD
---------------------------------------------
   0.000   0.000   0.000   0.000
  -3.000   0.039   0.025   0.046
  -0.031   2.645  -1.415   1.342
  -0.018   1.256   2.724   1.286
   2.999   0.040   0.048   0.063
  -0.006  -2.694   1.319   0.423
  -0.023  -1.451  -2.626   0.371
--------------------
Total RMSD:   0.794
--------------------
