-----------------------------------------------
Coordinates of template with ideal cof geometry
-----------------------------------------------
   0.000   0.000   0.000
   3.000   0.000   0.000
   0.000  -3.000   0.000
   0.000   3.000   0.000
   1.732   1.732   1.732
   0.000   0.000  -3.000
  -3.000   0.000   0.000
---------------------------------------------
Coordinates of the fitted metal site and RMSD
---------------------------------------------
   0.000   0.000   0.000   0.000
   2.969  -0.014  -0.433   0.435
   0.019  -2.971   0.413   0.414
  -0.065   2.958  -0.497   0.503
   0.623   0.522   2.888   2.008
  -0.465  -0.457  -2.928   0.656
  -2.972   0.012   0.409   0.410
--------------------
Total RMSD:   0.935
--------------------
