-----------------------------------------------
Coordinates of template with ideal con geometry
-----------------------------------------------
   0.000   0.000   0.000
   1.732   1.732   1.732
   0.000   3.000   0.000
   0.000  -3.000   0.000
   3.000   0.000   0.000
   0.000   0.000   3.000
  -3.000   0.000   0.000
---------------------------------------------
Coordinates of the fitted metal site and RMSD
---------------------------------------------
   0.000   0.000   0.000   0.000
   2.546   0.475   1.513   1.513
  -0.435   2.958  -0.252   0.504
   0.360  -2.962   0.313   0.478
   1.711  -0.075  -2.463   2.781
  -1.568   0.034   2.557   1.630
  -2.559  -0.477  -1.492   1.627
--------------------
Total RMSD:   1.623
--------------------
