-----------------------------------------------
Coordinates of template with ideal ctf geometry
-----------------------------------------------
   0.000   0.000   0.000
   1.964   1.964  -1.134
   0.000   0.000  -3.000
  -1.964   0.000   2.268
   1.964   0.000   2.268
  -1.964   1.964  -1.134
  -1.964  -1.964  -1.134
---------------------------------------------
Coordinates of the fitted metal site and RMSD
---------------------------------------------
   0.000   0.000   0.000   0.000
   1.706   2.458   0.219   1.463
   1.176  -0.610  -2.692   1.360
  -1.260   0.631   2.649   1.019
   2.222  -1.428   1.423   1.679
  -2.163   1.578  -1.354   0.487
  -1.724  -2.445  -0.228   1.053
--------------------
Total RMSD:   1.238
--------------------
