-----------------------------------------------
Coordinates of template with ideal ctn geometry
-----------------------------------------------
   0.000   0.000   0.000
   1.964  -1.964  -1.134
  -1.964  -1.964  -1.134
   1.964   1.964  -1.134
   1.964   0.000   2.268
   0.000   0.000  -3.000
  -1.964   1.964  -1.134
---------------------------------------------
Coordinates of the fitted metal site and RMSD
---------------------------------------------
   0.000   0.000   0.000   0.000
   2.107  -2.111  -0.327   0.832
  -2.107  -2.112   0.317   1.465
   2.068   2.135  -0.402   0.759
   0.669  -0.066   2.924   1.453
  -0.510  -0.000  -2.956   0.512
  -2.109   2.112   0.303   1.451
--------------------
Total RMSD:   1.147
--------------------
