-----------------------------------------------
Coordinates of template with ideal oct geometry
-----------------------------------------------
   0.000   0.000   0.000
   0.000  -3.000   0.000
  -3.000   0.000   0.000
   3.000   0.000   0.000
   0.000   0.000   3.000
   0.000   0.000  -3.000
   0.000   3.000   0.000
---------------------------------------------
Coordinates of the fitted metal site and RMSD
---------------------------------------------
   0.000   0.000   0.000   0.000
   0.006  -3.000   0.052   0.052
  -2.999   0.021  -0.063   0.066
   3.000   0.011  -0.028   0.030
   0.051  -0.145   2.996   0.154
   0.017  -0.017  -3.000   0.024
  -0.004   2.999  -0.077   0.077
--------------------
Total RMSD:   0.080
--------------------
