-----------------------------------------------
Coordinates of template with ideal pvp geometry
-----------------------------------------------
   0.000   0.000   0.000
   0.000  -2.853   0.927
  -3.000   0.000   0.000
   3.000   0.000   0.000
   0.000   0.000   3.000
   0.000  -1.763  -2.427
   0.000   1.763  -2.427
---------------------------------------------
Coordinates of the fitted metal site and RMSD
---------------------------------------------
   0.000   0.000   0.000   0.000
  -0.001  -2.650   1.407   0.521
  -2.999  -0.003  -0.067   0.067
   3.000  -0.009  -0.029   0.030
   0.053   1.229   2.736   1.258
   0.015  -1.376  -2.666   0.456
   0.003   2.638  -1.429   1.327
--------------------
Total RMSD:   0.799
--------------------
