-----------------------------------------------
Coordinates of template with ideal con geometry
-----------------------------------------------
   0.000   0.000   0.000
   3.000   0.000   0.000
   0.000  -3.000   0.000
   0.000   3.000   0.000
  -3.000   0.000   0.000
   1.732   1.732   1.732
   0.000   0.000   3.000
---------------------------------------------
Coordinates of the fitted metal site and RMSD
---------------------------------------------
   0.000   0.000   0.000   0.000
   1.645   0.009  -2.509   2.851
   0.360  -2.962   0.314   0.479
  -0.319   2.969  -0.286   0.430
  -2.540  -0.422  -1.539   1.661
   2.521   0.599   1.511   1.398
  -1.552  -0.073   2.566   1.613
--------------------
Total RMSD:   1.626
--------------------
