-----------------------------------------------
Coordinates of template with ideal ctf geometry
-----------------------------------------------
   0.000   0.000   0.000
  -1.964  -1.964  -1.134
   0.000   0.000  -3.000
  -1.964   0.000   2.268
   1.964   0.000   2.268
  -1.964   1.964  -1.134
   1.964   1.964  -1.134
---------------------------------------------
Coordinates of the fitted metal site and RMSD
---------------------------------------------
   0.000   0.000   0.000   0.000
  -1.739  -2.437  -0.193   1.077
   1.269  -0.606  -2.650   1.450
  -1.304   0.633   2.626   0.982
   2.153  -1.519   1.435   1.742
  -2.233   1.546  -1.275   0.517
   1.702   2.469   0.076   1.337
--------------------
Total RMSD:   1.246
--------------------
