-----------------------------------------------
Coordinates of template with ideal ctn geometry
-----------------------------------------------
   0.000   0.000   0.000
  -1.964   1.964  -1.134
  -1.964  -1.964  -1.134
   1.964   1.964  -1.134
   1.964   0.000   2.268
   0.000   0.000  -3.000
   1.964  -1.964  -1.134
---------------------------------------------
Coordinates of the fitted metal site and RMSD
---------------------------------------------
   0.000   0.000   0.000   0.000
  -2.085   2.137   0.297   1.447
  -2.051  -2.156   0.377   1.525
   2.043   2.155  -0.426   0.737
   0.592   0.019   2.941   1.528
  -0.475   0.117  -2.960   0.491
   2.010  -2.194  -0.383   0.787
--------------------
Total RMSD:   1.166
--------------------
