-----------------------------------------------
Coordinates of template with ideal pvp geometry
-----------------------------------------------
   0.000   0.000   0.000
   3.000   0.000   0.000
   0.000   0.000   3.000
   0.000  -1.763  -2.427
   0.000  -2.853   0.927
   0.000   1.763  -2.427
  -3.000   0.000   0.000
---------------------------------------------
Coordinates of the fitted metal site and RMSD
---------------------------------------------
   0.000   0.000   0.000   0.000
   2.999   0.067  -0.054   0.086
  -0.056   1.357   2.675   1.397
   0.054  -1.312  -2.697   0.528
  -0.023  -2.697   1.313   0.417
   0.036   2.614  -1.472   1.279
  -2.998   0.057   0.082   0.100
--------------------
Total RMSD:   0.822
--------------------
