-----------------------------------------------
Coordinates of template with ideal con geometry
-----------------------------------------------
   0.000   0.000   0.000
   0.000  -3.000   0.000
  -3.000   0.000   0.000
   1.732   1.732   1.732
   3.000   0.000   0.000
   0.000   0.000   3.000
   0.000   3.000   0.000
---------------------------------------------
Coordinates of the fitted metal site and RMSD
---------------------------------------------
   0.000   0.000   0.000   0.000
   0.317  -2.947   0.464   0.565
  -2.593  -0.508  -1.420   1.562
   2.526   0.471   1.548   1.502
   1.822  -0.121  -2.380   2.659
  -1.525   0.007   2.584   1.581
  -0.482   2.957  -0.150   0.507
--------------------
Total RMSD:   1.573
--------------------
