-----------------------------------------------
Coordinates of template with ideal ctf geometry
-----------------------------------------------
   0.000   0.000   0.000
  -1.964   0.000   2.268
  -1.964  -1.964  -1.134
   1.964   1.964  -1.134
   1.964   0.000   2.268
  -1.964   1.964  -1.134
   0.000   0.000  -3.000
---------------------------------------------
Coordinates of the fitted metal site and RMSD
---------------------------------------------
   0.000   0.000   0.000   0.000
  -1.350   0.723   2.580   0.998
  -1.775  -2.406  -0.248   1.008
   1.656   2.492   0.220   1.485
   2.267  -1.292   1.481   1.542
  -2.161   1.613  -1.314   0.441
   1.108  -0.518  -2.739   1.250
--------------------
Total RMSD:   1.180
--------------------
