-----------------------------------------------
Coordinates of template with ideal ctn geometry
-----------------------------------------------
   0.000   0.000   0.000
   1.964   1.964  -1.134
  -1.964   1.964  -1.134
   1.964  -1.964  -1.134
   1.964   0.000   2.268
   0.000   0.000  -3.000
  -1.964  -1.964  -1.134
---------------------------------------------
Coordinates of the fitted metal site and RMSD
---------------------------------------------
   0.000   0.000   0.000   0.000
   2.058   2.116  -0.535   0.625
  -2.113   2.118   0.216   1.367
   2.120  -2.091  -0.363   0.797
   0.787  -0.115   2.893   1.337
  -0.435   0.001  -2.968   0.437
  -2.101  -2.134   0.183   1.335
--------------------
Total RMSD:   1.053
--------------------
