-----------------------------------------------
Coordinates of template with ideal pva geometry
-----------------------------------------------
   0.000   0.000   0.000
   0.000   2.853   0.927
   0.000   1.763  -2.427
   0.000  -2.853   0.927
   0.000   0.000   3.000
   3.000   0.000   0.000
   0.000  -1.763  -2.427
---------------------------------------------
Coordinates of the fitted metal site and RMSD
---------------------------------------------
   0.000   0.000   0.000   0.000
   0.935   2.131   1.893   1.526
  -0.693   2.107  -2.020   0.874
   0.837  -2.078   1.995   1.563
  -2.655  -0.150   1.389   3.109
   2.806   0.038  -1.061   1.080
  -0.600  -2.144  -2.011   0.824
--------------------
Total RMSD:   1.686
--------------------
