-----------------------------------------------
Coordinates of template with ideal coc geometry
-----------------------------------------------
   0.000   0.000   0.000
   1.732   1.732   1.732
   3.000   0.000   0.000
   0.000   0.000   3.000
   0.000   3.000   0.000
  -3.000   0.000   0.000
   0.000   0.000  -3.000
   0.000  -3.000   0.000
---------------------------------------------
Coordinates of the fitted metal site and RMSD
---------------------------------------------
   0.000   0.000   0.000   0.000
   2.870   0.778   0.396   1.997
   2.950   0.366   0.408   0.550
  -0.147  -0.012   2.996   0.148
  -0.503   2.939   0.335   0.607
  -2.970  -0.183  -0.381   0.424
   0.492   0.110  -2.957   0.506
   0.156  -2.987   0.236   0.283
--------------------
Total RMSD:   0.862
--------------------
