-----------------------------------------------
Coordinates of template with ideal cuv geometry
-----------------------------------------------
   0.000   0.000   0.000
  -1.732  -1.732   1.732
  -1.732  -1.732  -1.732
  -1.732   1.732  -1.732
  -1.732   1.732   1.732
   1.732   1.732   1.732
   1.732  -1.732   1.732
   1.732  -1.732  -1.732
---------------------------------------------
Coordinates of the fitted metal site and RMSD
---------------------------------------------
   0.000   0.000   0.000   0.000
  -2.323  -1.892  -0.153   1.982
  -2.113  -2.078  -0.465   1.368
  -1.494   1.601  -2.051   0.419
  -1.755   1.484   1.928   0.317
   1.995   2.165   0.580   1.258
   1.216  -1.831   2.042   0.610
   1.680  -0.934  -2.303   0.983
--------------------
Total RMSD:   1.134
--------------------
