-----------------------------------------------
Coordinates of template with ideal sav geometry
-----------------------------------------------
   0.000   0.000   0.000
   0.000   2.449   1.732
   2.449   0.000   1.732
   0.000  -2.449   1.732
  -2.449   0.000   1.732
  -1.732  -1.732  -1.732
  -1.732   1.732  -1.732
   1.732  -1.732  -1.732
---------------------------------------------
Coordinates of the fitted metal site and RMSD
---------------------------------------------
   0.000   0.000   0.000   0.000
   1.397   1.764   1.984   1.576
   1.748   1.678   1.769   1.819
   0.683  -2.231   1.886   0.733
  -2.351   0.359   1.829   0.385
  -1.886  -1.653  -1.647   0.193
  -0.520   2.451  -1.650   1.411
   2.308  -0.999  -1.636   0.937
--------------------
Total RMSD:   1.158
--------------------
