-----------------------------------------------
Coordinates of template with ideal ctn geometry
-----------------------------------------------
   0.000   0.000   0.000
   0.000   0.000  -3.000
   1.964  -1.964  -1.134
   1.964   0.000   2.268
  -1.964   1.964  -1.134
   1.964   1.964  -1.134
  -1.964  -1.964  -1.134
---------------------------------------------
Coordinates of the fitted metal site and RMSD
---------------------------------------------
   0.000   0.000   0.000   0.000
  -0.082   0.042  -2.999   0.092
   2.007  -2.120  -0.693   0.469
   0.668  -0.102   2.923   1.456
  -2.174   2.060   0.178   1.332
   2.016   2.101  -0.724   0.435
  -2.104  -2.120   0.284   1.433
--------------------
Total RMSD:   1.030
--------------------
