-----------------------------------------------
Coordinates of template with ideal cuv geometry
-----------------------------------------------
   0.000   0.000   0.000
   1.732  -1.732   1.732
   1.732   1.732   1.732
  -1.732   1.732   1.732
   1.732  -1.732  -1.732
  -1.732   1.732  -1.732
  -1.732  -1.732  -1.732
  -1.732  -1.732   1.732
---------------------------------------------
Coordinates of the fitted metal site and RMSD
---------------------------------------------
   0.000   0.000   0.000   0.000
  -0.318  -1.715   2.441   2.169
   2.117   1.826   1.089   0.756
  -1.974   0.511   2.201   1.330
   1.924  -0.616  -2.218   1.233
  -1.552   2.094  -1.486   0.474
  -1.366  -2.061  -1.698   0.493
  -1.205  -0.605   2.680   1.564
--------------------
Total RMSD:   1.281
--------------------
