-----------------------------------------------
Coordinates of template with ideal hva geometry
-----------------------------------------------
   0.000   0.000   0.000
   0.000  -2.598  -1.500
   3.000   0.000   0.000
   0.000   0.000   3.000
   0.000   2.598  -1.500
   0.000   2.598   1.500
   0.000   0.000  -3.000
   0.000  -2.598   1.500
---------------------------------------------
Coordinates of the fitted metal site and RMSD
---------------------------------------------
   0.000   0.000   0.000   0.000
  -0.150  -2.994  -0.104   1.459
   2.890   0.212   0.776   0.812
  -0.784  -1.751   2.306   2.040
   0.694   1.707  -2.368   1.425
  -1.001   2.236   1.731   1.090
  -2.534   0.240  -1.588   2.911
  -0.402  -2.683   1.281   0.466
--------------------
Total RMSD:   1.641
--------------------
