-----------------------------------------------
Coordinates of template with ideal hvp geometry
-----------------------------------------------
   0.000   0.000   0.000
   0.000  -2.598   1.500
  -3.000   0.000   0.000
   0.000   0.000  -3.000
   0.000   0.000   3.000
   0.000   2.598  -1.500
   3.000   0.000   0.000
   0.000  -2.598  -1.500
---------------------------------------------
Coordinates of the fitted metal site and RMSD
---------------------------------------------
   0.000   0.000   0.000   0.000
   0.227  -2.938  -0.564   2.104
  -2.978   0.094   0.350   0.363
  -0.075  -1.223  -2.738   1.253
   0.182   1.177   2.754   1.216
   0.269   2.595  -1.482   0.270
   2.933   0.169   0.609   0.635
  -0.045  -2.357  -1.855   0.432
--------------------
Total RMSD:   1.087
--------------------
