-----------------------------------------------
Coordinates of template with ideal pbp geometry
-----------------------------------------------
   0.000   0.000   0.000
  -3.000   0.000   0.000
   0.000   0.000   3.000
   0.000   2.853   0.927
   0.000  -2.853   0.927
   3.000   0.000   0.000
   0.000  -1.763  -2.427
   0.000   1.763  -2.427
---------------------------------------------
Coordinates of the fitted metal site and RMSD
---------------------------------------------
   0.000   0.000   0.000   0.000
  -2.473   1.451  -0.884   1.779
  -0.291   0.505   2.943   0.586
  -0.091   2.892  -0.794   1.724
   0.051  -2.920   0.687   0.254
   2.976   0.356  -0.133   0.380
   0.165  -1.440  -2.627   0.414
  -1.469   2.483  -0.822   2.291
--------------------
Total RMSD:   1.315
--------------------
