-----------------------------------------------
Coordinates of template with ideal sav geometry
-----------------------------------------------
   0.000   0.000   0.000
   1.732  -1.732  -1.732
   0.000   2.449   1.732
   0.000  -2.449   1.732
  -1.732   1.732  -1.732
  -2.449   0.000   1.732
  -1.732  -1.732  -1.732
   2.449   0.000   1.732
---------------------------------------------
Coordinates of the fitted metal site and RMSD
---------------------------------------------
   0.000   0.000   0.000   0.000
   2.665  -1.291  -0.479   1.623
   1.014   2.484   1.342   1.087
   1.337  -1.908   1.889   1.451
  -1.335   1.824  -1.972   0.473
  -2.402  -0.400   1.752   0.403
  -1.302  -1.806  -2.011   0.517
   2.315  -1.705   0.856   1.921
--------------------
Total RMSD:   1.211
--------------------
