-----------------------------------------------
Coordinates of template with ideal tpv geometry
-----------------------------------------------
   0.000   0.000   0.000
  -1.964   1.964  -1.134
   1.964   1.964  -1.134
  -1.964   0.000   2.268
  -1.964  -1.964  -1.134
   1.964   0.000   2.268
---------------------------------------------
Coordinates of the fitted metal site and RMSD
---------------------------------------------
   0.000   0.000   0.000   0.000
  -1.516   2.504  -0.655   0.850
   1.969   0.877  -2.087   1.446
  -2.102  -0.532   2.073   0.583
  -0.891  -2.353  -1.634   1.246
   2.109   0.087   2.132   0.217
--------------------
Total RMSD:   0.975
--------------------
