-----------------------------------------------
Coordinates of template with ideal pvp geometry
-----------------------------------------------
   0.000   0.000   0.000
   0.000   1.763  -2.427
   0.000  -1.763  -2.427
  -3.000   0.000   0.000
   3.000   0.000   0.000
   0.000   0.000   3.000
   0.000  -2.853   0.927
---------------------------------------------
Coordinates of the fitted metal site and RMSD
---------------------------------------------
   0.000   0.000   0.000   0.000
  -0.011   2.613  -1.474   1.277
   0.058  -1.349  -2.679   0.488
  -3.000   0.023   0.035   0.041
   2.999   0.013  -0.091   0.092
  -0.077   1.282   2.711   1.316
  -0.034  -2.682   1.343   0.451
--------------------
Total RMSD:   0.797
--------------------
