-----------------------------------------------
Coordinates of template with ideal cof geometry
-----------------------------------------------
   0.000   0.000   0.000
   0.000  -3.000   0.000
   3.000   0.000   0.000
  -3.000   0.000   0.000
   0.000   0.000  -3.000
   0.000   3.000   0.000
   1.732   1.732   1.732
---------------------------------------------
Coordinates of the fitted metal site and RMSD
---------------------------------------------
   0.000   0.000   0.000   0.000
   0.058  -2.956   0.510   0.515
   2.967  -0.036  -0.444   0.447
  -2.971   0.046   0.413   0.417
  -0.532  -0.450  -2.918   0.701
  -0.009   2.971  -0.414   0.415
   0.504   0.530   2.910   2.083
--------------------
Total RMSD:   0.970
--------------------
