-----------------------------------------------
Coordinates of template with ideal pvp geometry
-----------------------------------------------
   0.000   0.000   0.000
   0.000   0.000   3.000
  -3.000   0.000   0.000
   3.000   0.000   0.000
   0.000   1.763  -2.427
   0.000  -1.763  -2.427
   0.000  -2.853   0.927
---------------------------------------------
Coordinates of the fitted metal site and RMSD
---------------------------------------------
   0.000   0.000   0.000   0.000
  -0.015   1.328   2.690   1.364
  -3.000  -0.027   0.015   0.031
   2.999   0.046  -0.042   0.062
   0.058   2.661  -1.384   1.377
  -0.018  -1.420  -2.642   0.405
  -0.030  -2.698   1.312   0.417
--------------------
Total RMSD:   0.827
--------------------
