-----------------------------------------------
Coordinates of template with ideal ctf geometry
-----------------------------------------------
   0.000   0.000   0.000
  -1.964   0.000   2.268
   1.964   1.964  -1.134
  -1.964   1.964  -1.134
   1.964   0.000   2.268
   0.000   0.000  -3.000
  -1.964  -1.964  -1.134
---------------------------------------------
Coordinates of the fitted metal site and RMSD
---------------------------------------------
   0.000   0.000   0.000   0.000
  -1.295   0.559   2.648   0.951
   1.756   2.427   0.163   1.392
  -2.201   1.549  -1.326   0.515
   2.195  -1.482   1.409   1.728
   1.205  -0.648  -2.670   1.407
  -1.727  -2.445  -0.203   1.074
--------------------
Total RMSD:   1.240
--------------------
