-----------------------------------------------
Coordinates of template with ideal oct geometry
-----------------------------------------------
   0.000   0.000   0.000
   3.000   0.000   0.000
   0.000  -3.000   0.000
   0.000   0.000  -3.000
   0.000   0.000   3.000
  -3.000   0.000   0.000
   0.000   3.000   0.000
---------------------------------------------
Coordinates of the fitted metal site and RMSD
---------------------------------------------
   0.000   0.000   0.000   0.000
   2.998   0.099  -0.018   0.101
  -0.063  -2.999   0.071   0.094
   0.049   0.036  -2.999   0.061
   0.041  -0.093   2.998   0.102
  -3.000   0.026  -0.010   0.028
   0.011   2.999  -0.058   0.059
--------------------
Total RMSD:   0.079
--------------------
