-----------------------------------------------
Coordinates of template with ideal cof geometry
-----------------------------------------------
   0.000   0.000   0.000
   0.000   0.000  -3.000
  -3.000   0.000   0.000
   3.000   0.000   0.000
   0.000   3.000   0.000
   0.000  -3.000   0.000
   1.732   1.732   1.732
---------------------------------------------
Coordinates of the fitted metal site and RMSD
---------------------------------------------
   0.000   0.000   0.000   0.000
   0.116   0.688  -2.918   0.702
  -2.856  -0.823  -0.410   0.930
   2.698  -1.007  -0.842   1.347
  -0.918   2.850   0.184   0.948
  -0.352  -2.532   1.570   1.676
   1.698   1.037   2.245   0.865
--------------------
Total RMSD:   1.127
--------------------
