-----------------------------------------------
Coordinates of template with ideal ctf geometry
-----------------------------------------------
   0.000   0.000   0.000
  -1.964  -1.964  -1.134
   1.964   0.000   2.268
   0.000   0.000  -3.000
  -1.964   0.000   2.268
   1.964   1.964  -1.134
  -1.964   1.964  -1.134
---------------------------------------------
Coordinates of the fitted metal site and RMSD
---------------------------------------------
   0.000   0.000   0.000   0.000
  -0.707  -2.906  -0.233   1.810
   2.014  -0.761   2.089   0.784
  -0.327  -0.398  -2.955   0.517
  -2.129  -0.104   2.111   0.251
   2.441   1.642  -0.585   0.795
  -1.658   2.401  -0.696   0.690
--------------------
Total RMSD:   0.942
--------------------
