-----------------------------------------------
Coordinates of template with ideal ctn geometry
-----------------------------------------------
   0.000   0.000   0.000
   1.964  -1.964  -1.134
   1.964   0.000   2.268
   0.000   0.000  -3.000
  -1.964  -1.964  -1.134
   1.964   1.964  -1.134
  -1.964   1.964  -1.134
---------------------------------------------
Coordinates of the fitted metal site and RMSD
---------------------------------------------
   0.000   0.000   0.000   0.000
   1.041  -2.692  -0.818   1.217
   1.518  -0.306   2.569   0.619
   0.679   0.372  -2.898   0.781
  -2.186  -1.690   1.169   2.329
   1.239   2.679   0.538   1.958
  -2.452   1.439  -0.957   0.738
--------------------
Total RMSD:   1.431
--------------------
