-----------------------------------------------
Coordinates of template with ideal oct geometry
-----------------------------------------------
   0.000   0.000   0.000
   0.000  -3.000   0.000
   0.000   0.000  -3.000
   0.000   0.000   3.000
   3.000   0.000   0.000
  -3.000   0.000   0.000
   0.000   3.000   0.000
---------------------------------------------
Coordinates of the fitted metal site and RMSD
---------------------------------------------
   0.000   0.000   0.000   0.000
   1.151  -2.690   0.664   1.365
  -0.652  -1.064  -2.728   1.277
  -0.942  -0.482   2.807   1.076
   2.810   0.483  -0.933   1.068
  -2.742   1.033  -0.643   1.244
   0.601   2.662   1.245   1.424
--------------------
Total RMSD:   1.249
--------------------
