-----------------------------------------------
Coordinates of template with ideal pvp geometry
-----------------------------------------------
   0.000   0.000   0.000
   0.000  -2.853   0.927
   0.000   0.000   3.000
   0.000  -1.763  -2.427
  -3.000   0.000   0.000
   3.000   0.000   0.000
   0.000   1.763  -2.427
---------------------------------------------
Coordinates of the fitted metal site and RMSD
---------------------------------------------
   0.000   0.000   0.000   0.000
  -1.215  -2.680   0.583   1.274
   0.533   0.286   2.938   0.608
   1.013  -1.721  -2.239   1.031
  -2.821   0.895   0.493   1.037
   2.752   1.174   0.218   1.220
  -0.477   1.811  -2.343   0.487
--------------------
Total RMSD:   0.988
--------------------
