-----------------------------------------------
Coordinates of template with ideal tpr geometry
-----------------------------------------------
   0.000   0.000   0.000
  -1.964   1.964  -1.134
  -1.964  -1.964  -1.134
   1.964   1.964  -1.134
  -1.964   0.000   2.268
   1.964  -1.964  -1.134
   1.964   0.000   2.268
---------------------------------------------
Coordinates of the fitted metal site and RMSD
---------------------------------------------
   0.000   0.000   0.000   0.000
  -1.847   2.105  -1.076   0.192
  -1.808  -2.064  -1.213   0.201
   1.874   2.115  -1.008   0.216
  -1.876   0.174   2.335   0.206
   1.813  -2.056  -1.219   0.196
   1.916   0.178   2.302   0.187
--------------------
Total RMSD:   0.200
--------------------
