-----------------------------------------------
Coordinates of template with ideal ctp geometry
-----------------------------------------------
   0.000   0.000   0.000
   1.964   0.000   2.268
   1.964   1.964  -1.134
   1.964  -1.964  -1.134
  -1.964   1.964  -1.134
  -1.964  -1.964  -1.134
   0.000   0.000  -3.000
  -1.964   0.000   2.268
---------------------------------------------
Coordinates of the fitted metal site and RMSD
---------------------------------------------
   0.000   0.000   0.000   0.000
   2.096  -1.441   1.590   1.598
   1.664   2.496  -0.011   1.278
   0.326  -2.238  -1.972   1.860
  -2.246   1.262  -1.537   0.858
  -0.696  -2.762  -0.942   1.510
   1.161  -1.114  -2.532   1.676
  -1.455   0.529   2.570   0.794
--------------------
Total RMSD:   1.419
--------------------
