-----------------------------------------------
Coordinates of template with ideal hva geometry
-----------------------------------------------
   0.000   0.000   0.000
   3.000   0.000   0.000
   0.000   0.000   3.000
   0.000   2.598  -1.500
   0.000  -2.598   1.500
   0.000   0.000  -3.000
   0.000   2.598   1.500
   0.000  -2.598  -1.500
---------------------------------------------
Coordinates of the fitted metal site and RMSD
---------------------------------------------
   0.000   0.000   0.000   0.000
   2.849   0.729  -0.593   0.952
   0.631  -0.268   2.921   0.690
  -0.672   2.601  -1.336   0.692
  -2.880  -0.762   0.357   3.601
  -0.563   1.580  -2.487   1.754
  -0.711   2.911   0.140   1.566
   0.654  -2.820  -0.786   0.994
--------------------
Total RMSD:   1.746
--------------------
