-----------------------------------------------
Coordinates of template with ideal cof geometry
-----------------------------------------------
   0.000   0.000   0.000
   1.732   1.732   1.732
   0.000   3.000   0.000
   0.000   0.000  -3.000
   0.000  -3.000   0.000
   3.000   0.000   0.000
  -3.000   0.000   0.000
---------------------------------------------
Coordinates of the fitted metal site and RMSD
---------------------------------------------
   0.000   0.000   0.000   0.000
   0.485   0.618   2.895   2.038
  -0.065   2.969  -0.428   0.434
  -0.376  -0.456  -2.941   0.594
   0.014  -2.969   0.432   0.433
   2.950  -0.063  -0.540   0.546
  -2.961   0.093   0.476   0.486
--------------------
Total RMSD:   0.950
--------------------
