-----------------------------------------------
Coordinates of template with ideal oct geometry
-----------------------------------------------
   0.000   0.000   0.000
   0.000  -3.000   0.000
   0.000   0.000  -3.000
   0.000   3.000   0.000
   0.000   0.000   3.000
  -3.000   0.000   0.000
   3.000   0.000   0.000
---------------------------------------------
Coordinates of the fitted metal site and RMSD
---------------------------------------------
   0.000   0.000   0.000   0.000
  -0.014  -2.997  -0.137   0.137
   0.047  -0.052  -2.999   0.070
  -0.098   2.998  -0.030   0.102
   0.004   0.056   2.999   0.056
  -2.999   0.072   0.001   0.072
   3.000  -0.012  -0.041   0.043
--------------------
Total RMSD:   0.086
--------------------
