-----------------------------------------------
Coordinates of template with ideal tpr geometry
-----------------------------------------------
   0.000   0.000   0.000
  -1.964   0.000   2.268
  -1.964   1.964  -1.134
   1.964   1.964  -1.134
   1.964  -1.964  -1.134
   1.964   0.000   2.268
  -1.964  -1.964  -1.134
---------------------------------------------
Coordinates of the fitted metal site and RMSD
---------------------------------------------
   0.000   0.000   0.000   0.000
  -1.805  -1.107   2.125   1.127
  -1.785   2.411   0.004   1.236
   1.775   1.289  -2.047   1.151
   1.758  -2.430  -0.043   1.204
   1.773   1.247   2.074   1.277
  -1.762  -1.191  -2.116   1.267
--------------------
Total RMSD:   1.212
--------------------
