-----------------------------------------------
Coordinates of template with ideal tbp geometry
-----------------------------------------------
   0.000   0.000   0.000
   3.000   0.000   0.000
   0.000   0.000   3.000
   0.000  -2.598  -1.500
   0.000   2.598  -1.500
  -3.000   0.000   0.000
---------------------------------------------
Coordinates of the fitted metal site and RMSD
---------------------------------------------
   0.000   0.000   0.000   0.000
   2.905   0.628   0.407   0.755
   0.016  -0.931   2.852   0.943
  -0.198  -2.663  -1.367   0.247
  -0.008   2.116  -2.127   0.791
  -2.950   0.464   0.289   0.549
--------------------
Total RMSD:   0.700
--------------------
