-----------------------------------------------
Coordinates of template with ideal cof geometry
-----------------------------------------------
   0.000   0.000   0.000
  -3.000   0.000   0.000
   3.000   0.000   0.000
   1.732   1.732   1.732
   0.000  -3.000   0.000
   0.000   3.000   0.000
   0.000   0.000  -3.000
---------------------------------------------
Coordinates of the fitted metal site and RMSD
---------------------------------------------
   0.000   0.000   0.000   0.000
  -2.979   0.035   0.349   0.351
   2.983   0.000  -0.317   0.318
   0.655   0.651   2.854   1.895
   0.011  -2.952   0.537   0.539
  -0.026   2.981  -0.335   0.337
  -0.604  -0.400  -2.911   0.730
--------------------
Total RMSD:   0.890
--------------------
