-----------------------------------------------
Coordinates of template with ideal con geometry
-----------------------------------------------
   0.000   0.000   0.000
   0.000  -3.000   0.000
   0.000   3.000   0.000
   1.732   1.732   1.732
   3.000   0.000   0.000
   0.000   0.000   3.000
  -3.000   0.000   0.000
---------------------------------------------
Coordinates of the fitted metal site and RMSD
---------------------------------------------
   0.000   0.000   0.000   0.000
   0.254  -2.977   0.269   0.370
  -0.239   2.982  -0.224   0.328
   2.395   0.669   1.678   1.254
   1.632  -0.104  -2.515   2.865
  -1.458   0.090   2.620   1.509
  -2.543  -0.608  -1.471   1.656
--------------------
Total RMSD:   1.583
--------------------
