-----------------------------------------------
Coordinates of template with ideal pva geometry
-----------------------------------------------
   0.000   0.000   0.000
   0.000   0.000   3.000
   0.000   1.763  -2.427
   0.000  -1.763  -2.427
   0.000   2.853   0.927
   0.000  -2.853   0.927
   3.000   0.000   0.000
---------------------------------------------
Coordinates of the fitted metal site and RMSD
---------------------------------------------
   0.000   0.000   0.000   0.000
  -0.637  -0.547   2.880   0.849
   0.611   0.510  -2.893   1.470
  -2.693  -0.778  -1.068   3.174
  -0.833   2.857   0.376   0.999
   0.635  -2.906  -0.389   1.462
   2.780   0.545   0.987   1.148
--------------------
Total RMSD:   1.703
--------------------
