-----------------------------------------------
Coordinates of template with ideal cof geometry
-----------------------------------------------
   0.000   0.000   0.000
   1.732   1.732   1.732
   0.000  -3.000   0.000
  -3.000   0.000   0.000
   3.000   0.000   0.000
   0.000   0.000  -3.000
   0.000   3.000   0.000
---------------------------------------------
Coordinates of the fitted metal site and RMSD
---------------------------------------------
   0.000   0.000   0.000   0.000
   0.492   0.563   2.905   2.069
   0.014  -2.975   0.387   0.388
  -2.972   0.013   0.407   0.408
   2.967  -0.041  -0.441   0.444
  -0.546  -0.452  -2.915   0.713
   0.002   2.956  -0.514   0.516
--------------------
Total RMSD:   0.964
--------------------
