-----------------------------------------------
Coordinates of template with ideal con geometry
-----------------------------------------------
   0.000   0.000   0.000
  -3.000   0.000   0.000
   3.000   0.000   0.000
   0.000   3.000   0.000
   0.000  -3.000   0.000
   1.732   1.732   1.732
   0.000   0.000   3.000
---------------------------------------------
Coordinates of the fitted metal site and RMSD
---------------------------------------------
   0.000   0.000   0.000   0.000
  -2.562  -0.499  -1.480   1.622
   1.662  -0.038  -2.498   2.834
  -0.309   2.971  -0.282   0.419
   0.353  -2.966   0.283   0.453
   2.496   0.553   1.569   1.414
  -1.553   0.022   2.566   1.613
--------------------
Total RMSD:   1.615
--------------------
