-----------------------------------------------
Coordinates of template with ideal hva geometry
-----------------------------------------------
   0.000   0.000   0.000
   0.000  -2.598  -1.500
   0.000   0.000   3.000
   0.000   2.598  -1.500
   0.000  -2.598   1.500
   0.000   0.000  -3.000
   3.000   0.000   0.000
   0.000   2.598   1.500
---------------------------------------------
Coordinates of the fitted metal site and RMSD
---------------------------------------------
   0.000   0.000   0.000   0.000
  -0.642  -2.730  -1.066   0.786
  -0.680  -0.142   2.918   0.700
  -0.926   2.121  -1.908   1.119
  -1.319  -1.353   2.330   1.995
  -1.530   0.682  -2.489   1.751
   2.940   0.190   0.567   0.601
  -0.814   1.333   2.561   1.841
--------------------
Total RMSD:   1.371
--------------------
