-----------------------------------------------
Coordinates of template with ideal hvp geometry
-----------------------------------------------
   0.000   0.000   0.000
  -3.000   0.000   0.000
   0.000   0.000  -3.000
   0.000   0.000   3.000
   0.000  -2.598  -1.500
   0.000  -2.598   1.500
   0.000   2.598  -1.500
   3.000   0.000   0.000
---------------------------------------------
Coordinates of the fitted metal site and RMSD
---------------------------------------------
   0.000   0.000   0.000   0.000
  -2.783  -1.051  -0.387   1.141
   1.485  -0.848  -2.465   1.791
   0.909  -0.440   2.825   1.025
   0.233  -1.656  -2.491   1.387
  -0.535  -1.253   2.673   1.863
   0.098   2.894  -0.785   0.780
   2.560  -0.704  -1.396   1.624
--------------------
Total RMSD:   1.424
--------------------
