-----------------------------------------------
Coordinates of template with ideal cof geometry
-----------------------------------------------
   0.000   0.000   0.000
   0.000   0.000  -3.000
   1.732   1.732   1.732
   0.000  -3.000   0.000
   3.000   0.000   0.000
  -3.000   0.000   0.000
   0.000   3.000   0.000
---------------------------------------------
Coordinates of the fitted metal site and RMSD
---------------------------------------------
   0.000   0.000   0.000   0.000
  -0.421  -0.359  -2.949   0.555
   0.696   0.564   2.863   1.928
   0.149  -2.962   0.455   0.480
   2.983  -0.059  -0.315   0.320
  -2.950   0.173   0.516   0.547
  -0.158   2.951  -0.514   0.540
--------------------
Total RMSD:   0.908
--------------------
