-----------------------------------------------
Coordinates of template with ideal con geometry
-----------------------------------------------
   0.000   0.000   0.000
   0.000   3.000   0.000
   0.000   0.000   3.000
   3.000   0.000   0.000
   1.732   1.732   1.732
   0.000  -3.000   0.000
  -3.000   0.000   0.000
---------------------------------------------
Coordinates of the fitted metal site and RMSD
---------------------------------------------
   0.000   0.000   0.000   0.000
  -0.216   1.669  -2.484   2.826
   0.056  -1.402   2.652   1.445
   2.969  -0.294  -0.318   0.434
   0.580   2.409   1.691   1.337
  -0.651  -2.517  -1.496   1.702
  -2.970   0.327   0.267   0.423
--------------------
Total RMSD:   1.588
--------------------
