-----------------------------------------------
Coordinates of template with ideal ctn geometry
-----------------------------------------------
   0.000   0.000   0.000
  -1.964   1.964  -1.134
   1.964  -1.964  -1.134
  -1.964  -1.964  -1.134
   0.000   0.000  -3.000
   1.964   0.000   2.268
   1.964   1.964  -1.134
---------------------------------------------
Coordinates of the fitted metal site and RMSD
---------------------------------------------
   0.000   0.000   0.000   0.000
  -2.007   2.212   0.280   1.436
   2.100  -2.061  -0.587   0.572
  -2.112  -2.109   0.302   1.451
  -0.464  -0.185  -2.958   0.501
   0.673   0.085   2.922   1.450
   2.069   2.152  -0.296   0.865
--------------------
Total RMSD:   1.125
--------------------
