-----------------------------------------------
Coordinates of template with ideal cof geometry
-----------------------------------------------
   0.000   0.000   0.000
   1.732   1.732   1.732
   0.000   3.000   0.000
   3.000   0.000   0.000
  -3.000   0.000   0.000
   0.000  -3.000   0.000
   0.000   0.000  -3.000
---------------------------------------------
Coordinates of the fitted metal site and RMSD
---------------------------------------------
   0.000   0.000   0.000   0.000
   0.475   0.640   2.892   2.030
   0.032   2.971  -0.412   0.414
   2.971  -0.008  -0.413   0.414
  -2.952   0.056   0.532   0.537
   0.001  -2.953   0.527   0.529
  -0.451  -0.361  -2.944   0.581
--------------------
Total RMSD:   0.946
--------------------
