-----------------------------------------------
Coordinates of template with ideal ctf geometry
-----------------------------------------------
   0.000   0.000   0.000
   0.000   0.000  -3.000
  -1.964   1.964  -1.134
  -1.964  -1.964  -1.134
   1.964   1.964  -1.134
   1.964   0.000   2.268
  -1.964   0.000   2.268
---------------------------------------------
Coordinates of the fitted metal site and RMSD
---------------------------------------------
   0.000   0.000   0.000   0.000
   1.104  -0.545  -2.736   1.260
  -2.158   1.509  -1.437   0.580
  -1.672  -2.478  -0.259   1.056
   1.703   2.466   0.134   1.388
   2.200  -1.547   1.330   1.824
  -1.324   0.671   2.607   0.987
--------------------
Total RMSD:   1.243
--------------------
