-----------------------------------------------
Coordinates of template with ideal oct geometry
-----------------------------------------------
   0.000   0.000   0.000
  -3.000   0.000   0.000
   0.000   0.000   3.000
   0.000  -3.000   0.000
   0.000   3.000   0.000
   0.000   0.000  -3.000
   3.000   0.000   0.000
---------------------------------------------
Coordinates of the fitted metal site and RMSD
---------------------------------------------
   0.000   0.000   0.000   0.000
  -2.996  -0.009   0.161   0.162
  -0.080  -0.036   2.999   0.088
  -0.060  -2.999   0.043   0.073
  -0.067   2.999  -0.015   0.069
  -0.040   0.022  -3.000   0.045
   2.997  -0.017   0.121   0.122
--------------------
Total RMSD:   0.101
--------------------
