-----------------------------------------------
Coordinates of template with ideal con geometry
-----------------------------------------------
   0.000   0.000   0.000
   0.000  -3.000   0.000
   1.732   1.732   1.732
  -3.000   0.000   0.000
   0.000   0.000   3.000
   0.000   3.000   0.000
   3.000   0.000   0.000
---------------------------------------------
Coordinates of the fitted metal site and RMSD
---------------------------------------------
   0.000   0.000   0.000   0.000
  -0.097  -2.685  -1.334   1.374
   0.548   2.546   1.489   1.458
  -2.972   0.314   0.261   0.410
   0.348  -1.391   2.635   1.480
   0.489   2.071  -2.115   2.361
   2.989  -0.253   0.066   0.261
--------------------
Total RMSD:   1.415
--------------------
