-----------------------------------------------
Coordinates of template with ideal oct geometry
-----------------------------------------------
   0.000   0.000   0.000
   0.000  -3.000   0.000
   0.000   3.000   0.000
   0.000   0.000   3.000
   3.000   0.000   0.000
  -3.000   0.000   0.000
   0.000   0.000  -3.000
---------------------------------------------
Coordinates of the fitted metal site and RMSD
---------------------------------------------
   0.000   0.000   0.000   0.000
   0.301  -2.977  -0.214   0.370
  -0.105   2.988  -0.242   0.264
   0.113   0.100   2.996   0.151
   2.964   0.264  -0.382   0.466
  -2.902   0.669  -0.365   0.769
   0.130   0.127  -2.994   0.182
--------------------
Total RMSD:   0.422
--------------------
