-----------------------------------------------
Coordinates of template with ideal tpr geometry
-----------------------------------------------
   0.000   0.000   0.000
  -1.964  -1.964  -1.134
   1.964   1.964  -1.134
   1.964  -1.964  -1.134
  -1.964   1.964  -1.134
   1.964   0.000   2.268
  -1.964   0.000   2.268
---------------------------------------------
Coordinates of the fitted metal site and RMSD
---------------------------------------------
   0.000   0.000   0.000   0.000
  -2.018  -2.219  -0.066   1.099
   1.646   2.496   0.245   1.511
   1.741  -1.111  -2.176   1.365
  -1.760   1.572  -1.852   0.843
   1.828  -0.476   2.330   0.499
  -1.748   1.394   2.000   1.436
--------------------
Total RMSD:   1.182
--------------------
