-----------------------------------------------
Coordinates of template with ideal con geometry
-----------------------------------------------
   0.000   0.000   0.000
   0.000  -3.000   0.000
  -3.000   0.000   0.000
   3.000   0.000   0.000
   0.000   3.000   0.000
   0.000   0.000   3.000
   1.732   1.732   1.732
---------------------------------------------
Coordinates of the fitted metal site and RMSD
---------------------------------------------
   0.000   0.000   0.000   0.000
   0.328  -2.978   0.159   0.365
  -2.546  -0.352  -1.547   1.650
   1.797  -0.093  -2.400   2.686
  -0.483   2.941  -0.345   0.597
  -1.317   0.102   2.693   1.357
   2.443   0.589   1.639   1.349
--------------------
Total RMSD:   1.532
--------------------
