-----------------------------------------------
Coordinates of template with ideal pva geometry
-----------------------------------------------
   0.000   0.000   0.000
   0.000   0.000   3.000
   0.000   2.853   0.927
   0.000  -2.853   0.927
   0.000   1.763  -2.427
   3.000   0.000   0.000
   0.000  -1.763  -2.427
---------------------------------------------
Coordinates of the fitted metal site and RMSD
---------------------------------------------
   0.000   0.000   0.000   0.000
   0.662  -1.109   2.708   1.324
  -0.812   2.603   1.252   0.910
  -2.685  -1.303   0.302   3.163
  -0.796   1.280  -2.594   0.946
   2.851   0.798  -0.485   0.945
   0.877  -2.459  -1.477   1.468
--------------------
Total RMSD:   1.660
--------------------
