-----------------------------------------------
Coordinates of template with ideal tpr geometry
-----------------------------------------------
   0.000   0.000   0.000
  -1.964  -1.964  -1.134
  -1.964   1.964  -1.134
   1.964  -1.964  -1.134
   1.964   1.964  -1.134
  -1.964   0.000   2.268
   1.964   0.000   2.268
---------------------------------------------
Coordinates of the fitted metal site and RMSD
---------------------------------------------
   0.000   0.000   0.000   0.000
  -1.761  -2.423  -0.168   1.089
  -1.654   1.361  -2.100   1.180
   1.820  -1.389  -1.938   0.999
   1.673   2.490  -0.052   1.238
  -1.546   1.091   2.328   1.169
   1.713  -1.111   2.198   1.141
--------------------
Total RMSD:   1.139
--------------------
