-----------------------------------------------
Coordinates of template with ideal cof geometry
-----------------------------------------------
   0.000   0.000   0.000
  -3.000   0.000   0.000
   1.732   1.732   1.732
   3.000   0.000   0.000
   0.000   3.000   0.000
   0.000   0.000  -3.000
   0.000  -3.000   0.000
---------------------------------------------
Coordinates of the fitted metal site and RMSD
---------------------------------------------
   0.000   0.000   0.000   0.000
  -2.964   0.069   0.461   0.467
   0.794   0.477   2.854   1.927
   2.969   0.123  -0.410   0.430
   0.178   2.959  -0.460   0.495
  -0.318  -0.492  -2.942   0.589
   0.307  -2.954   0.421   0.523
--------------------
Total RMSD:   0.911
--------------------
