-----------------------------------------------
Coordinates of template with ideal con geometry
-----------------------------------------------
   0.000   0.000   0.000
   0.000  -3.000   0.000
   3.000   0.000   0.000
   1.732   1.732   1.732
   0.000   0.000   3.000
  -3.000   0.000   0.000
   0.000   3.000   0.000
---------------------------------------------
Coordinates of the fitted metal site and RMSD
---------------------------------------------
   0.000   0.000   0.000   0.000
  -0.485  -2.553  -1.499   1.637
   2.996  -0.104  -0.120   0.160
   0.567   2.445   1.643   1.369
   0.139  -1.378   2.661   1.426
  -2.933   0.519   0.362   0.636
  -0.023   1.781  -2.414   2.704
--------------------
Total RMSD:   1.546
--------------------
