-----------------------------------------------
Coordinates of template with ideal tpr geometry
-----------------------------------------------
   0.000   0.000   0.000
   1.964   1.964  -1.134
  -1.964  -1.964  -1.134
  -1.964   0.000   2.268
  -1.964   1.964  -1.134
   1.964   0.000   2.268
   1.964  -1.964  -1.134
---------------------------------------------
Coordinates of the fitted metal site and RMSD
---------------------------------------------
   0.000   0.000   0.000   0.000
   1.706   1.345  -2.069   1.150
  -1.900  -1.297  -1.925   1.037
  -1.856  -1.227   2.013   1.258
  -1.902   2.312   0.194   1.374
   1.635   1.085   2.269   1.134
   1.598  -2.536   0.113   1.420
--------------------
Total RMSD:   1.236
--------------------
