-----------------------------------------------
Coordinates of template with ideal cof geometry
-----------------------------------------------
   0.000   0.000   0.000
   0.000   3.000   0.000
   1.732   1.732   1.732
  -3.000   0.000   0.000
   0.000  -3.000   0.000
   0.000   0.000  -3.000
   3.000   0.000   0.000
---------------------------------------------
Coordinates of the fitted metal site and RMSD
---------------------------------------------
   0.000   0.000   0.000   0.000
  -0.118   2.958  -0.487   0.503
   0.591   0.614   2.876   1.965
  -2.968   0.052   0.434   0.438
  -0.080  -2.973   0.394   0.403
  -0.542  -0.424  -2.920   0.693
   2.980   0.000  -0.344   0.344
--------------------
Total RMSD:   0.919
--------------------
