-----------------------------------------------
Coordinates of template with ideal tpr geometry
-----------------------------------------------
   0.000   0.000   0.000
  -1.964   1.964  -1.134
  -1.964   0.000   2.268
  -1.964  -1.964  -1.134
   1.964  -1.964  -1.134
   1.964   1.964  -1.134
   1.964   0.000   2.268
---------------------------------------------
Coordinates of the fitted metal site and RMSD
---------------------------------------------
   0.000   0.000   0.000   0.000
  -1.776   2.417  -0.061   1.180
  -1.737  -1.078   2.195   1.104
  -1.713  -1.191  -2.156   1.306
   1.742  -2.438  -0.155   1.110
   1.658   1.259  -2.160   1.282
   1.633   1.179   2.223   1.226
--------------------
Total RMSD:   1.204
--------------------
