-----------------------------------------------
Coordinates of template with ideal cof geometry
-----------------------------------------------
   0.000   0.000   0.000
   3.000   0.000   0.000
   1.732   1.732   1.732
  -3.000   0.000   0.000
   0.000   3.000   0.000
   0.000   0.000  -3.000
   0.000  -3.000   0.000
---------------------------------------------
Coordinates of the fitted metal site and RMSD
---------------------------------------------
   0.000   0.000   0.000   0.000
   2.964  -0.079  -0.456   0.464
   0.553   0.506   2.905   2.066
  -2.959  -0.028   0.495   0.498
  -0.101   2.963  -0.457   0.469
  -0.407  -0.448  -2.938   0.608
  -0.022  -2.961   0.480   0.482
--------------------
Total RMSD:   0.962
--------------------
