-----------------------------------------------
Coordinates of template with ideal pva geometry
-----------------------------------------------
   0.000   0.000   0.000
   0.000  -1.763  -2.427
   0.000  -2.853   0.927
   0.000   2.853   0.927
   0.000   0.000   3.000
   3.000   0.000   0.000
   0.000   1.763  -2.427
---------------------------------------------
Coordinates of the fitted metal site and RMSD
---------------------------------------------
   0.000   0.000   0.000   0.000
   0.752  -2.522  -1.439   1.455
  -2.765  -1.118   0.323   3.320
  -0.802   2.560   1.343   0.950
   0.742  -1.169   2.661   1.425
   2.819   0.968  -0.340   1.042
  -0.777   1.274  -2.603   0.935
--------------------
Total RMSD:   1.734
--------------------
