-----------------------------------------------
Coordinates of template with ideal tpr geometry
-----------------------------------------------
   0.000   0.000   0.000
   1.964   0.000   2.268
  -1.964   0.000   2.268
  -1.964  -1.964  -1.134
  -1.964   1.964  -1.134
   1.964   1.964  -1.134
   1.964  -1.964  -1.134
---------------------------------------------
Coordinates of the fitted metal site and RMSD
---------------------------------------------
   0.000   0.000   0.000   0.000
   1.744   1.179   2.138   1.206
  -1.715  -1.163   2.169   1.193
  -1.692  -1.279  -2.122   1.232
  -1.768   2.423  -0.046   1.197
   1.766   1.273  -2.064   1.175
   1.694  -2.475  -0.041   1.237
--------------------
Total RMSD:   1.207
--------------------
