-----------------------------------------------
Coordinates of template with ideal spy geometry
-----------------------------------------------
   0.000   0.000   0.000
  -3.000   0.000   0.000
   0.000  -3.000   0.000
   0.000   3.000   0.000
   3.000   0.000   0.000
   0.000   0.000   3.000
---------------------------------------------
Coordinates of the fitted metal site and RMSD
---------------------------------------------
   0.000   0.000   0.000   0.000
  -2.909  -0.716  -0.167   0.740
  -0.609  -2.889   0.534   0.817
  -0.527   2.775  -1.012   1.163
   2.932  -0.634   0.016   0.638
   0.183  -1.546   2.565   1.616
--------------------
Total RMSD:   1.057
--------------------
