-----------------------------------------------
Coordinates of template with ideal ctf geometry
-----------------------------------------------
   0.000   0.000   0.000
   0.000   0.000  -3.000
  -1.964  -1.964  -1.134
   1.964   1.964  -1.134
  -1.964   0.000   2.268
   1.964   0.000   2.268
  -1.964   1.964  -1.134
---------------------------------------------
Coordinates of the fitted metal site and RMSD
---------------------------------------------
   0.000   0.000   0.000   0.000
   0.808   0.612  -2.824   1.029
  -1.955  -1.550  -1.666   0.674
   1.396   2.625  -0.403   1.137
  -1.382   1.328   2.308   1.451
   2.659   0.845   1.102   1.599
  -1.671   2.011  -1.470   0.449
--------------------
Total RMSD:   1.130
--------------------
