-----------------------------------------------
Coordinates of template with ideal oct geometry
-----------------------------------------------
   0.000   0.000   0.000
  -3.000   0.000   0.000
   0.000   0.000   3.000
   0.000   0.000  -3.000
   3.000   0.000   0.000
   0.000  -3.000   0.000
   0.000   3.000   0.000
---------------------------------------------
Coordinates of the fitted metal site and RMSD
---------------------------------------------
   0.000   0.000   0.000   0.000
  -2.794   0.905  -0.612   1.112
  -0.816   1.538   2.443   1.828
  -0.650   0.299  -2.913   0.721
   2.823   0.653  -0.778   1.031
  -0.081  -2.154  -2.086   2.253
  -0.332   2.859  -0.847   0.921
--------------------
Total RMSD:   1.419
--------------------
