-----------------------------------------------
Coordinates of template with ideal tpr geometry
-----------------------------------------------
   0.000   0.000   0.000
   1.964   1.964  -1.134
  -1.964   1.964  -1.134
   1.964   0.000   2.268
  -1.964  -1.964  -1.134
   1.964  -1.964  -1.134
  -1.964   0.000   2.268
---------------------------------------------
Coordinates of the fitted metal site and RMSD
---------------------------------------------
   0.000   0.000   0.000   0.000
   1.463   2.296   1.260   2.469
  -1.751   2.371  -0.560   0.735
   1.795  -0.717   2.294   0.737
  -1.644  -2.372   0.819   2.020
   2.456  -1.722  -0.068   1.199
  -1.032   0.960   2.649   1.391
--------------------
Total RMSD:   1.562
--------------------
