-----------------------------------------------
Coordinates of template with ideal ctf geometry
-----------------------------------------------
   0.000   0.000   0.000
  -1.964  -1.964  -1.134
  -1.964   0.000   2.268
  -1.964   1.964  -1.134
   0.000   0.000  -3.000
   1.964   0.000   2.268
   1.964   1.964  -1.134
---------------------------------------------
Coordinates of the fitted metal site and RMSD
---------------------------------------------
   0.000   0.000   0.000   0.000
  -1.094  -2.733  -0.578   1.287
  -1.422   0.977   2.454   1.133
  -2.200   1.281  -1.587   0.853
   1.028   1.225  -2.539   1.664
   2.185  -1.244   1.637   1.412
   2.064   1.726  -1.327   0.322
--------------------
Total RMSD:   1.193
--------------------
