-----------------------------------------------
Coordinates of template with ideal ctn geometry
-----------------------------------------------
   0.000   0.000   0.000
  -1.964   1.964  -1.134
   1.964   0.000   2.268
   1.964   1.964  -1.134
   0.000   0.000  -3.000
  -1.964  -1.964  -1.134
   1.964  -1.964  -1.134
---------------------------------------------
Coordinates of the fitted metal site and RMSD
---------------------------------------------
   0.000   0.000   0.000   0.000
  -2.236   1.992  -0.173   0.999
   0.984   0.078   2.833   1.134
   2.024   2.133  -0.592   0.571
   1.234  -0.358  -2.711   1.317
  -1.992  -2.149   0.644   1.788
   1.272  -1.861  -1.980   1.098
--------------------
Total RMSD:   1.207
--------------------
