-----------------------------------------------
Coordinates of template with ideal cof geometry
-----------------------------------------------
   0.000   0.000   0.000
   0.000  -3.000   0.000
   3.000   0.000   0.000
  -3.000   0.000   0.000
   1.732   1.732   1.732
   0.000   3.000   0.000
   0.000   0.000  -3.000
---------------------------------------------
Coordinates of the fitted metal site and RMSD
---------------------------------------------
   0.000   0.000   0.000   0.000
   0.174  -2.970   0.386   0.424
   2.970   0.143  -0.400   0.426
  -2.960   0.046   0.488   0.492
   0.836   0.479   2.841   1.898
   0.065   2.958  -0.493   0.499
  -0.270  -0.484  -2.948   0.557
--------------------
Total RMSD:   0.891
--------------------
