-----------------------------------------------
Coordinates of template with ideal ctn geometry
-----------------------------------------------
   0.000   0.000   0.000
  -1.964   1.964  -1.134
   0.000   0.000  -3.000
   1.964   0.000   2.268
  -1.964  -1.964  -1.134
   1.964  -1.964  -1.134
   1.964   1.964  -1.134
---------------------------------------------
Coordinates of the fitted metal site and RMSD
---------------------------------------------
   0.000   0.000   0.000   0.000
  -2.075   2.150   0.272   1.422
  -0.532  -0.170  -2.948   0.561
   0.572  -0.034   2.945   1.548
  -2.115  -2.128   0.024   1.179
   2.075  -2.101  -0.529   0.631
   2.018   2.140  -0.592   0.573
--------------------
Total RMSD:   1.068
--------------------
