-----------------------------------------------
Coordinates of template with ideal pva geometry
-----------------------------------------------
   0.000   0.000   0.000
   0.000  -2.853   0.927
   0.000   2.853   0.927
   0.000  -1.763  -2.427
   0.000   0.000   3.000
   0.000   1.763  -2.427
   3.000   0.000   0.000
---------------------------------------------
Coordinates of the fitted metal site and RMSD
---------------------------------------------
   0.000   0.000   0.000   0.000
   0.795  -2.115   1.974   1.508
   0.725   2.142   1.971   1.457
  -0.875  -2.016  -2.042   0.989
  -2.665   0.332   1.337   3.159
  -0.660   2.285  -1.829   1.032
   2.844   0.059  -0.954   0.968
--------------------
Total RMSD:   1.701
--------------------
