-----------------------------------------------
Coordinates of template with ideal pvp geometry
-----------------------------------------------
   0.000   0.000   0.000
   3.000   0.000   0.000
   0.000  -1.763  -2.427
   0.000   0.000   3.000
   0.000   1.763  -2.427
  -3.000   0.000   0.000
   0.000  -2.853   0.927
---------------------------------------------
Coordinates of the fitted metal site and RMSD
---------------------------------------------
   0.000   0.000   0.000   0.000
   2.998  -0.080  -0.064   0.103
  -0.113  -1.258  -2.721   0.595
  -0.060   1.363   2.672   1.403
  -0.030   2.491  -1.671   1.050
  -2.996  -0.095  -0.130   0.161
   0.036  -2.765   1.164   0.255
--------------------
Total RMSD:   0.767
--------------------
