-----------------------------------------------
Coordinates of template with ideal ctf geometry
-----------------------------------------------
   0.000   0.000   0.000
  -1.964   0.000   2.268
   0.000   0.000  -3.000
   1.964   1.964  -1.134
  -1.964   1.964  -1.134
  -1.964  -1.964  -1.134
   1.964   0.000   2.268
---------------------------------------------
Coordinates of the fitted metal site and RMSD
---------------------------------------------
   0.000   0.000   0.000   0.000
  -1.297   0.641   2.628   0.993
   0.968  -0.508  -2.794   1.112
   1.648   2.498   0.211   1.481
  -2.095   1.511  -1.525   0.612
  -1.723  -2.450  -0.175   1.102
   2.135  -1.520   1.461   1.729
--------------------
Total RMSD:   1.224
--------------------
