-----------------------------------------------
Coordinates of template with ideal ctn geometry
-----------------------------------------------
   0.000   0.000   0.000
   1.964   1.964  -1.134
  -1.964  -1.964  -1.134
   1.964  -1.964  -1.134
   0.000   0.000  -3.000
  -1.964   1.964  -1.134
   1.964   0.000   2.268
---------------------------------------------
Coordinates of the fitted metal site and RMSD
---------------------------------------------
   0.000   0.000   0.000   0.000
   2.054   2.142  -0.437   0.725
  -2.167  -2.073   0.068   1.224
   2.113  -2.095  -0.382   0.777
  -0.651  -0.123  -2.926   0.667
  -2.073   2.146   0.312   1.461
   0.607   0.062   2.937   1.514
--------------------
Total RMSD:   1.118
--------------------
