-----------------------------------------------
Coordinates of template with ideal pva geometry
-----------------------------------------------
   0.000   0.000   0.000
   3.000   0.000   0.000
   0.000  -1.763  -2.427
   0.000   0.000   3.000
   0.000  -2.853   0.927
   0.000   1.763  -2.427
   0.000   2.853   0.927
---------------------------------------------
Coordinates of the fitted metal site and RMSD
---------------------------------------------
   0.000   0.000   0.000   0.000
   2.811   0.650   0.822   1.065
  -2.668  -0.993  -0.946   3.147
  -0.688  -0.609   2.856   0.930
   0.685  -2.886  -0.450   1.538
   0.773   0.567  -2.843   1.484
  -0.758   2.869   0.440   0.901
--------------------
Total RMSD:   1.697
--------------------
