-----------------------------------------------
Coordinates of template with ideal tpr geometry
-----------------------------------------------
   0.000   0.000   0.000
  -1.964  -1.964  -1.134
   1.964   0.000   2.268
   1.964   1.964  -1.134
   1.964  -1.964  -1.134
  -1.964   0.000   2.268
  -1.964   1.964  -1.134
---------------------------------------------
Coordinates of the fitted metal site and RMSD
---------------------------------------------
   0.000   0.000   0.000   0.000
  -1.726  -1.297  -2.082   1.184
   1.888   0.944   2.131   0.957
   1.714   1.176  -2.163   1.319
   1.813  -2.387   0.139   1.350
  -1.721  -1.257   2.112   1.290
  -1.764   2.424  -0.094   1.155
--------------------
Total RMSD:   1.216
--------------------
