-----------------------------------------------
Coordinates of template with ideal cof geometry
-----------------------------------------------
   0.000   0.000   0.000
   0.000  -3.000   0.000
   1.732   1.732   1.732
   3.000   0.000   0.000
  -3.000   0.000   0.000
   0.000   0.000  -3.000
   0.000   3.000   0.000
---------------------------------------------
Coordinates of the fitted metal site and RMSD
---------------------------------------------
   0.000   0.000   0.000   0.000
   0.025  -2.975   0.389   0.391
   0.606   0.580   2.880   1.978
   2.963  -0.014  -0.470   0.471
  -2.962   0.028   0.475   0.477
  -0.369  -0.493  -2.936   0.619
  -0.033   2.966  -0.446   0.449
--------------------
Total RMSD:   0.922
--------------------
