-----------------------------------------------
Coordinates of template with ideal con geometry
-----------------------------------------------
   0.000   0.000   0.000
   0.000   3.000   0.000
   0.000  -3.000   0.000
   3.000   0.000   0.000
  -3.000   0.000   0.000
   1.732   1.732   1.732
   0.000   0.000   3.000
---------------------------------------------
Coordinates of the fitted metal site and RMSD
---------------------------------------------
   0.000   0.000   0.000   0.000
  -0.015   1.651  -2.505   2.845
  -0.336  -2.593  -1.472   1.564
   2.961  -0.406  -0.258   0.482
  -2.962   0.393   0.266   0.476
   0.577   2.516   1.529   1.410
   0.026  -1.603   2.536   1.669
--------------------
Total RMSD:   1.621
--------------------
