-----------------------------------------------
Coordinates of template with ideal ctn geometry
-----------------------------------------------
   0.000   0.000   0.000
  -1.964  -1.964  -1.134
   1.964   0.000   2.268
   1.964  -1.964  -1.134
  -1.964   1.964  -1.134
   0.000   0.000  -3.000
   1.964   1.964  -1.134
---------------------------------------------
Coordinates of the fitted metal site and RMSD
---------------------------------------------
   0.000   0.000   0.000   0.000
  -2.103  -2.120   0.291   1.440
   0.703  -0.019   2.917   1.419
   2.104  -2.106  -0.371   0.789
  -2.094   2.115   0.376   1.523
  -0.471  -0.088  -2.962   0.480
   2.094   2.120  -0.349   0.811
--------------------
Total RMSD:   1.149
--------------------
