-----------------------------------------------
Coordinates of template with ideal tpr geometry
-----------------------------------------------
   0.000   0.000   0.000
  -1.964  -1.964  -1.134
   1.964   1.964  -1.134
  -1.964   1.964  -1.134
   1.964  -1.964  -1.134
  -1.964   0.000   2.268
   1.964   0.000   2.268
---------------------------------------------
Coordinates of the fitted metal site and RMSD
---------------------------------------------
   0.000   0.000   0.000   0.000
  -1.788  -1.255  -2.056   1.176
   1.714   1.374  -2.043   1.112
  -1.707   2.467   0.013   1.278
   1.719  -2.458  -0.008   1.253
  -1.803  -1.139   2.110   1.162
   1.754   1.233   2.098   1.262
--------------------
Total RMSD:   1.209
--------------------
