-----------------------------------------------
Coordinates of template with ideal pva geometry
-----------------------------------------------
   0.000   0.000   0.000
   3.000   0.000   0.000
   0.000   0.000   3.000
   0.000   1.763  -2.427
   0.000  -1.763  -2.427
   0.000  -2.853   0.927
   0.000   2.853   0.927
---------------------------------------------
Coordinates of the fitted metal site and RMSD
---------------------------------------------
   0.000   0.000   0.000   0.000
   2.826   0.966  -0.287   1.023
   0.973  -1.104   2.615   1.521
  -0.717   1.308  -2.603   0.867
   0.968  -2.451  -1.434   1.548
  -2.739  -1.160   0.392   3.264
  -0.681   2.573   1.385   0.867
--------------------
Total RMSD:   1.728
--------------------
