-----------------------------------------------
Coordinates of template with ideal cof geometry
-----------------------------------------------
   0.000   0.000   0.000
   3.000   0.000   0.000
   0.000   0.000  -3.000
   0.000   3.000   0.000
   0.000  -3.000   0.000
  -3.000   0.000   0.000
   1.732   1.732   1.732
---------------------------------------------
Coordinates of the fitted metal site and RMSD
---------------------------------------------
   0.000   0.000   0.000   0.000
   2.951   0.091  -0.531   0.541
  -0.411  -0.459  -2.936   0.619
   0.053   2.964  -0.461   0.465
  -0.068  -2.976   0.373   0.380
  -2.968   0.054   0.434   0.438
   0.503   0.647   2.886   2.004
--------------------
Total RMSD:   0.935
--------------------
