-----------------------------------------------
Coordinates of template with ideal ctf geometry
-----------------------------------------------
   0.000   0.000   0.000
  -1.964  -1.964  -1.134
  -1.964   0.000   2.268
  -1.964   1.964  -1.134
   1.964   0.000   2.268
   1.964   1.964  -1.134
   0.000   0.000  -3.000
---------------------------------------------
Coordinates of the fitted metal site and RMSD
---------------------------------------------
   0.000   0.000   0.000   0.000
  -1.807  -2.385  -0.207   1.030
  -1.282   0.614   2.642   0.991
  -2.182   1.495  -1.417   0.590
   2.144  -1.473   1.495   1.673
   1.665   2.487   0.200   1.464
   1.087  -0.592  -2.733   1.266
--------------------
Total RMSD:   1.220
--------------------
