-----------------------------------------------
Coordinates of template with ideal pva geometry
-----------------------------------------------
   0.000   0.000   0.000
   0.000   1.763  -2.427
   0.000   2.853   0.927
   3.000   0.000   0.000
   0.000   0.000   3.000
   0.000  -2.853   0.927
   0.000  -1.763  -2.427
---------------------------------------------
Coordinates of the fitted metal site and RMSD
---------------------------------------------
   0.000   0.000   0.000   0.000
  -0.632   2.158  -1.986   0.865
   0.808   2.152   1.928   1.465
   2.753   0.020  -1.191   1.217
  -2.727   0.042   1.250   3.240
   0.800  -2.109   1.979   1.516
  -0.652  -2.082  -2.059   0.814
--------------------
Total RMSD:   1.724
--------------------
