-----------------------------------------------
Coordinates of template with ideal cof geometry
-----------------------------------------------
   0.000   0.000   0.000
   3.000   0.000   0.000
   1.732   1.732   1.732
   0.000   3.000   0.000
  -3.000   0.000   0.000
   0.000   0.000  -3.000
   0.000  -3.000   0.000
---------------------------------------------
Coordinates of the fitted metal site and RMSD
---------------------------------------------
   0.000   0.000   0.000   0.000
   2.728   0.394   1.185   1.278
   1.745   2.160   1.134   0.736
   0.351   2.819   0.965   1.043
  -2.886   0.024   0.817   0.826
  -0.014   0.223  -2.992   0.224
  -0.258  -2.929   0.596   0.653
--------------------
Total RMSD:   0.858
--------------------
