-----------------------------------------------
Coordinates of template with ideal con geometry
-----------------------------------------------
   0.000   0.000   0.000
   0.000   3.000   0.000
   1.732   1.732   1.732
   3.000   0.000   0.000
   0.000  -3.000   0.000
   0.000   0.000   3.000
  -3.000   0.000   0.000
---------------------------------------------
Coordinates of the fitted metal site and RMSD
---------------------------------------------
   0.000   0.000   0.000   0.000
   0.588   2.886  -0.570   0.826
   2.319   1.880  -0.294   2.114
   2.955   0.467  -0.227   0.521
   0.275  -2.698  -1.282   1.345
  -0.457  -0.543   2.915   0.715
  -2.712  -0.100  -1.278   1.314
--------------------
Total RMSD:   1.256
--------------------
