-----------------------------------------------
Coordinates of template with ideal ctn geometry
-----------------------------------------------
   0.000   0.000   0.000
   1.964   1.964  -1.134
   0.000   0.000  -3.000
   1.964  -1.964  -1.134
  -1.964  -1.964  -1.134
   1.964   0.000   2.268
  -1.964   1.964  -1.134
---------------------------------------------
Coordinates of the fitted metal site and RMSD
---------------------------------------------
   0.000   0.000   0.000   0.000
   1.633   1.672  -1.881   0.868
   2.146  -0.274  -2.079   2.351
   1.709  -1.727  -1.760   0.716
  -2.204  -2.034  -0.055   1.107
   1.238  -0.237   2.722   0.888
  -2.294   1.907   0.316   1.489
--------------------
Total RMSD:   1.356
--------------------
