-----------------------------------------------
Coordinates of template with ideal oct geometry
-----------------------------------------------
   0.000   0.000   0.000
   0.000   0.000  -3.000
   3.000   0.000   0.000
   0.000   3.000   0.000
   0.000   0.000   3.000
  -3.000   0.000   0.000
   0.000  -3.000   0.000
---------------------------------------------
Coordinates of the fitted metal site and RMSD
---------------------------------------------
   0.000   0.000   0.000   0.000
   1.579   0.240  -2.540   1.662
   1.665   1.982  -1.516   2.830
   1.415   2.642  -0.135   1.466
   0.425  -0.135   2.967   0.447
  -2.900   0.677  -0.362   0.775
   0.110  -2.988   0.240   0.264
--------------------
Total RMSD:   1.516
--------------------
