-----------------------------------------------
Coordinates of template with ideal pva geometry
-----------------------------------------------
   0.000   0.000   0.000
   0.000  -1.763  -2.427
   0.000  -2.853   0.927
   0.000   0.000   3.000
   0.000   2.853   0.927
   3.000   0.000   0.000
   0.000   1.763  -2.427
---------------------------------------------
Coordinates of the fitted metal site and RMSD
---------------------------------------------
   0.000   0.000   0.000   0.000
  -1.030  -2.684  -0.858   2.091
  -0.920  -2.609   1.159   0.980
  -0.778  -1.658   2.376   1.935
  -0.949   2.497   1.366   1.105
   2.996   0.118   0.110   0.161
  -0.781   1.518  -2.467   0.820
--------------------
Total RMSD:   1.353
--------------------
