-----------------------------------------------
Coordinates of template with ideal tpr geometry
-----------------------------------------------
   0.000   0.000   0.000
  -1.964  -1.964  -1.134
  -1.964   0.000   2.268
  -1.964   1.964  -1.134
   1.964   1.964  -1.134
   1.964   0.000   2.268
   1.964  -1.964  -1.134
---------------------------------------------
Coordinates of the fitted metal site and RMSD
---------------------------------------------
   0.000   0.000   0.000   0.000
  -2.522  -1.623  -0.063   1.255
  -2.970   0.318   0.280   2.251
  -2.415   1.766   0.219   1.440
   1.437   2.079  -1.617   0.724
   1.256   0.096   2.723   0.848
   1.702  -1.872  -1.612   0.552
--------------------
Total RMSD:   1.308
--------------------
