-----------------------------------------------
Coordinates of template with ideal oct geometry
-----------------------------------------------
   0.000   0.000   0.000
   3.000   0.000   0.000
   0.000  -3.000   0.000
   0.000   0.000  -3.000
   0.000   3.000   0.000
   0.000   0.000   3.000
  -3.000   0.000   0.000
---------------------------------------------
Coordinates of the fitted metal site and RMSD
---------------------------------------------
   0.000   0.000   0.000   0.000
   2.994  -0.180  -0.064   0.191
  -0.015  -2.989  -0.255   0.256
   0.209  -0.079  -2.992   0.223
   0.042   2.982  -0.325   0.329
   0.125  -0.149   2.994   0.194
  -2.991  -0.237   0.020   0.238
--------------------
Total RMSD:   0.243
--------------------
