-----------------------------------------------
Coordinates of template with ideal tpr geometry
-----------------------------------------------
   0.000   0.000   0.000
  -1.964  -1.964  -1.134
  -1.964   0.000   2.268
  -1.964   1.964  -1.134
   1.964   1.964  -1.134
   1.964  -1.964  -1.134
   1.964   0.000   2.268
---------------------------------------------
Coordinates of the fitted metal site and RMSD
---------------------------------------------
   0.000   0.000   0.000   0.000
  -1.874  -1.190  -2.018   1.178
  -1.863  -1.057   2.101   1.075
  -1.890   2.329  -0.031   1.164
   1.508   1.517  -2.103   1.160
   1.567  -2.558  -0.049   1.299
   1.606   1.048   2.307   1.108
--------------------
Total RMSD:   1.166
--------------------
