-----------------------------------------------
Coordinates of template with ideal spy geometry
-----------------------------------------------
   0.000   0.000   0.000
   3.000   0.000   0.000
  -3.000   0.000   0.000
   0.000   0.000   3.000
   0.000  -3.000   0.000
   0.000   3.000   0.000
---------------------------------------------
Coordinates of the fitted metal site and RMSD
---------------------------------------------
   0.000   0.000   0.000   0.000
   2.957  -0.001  -0.505   0.506
  -2.958   0.028  -0.498   0.501
  -0.006  -0.098   2.998   0.098
   0.002  -2.973  -0.400   0.401
  -0.027   2.958  -0.498   0.500
--------------------
Total RMSD:   0.431
--------------------
