-----------------------------------------------
Coordinates of template with ideal tbp geometry
-----------------------------------------------
   0.000   0.000   0.000
   0.000   0.000   3.000
   0.000  -2.598  -1.500
   0.000   2.598  -1.500
  -3.000   0.000   0.000
   3.000   0.000   0.000
---------------------------------------------
Coordinates of the fitted metal site and RMSD
---------------------------------------------
   0.000   0.000   0.000   0.000
  -0.003   1.041   2.813   1.058
   0.028  -1.910  -2.313   1.065
  -0.094   2.594  -1.505   0.094
  -2.974  -0.342   0.198   0.396
   2.958  -0.448   0.228   0.504
--------------------
Total RMSD:   0.731
--------------------
