-----------------------------------------------
Coordinates of template with ideal tpv geometry
-----------------------------------------------
   0.000   0.000   0.000
   1.964   1.964  -1.134
  -1.964   0.000   2.268
  -1.964  -1.964  -1.134
  -1.964   1.964  -1.134
   1.964   0.000   2.268
---------------------------------------------
Coordinates of the fitted metal site and RMSD
---------------------------------------------
   0.000   0.000   0.000   0.000
   2.145   1.063  -1.808   1.139
  -1.900  -0.230   2.310   0.243
  -0.753  -2.483  -1.506   1.369
  -1.961   1.799  -1.385   0.300
   2.137  -1.040   1.831   1.142
--------------------
Total RMSD:   0.962
--------------------
