-----------------------------------------------
Coordinates of template with ideal ctn geometry
-----------------------------------------------
   0.000   0.000   0.000
   1.964   0.000   2.268
   0.000   0.000  -3.000
  -1.964   1.964  -1.134
   1.964  -1.964  -1.134
   1.964   1.964  -1.134
  -1.964  -1.964  -1.134
---------------------------------------------
Coordinates of the fitted metal site and RMSD
---------------------------------------------
   0.000   0.000   0.000   0.000
   0.616  -0.005   2.936   1.504
  -0.471   0.049  -2.962   0.475
  -2.099   2.117   0.336   1.484
   2.105  -2.102  -0.390   0.769
   2.112   2.093  -0.397   0.763
  -2.083  -2.121   0.402   1.548
--------------------
Total RMSD:   1.173
--------------------
