-----------------------------------------------
Coordinates of template with ideal con geometry
-----------------------------------------------
   0.000   0.000   0.000
   0.000   3.000   0.000
   0.000   0.000   3.000
  -3.000   0.000   0.000
   1.732   1.732   1.732
   3.000   0.000   0.000
   0.000  -3.000   0.000
---------------------------------------------
Coordinates of the fitted metal site and RMSD
---------------------------------------------
   0.000   0.000   0.000   0.000
  -0.051   1.698  -2.472   2.795
   0.041  -1.585   2.547   1.649
  -2.965   0.364   0.277   0.458
   0.485   2.527   1.543   1.491
   2.972  -0.283  -0.292   0.408
  -0.583  -2.557  -1.456   1.630
--------------------
Total RMSD:   1.622
--------------------
