-----------------------------------------------
Coordinates of template with ideal ctn geometry
-----------------------------------------------
   0.000   0.000   0.000
  -1.964   1.964  -1.134
   1.964  -1.964  -1.134
   1.964   1.964  -1.134
   0.000   0.000  -3.000
  -1.964  -1.964  -1.134
   1.964   0.000   2.268
---------------------------------------------
Coordinates of the fitted metal site and RMSD
---------------------------------------------
   0.000   0.000   0.000   0.000
  -2.102   2.127   0.241   1.392
   2.103  -2.106  -0.376   0.783
   2.079   2.134  -0.352   0.808
  -0.549   0.004  -2.949   0.552
  -2.127  -2.094   0.300   1.449
   0.680   0.006   2.922   1.441
--------------------
Total RMSD:   1.132
--------------------
