-----------------------------------------------
Coordinates of template with ideal pva geometry
-----------------------------------------------
   0.000   0.000   0.000
   0.000   1.763  -2.427
   0.000  -2.853   0.927
   0.000   2.853   0.927
   3.000   0.000   0.000
   0.000  -1.763  -2.427
   0.000   0.000   3.000
---------------------------------------------
Coordinates of the fitted metal site and RMSD
---------------------------------------------
   0.000   0.000   0.000   0.000
  -0.660   2.126  -2.011   0.860
   0.792  -2.106   1.985   1.518
   0.761   2.135   1.965   1.474
   2.779   0.006  -1.130   1.152
  -0.719  -2.095  -2.023   0.889
  -2.726   0.004   1.253   3.238
--------------------
Total RMSD:   1.723
--------------------
