-----------------------------------------------
Coordinates of template with ideal tpr geometry
-----------------------------------------------
   0.000   0.000   0.000
   1.964   1.964  -1.134
  -1.964   0.000   2.268
  -1.964   1.964  -1.134
   1.964   0.000   2.268
   1.964  -1.964  -1.134
  -1.964  -1.964  -1.134
---------------------------------------------
Coordinates of the fitted metal site and RMSD
---------------------------------------------
   0.000   0.000   0.000   0.000
   1.788   1.290  -2.035   1.139
  -1.731  -1.210   2.130   1.240
  -1.744   2.441  -0.027   1.225
   1.751   1.236   2.099   1.266
   1.810  -2.392   0.030   1.250
  -1.858  -1.188  -2.034   1.194
--------------------
Total RMSD:   1.220
--------------------
