-----------------------------------------------
Coordinates of template with ideal boc geometry
-----------------------------------------------
   0.000   0.000   0.000
   3.000   0.000   0.000
  -3.000   0.000   0.000
   0.000  -3.000   0.000
  -1.732  -1.732  -1.732
   0.000   0.000   3.000
   0.000   3.000   0.000
   0.000   0.000  -3.000
   1.732   1.732   1.732
---------------------------------------------
Coordinates of the fitted metal site and RMSD
---------------------------------------------
   0.000   0.000   0.000   0.000
   2.795   0.391   1.018   1.110
  -2.858   0.028   0.913   0.924
  -0.112  -2.794   1.087   1.112
  -0.313  -2.517  -1.602   1.626
   0.555   1.841   2.302   2.046
   1.226   2.299   1.486   2.050
  -0.186   1.783  -2.406   1.888
   1.953   1.439   1.764   0.369
--------------------
Total RMSD:   1.502
--------------------
