-----------------------------------------------
Coordinates of template with ideal hbp geometry
-----------------------------------------------
   0.000   0.000   0.000
  -3.000   0.000   0.000
   3.000   0.000   0.000
   0.000  -2.598  -1.500
   0.000  -2.598   1.500
   0.000   2.598  -1.500
   0.000   2.598   1.500
   0.000   0.000   3.000
   0.000   0.000  -3.000
---------------------------------------------
Coordinates of the fitted metal site and RMSD
---------------------------------------------
   0.000   0.000   0.000   0.000
  -2.554   0.932  -1.267   1.635
   2.972   0.036  -0.406   0.408
   0.188  -2.341  -1.867   0.486
  -0.074  -2.897   0.774   0.789
  -0.067   2.486  -1.677   0.220
  -0.853   2.740  -0.874   2.527
  -0.168   0.960   2.837   0.988
  -1.554   2.072  -1.513   2.987
--------------------
Total RMSD:   1.582
--------------------
