-----------------------------------------------
Coordinates of template with ideal sqa geometry
-----------------------------------------------
   0.000   0.000   0.000
   2.449   0.000   1.732
  -1.732  -1.732  -1.732
  -2.449   0.000   1.732
   0.000  -2.449   1.732
  -1.732   1.732  -1.732
   1.732   1.732  -1.732
   1.732  -1.732  -1.732
   0.000   2.449   1.732
---------------------------------------------
Coordinates of the fitted metal site and RMSD
---------------------------------------------
   0.000   0.000   0.000   0.000
   1.348   2.269   1.427   2.540
  -2.365  -0.603  -1.744   1.294
  -2.051  -0.278   2.171   0.655
  -0.413  -2.398   1.755   0.416
  -0.178   2.803  -1.054   2.005
   0.963   2.649  -1.028   1.389
   2.187  -1.300  -1.590   0.643
   0.851   2.875   0.105   1.885
--------------------
Total RMSD:   1.527
--------------------
