-----------------------------------------------
Coordinates of template with ideal con geometry
-----------------------------------------------
   0.000   0.000   0.000
   0.000  -3.000   0.000
  -3.000   0.000   0.000
   1.732   1.732   1.732
   3.000   0.000   0.000
   0.000   0.000   3.000
   0.000   3.000   0.000
---------------------------------------------
Coordinates of the fitted metal site and RMSD
---------------------------------------------
   0.000   0.000   0.000   0.000
   0.287  -2.972   0.289   0.409
  -2.526  -0.524  -1.531   1.686
   2.410   0.639   1.669   1.288
   1.728  -0.016  -2.452   2.763
  -1.350   0.085   2.678   1.390
  -0.227   2.983  -0.220   0.317
--------------------
Total RMSD:   1.546
--------------------
