-----------------------------------------------
Coordinates of template with ideal ctn geometry
-----------------------------------------------
   0.000   0.000   0.000
   1.964  -1.964  -1.134
   1.964   0.000   2.268
   0.000   0.000  -3.000
  -1.964  -1.964  -1.134
   1.964   1.964  -1.134
  -1.964   1.964  -1.134
---------------------------------------------
Coordinates of the fitted metal site and RMSD
---------------------------------------------
   0.000   0.000   0.000   0.000
   2.117  -2.104  -0.302   0.857
   0.592  -0.012   2.941   1.529
  -0.543   0.220  -2.942   0.589
  -2.133  -2.098   0.216   1.367
   2.049   2.091  -0.653   0.504
  -2.112   2.120   0.211   1.362
--------------------
Total RMSD:   1.110
--------------------
