-----------------------------------------------
Coordinates of template with ideal oct geometry
-----------------------------------------------
   0.000   0.000   0.000
   0.000   0.000  -3.000
  -3.000   0.000   0.000
   3.000   0.000   0.000
   0.000   3.000   0.000
   0.000  -3.000   0.000
   0.000   0.000   3.000
---------------------------------------------
Coordinates of the fitted metal site and RMSD
---------------------------------------------
   0.000   0.000   0.000   0.000
  -0.071  -0.032  -2.999   0.078
  -2.999  -0.034  -0.058   0.068
   2.991  -0.147   0.172   0.227
   0.166   2.995   0.019   0.168
   0.279  -2.987  -0.019   0.280
   0.160   0.006   2.996   0.160
--------------------
Total RMSD:   0.180
--------------------
