-----------------------------------------------
Coordinates of template with ideal pva geometry
-----------------------------------------------
   0.000   0.000   0.000
   0.000   2.853   0.927
   0.000   0.000   3.000
   0.000  -1.763  -2.427
   3.000   0.000   0.000
   0.000   1.763  -2.427
   0.000  -2.853   0.927
---------------------------------------------
Coordinates of the fitted metal site and RMSD
---------------------------------------------
   0.000   0.000   0.000   0.000
   0.688   2.910  -0.238   1.354
  -0.860   0.567   2.818   1.046
   0.662  -0.639  -2.856   1.373
   2.821  -0.660   0.780   1.038
  -2.688   0.584  -1.198   3.182
  -0.687  -2.917   0.146   1.042
--------------------
Total RMSD:   1.688
--------------------
