-----------------------------------------------
Coordinates of template with ideal btt geometry
-----------------------------------------------
   0.000   0.000   0.000
  -3.000   0.000   0.000
   1.964   1.964  -1.134
  -1.964  -1.964  -1.134
  -1.964   1.964  -1.134
   1.964  -1.964  -1.134
  -1.964   0.000   2.268
   3.000   0.000   0.000
   1.964   0.000   2.268
---------------------------------------------
Coordinates of the fitted metal site and RMSD
---------------------------------------------
   0.000   0.000   0.000   0.000
  -2.975  -0.358  -0.137   0.384
   1.125   2.554  -1.101   1.026
  -2.435  -1.752  -0.030   1.219
  -2.742   1.052  -0.615   1.306
   0.789  -1.075  -2.687   2.141
  -2.866   0.787   0.410   2.210
   2.541  -1.558  -0.341   1.659
   0.426   0.470   2.932   1.740
--------------------
Total RMSD:   1.567
--------------------
