-----------------------------------------------
Coordinates of template with ideal hbp geometry
-----------------------------------------------
   0.000   0.000   0.000
   0.000   0.000   3.000
  -3.000   0.000   0.000
   3.000   0.000   0.000
   0.000   2.598   1.500
   0.000  -2.598   1.500
   0.000   2.598  -1.500
   0.000  -2.598  -1.500
   0.000   0.000  -3.000
---------------------------------------------
Coordinates of the fitted metal site and RMSD
---------------------------------------------
   0.000   0.000   0.000   0.000
   1.593   2.039   1.519   2.981
  -2.982   0.074   0.322   0.331
   2.566   0.932   1.244   1.614
   0.157   2.424   1.761   0.351
  -0.200  -2.165   2.067   0.740
   0.727   2.760   0.925   2.537
   0.092  -2.891  -0.796   0.768
   0.240   1.008  -2.815   1.052
--------------------
Total RMSD:   1.597
--------------------
