-----------------------------------------------
Coordinates of template with ideal sqa geometry
-----------------------------------------------
   0.000   0.000   0.000
   2.449   0.000   1.732
  -1.732   1.732  -1.732
   0.000  -2.449   1.732
   1.732   1.732  -1.732
   0.000   2.449   1.732
   1.732  -1.732  -1.732
  -2.449   0.000   1.732
  -1.732  -1.732  -1.732
---------------------------------------------
Coordinates of the fitted metal site and RMSD
---------------------------------------------
   0.000   0.000   0.000   0.000
   2.870  -0.859   0.152   1.847
  -0.647   2.302  -1.812   1.228
   2.261  -1.362   1.426   2.528
   2.846   0.190  -0.929   2.065
  -0.030   2.131   2.111   0.496
   2.659  -0.845  -1.104   1.428
  -2.402   0.384   1.756   0.387
  -1.230  -2.247  -1.562   0.739
--------------------
Total RMSD:   1.523
--------------------
