-----------------------------------------------
Coordinates of template with ideal cof geometry
-----------------------------------------------
   0.000   0.000   0.000
   3.000   0.000   0.000
   0.000  -3.000   0.000
  -3.000   0.000   0.000
   1.732   1.732   1.732
   0.000   3.000   0.000
   0.000   0.000  -3.000
---------------------------------------------
Coordinates of the fitted metal site and RMSD
---------------------------------------------
   0.000   0.000   0.000   0.000
   2.972  -0.020  -0.405   0.407
   0.028  -2.969   0.427   0.429
  -2.974  -0.001   0.397   0.397
   0.665   0.537   2.876   1.969
  -0.065   2.962  -0.470   0.476
  -0.474  -0.453  -2.927   0.660
--------------------
Total RMSD:   0.917
--------------------
