-----------------------------------------------
Coordinates of template with ideal con geometry
-----------------------------------------------
   0.000   0.000   0.000
   1.732   1.732   1.732
   0.000   3.000   0.000
  -3.000   0.000   0.000
   3.000   0.000   0.000
   0.000  -3.000   0.000
   0.000   0.000   3.000
---------------------------------------------
Coordinates of the fitted metal site and RMSD
---------------------------------------------
   0.000   0.000   0.000   0.000
   2.558   0.490   1.489   1.511
  -0.427   2.958  -0.262   0.502
  -2.567  -0.471  -1.480   1.613
   1.747  -0.081  -2.438   2.742
   0.377  -2.962   0.288   0.476
  -1.575   0.027   2.553   1.637
--------------------
Total RMSD:   1.610
--------------------
