-----------------------------------------------
Coordinates of template with ideal tpr geometry
-----------------------------------------------
   0.000   0.000   0.000
   1.964  -1.964  -1.134
   1.964   0.000   2.268
  -1.964   0.000   2.268
   1.964   1.964  -1.134
  -1.964   1.964  -1.134
  -1.964  -1.964  -1.134
---------------------------------------------
Coordinates of the fitted metal site and RMSD
---------------------------------------------
   0.000   0.000   0.000   0.000
   1.780  -1.163  -2.116   1.281
   1.692  -1.262   2.132   1.299
  -1.776   1.145   2.130   1.169
   1.802   2.392  -0.177   1.061
  -1.737   1.235  -2.111   1.240
  -1.743  -2.441  -0.023   1.229
--------------------
Total RMSD:   1.216
--------------------
