-----------------------------------------------
Coordinates of template with ideal cof geometry
-----------------------------------------------
   0.000   0.000   0.000
  -3.000   0.000   0.000
   3.000   0.000   0.000
   0.000   3.000   0.000
   0.000   0.000  -3.000
   1.732   1.732   1.732
   0.000  -3.000   0.000
---------------------------------------------
Coordinates of the fitted metal site and RMSD
---------------------------------------------
   0.000   0.000   0.000   0.000
  -2.971  -0.014   0.414   0.415
   2.963  -0.046  -0.467   0.470
  -0.046   2.964  -0.462   0.466
  -0.454  -0.430  -2.934   0.629
   0.589   0.493   2.900   2.051
   0.042  -2.958   0.498   0.501
--------------------
Total RMSD:   0.954
--------------------
