-----------------------------------------------
Coordinates of template with ideal ctf geometry
-----------------------------------------------
   0.000   0.000   0.000
   1.964   0.000   2.268
  -1.964   1.964  -1.134
   0.000   0.000  -3.000
   1.964   1.964  -1.134
  -1.964  -1.964  -1.134
  -1.964   0.000   2.268
---------------------------------------------
Coordinates of the fitted metal site and RMSD
---------------------------------------------
   0.000   0.000   0.000   0.000
   2.186  -1.494   1.410   1.737
  -2.173   1.557  -1.362   0.511
   1.231  -0.644  -2.659   1.430
   1.675   2.485   0.135   1.402
  -1.747  -2.425  -0.257   1.015
  -1.244   0.610   2.661   1.022
--------------------
Total RMSD:   1.249
--------------------
