-----------------------------------------------
Coordinates of template with ideal oct geometry
-----------------------------------------------
   0.000   0.000   0.000
   0.000   0.000   3.000
   0.000   0.000  -3.000
  -3.000   0.000   0.000
   0.000  -3.000   0.000
   0.000   3.000   0.000
   3.000   0.000   0.000
---------------------------------------------
Coordinates of the fitted metal site and RMSD
---------------------------------------------
   0.000   0.000   0.000   0.000
   0.031  -0.074   2.999   0.080
   0.020   0.012  -3.000   0.023
  -3.000   0.008  -0.001   0.008
  -0.042  -3.000  -0.026   0.050
  -0.023   2.998  -0.112   0.114
   3.000   0.027   0.010   0.029
--------------------
Total RMSD:   0.062
--------------------
