-----------------------------------------------
Coordinates of template with ideal pva geometry
-----------------------------------------------
   0.000   0.000   0.000
   0.000   0.000   3.000
   3.000   0.000   0.000
   0.000  -1.763  -2.427
   0.000  -2.853   0.927
   0.000   1.763  -2.427
   0.000   2.853   0.927
---------------------------------------------
Coordinates of the fitted metal site and RMSD
---------------------------------------------
   0.000   0.000   0.000   0.000
  -2.762  -0.032   1.172   3.312
   2.792   0.023  -1.098   1.117
  -0.779  -2.119  -1.975   0.968
   0.796  -2.147   1.938   1.468
  -0.683   2.100  -2.031   0.858
   0.761   2.144   1.955   1.463
--------------------
Total RMSD:   1.741
--------------------
