-----------------------------------------------
Coordinates of template with ideal pvp geometry
-----------------------------------------------
   0.000   0.000   0.000
   0.000   1.763  -2.427
   0.000  -2.853   0.927
   3.000   0.000   0.000
   0.000  -1.763  -2.427
   0.000   0.000   3.000
  -3.000   0.000   0.000
---------------------------------------------
Coordinates of the fitted metal site and RMSD
---------------------------------------------
   0.000   0.000   0.000   0.000
  -0.027   2.639  -1.427   1.330
  -0.023  -2.668   1.372   0.482
   3.000   0.001   0.012   0.013
   0.046  -1.385  -2.661   0.447
   0.019   1.260   2.722   1.291
  -3.000   0.022   0.015   0.027
--------------------
Total RMSD:   0.803
--------------------
